--------------------------------------------------
datetime,message,random_int_1,random_int_2
--------------------------------------------------
2004-02-16T00:00, Critical path event 1,25,5
2004-02-16T00:07:44, Critical path event 2,5,3
2004-02-16T00:15:59, Critical path event 3,40,4
2004-02-16T00:24:51, Critical path event 4,74,9
2004-02-16T00:39:10, Critical path event 5,0,1
2004-02-16T00:44:48, Misc. noise event 0,14,9
2004-02-16T00:47:26, Critical path event 6,25,1
2004-02-16T00:50:00, Misc. noise event 1,97,7
2004-02-16T00:54:56, Critical path event 7,7,10
2004-02-16T00:59:18, Critical path event 8,67,5
2004-02-16T01:06:55, Misc. noise event 2,80,2
2004-02-16T01:07:20, Critical path event 9,100,1
2004-02-16T01:15:27, Critical path event 9,84,6
2004-02-16T01:25:33, Critical path event 9,45,1
2004-02-16T01:32:44, Misc. noise event 3,13,2
2004-02-16T01:32:52, Critical path event 9,74,7
2004-02-16T01:40:38, Misc. noise event 4,7,1
2004-02-16T01:40:54, Critical path event 13,27,7
2004-02-16T01:50:03, Critical path event 14,75,5
2004-02-16T01:56:23, Misc. noise event 5,8,0
2004-02-16T01:57:47, Critical path event 15,76,10
2004-02-16T02:06:02, Critical path event 16,0,4
2004-02-16T02:14:54, Critical path event 17,22,8
2004-02-16T02:29:13, Critical path event 18,48,10
2004-02-16T02:36:40, Misc. noise event 6,22,2
2004-02-16T02:37:29, Critical path event 19,33,2
2004-02-16T02:44:59, Critical path event 19,59,5
2004-02-16T02:46:56, Misc. noise event 7,28,2

    ----------------some other thing --------------
    filesize :1024k
    alert-level : FATAL
    description: thing with pid 34345 died because 
        random java stacktrace 
        that is super noisy with numbers and datetimes 
Exception in thread "main" java.lang.NullPointerException
    at AnotherClassLoader.loadClass(test.java:58)
    at test.main(test.java:30)
    at Main.main(Main.java:68)
    -------------------------------------------- 
    2004-02-16T02:49:21, Critical path event 19,65,10
2004-02-16T02:57:11, Misc. noise event 8,76,10
2004-02-16T02:57:23, Critical path event 19,68,5
2004-02-16T03:05:30, Critical path event 23,12,3
2004-02-16T03:15:36, Critical path event 24,86,8
2004-02-16T03:22:55, Critical path event 25,68,5
2004-02-16T03:30:57, Critical path event 26,75,4
2004-02-16T03:40:06, Critical path event 27,52,0
2004-02-16T03:47:50, Critical path event 28,100,4
2004-02-16T03:56:05, Critical path event 29,52,2
2004-02-16T04:04:57, Critical path event 29,77,3
2004-02-16T04:19:16, Critical path event 29,54,5
2004-02-16T04:26:35, Misc. noise event 9,18,2
2004-02-16T04:27:32, Critical path event 29,83,9
2004-02-16T04:35:02, Critical path event 33,30,4
2004-02-16T04:39:24, Critical path event 34,18,5
2004-02-16T04:45:32, Misc. noise event 10,50,5
2004-02-16T04:47:26, Critical path event 35,8,10
2004-02-16T04:55:33, Critical path event 36,95,2
2004-02-16T05:05:39, Critical path event 37,20,9
2004-02-16T05:12:58, Critical path event 38,81,5
2004-02-16T05:21:00, Critical path event 39,81,3
2004-02-16T05:30:09, Critical path event 19,9,2
2004-02-16T05:37:53, Critical path event 19,51,0
2004-02-16T05:46:08, Critical path event 19,71,7
2004-02-16T05:55:00, Critical path event 19,73,9
2004-02-16T06:09:19, Critical path event 44,6,4
