--------------------------------------------------
datetime,message,random_int_1,random_int_2
--------------------------------------------------
2004-09-06T00:00, Critical path event 1,51,10
2004-09-06T00:09:23, Critical path event 2,13,0
2004-09-06T00:17:47, Critical path event 3,78,10
2004-09-06T00:22:53, Misc. noise event 0,93,5
2004-09-06T00:26:46, Critical path event 4,79,1
2004-09-06T00:37:00, Misc. noise event 1,1,9
2004-09-06T00:41:17, Critical path event 5,64,1
2004-09-06T00:49:25, Critical path event 6,95,10
2004-09-06T00:58:13, Critical path event 7,97,8
2004-09-06T01:02:22, Critical path event 8,16,10
2004-09-06T01:09:38, Critical path event 9,33,0
2004-09-06T01:17:04, Critical path event 9,47,7
2004-09-06T01:25:00, Misc. noise event 2,13,7
2004-09-06T01:27:26, Critical path event 9,71,9
2004-09-06T01:34:57, Critical path event 9,3,0
2004-09-06T01:41:10, Critical path event 13,36,4
2004-09-06T01:45:55, Misc. noise event 3,52,6
2004-09-06T01:49:42, Critical path event 14,49,5
2004-09-06T01:59:05, Critical path event 15,39,0
2004-09-06T02:07:29, Critical path event 16,14,5
2004-09-06T02:16:28, Critical path event 17,52,8
2004-09-06T02:30:06, Misc. noise event 4,66,4
2004-09-06T02:30:59, Critical path event 18,97,9
2004-09-06T02:39:07, Critical path event 19,40,10
2004-09-06T02:47:55, Critical path event 19,27,6
2004-09-06T02:52:04, Critical path event 19,45,8
2004-09-06T02:58:49, Misc. noise event 5,18,8
2004-09-06T02:59:20, Critical path event 19,49,5

    ----------------some other thing --------------
    filesize :1024k
    alert-level : FATAL
    description: thing with pid 34345 died because 
        random java stacktrace 
        that is super noisy with numbers and datetimes 
Exception in thread "main" java.lang.NullPointerException
    at AnotherClassLoader.loadClass(test.java:58)
    at test.main(test.java:30)
    at Main.main(Main.java:68)
    -------------------------------------------- 
    2004-09-06T03:06:46, Critical path event 23,7,0
2004-09-06T03:17:08, Critical path event 24,83,2
2004-09-06T03:24:39, Critical path event 25,28,9
2004-09-06T03:30:52, Critical path event 26,98,3
2004-09-06T03:39:24, Critical path event 27,39,3
2004-09-06T03:48:47, Critical path event 28,49,7
2004-09-06T03:57:11, Critical path event 29,95,1
2004-09-06T04:02:21, Misc. noise event 6,2,2
2004-09-06T04:06:10, Critical path event 29,24,2
2004-09-06T04:20:41, Critical path event 29,56,7
2004-09-06T04:28:49, Critical path event 29,5,7
2004-09-06T04:37:37, Critical path event 33,31,2
2004-09-06T04:41:46, Critical path event 34,94,8
2004-09-06T04:47:46, Misc. noise event 7,17,6
2004-09-06T04:49:02, Critical path event 35,68,0
2004-09-06T04:56:28, Critical path event 36,30,9
2004-09-06T05:06:50, Critical path event 37,50,1
2004-09-06T05:14:21, Critical path event 38,42,8
2004-09-06T05:20:34, Critical path event 39,83,9
2004-09-06T05:29:06, Critical path event 19,10,2
2004-09-06T05:38:29, Critical path event 19,38,4
2004-09-06T05:43:41, Misc. noise event 8,91,6
2004-09-06T05:46:53, Critical path event 19,58,1
2004-09-06T05:52:37, Misc. noise event 9,57,1
2004-09-06T05:55:52, Critical path event 19,17,7
2004-09-06T06:09:34, Misc. noise event 10,95,1
2004-09-06T06:10:23, Critical path event 44,37,0
