--------------------------------------------------
datetime,message,random_int_1,random_int_2
--------------------------------------------------
2004-12-06T00:00, Critical path event 1,93,1
2004-12-06T00:07:19, Critical path event 2,9,3
2004-12-06T00:15:13, Critical path event 3,8,2
2004-12-06T00:28:49, Critical path event 4,53,9
2004-12-06T00:43:07, Critical path event 5,42,3
2004-12-06T00:52:06, Critical path event 6,46,9
2004-12-06T01:01:27, Critical path event 7,97,4
2004-12-06T01:06:15, Critical path event 8,85,7
2004-12-06T01:14:36, Critical path event 9,33,9
2004-12-06T01:22:05, Misc. noise event 0,12,8
2004-12-06T01:23:58, Critical path event 9,60,9
2004-12-06T01:34:09, Critical path event 9,56,0
2004-12-06T01:42:01, Critical path event 9,48,2
2004-12-06T01:49:30, Critical path event 13,93,5
2004-12-06T02:02:31, Critical path event 14,82,3
2004-12-06T02:09:50, Critical path event 15,9,9
2004-12-06T02:17:44, Critical path event 16,23,1
2004-12-06T02:23:48, Misc. noise event 1,91,0
2004-12-06T02:25:56, Critical path event 17,3,9
2004-12-06T02:40:14, Critical path event 18,100,7
2004-12-06T03:04:51, Critical path event 19,71,4
2004-12-06T03:14:12, Critical path event 19,23,6
2004-12-06T03:16:51, Misc. noise event 2,61,4
2004-12-06T03:19:00, Critical path event 19,6,6
2004-12-06T03:40:41, Critical path event 19,33,4
2004-12-06T03:50:03, Critical path event 23,59,10
2004-12-06T04:00:00, Misc. noise event 3,5,9
2004-12-06T04:00:14, Critical path event 24,12,9

    ----------------some other thing --------------
    filesize :1024k
    alert-level : FATAL
    description: thing with pid 34345 died because 
        random java stacktrace 
        that is super noisy with numbers and datetimes 
Exception in thread "main" java.lang.NullPointerException
    at AnotherClassLoader.loadClass(test.java:58)
    at test.main(test.java:30)
    at Main.main(Main.java:68)
    -------------------------------------------- 
    2004-12-06T04:07:52, Misc. noise event 4,48,5
2004-12-06T04:08:06, Critical path event 25,60,3
2004-12-06T04:13:27, Misc. noise event 5,0,5
2004-12-06T04:15:35, Critical path event 26,57,10
2004-12-06T04:24:51, Misc. noise event 6,100,7
2004-12-06T04:25:08, Critical path event 27,55,8
2004-12-06T04:32:27, Critical path event 28,1,4
2004-12-06T04:40:21, Critical path event 29,82,7
2004-12-06T04:48:29, Misc. noise event 7,88,3
2004-12-06T04:48:33, Critical path event 29,68,9
2004-12-06T05:25:05, Critical path event 29,15,1
2004-12-06T05:34:04, Critical path event 29,64,3
2004-12-06T05:43:25, Critical path event 33,15,2
2004-12-06T05:45:14, Misc. noise event 8,51,3
2004-12-06T05:48:13, Critical path event 34,87,0
2004-12-06T05:56:34, Critical path event 35,7,6
2004-12-06T06:05:56, Critical path event 36,68,8
2004-12-06T06:16:07, Critical path event 37,96,3
2004-12-06T06:19:44, Misc. noise event 9,27,3
2004-12-06T06:23:59, Critical path event 38,1,10
2004-12-06T06:31:05, Misc. noise event 10,34,7
2004-12-06T06:31:28, Critical path event 39,50,4
2004-12-06T06:41:01, Critical path event 19,28,7
2004-12-06T06:48:25, Critical path event 19,65,7
2004-12-06T07:07:42, Critical path event 19,92,10
2004-12-06T07:15:54, Critical path event 19,38,2
2004-12-06T07:30:12, Critical path event 44,27,9
