--------------------------------------------------
datetime,message,random_int_1,random_int_2
--------------------------------------------------
2004-01-19T00:00, Critical path event 1,20,2
2004-01-19T00:08:08, Critical path event 2,78,6
2004-01-19T00:14:06, Misc. noise event 0,19,8
2004-01-19T00:16:51, Critical path event 3,38,4
2004-01-19T00:24:29, Critical path event 4,95,8
2004-01-19T00:36:51, Misc. noise event 1,17,3
2004-01-19T00:39:55, Critical path event 5,32,10
2004-01-19T00:48:22, Critical path event 6,22,9
2004-01-19T00:56:34, Critical path event 7,51,8
2004-01-19T01:00:15, Critical path event 8,17,0
2004-01-19T01:09:17, Critical path event 9,85,0
2004-01-19T01:17:59, Critical path event 9,89,10
2004-01-19T01:28:14, Critical path event 9,73,7
2004-01-19T01:35:21, Critical path event 9,76,0
2004-01-19T01:41:49, Critical path event 13,52,8
2004-01-19T01:50:57, Critical path event 14,59,9
2004-01-19T01:59:05, Critical path event 15,24,9
2004-01-19T02:07:48, Critical path event 16,14,2
2004-01-19T02:15:26, Critical path event 17,55,8
2004-01-19T02:30:52, Critical path event 18,89,0
2004-01-19T02:39:19, Critical path event 19,92,7
2004-01-19T02:47:31, Critical path event 19,19,3
2004-01-19T02:51:12, Critical path event 19,68,0
2004-01-19T03:00:14, Critical path event 19,55,1
2004-01-19T03:07:04, Misc. noise event 2,63,5
2004-01-19T03:08:56, Critical path event 23,29,10
2004-01-19T03:19:11, Critical path event 24,69,8
2004-01-19T03:23:26, Misc. noise event 3,66,0

    ----------------some other thing --------------
    filesize :1024k
    alert-level : FATAL
    description: thing with pid 34345 died because 
        random java stacktrace 
        that is super noisy with numbers and datetimes 
Exception in thread "main" java.lang.NullPointerException
    at AnotherClassLoader.loadClass(test.java:58)
    at test.main(test.java:30)
    at Main.main(Main.java:68)
    -------------------------------------------- 
    2004-01-19T03:26:18, Critical path event 25,0,1
2004-01-19T03:32:46, Critical path event 26,18,7
2004-01-19T03:41:54, Critical path event 27,64,8
2004-01-19T03:50:02, Critical path event 28,41,10
2004-01-19T03:56:10, Misc. noise event 4,81,3
2004-01-19T03:58:45, Critical path event 29,38,10
2004-01-19T04:06:23, Critical path event 29,97,9
2004-01-19T04:21:49, Critical path event 29,79,9
2004-01-19T04:26:33, Misc. noise event 5,56,2
2004-01-19T04:30:16, Critical path event 29,49,3
2004-01-19T04:37:51, Misc. noise event 6,28,10
2004-01-19T04:38:28, Critical path event 33,36,0
2004-01-19T04:42:09, Critical path event 34,22,5
2004-01-19T04:50:55, Misc. noise event 7,77,4
2004-01-19T04:51:11, Critical path event 35,89,2
2004-01-19T04:59:53, Critical path event 36,65,0
2004-01-19T05:09:01, Misc. noise event 8,83,9
2004-01-19T05:10:08, Critical path event 37,98,7
2004-01-19T05:17:15, Critical path event 38,64,0
2004-01-19T05:23:43, Critical path event 39,22,1
2004-01-19T05:32:51, Critical path event 19,1,0
2004-01-19T05:40:59, Critical path event 19,50,7
2004-01-19T05:46:18, Misc. noise event 9,82,5
2004-01-19T05:49:42, Critical path event 19,54,3
2004-01-19T05:57:20, Critical path event 19,92,5
2004-01-19T06:12:19, Misc. noise event 10,0,5
2004-01-19T06:12:46, Critical path event 44,76,10
