--------------------------------------------------
datetime,message,random_int_1,random_int_2
--------------------------------------------------
2004-03-15T00:00, Critical path event 1,14,0
2004-03-15T00:07:45, Critical path event 2,92,6
2004-03-15T00:15:12, Critical path event 3,60,7
2004-03-15T00:24:32, Critical path event 4,47,4
2004-03-15T00:40:07, Critical path event 5,98,8
2004-03-15T00:46:16, Misc. noise event 0,87,2
2004-03-15T00:47:33, Critical path event 6,4,0
2004-03-15T00:51:03, Misc. noise event 1,93,8
2004-03-15T00:55:14, Critical path event 7,34,3
2004-03-15T01:00:06, Critical path event 8,8,10
2004-03-15T01:08:16, Critical path event 9,36,8
2004-03-15T01:14:45, Misc. noise event 2,70,1
2004-03-15T01:15:41, Critical path event 9,59,8
2004-03-15T01:27:37, Critical path event 9,53,0
2004-03-15T01:35:32, Critical path event 9,42,7
2004-03-15T01:42:14, Misc. noise event 3,14,5
2004-03-15T01:42:14, Critical path event 13,48,8
2004-03-15T01:49:35, Critical path event 14,84,4
2004-03-15T01:57:20, Critical path event 15,72,10
2004-03-15T02:02:17, Misc. noise event 4,46,9
2004-03-15T02:04:47, Critical path event 16,81,9
2004-03-15T02:14:07, Critical path event 17,98,9
2004-03-15T02:29:42, Critical path event 18,87,7
2004-03-15T02:37:08, Critical path event 19,73,8
2004-03-15T02:44:49, Critical path event 19,36,6
2004-03-15T02:49:41, Critical path event 19,46,4
2004-03-15T02:57:51, Critical path event 19,86,8
2004-03-15T03:01:27, Misc. noise event 5,59,9

    ----------------some other thing --------------
    filesize :1024k
    alert-level : FATAL
    description: thing with pid 34345 died because 
        random java stacktrace 
        that is super noisy with numbers and datetimes 
Exception in thread "main" java.lang.NullPointerException
    at AnotherClassLoader.loadClass(test.java:58)
    at test.main(test.java:30)
    at Main.main(Main.java:68)
    -------------------------------------------- 
    2004-03-15T03:05:16, Critical path event 23,17,6
2004-03-15T03:13:58, Misc. noise event 6,53,7
2004-03-15T03:17:12, Critical path event 24,29,0
2004-03-15T03:25:07, Critical path event 25,9,1
2004-03-15T03:31:49, Critical path event 26,100,6
2004-03-15T03:39:10, Critical path event 27,1,6
2004-03-15T03:46:55, Critical path event 28,7,4
2004-03-15T03:54:22, Critical path event 29,55,3
2004-03-15T04:03:42, Critical path event 29,13,9
2004-03-15T04:19:17, Critical path event 29,95,8
2004-03-15T04:26:43, Critical path event 29,0,2
2004-03-15T04:34:24, Critical path event 33,38,5
2004-03-15T04:37:11, Misc. noise event 7,64,3
2004-03-15T04:39:16, Critical path event 34,95,5
2004-03-15T04:47:26, Critical path event 35,87,7
2004-03-15T04:54:51, Critical path event 36,98,6
2004-03-15T05:06:47, Critical path event 37,72,5
2004-03-15T05:10:31, Misc. noise event 8,9,1
2004-03-15T05:14:42, Critical path event 38,64,4
2004-03-15T05:21:24, Critical path event 39,43,10
2004-03-15T05:28:45, Critical path event 19,57,3
2004-03-15T05:33:43, Misc. noise event 9,5,9
2004-03-15T05:36:30, Critical path event 19,22,7
2004-03-15T05:43:57, Critical path event 19,13,9
2004-03-15T05:53:17, Critical path event 19,53,5
2004-03-15T06:06:10, Misc. noise event 10,1,8
2004-03-15T06:08:52, Critical path event 44,1,0
