--------------------------------------------------
datetime,message,random_int_1,random_int_2
--------------------------------------------------
2004-12-20T00:00, Critical path event 1,9,9
2004-12-20T00:07:51, Critical path event 2,95,4
2004-12-20T00:10:36, Misc. noise event 0,45,7
2004-12-20T00:15:21, Critical path event 3,8,1
2004-12-20T00:18:24, Misc. noise event 1,69,8
2004-12-20T00:22:55, Critical path event 4,64,4
2004-12-20T00:36:48, Critical path event 5,48,2
2004-12-20T00:46:11, Critical path event 6,66,9
2004-12-20T00:55:33, Critical path event 7,42,9
2004-12-20T01:00:30, Critical path event 8,17,9
2004-12-20T01:09:24, Critical path event 9,52,10
2004-12-20T01:17:15, Critical path event 9,87,5
2004-12-20T01:27:32, Critical path event 9,12,3
2004-12-20T01:35:38, Critical path event 9,59,4
2004-12-20T01:41:38, Critical path event 13,33,2
2004-12-20T01:49:04, Critical path event 14,88,4
2004-12-20T01:56:55, Critical path event 15,93,6
2004-12-20T02:04:25, Critical path event 16,25,8
2004-12-20T02:11:16, Misc. noise event 2,54,5
2004-12-20T02:11:59, Critical path event 17,49,9
2004-12-20T02:25:52, Critical path event 18,56,2
2004-12-20T02:35:15, Critical path event 19,100,4
2004-12-20T02:44:37, Critical path event 19,96,2
2004-12-20T02:47:45, Misc. noise event 3,92,10
2004-12-20T02:49:34, Critical path event 19,70,1
2004-12-20T02:58:28, Critical path event 19,60,7
2004-12-20T03:06:19, Critical path event 23,78,7
2004-12-20T03:16:36, Critical path event 24,82,9

    ----------------some other thing --------------
    filesize :1024k
    alert-level : FATAL
    description: thing with pid 34345 died because 
        random java stacktrace 
        that is super noisy with numbers and datetimes 
Exception in thread "main" java.lang.NullPointerException
    at AnotherClassLoader.loadClass(test.java:58)
    at test.main(test.java:30)
    at Main.main(Main.java:68)
    -------------------------------------------- 
    2004-12-20T03:19:43, Misc. noise event 4,2,9
2004-12-20T03:24:42, Critical path event 25,16,10
2004-12-20T03:30:42, Critical path event 26,66,7
2004-12-20T03:38:08, Critical path event 27,36,7
2004-12-20T03:45:59, Critical path event 28,83,3
2004-12-20T03:51:10, Misc. noise event 5,7,0
2004-12-20T03:53:29, Critical path event 29,6,9
2004-12-20T04:01:03, Critical path event 29,18,3
2004-12-20T04:14:56, Critical path event 29,15,1
2004-12-20T04:24:19, Critical path event 29,92,9
2004-12-20T04:33:41, Critical path event 33,92,1
2004-12-20T04:38:38, Critical path event 34,44,2
2004-12-20T04:47:32, Critical path event 35,41,7
2004-12-20T04:50:30, Misc. noise event 6,23,9
2004-12-20T04:55:23, Critical path event 36,72,3
2004-12-20T05:05:03, Misc. noise event 7,41,7
2004-12-20T05:05:40, Critical path event 37,26,1
2004-12-20T05:13:46, Critical path event 38,27,0
2004-12-20T05:19:46, Critical path event 39,0,5
2004-12-20T05:27:12, Critical path event 19,24,8
2004-12-20T05:32:50, Misc. noise event 8,2,5
2004-12-20T05:35:03, Critical path event 19,95,10
2004-12-20T05:42:33, Critical path event 19,9,6
2004-12-20T05:48:48, Misc. noise event 9,10,10
2004-12-20T05:50:07, Critical path event 19,66,5
2004-12-20T06:03:43, Misc. noise event 10,69,4
2004-12-20T06:04:00, Critical path event 44,25,3
