--------------------------------------------------
datetime,message,random_int_1,random_int_2
--------------------------------------------------
2004-07-12T00:00, Critical path event 1,3,8
2004-07-12T00:06:26, Misc. noise event 0,17,0
2004-07-12T00:09:21, Critical path event 2,52,8
2004-07-12T00:18:43, Critical path event 3,18,0
2004-07-12T00:26:13, Critical path event 4,67,0
2004-07-12T00:39:38, Misc. noise event 1,21,9
2004-07-12T00:39:59, Critical path event 5,94,7
2004-07-12T00:47:57, Critical path event 6,50,2
2004-07-12T00:54:48, Misc. noise event 2,59,9
2004-07-12T00:56:24, Critical path event 7,27,2
2004-07-12T01:00:19, Critical path event 8,17,4
2004-07-12T01:08:01, Critical path event 9,39,8
2004-07-12T01:13:45, Misc. noise event 3,4,5
2004-07-12T01:15:26, Critical path event 9,10,6
2004-07-12T01:26:45, Misc. noise event 4,55,10
2004-07-12T01:26:58, Critical path event 9,54,2
2004-07-12T01:34:32, Critical path event 9,87,7
2004-07-12T01:39:55, Misc. noise event 5,90,0
2004-07-12T01:41:56, Critical path event 13,25,2
2004-07-12T01:49:13, Critical path event 14,75,3
2004-07-12T01:58:34, Critical path event 15,81,0
2004-07-12T02:07:56, Critical path event 16,89,7
2004-07-12T02:15:26, Critical path event 17,83,8
2004-07-12T02:29:12, Critical path event 18,49,5
2004-07-12T02:37:10, Critical path event 19,81,3
2004-07-12T02:45:37, Critical path event 19,49,0
2004-07-12T02:49:32, Critical path event 19,58,9
2004-07-12T02:57:14, Critical path event 19,61,3

    ----------------some other thing --------------
    filesize :1024k
    alert-level : FATAL
    description: thing with pid 34345 died because 
        random java stacktrace 
        that is super noisy with numbers and datetimes 
Exception in thread "main" java.lang.NullPointerException
    at AnotherClassLoader.loadClass(test.java:58)
    at test.main(test.java:30)
    at Main.main(Main.java:68)
    -------------------------------------------- 
    2004-07-12T03:04:39, Critical path event 23,40,4
2004-07-12T03:16:11, Critical path event 24,37,9
2004-07-12T03:20:25, Misc. noise event 6,4,7
2004-07-12T03:23:45, Critical path event 25,13,3
2004-07-12T03:31:09, Critical path event 26,64,1
2004-07-12T03:38:26, Critical path event 27,55,4
2004-07-12T03:47:40, Misc. noise event 7,76,10
2004-07-12T03:47:47, Critical path event 28,49,9
2004-07-12T03:57:09, Critical path event 29,84,5
2004-07-12T04:04:39, Critical path event 29,79,8
2004-07-12T04:18:25, Critical path event 29,34,8
2004-07-12T04:26:23, Critical path event 29,96,1
2004-07-12T04:34:50, Critical path event 33,68,9
2004-07-12T04:38:36, Misc. noise event 8,84,4
2004-07-12T04:38:45, Critical path event 34,4,1
2004-07-12T04:46:27, Critical path event 35,9,5
2004-07-12T04:53:52, Critical path event 36,29,0
2004-07-12T05:05:24, Critical path event 37,36,1
2004-07-12T05:12:58, Critical path event 38,5,10
2004-07-12T05:15:59, Misc. noise event 9,17,9
2004-07-12T05:20:22, Critical path event 39,93,3
2004-07-12T05:22:40, Misc. noise event 10,68,3
2004-07-12T05:27:39, Critical path event 19,8,1
2004-07-12T05:37:00, Critical path event 19,51,3
2004-07-12T05:46:22, Critical path event 19,17,1
2004-07-12T05:53:52, Critical path event 19,10,5
2004-07-12T06:07:38, Critical path event 44,47,1
