--------------------------------------------------
datetime,message,random_int_1,random_int_2
--------------------------------------------------
2004-03-26T00:00, Critical path event 1,84,10
2004-03-26T00:06:44, Misc. noise event 0,22,5
2004-03-26T00:09:33, Critical path event 2,77,3
2004-03-26T00:17:36, Critical path event 3,93,1
2004-03-26T00:27:01, Critical path event 4,95,2
2004-03-26T00:41:11, Misc. noise event 1,66,6
2004-03-26T00:42:27, Critical path event 5,87,10
2004-03-26T00:49:50, Critical path event 6,57,3
2004-03-26T00:56:39, Misc. noise event 2,94,1
2004-03-26T00:57:04, Critical path event 7,72,6
2004-03-26T01:02:28, Critical path event 8,86,5
2004-03-26T01:09:59, Critical path event 9,19,10
2004-03-26T01:14:00, Misc. noise event 3,44,7
2004-03-26T01:17:32, Critical path event 9,25,8
2004-03-26T01:28:53, Critical path event 9,51,7
2004-03-26T01:31:45, Misc. noise event 4,55,2
2004-03-26T01:36:18, Critical path event 9,75,10
2004-03-26T01:42:38, Critical path event 13,54,5
2004-03-26T01:51:32, Critical path event 14,35,7
2004-03-26T02:01:05, Critical path event 15,80,5
2004-03-26T02:08:33, Misc. noise event 5,9,10
2004-03-26T02:09:08, Critical path event 16,56,2
2004-03-26T02:18:33, Critical path event 17,10,6
2004-03-26T02:33:59, Critical path event 18,41,3
2004-03-26T02:41:22, Critical path event 19,39,3
2004-03-26T02:48:36, Critical path event 19,67,1
2004-03-26T02:54:00, Critical path event 19,58,10
2004-03-26T03:01:31, Critical path event 19,89,8
2004-03-26T03:08:38, Misc. noise event 6,15,3
2004-03-26T03:09:04, Critical path event 23,3,9
2004-03-26T03:20:25, Critical path event 24,80,1
2004-03-26T03:27:50, Critical path event 25,53,5
2004-03-26T03:34:10, Critical path event 26,39,0
2004-03-26T03:41:14, Misc. noise event 7,2,6
2004-03-26T03:43:04, Critical path event 27,45,9
2004-03-26T03:52:37, Critical path event 28,87,10
2004-03-26T04:00:40, Critical path event 29,75,8
2004-03-26T04:10:05, Critical path event 29,85,7
2004-03-26T04:25:31, Critical path event 29,31,4
2004-03-26T04:32:54, Critical path event 29,12,1
2004-03-26T04:35:15, Misc. noise event 8,78,7
2004-03-26T04:40:08, Critical path event 33,5,7
2004-03-26T04:45:32, Critical path event 34,35,10
2004-03-26T04:53:03, Critical path event 35,53,0
2004-03-26T05:00:36, Critical path event 36,10,2
2004-03-26T05:10:19, Misc. noise event 9,25,4
2004-03-26T05:11:57, Critical path event 37,3,8
2004-03-26T05:19:22, Critical path event 38,76,6
2004-03-26T05:25:42, Critical path event 39,100,3
2004-03-26T05:34:36, Critical path event 19,46,6
2004-03-26T05:42:57, Misc. noise event 10,22,4
2004-03-26T05:44:09, Critical path event 19,37,2
2004-03-26T05:52:12, Critical path event 19,3,10
2004-03-26T06:01:37, Critical path event 19,87,4
2004-03-26T06:17:03, Critical path event 44,16,10
