--------------------------------------------------
datetime,message,random_int_1,random_int_2
--------------------------------------------------
2004-06-10T23:56:28, Misc. noise event 0,94,4
2004-06-11T00:00, Critical path event 1,23,5
2004-06-11T00:09:26, Critical path event 2,61,8
2004-06-11T00:18:56, Critical path event 3,53,10
2004-06-11T00:26:54, Critical path event 4,78,2
2004-06-11T00:42:14, Critical path event 5,58,1
2004-06-11T00:49:54, Critical path event 6,79,4
2004-06-11T00:59:28, Critical path event 7,81,7
2004-06-11T01:04:53, Critical path event 8,59,8
2004-06-11T01:14:13, Critical path event 9,98,2
2004-06-11T01:18:37, Misc. noise event 1,43,8
2004-06-11T01:21:49, Critical path event 9,10,4
2004-06-11T01:32:47, Critical path event 9,13,4
2004-06-11T01:40:30, Critical path event 9,76,1
2004-06-11T01:47:25, Critical path event 13,84,4
2004-06-11T01:55:45, Critical path event 14,32,3
2004-06-11T02:05:11, Critical path event 15,28,5
2004-06-11T02:14:41, Critical path event 16,44,4
2004-06-11T02:22:39, Critical path event 17,32,1
2004-06-11T02:34:14, Misc. noise event 2,43,1
2004-06-11T02:37:59, Critical path event 18,6,4
2004-06-11T02:45:39, Critical path event 19,99,4
2004-06-11T02:55:13, Critical path event 19,35,4
2004-06-11T03:00:38, Critical path event 19,33,3
2004-06-11T03:09:58, Critical path event 19,61,8
2004-06-11T03:17:34, Critical path event 23,46,7
2004-06-11T03:28:07, Misc. noise event 3,55,7
2004-06-11T03:28:32, Critical path event 24,99,0
2004-06-11T03:36:15, Critical path event 25,61,2
2004-06-11T03:43:10, Critical path event 26,89,6
2004-06-11T03:51:30, Critical path event 27,20,4
2004-06-11T04:00:56, Critical path event 28,56,8
2004-06-11T04:06:49, Misc. noise event 4,18,5
2004-06-11T04:10:26, Critical path event 29,26,0
2004-06-11T04:18:24, Critical path event 29,84,10
2004-06-11T04:33:44, Critical path event 29,88,3
2004-06-11T04:38:02, Misc. noise event 5,84,2
2004-06-11T04:41:24, Critical path event 29,15,2
2004-06-11T04:50:23, Misc. noise event 6,3,4
2004-06-11T04:50:58, Critical path event 33,99,6
2004-06-11T04:56:23, Critical path event 34,40,4
2004-06-11T05:05:43, Critical path event 35,99,9
2004-06-11T05:09:34, Misc. noise event 7,65,0
2004-06-11T05:13:19, Critical path event 36,86,2
2004-06-11T05:24:17, Critical path event 37,84,0
2004-06-11T05:32:00, Critical path event 38,22,6
2004-06-11T05:37:42, Misc. noise event 8,8,10
2004-06-11T05:38:55, Critical path event 39,90,10
2004-06-11T05:45:45, Misc. noise event 9,62,8
2004-06-11T05:47:15, Critical path event 19,40,1
2004-06-11T05:53:07, Misc. noise event 10,12,9
2004-06-11T05:56:41, Critical path event 19,81,6
2004-06-11T06:06:11, Critical path event 19,12,1
2004-06-11T06:14:09, Critical path event 19,88,8
2004-06-11T06:29:29, Critical path event 44,6,3
