--------------------------------------------------
datetime,message,random_int_1,random_int_2
--------------------------------------------------
2004-05-29T23:59:11, Misc. noise event 0,96,3
2004-05-30T00:00, Critical path event 1,77,2
2004-05-30T00:07:29, Critical path event 2,96,3
2004-05-30T00:13:50, Critical path event 3,64,8
2004-05-30T00:20:59, Critical path event 4,76,1
2004-05-30T00:32:11, Critical path event 5,91,2
2004-05-30T00:38:49, Critical path event 6,3,1
2004-05-30T00:45:51, Critical path event 7,26,4
2004-05-30T00:50:29, Critical path event 8,76,6
2004-05-30T00:58:12, Critical path event 9,66,2
2004-05-30T01:03:16, Misc. noise event 1,74,9
2004-05-30T01:05:02, Critical path event 9,57,9
2004-05-30T01:13:16, Critical path event 9,61,3
2004-05-30T01:16:06, Misc. noise event 2,35,9
2004-05-30T01:19:54, Critical path event 9,23,1
2004-05-30T01:25:12, Critical path event 13,98,5
2004-05-30T01:31:20, Critical path event 14,86,8
2004-05-30T01:38:49, Critical path event 15,75,6
2004-05-30T01:45:10, Critical path event 16,29,2
2004-05-30T01:52:19, Critical path event 17,3,2
2004-05-30T02:03:31, Critical path event 18,35,8
2004-05-30T02:09:00, Misc. noise event 3,91,1
2004-05-30T02:10:09, Critical path event 19,66,0
2004-05-30T02:17:11, Critical path event 19,9,2
2004-05-30T02:18:45, Misc. noise event 4,35,4
2004-05-30T02:21:49, Critical path event 19,83,6
2004-05-30T02:29:32, Critical path event 19,39,5
2004-05-30T02:36:22, Critical path event 23,19,1
2004-05-30T02:42:02, Misc. noise event 5,26,4
2004-05-30T02:44:36, Critical path event 24,58,1
2004-05-30T02:51:14, Critical path event 25,40,3
2004-05-30T02:56:32, Critical path event 26,89,4
2004-05-30T03:01:49, Misc. noise event 6,16,5
2004-05-30T03:02:40, Critical path event 27,48,6
2004-05-30T03:10:09, Critical path event 28,31,5
2004-05-30T03:15:26, Misc. noise event 7,76,8
2004-05-30T03:16:30, Critical path event 29,15,10
2004-05-30T03:23:39, Critical path event 29,77,1
2004-05-30T03:34:51, Critical path event 29,39,10
2004-05-30T03:41:29, Critical path event 29,31,5
2004-05-30T03:48:31, Critical path event 33,45,3
2004-05-30T03:53:09, Critical path event 34,65,9
2004-05-30T04:00:52, Critical path event 35,45,4
2004-05-30T04:07:42, Critical path event 36,41,2
2004-05-30T04:15:56, Critical path event 37,70,4
2004-05-30T04:17:59, Misc. noise event 8,36,0
2004-05-30T04:22:34, Critical path event 38,43,10
2004-05-30T04:27:52, Critical path event 39,64,3
2004-05-30T04:34:00, Critical path event 19,28,10
2004-05-30T04:41:29, Critical path event 19,26,2
2004-05-30T04:44:00, Misc. noise event 9,15,7
2004-05-30T04:47:50, Critical path event 19,82,0
2004-05-30T04:54:59, Critical path event 19,28,7
2004-05-30T05:03:25, Misc. noise event 10,95,4
2004-05-30T05:06:11, Critical path event 44,100,2
