--------------------------------------------------
datetime,message,random_int_1,random_int_2
--------------------------------------------------
2004-01-12T00:00, Critical path event 1,3,5
2004-01-12T00:05:13, Misc. noise event 0,26,1
2004-01-12T00:08:36, Critical path event 2,77,1
2004-01-12T00:17:59, Critical path event 3,9,4
2004-01-12T00:26:33, Critical path event 4,57,4
2004-01-12T00:39:50, Critical path event 5,58,6
2004-01-12T00:44:24, Misc. noise event 1,45,4
2004-01-12T00:49:14, Critical path event 6,43,9
2004-01-12T00:57:02, Critical path event 7,86,5
2004-01-12T01:01:23, Critical path event 8,38,1
2004-01-12T01:08:44, Critical path event 9,72,4
2004-01-12T01:17:55, Critical path event 9,13,10
2004-01-12T01:27:06, Misc. noise event 2,95,9
2004-01-12T01:27:36, Critical path event 9,19,4
2004-01-12T01:45:43, Misc. noise event 3,37,2
2004-01-12T01:48:01, Critical path event 9,93,5
2004-01-12T01:55:34, Critical path event 13,49,5
2004-01-12T01:59:38, Misc. noise event 4,12,7
2004-01-12T02:04:07, Critical path event 14,20,5
2004-01-12T02:12:43, Critical path event 15,66,10
2004-01-12T02:22:06, Critical path event 16,20,5
2004-01-12T02:30:40, Critical path event 17,72,0
2004-01-12T02:40:15, Misc. noise event 5,8,7
2004-01-12T02:44:56, Critical path event 18,90,5
2004-01-12T03:00:48, Critical path event 19,90,2
2004-01-12T03:08:36, Critical path event 19,47,3
2004-01-12T03:12:57, Critical path event 19,83,2
2004-01-12T03:20:18, Critical path event 19,8,4

    ----------------some other thing --------------
    filesize :1024k
    alert-level : FATAL
    description: thing with pid 34345 died because 
        random java stacktrace 
        that is super noisy with numbers and datetimes 
Exception in thread "main" java.lang.NullPointerException
    at AnotherClassLoader.loadClass(test.java:58)
    at test.main(test.java:30)
    at Main.main(Main.java:68)
    -------------------------------------------- 
    2004-01-12T03:28:55, Misc. noise event 6,18,3
2004-01-12T03:29:29, Critical path event 23,93,6
2004-01-12T03:39:10, Critical path event 24,67,6
2004-01-12T03:59:32, Critical path event 25,82,5
2004-01-12T04:07:05, Critical path event 26,28,3
2004-01-12T04:15:38, Critical path event 27,27,4
2004-01-12T04:19:35, Misc. noise event 7,89,6
2004-01-12T04:24:14, Critical path event 28,36,9
2004-01-12T04:33:37, Critical path event 29,67,6
2004-01-12T04:58:18, Critical path event 29,21,6
2004-01-12T05:11:35, Critical path event 29,93,8
2004-01-12T05:20:59, Critical path event 29,63,7
2004-01-12T05:27:23, Misc. noise event 8,58,0
2004-01-12T05:28:47, Critical path event 33,81,3
2004-01-12T05:33:08, Critical path event 34,85,0
2004-01-12T05:44:04, Misc. noise event 9,65,5
2004-01-12T05:45:40, Critical path event 35,78,3
2004-01-12T06:06:23, Critical path event 36,84,2
2004-01-12T06:16:04, Critical path event 37,35,3
2004-01-12T06:24:09, Critical path event 38,72,4
2004-01-12T06:31:42, Critical path event 39,23,8
2004-01-12T06:40:15, Critical path event 19,10,5
2004-01-12T06:48:50, Misc. noise event 10,10,6
2004-01-12T06:48:51, Critical path event 19,34,7
2004-01-12T06:58:14, Critical path event 19,6,7
2004-01-12T07:06:48, Critical path event 19,14,1
2004-01-12T07:20:05, Critical path event 44,88,5
