--------------------------------------------------
datetime,message,random_int_1,random_int_2
--------------------------------------------------
2004-08-29T23:58:53, Misc. noise event 0,15,9
2004-08-30T00:00, Critical path event 1,9,5
2004-08-30T00:08:33, Critical path event 2,58,2
2004-08-30T00:16:08, Critical path event 3,35,6
2004-08-30T00:22:04, Misc. noise event 1,49,2
2004-08-30T00:24:08, Critical path event 4,38,9
2004-08-30T00:37:48, Critical path event 5,13,6
2004-08-30T00:46:18, Critical path event 6,87,1
2004-08-30T00:55:10, Critical path event 7,0,9
2004-08-30T01:01:08, Critical path event 8,41,0
2004-08-30T01:09:42, Critical path event 9,72,10
2004-08-30T01:17:28, Critical path event 9,88,7
2004-08-30T01:28:46, Critical path event 9,47,0
2004-08-30T01:36:11, Critical path event 9,13,6
2004-08-30T01:44:08, Critical path event 13,67,8
2004-08-30T01:53:13, Critical path event 14,28,10
2004-08-30T02:01:46, Critical path event 15,81,9
2004-08-30T02:09:21, Critical path event 16,61,3
2004-08-30T02:16:34, Misc. noise event 2,88,9
2004-08-30T02:17:21, Critical path event 17,57,4
2004-08-30T02:31:01, Critical path event 18,90,1
2004-08-30T02:39:31, Critical path event 19,51,4
2004-08-30T02:48:11, Misc. noise event 3,31,9
2004-08-30T02:48:23, Critical path event 19,19,4
2004-08-30T02:52:39, Misc. noise event 4,74,9
2004-08-30T02:54:21, Critical path event 19,73,1
2004-08-30T03:02:55, Critical path event 19,59,3
2004-08-30T03:10:41, Critical path event 23,71,5

    ----------------some other thing --------------
    filesize :1024k
    alert-level : FATAL
    description: thing with pid 34345 died because 
        random java stacktrace 
        that is super noisy with numbers and datetimes 
Exception in thread "main" java.lang.NullPointerException
    at AnotherClassLoader.loadClass(test.java:58)
    at test.main(test.java:30)
    at Main.main(Main.java:68)
    -------------------------------------------- 
    2004-08-30T03:21:59, Critical path event 24,28,10
2004-08-30T03:29:24, Critical path event 25,74,5
2004-08-30T03:35:40, Misc. noise event 5,11,6
2004-08-30T03:37:21, Critical path event 26,6,10
2004-08-30T03:46:24, Misc. noise event 6,34,10
2004-08-30T03:46:26, Critical path event 27,93,4
2004-08-30T03:54:59, Critical path event 28,83,5
2004-08-30T04:02:34, Critical path event 29,18,2
2004-08-30T04:06:47, Misc. noise event 7,47,5
2004-08-30T04:10:34, Critical path event 29,12,10
2004-08-30T04:24:14, Critical path event 29,9,9
2004-08-30T04:29:59, Misc. noise event 8,8,1
2004-08-30T04:32:44, Critical path event 29,99,0
2004-08-30T04:40:15, Misc. noise event 9,65,10
2004-08-30T04:41:36, Critical path event 33,32,10
2004-08-30T04:47:34, Critical path event 34,39,6
2004-08-30T04:56:08, Critical path event 35,93,2
2004-08-30T05:03:54, Critical path event 36,66,10
2004-08-30T05:15:12, Critical path event 37,95,0
2004-08-30T05:22:37, Critical path event 38,54,1
2004-08-30T05:30:34, Critical path event 39,57,0
2004-08-30T05:39:39, Critical path event 19,79,4
2004-08-30T05:44:33, Misc. noise event 10,30,5
2004-08-30T05:48:12, Critical path event 19,79,1
2004-08-30T05:55:47, Critical path event 19,67,9
2004-08-30T06:03:47, Critical path event 19,47,4
2004-08-30T06:17:27, Critical path event 44,68,4
