--------------------------------------------------
datetime,message,random_int_1,random_int_2
--------------------------------------------------
2004-09-20T00:00, Critical path event 1,85,7
2004-09-20T00:08:55, Critical path event 2,64,8
2004-09-20T00:18:28, Critical path event 3,84,6
2004-09-20T00:27:59, Critical path event 4,49,5
2004-09-20T00:42:48, Critical path event 5,59,6
2004-09-20T00:50:09, Misc. noise event 0,19,2
2004-09-20T00:50:47, Critical path event 6,60,0
2004-09-20T00:59:22, Critical path event 7,3,10
2004-09-20T01:03:04, Critical path event 8,6,0
2004-09-20T01:12:29, Critical path event 9,20,2
2004-09-20T01:20:40, Critical path event 9,5,4
2004-09-20T01:32:27, Critical path event 9,6,8
2004-09-20T01:37:14, Misc. noise event 1,78,3
2004-09-20T01:38:57, Critical path event 9,21,4
2004-09-20T01:45:53, Critical path event 13,30,5
2004-09-20T01:51:24, Misc. noise event 2,50,9
2004-09-20T01:55:20, Critical path event 14,57,10
2004-09-20T02:04:15, Critical path event 15,84,7
2004-09-20T02:13:48, Critical path event 16,94,3
2004-09-20T02:23:19, Critical path event 17,77,10
2004-09-20T02:34:06, Misc. noise event 3,68,6
2004-09-20T02:38:08, Critical path event 18,55,10
2004-09-20T02:41:17, Misc. noise event 4,74,6
2004-09-20T02:46:07, Critical path event 19,33,10
2004-09-20T02:50:48, Misc. noise event 5,25,8
2004-09-20T02:54:42, Critical path event 19,14,8
2004-09-20T02:54:04, Misc. noise event 6,87,3
2004-09-20T02:58:24, Critical path event 19,13,1

    ----------------some other thing --------------
    filesize :1024k
    alert-level : FATAL
    description: thing with pid 34345 died because 
        random java stacktrace 
        that is super noisy with numbers and datetimes 
Exception in thread "main" java.lang.NullPointerException
    at AnotherClassLoader.loadClass(test.java:58)
    at test.main(test.java:30)
    at Main.main(Main.java:68)
    -------------------------------------------- 
    2004-09-20T03:07:49, Critical path event 19,68,2
2004-09-20T03:13:41, Misc. noise event 7,52,7
2004-09-20T03:16:00, Critical path event 23,93,0
2004-09-20T03:27:47, Critical path event 24,31,0
2004-09-20T03:34:17, Critical path event 25,5,4
2004-09-20T03:41:13, Critical path event 26,74,0
2004-09-20T03:50:40, Critical path event 27,70,5
2004-09-20T03:59:35, Critical path event 28,84,4
2004-09-20T04:09:08, Critical path event 29,22,10
2004-09-20T04:18:39, Critical path event 29,74,2
2004-09-20T04:33:28, Critical path event 29,77,6
2004-09-20T04:41:27, Critical path event 29,35,0
2004-09-20T04:50:02, Critical path event 33,33,10
2004-09-20T04:53:44, Critical path event 34,92,5
2004-09-20T05:03:09, Critical path event 35,50,5
2004-09-20T05:06:38, Misc. noise event 8,59,10
2004-09-20T05:11:20, Critical path event 36,3,2
2004-09-20T05:23:07, Critical path event 37,32,7
2004-09-20T05:29:37, Critical path event 38,20,8
2004-09-20T05:36:33, Critical path event 39,17,6
2004-09-20T05:44:23, Misc. noise event 9,67,3
2004-09-20T05:46:00, Critical path event 19,32,10
2004-09-20T05:54:55, Critical path event 19,50,5
2004-09-20T06:04:28, Critical path event 19,83,10
2004-09-20T06:13:59, Critical path event 19,7,10
2004-09-20T06:24:59, Misc. noise event 10,32,4
2004-09-20T06:28:48, Critical path event 44,85,5
