--------------------------------------------------
datetime,message,random_int_1,random_int_2
--------------------------------------------------
2004-10-25T00:00, Critical path event 1,44,9
2004-10-25T00:07:28, Critical path event 2,77,1
2004-10-25T00:16:44, Critical path event 3,26,8
2004-10-25T00:24:46, Critical path event 4,78,2
2004-10-25T00:38:40, Critical path event 5,88,6
2004-10-25T00:47:57, Critical path event 6,17,9
2004-10-25T00:55:33, Critical path event 7,41,3
2004-10-25T00:59:09, Misc. noise event 0,4,5
2004-10-25T00:59:32, Critical path event 8,20,0
2004-10-25T01:07:09, Critical path event 9,89,9
2004-10-25T01:14:58, Critical path event 9,59,7
2004-10-25T01:23:23, Misc. noise event 1,11,5
2004-10-25T01:26:32, Critical path event 9,39,0
2004-10-25T01:33:30, Critical path event 9,89,7
2004-10-25T01:36:18, Misc. noise event 2,28,10
2004-10-25T01:39:45, Critical path event 13,54,9
2004-10-25T01:48:24, Critical path event 14,48,2
2004-10-25T01:55:52, Critical path event 15,60,1
2004-10-25T02:05:08, Critical path event 16,92,4
2004-10-25T02:13:10, Critical path event 17,37,0
2004-10-25T02:27:04, Critical path event 18,40,1
2004-10-25T02:36:21, Critical path event 19,61,1
2004-10-25T02:43:57, Critical path event 19,88,10
2004-10-25T02:47:56, Critical path event 19,74,1
2004-10-25T02:55:33, Critical path event 19,64,10
2004-10-25T03:03:22, Critical path event 23,42,9
2004-10-25T03:14:56, Critical path event 24,98,4
2004-10-25T03:20:27, Misc. noise event 3,63,5

    ----------------some other thing --------------
    filesize :1024k
    alert-level : FATAL
    description: thing with pid 34345 died because 
        random java stacktrace 
        that is super noisy with numbers and datetimes 
Exception in thread "main" java.lang.NullPointerException
    at AnotherClassLoader.loadClass(test.java:58)
    at test.main(test.java:30)
    at Main.main(Main.java:68)
    -------------------------------------------- 
    2004-10-25T03:21:54, Critical path event 25,79,2
2004-10-25T03:27:21, Misc. noise event 4,81,9
2004-10-25T03:28:09, Critical path event 26,10,1
2004-10-25T03:36:48, Critical path event 27,17,10
2004-10-25T03:44:16, Critical path event 28,68,4
2004-10-25T03:53:32, Critical path event 29,48,7
2004-10-25T04:01:34, Critical path event 29,2,4
2004-10-25T04:14:27, Misc. noise event 5,66,3
2004-10-25T04:15:28, Critical path event 29,11,3
2004-10-25T04:24:45, Critical path event 29,17,4
2004-10-25T04:32:21, Critical path event 33,58,3
2004-10-25T04:36:20, Critical path event 34,68,3
2004-10-25T04:42:21, Misc. noise event 6,72,7
2004-10-25T04:43:57, Critical path event 35,34,10
2004-10-25T04:49:28, Misc. noise event 7,97,9
2004-10-25T04:51:46, Critical path event 36,90,1
2004-10-25T05:03:20, Critical path event 37,92,7
2004-10-25T05:10:18, Critical path event 38,81,3
2004-10-25T05:16:33, Critical path event 39,10,3
2004-10-25T05:22:46, Misc. noise event 8,34,9
2004-10-25T05:25:12, Critical path event 19,22,4
2004-10-25T05:32:05, Misc. noise event 9,84,8
2004-10-25T05:32:40, Critical path event 19,61,0
2004-10-25T05:41:56, Critical path event 19,39,5
2004-10-25T05:49:58, Critical path event 19,35,2
2004-10-25T05:59:29, Misc. noise event 10,97,0
2004-10-25T06:03:52, Critical path event 44,10,6
