--------------------------------------------------
datetime,message,random_int_1,random_int_2
--------------------------------------------------
2004-04-03T23:57:05, Misc. noise event 0,37,2
2004-04-04T00:00, Critical path event 1,89,10
2004-04-04T00:07:07, Critical path event 2,3,6
2004-04-04T00:10:12, Misc. noise event 1,92,7
2004-04-04T00:14:41, Critical path event 3,70,0
2004-04-04T00:21:38, Critical path event 4,80,10
2004-04-04T00:29:38, Misc. noise event 2,53,8
2004-04-04T00:33:45, Critical path event 5,37,0
2004-04-04T00:41:22, Critical path event 6,42,2
2004-04-04T00:48:34, Critical path event 7,17,7
2004-04-04T00:52:22, Critical path event 8,14,10
2004-04-04T00:59:43, Critical path event 9,97,6
2004-04-04T01:06:19, Critical path event 9,94,3
2004-04-04T01:13:05, Misc. noise event 3,22,3
2004-04-04T01:15:15, Critical path event 9,86,5
2004-04-04T01:22:13, Critical path event 9,89,7
2004-04-04T01:28:42, Critical path event 13,46,7
2004-04-04T01:34:56, Critical path event 14,86,2
2004-04-04T01:42:03, Critical path event 15,70,0
2004-04-04T01:46:47, Misc. noise event 4,66,2
2004-04-04T01:49:37, Critical path event 16,6,3
2004-04-04T01:56:34, Critical path event 17,96,8
2004-04-04T02:08:41, Critical path event 18,43,3
2004-04-04T02:16:18, Critical path event 19,91,3
2004-04-04T02:23:30, Critical path event 19,19,10
2004-04-04T02:27:18, Critical path event 19,1,4
2004-04-04T02:34:39, Critical path event 19,81,5
2004-04-04T02:41:15, Critical path event 23,48,5
2004-04-04T02:50:11, Critical path event 24,43,3
2004-04-04T02:57:09, Critical path event 25,68,7
2004-04-04T03:03:38, Critical path event 26,82,1
2004-04-04T03:06:01, Misc. noise event 5,10,10
2004-04-04T03:09:52, Critical path event 27,91,5
2004-04-04T03:16:59, Critical path event 28,86,4
2004-04-04T03:22:05, Misc. noise event 6,3,2
2004-04-04T03:24:33, Critical path event 29,30,4
2004-04-04T03:31:30, Critical path event 29,7,8
2004-04-04T03:39:14, Misc. noise event 7,92,9
2004-04-04T03:43:37, Critical path event 29,82,9
2004-04-04T03:51:14, Critical path event 29,1,2
2004-04-04T03:58:26, Critical path event 33,97,6
2004-04-04T03:59:47, Misc. noise event 8,3,2
2004-04-04T04:02:14, Critical path event 34,11,6
2004-04-04T04:06:06, Misc. noise event 9,5,5
2004-04-04T04:09:35, Critical path event 35,70,7
2004-04-04T04:16:11, Critical path event 36,60,5
2004-04-04T04:25:07, Critical path event 37,91,9
2004-04-04T04:31:46, Misc. noise event 10,9,4
2004-04-04T04:32:05, Critical path event 38,22,5
2004-04-04T04:38:34, Critical path event 39,40,9
2004-04-04T04:44:48, Critical path event 19,11,7
2004-04-04T04:51:55, Critical path event 19,48,10
2004-04-04T04:59:29, Critical path event 19,100,5
2004-04-04T05:06:26, Critical path event 19,39,6
2004-04-04T05:18:33, Critical path event 44,80,7
