--------------------------------------------------
datetime,message,random_int_1,random_int_2
--------------------------------------------------
2004-02-11T23:57:03, Misc. noise event 0,49,9
2004-02-12T00:00, Critical path event 1,91,7
2004-02-12T00:08:20, Critical path event 2,89,7
2004-02-12T00:17:38, Critical path event 3,62,1
2004-02-12T00:26:42, Critical path event 4,31,10
2004-02-12T00:40:44, Critical path event 5,65,3
2004-02-12T00:49:02, Critical path event 6,45,1
2004-02-12T00:58:31, Critical path event 7,3,5
2004-02-12T00:58:26, Misc. noise event 1,65,4
2004-02-12T01:02:22, Critical path event 8,58,7
2004-02-12T01:10:17, Critical path event 9,23,0
2004-02-12T01:17:42, Critical path event 9,89,4
2004-02-12T01:28:22, Critical path event 9,76,9
2004-02-12T01:34:53, Critical path event 9,95,9
2004-02-12T01:42:29, Critical path event 13,70,7
2004-02-12T01:49:56, Critical path event 14,0,0
2004-02-12T01:58:16, Critical path event 15,22,7
2004-02-12T02:07:34, Critical path event 16,10,3
2004-02-12T02:13:01, Misc. noise event 2,32,1
2004-02-12T02:16:38, Critical path event 17,67,7
2004-02-12T02:30:40, Critical path event 18,18,8
2004-02-12T02:38:58, Critical path event 19,43,3
2004-02-12T02:48:27, Critical path event 19,93,8
2004-02-12T02:52:18, Critical path event 19,99,0
2004-02-12T03:00:13, Critical path event 19,39,7
2004-02-12T03:07:38, Critical path event 23,9,8
2004-02-12T03:18:18, Critical path event 24,52,7
2004-02-12T03:24:49, Critical path event 25,79,10
2004-02-12T03:32:25, Critical path event 26,6,10
2004-02-12T03:34:55, Misc. noise event 3,59,0
2004-02-12T03:39:52, Critical path event 27,30,7
2004-02-12T03:48:12, Critical path event 28,58,6
2004-02-12T03:54:51, Misc. noise event 4,74,0
2004-02-12T03:57:30, Critical path event 29,18,4
2004-02-12T04:06:34, Critical path event 29,54,6
2004-02-12T04:19:11, Misc. noise event 5,67,7
2004-02-12T04:20:36, Critical path event 29,80,10
2004-02-12T04:28:54, Critical path event 29,38,4
2004-02-12T04:38:23, Critical path event 33,21,4
2004-02-12T04:42:14, Critical path event 34,39,7
2004-02-12T04:50:09, Critical path event 35,25,0
2004-02-12T04:57:34, Critical path event 36,47,5
2004-02-12T05:08:14, Critical path event 37,21,5
2004-02-12T05:10:38, Misc. noise event 6,48,7
2004-02-12T05:14:45, Critical path event 38,60,6
2004-02-12T05:20:39, Misc. noise event 7,48,1
2004-02-12T05:22:21, Critical path event 39,61,7
2004-02-12T05:26:46, Misc. noise event 8,100,8
2004-02-12T05:29:48, Critical path event 19,44,3
2004-02-12T05:38:08, Critical path event 19,83,6
2004-02-12T05:46:47, Misc. noise event 9,24,1
2004-02-12T05:47:26, Critical path event 19,44,3
2004-02-12T05:56:30, Critical path event 19,8,10
2004-02-12T06:06:06, Misc. noise event 10,84,8
2004-02-12T06:10:32, Critical path event 44,29,2
