--------------------------------------------------
datetime,message,random_int_1,random_int_2
--------------------------------------------------
2004-03-08T00:00, Critical path event 1,1,0
2004-03-08T00:05:50, Misc. noise event 0,24,1
2004-03-08T00:07:13, Critical path event 2,7,8
2004-03-08T00:11:36, Misc. noise event 1,48,2
2004-03-08T00:15:49, Critical path event 3,87,10
2004-03-08T00:25:14, Critical path event 4,8,5
2004-03-08T00:39:30, Critical path event 5,81,10
2004-03-08T00:47:51, Critical path event 6,39,9
2004-03-08T00:57:01, Critical path event 7,84,9
2004-03-08T01:00:42, Critical path event 8,51,0
2004-03-08T01:09:19, Critical path event 9,64,10
2004-03-08T01:17:58, Misc. noise event 2,31,9
2004-03-08T01:18:31, Critical path event 9,70,4
2004-03-08T01:30:23, Critical path event 9,18,6
2004-03-08T01:37:26, Critical path event 9,57,9
2004-03-08T01:45:41, Critical path event 13,37,10
2004-03-08T01:51:30, Misc. noise event 3,49,10
2004-03-08T01:53:54, Critical path event 14,33,6
2004-03-08T02:01:07, Critical path event 15,81,0
2004-03-08T02:04:48, Misc. noise event 4,12,9
2004-03-08T02:09:43, Critical path event 16,72,10
2004-03-08T02:18:16, Misc. noise event 5,8,5
2004-03-08T02:19:08, Critical path event 17,24,9
2004-03-08T02:33:24, Critical path event 18,25,1
2004-03-08T02:41:45, Critical path event 19,29,9
2004-03-08T02:50:39, Misc. noise event 6,48,5
2004-03-08T02:50:55, Critical path event 19,63,5
2004-03-08T02:50:36, Misc. noise event 7,30,3

    ----------------some other thing --------------
    filesize :1024k
    alert-level : FATAL
    description: thing with pid 34345 died because 
        random java stacktrace 
        that is super noisy with numbers and datetimes 
Exception in thread "main" java.lang.NullPointerException
    at AnotherClassLoader.loadClass(test.java:58)
    at test.main(test.java:30)
    at Main.main(Main.java:68)
    -------------------------------------------- 
    2004-03-08T02:54:36, Critical path event 19,90,1
2004-03-08T03:03:13, Critical path event 19,37,9
2004-03-08T03:12:25, Critical path event 23,1,9
2004-03-08T03:24:17, Critical path event 24,95,10
2004-03-08T03:31:20, Critical path event 25,36,4
2004-03-08T03:39:35, Critical path event 26,100,3
2004-03-08T03:47:48, Critical path event 27,10,5
2004-03-08T03:52:58, Misc. noise event 8,59,1
2004-03-08T03:55:01, Critical path event 28,68,5
2004-03-08T04:03:37, Critical path event 29,64,10
2004-03-08T04:13:02, Critical path event 29,6,9
2004-03-08T04:27:18, Critical path event 29,55,9
2004-03-08T04:35:39, Critical path event 29,48,6
2004-03-08T04:44:49, Critical path event 33,96,3
2004-03-08T04:48:30, Critical path event 34,82,8
2004-03-08T04:57:07, Critical path event 35,10,5
2004-03-08T05:06:19, Critical path event 36,11,5
2004-03-08T05:18:11, Critical path event 37,36,8
2004-03-08T05:25:10, Misc. noise event 9,30,3
2004-03-08T05:25:14, Critical path event 38,42,8
2004-03-08T05:33:29, Critical path event 39,32,5
2004-03-08T05:39:42, Misc. noise event 10,78,5
2004-03-08T05:41:42, Critical path event 19,84,4
2004-03-08T05:48:55, Critical path event 19,72,2
2004-03-08T05:57:31, Critical path event 19,90,3
2004-03-08T06:06:56, Critical path event 19,79,10
2004-03-08T06:21:12, Critical path event 44,70,9
