--------------------------------------------------
datetime,message,random_int_1,random_int_2
--------------------------------------------------
2004-12-13T00:00, Critical path event 1,76,2
2004-12-13T00:08:21, Misc. noise event 0,64,5
2004-12-13T00:09:22, Critical path event 2,97,5
2004-12-13T00:17:45, Critical path event 3,52,8
2004-12-13T00:27:07, Critical path event 4,97,5
2004-12-13T00:41:01, Critical path event 5,10,0
2004-12-13T00:48:29, Critical path event 6,65,9
2004-12-13T00:51:52, Misc. noise event 1,54,10
2004-12-13T00:56:45, Critical path event 7,37,5
2004-12-13T01:02:43, Critical path event 8,10,8
2004-12-13T01:10:15, Critical path event 9,33,0
2004-12-13T01:18:27, Critical path event 9,78,0
2004-12-13T01:28:13, Critical path event 9,20,8
2004-12-13T01:36:23, Critical path event 9,69,8
2004-12-13T01:40:23, Misc. noise event 2,100,9
2004-12-13T01:43:05, Critical path event 13,14,1
2004-12-13T01:48:32, Misc. noise event 3,5,6
2004-12-13T01:51:07, Critical path event 14,87,10
2004-12-13T01:55:37, Misc. noise event 4,84,4
2004-12-13T02:00:29, Critical path event 15,79,7
2004-12-13T02:08:52, Critical path event 16,19,7
2004-12-13T02:18:14, Critical path event 17,41,8
2004-12-13T02:32:08, Critical path event 18,12,7
2004-12-13T02:38:41, Misc. noise event 5,85,8
2004-12-13T02:39:36, Critical path event 19,97,3
2004-12-13T02:47:52, Critical path event 19,46,1
2004-12-13T02:53:50, Critical path event 19,91,10
2004-12-13T03:00:15, Misc. noise event 6,63,5

    ----------------some other thing --------------
    filesize :1024k
    alert-level : FATAL
    description: thing with pid 34345 died because 
        random java stacktrace 
        that is super noisy with numbers and datetimes 
Exception in thread "main" java.lang.NullPointerException
    at AnotherClassLoader.loadClass(test.java:58)
    at test.main(test.java:30)
    at Main.main(Main.java:68)
    -------------------------------------------- 
    2004-12-13T03:01:22, Critical path event 19,27,7
2004-12-13T03:09:34, Critical path event 23,28,1
2004-12-13T03:19:20, Critical path event 24,73,2
2004-12-13T03:27:30, Critical path event 25,73,1
2004-12-13T03:34:12, Critical path event 26,27,2
2004-12-13T03:42:14, Critical path event 27,28,4
2004-12-13T03:51:36, Critical path event 28,73,4
2004-12-13T03:59:26, Misc. noise event 7,6,3
2004-12-13T03:59:59, Critical path event 29,21,2
2004-12-13T04:09:21, Critical path event 29,99,6
2004-12-13T04:23:15, Critical path event 29,78,9
2004-12-13T04:30:43, Critical path event 29,51,3
2004-12-13T04:38:59, Critical path event 33,79,8
2004-12-13T04:44:57, Critical path event 34,57,2
2004-12-13T04:49:04, Misc. noise event 8,65,10
2004-12-13T04:52:29, Critical path event 35,40,9
2004-12-13T05:00:41, Critical path event 36,10,9
2004-12-13T05:06:31, Misc. noise event 9,36,2
2004-12-13T05:10:27, Critical path event 37,59,4
2004-12-13T05:18:37, Critical path event 38,96,1
2004-12-13T05:25:19, Critical path event 39,59,2
2004-12-13T05:33:21, Critical path event 19,9,3
2004-12-13T05:42:43, Critical path event 19,39,1
2004-12-13T05:51:06, Critical path event 19,33,7
2004-12-13T06:00:28, Critical path event 19,95,5
2004-12-13T06:12:32, Misc. noise event 10,82,7
2004-12-13T06:14:22, Critical path event 44,63,6
