--------------------------------------------------
datetime,message,random_int_1,random_int_2
--------------------------------------------------
2004-05-10T00:00, Critical path event 1,66,3
2004-05-10T00:08:08, Critical path event 2,85,8
2004-05-10T00:17:22, Critical path event 3,11,6
2004-05-10T00:26:55, Critical path event 4,85,3
2004-05-10T01:00:05, Critical path event 5,54,3
2004-05-10T01:07:27, Misc. noise event 0,57,6
2004-05-10T01:09:25, Critical path event 6,72,0
2004-05-10T01:17:48, Critical path event 7,67,2
2004-05-10T01:29:57, Misc. noise event 1,12,3
2004-05-10T01:33:51, Critical path event 8,100,8
2004-05-10T01:41:53, Critical path event 9,86,6
2004-05-10T02:01:14, Critical path event 9,100,5
2004-05-10T02:14:28, Critical path event 9,10,9
2004-05-10T02:19:20, Misc. noise event 2,99,9
2004-05-10T02:22:26, Critical path event 9,72,2
2004-05-10T02:30:49, Critical path event 13,90,0
2004-05-10T02:39:15, Critical path event 14,39,3
2004-05-10T02:45:12, Misc. noise event 3,49,6
2004-05-10T02:47:23, Critical path event 15,65,2
2004-05-10T02:56:37, Critical path event 16,78,6
2004-05-10T03:04:11, Critical path event 17,6,7
2004-05-10T03:19:18, Critical path event 18,6,9
2004-05-10T03:28:38, Critical path event 19,20,8
2004-05-10T03:32:35, Misc. noise event 4,20,4
2004-05-10T03:37:01, Critical path event 19,62,9
2004-05-10T03:42:49, Critical path event 19,11,10
2004-05-10T04:04:55, Critical path event 19,96,4
2004-05-10T04:13:17, Critical path event 23,31,6

    ----------------some other thing --------------
    filesize :1024k
    alert-level : FATAL
    description: thing with pid 34345 died because 
        random java stacktrace 
        that is super noisy with numbers and datetimes 
Exception in thread "main" java.lang.NullPointerException
    at AnotherClassLoader.loadClass(test.java:58)
    at test.main(test.java:30)
    at Main.main(Main.java:68)
    -------------------------------------------- 
    2004-05-10T04:24:27, Critical path event 24,77,0
2004-05-10T04:32:25, Critical path event 25,82,3
2004-05-10T04:44:30, Misc. noise event 5,97,4
2004-05-10T04:48:59, Critical path event 26,39,4
2004-05-10T04:53:31, Misc. noise event 6,63,9
2004-05-10T04:57:25, Critical path event 27,16,8
2004-05-10T05:05:33, Critical path event 28,30,10
2004-05-10T05:14:47, Critical path event 29,84,1
2004-05-10T05:24:24, Critical path event 29,40,9
2004-05-10T05:36:59, Misc. noise event 7,33,4
2004-05-10T05:39:31, Critical path event 29,12,1
2004-05-10T05:48:51, Critical path event 29,75,7
2004-05-10T05:59:24, Misc. noise event 8,2,4
2004-05-10T06:00:37, Critical path event 33,49,1
2004-05-10T06:06:25, Critical path event 34,21,2
2004-05-10T06:14:27, Critical path event 35,76,1
2004-05-10T06:22:49, Critical path event 36,95,10
2004-05-10T06:33:59, Critical path event 37,34,4
2004-05-10T06:41:57, Critical path event 38,42,5
2004-05-10T06:58:57, Critical path event 39,54,6
2004-05-10T07:07:23, Critical path event 19,21,8
2004-05-10T07:15:31, Critical path event 19,66,10
2004-05-10T07:20:44, Misc. noise event 9,57,9
2004-05-10T07:24:45, Critical path event 19,95,7
2004-05-10T07:27:23, Misc. noise event 10,82,2
2004-05-10T07:32:19, Critical path event 19,96,9
2004-05-10T07:47:26, Critical path event 44,32,1
