--------------------------------------------------
datetime,message,random_int_1,random_int_2
--------------------------------------------------
2004-08-09T00:00, Critical path event 1,1,2
2004-08-09T00:08:19, Critical path event 2,79,4
2004-08-09T00:12:42, Misc. noise event 0,85,5
2004-08-09T00:16:34, Critical path event 3,75,6
2004-08-09T00:25:21, Critical path event 4,100,6
2004-08-09T00:40:15, Critical path event 5,55,0
2004-08-09T00:47:54, Critical path event 6,17,8
2004-08-09T00:56:19, Critical path event 7,86,4
2004-08-09T01:01:30, Critical path event 8,98,5
2004-08-09T01:09:22, Critical path event 9,86,1
2004-08-09T01:16:52, Misc. noise event 1,71,8
2004-08-09T01:18:40, Critical path event 9,0,10
2004-08-09T01:28:27, Critical path event 9,68,2
2004-08-09T01:36:18, Critical path event 9,43,4
2004-08-09T01:44:28, Critical path event 13,72,5
2004-08-09T01:52:50, Critical path event 14,48,3
2004-08-09T01:59:44, Misc. noise event 2,90,2
2004-08-09T02:01:09, Critical path event 15,77,5
2004-08-09T02:09:24, Critical path event 16,52,9
2004-08-09T02:18:11, Critical path event 17,68,5
2004-08-09T02:29:26, Misc. noise event 3,28,7
2004-08-09T02:33:05, Critical path event 18,37,0
2004-08-09T02:40:44, Critical path event 19,56,6
2004-08-09T02:46:37, Misc. noise event 4,42,10
2004-08-09T02:49:09, Critical path event 19,15,4
2004-08-09T02:54:20, Critical path event 19,67,9
2004-08-09T03:02:03, Misc. noise event 5,97,8
2004-08-09T03:02:12, Critical path event 19,56,4

    ----------------some other thing --------------
    filesize :1024k
    alert-level : FATAL
    description: thing with pid 34345 died because 
        random java stacktrace 
        that is super noisy with numbers and datetimes 
Exception in thread "main" java.lang.NullPointerException
    at AnotherClassLoader.loadClass(test.java:58)
    at test.main(test.java:30)
    at Main.main(Main.java:68)
    -------------------------------------------- 
    2004-08-09T03:11:30, Critical path event 23,58,1
2004-08-09T03:16:58, Misc. noise event 6,82,10
2004-08-09T03:21:17, Critical path event 24,68,2
2004-08-09T03:29:08, Critical path event 25,21,5
2004-08-09T03:37:18, Critical path event 26,90,0
2004-08-09T03:45:40, Critical path event 27,10,7
2004-08-09T03:53:59, Critical path event 28,19,8
2004-08-09T03:58:07, Misc. noise event 7,87,9
2004-08-09T04:02:14, Critical path event 29,28,9
2004-08-09T04:11:01, Critical path event 29,78,5
2004-08-09T04:20:57, Misc. noise event 8,81,3
2004-08-09T04:25:55, Critical path event 29,1,1
2004-08-09T04:33:34, Critical path event 29,98,7
2004-08-09T04:41:59, Critical path event 33,85,3
2004-08-09T04:44:42, Misc. noise event 9,93,10
2004-08-09T04:47:10, Critical path event 34,58,4
2004-08-09T04:55:02, Critical path event 35,82,4
2004-08-09T05:04:20, Critical path event 36,47,4
2004-08-09T05:14:07, Critical path event 37,44,1
2004-08-09T05:21:58, Critical path event 38,22,10
2004-08-09T05:30:08, Critical path event 39,33,5
2004-08-09T05:38:30, Critical path event 19,48,6
2004-08-09T05:46:49, Critical path event 19,12,1
2004-08-09T05:55:04, Critical path event 19,79,8
2004-08-09T06:03:51, Critical path event 19,38,9
2004-08-09T06:14:49, Misc. noise event 10,95,9
2004-08-09T06:18:45, Critical path event 44,30,2
