--------------------------------------------------
datetime,message,random_int_1,random_int_2
--------------------------------------------------
2004-01-05T00:00, Critical path event 1,0,10
2004-01-05T00:07:37, Critical path event 2,76,2
2004-01-05T00:12:44, Misc. noise event 0,57,5
2004-01-05T00:15:13, Critical path event 3,70,4
2004-01-05T00:23:05, Critical path event 4,83,1
2004-01-05T00:37:51, Critical path event 5,13,8
2004-01-05T00:44:15, Misc. noise event 1,43,8
2004-01-05T00:47:01, Critical path event 6,84,2
2004-01-05T00:52:07, Misc. noise event 2,17,8
2004-01-05T00:56:27, Critical path event 7,0,6
2004-01-05T00:57:27, Misc. noise event 3,71,0
2004-01-05T01:01:15, Critical path event 8,82,10
2004-01-05T01:08:53, Critical path event 9,81,10
2004-01-05T01:13:29, Misc. noise event 4,27,1
2004-01-05T01:16:33, Critical path event 9,83,1
2004-01-05T01:27:24, Critical path event 9,62,9
2004-01-05T01:35:09, Critical path event 9,44,8
2004-01-05T01:41:58, Critical path event 13,10,6
2004-01-05T01:51:04, Critical path event 14,56,6
2004-01-05T01:58:41, Critical path event 15,10,9
2004-01-05T02:06:17, Critical path event 16,69,10
2004-01-05T02:13:22, Misc. noise event 5,98,10
2004-01-05T02:14:09, Critical path event 17,53,0
2004-01-05T02:28:55, Critical path event 18,80,5
2004-01-05T02:38:05, Critical path event 19,95,4
2004-01-05T02:47:31, Critical path event 19,79,2
2004-01-05T02:50:54, Misc. noise event 6,87,8
2004-01-05T02:52:19, Critical path event 19,60,3

    ----------------some other thing --------------
    filesize :1024k
    alert-level : FATAL
    description: thing with pid 34345 died because 
        random java stacktrace 
        that is super noisy with numbers and datetimes 
Exception in thread "main" java.lang.NullPointerException
    at AnotherClassLoader.loadClass(test.java:58)
    at test.main(test.java:30)
    at Main.main(Main.java:68)
    -------------------------------------------- 
    2004-01-05T02:59:57, Critical path event 19,0,0
2004-01-05T03:07:37, Critical path event 23,83,8
2004-01-05T03:18:28, Critical path event 24,13,10
2004-01-05T03:23:46, Misc. noise event 7,84,3
2004-01-05T03:26:13, Critical path event 25,30,10
2004-01-05T03:33:02, Critical path event 26,3,3
2004-01-05T03:42:08, Critical path event 27,61,0
2004-01-05T03:46:08, Misc. noise event 8,46,3
2004-01-05T03:49:45, Critical path event 28,57,5
2004-01-05T03:57:21, Critical path event 29,72,3
2004-01-05T04:03:25, Misc. noise event 9,94,1
2004-01-05T04:05:13, Critical path event 29,21,0
2004-01-05T04:19:59, Critical path event 29,35,6
2004-01-05T04:29:09, Critical path event 29,63,6
2004-01-05T04:38:35, Critical path event 33,22,1
2004-01-05T04:43:23, Critical path event 34,50,7
2004-01-05T04:51:01, Critical path event 35,79,1
2004-01-05T04:58:41, Critical path event 36,63,6
2004-01-05T05:04:50, Misc. noise event 10,64,2
2004-01-05T05:09:32, Critical path event 37,14,6
2004-01-05T05:17:17, Critical path event 38,61,7
2004-01-05T05:24:06, Critical path event 39,3,2
2004-01-05T05:33:12, Critical path event 19,6,5
2004-01-05T05:40:49, Critical path event 19,12,0
2004-01-05T05:48:25, Critical path event 19,14,10
2004-01-05T05:56:17, Critical path event 19,13,8
2004-01-05T06:11:03, Critical path event 44,99,9
