--------------------------------------------------
datetime,message,random_int_1,random_int_2
--------------------------------------------------
2004-05-10T23:55:27, Misc. noise event 0,37,8
2004-05-11T00:00, Critical path event 1,52,10
2004-05-11T00:08:38, Critical path event 2,94,8
2004-05-11T00:13:58, Misc. noise event 1,8,7
2004-05-11T00:16:07, Critical path event 3,76,10
2004-05-11T00:21:47, Misc. noise event 2,96,9
2004-05-11T00:25:00, Critical path event 4,79,5
2004-05-11T00:38:59, Critical path event 5,65,9
2004-05-11T00:48:06, Critical path event 6,98,1
2004-05-11T00:56:23, Critical path event 7,74,4
2004-05-11T01:00:00, Critical path event 8,67,9
2004-05-11T01:07:20, Critical path event 9,93,3
2004-05-11T01:14:37, Critical path event 9,5,8
2004-05-11T01:25:00, Critical path event 9,33,10
2004-05-11T01:32:50, Critical path event 9,13,2
2004-05-11T01:40:06, Critical path event 13,86,9
2004-05-11T01:48:50, Critical path event 14,26,9
2004-05-11T01:57:28, Critical path event 15,35,10
2004-05-11T02:04:57, Critical path event 16,98,4
2004-05-11T02:09:52, Misc. noise event 3,3,3
2004-05-11T02:13:50, Critical path event 17,76,2
2004-05-11T02:27:49, Critical path event 18,47,7
2004-05-11T02:36:56, Critical path event 19,40,9
2004-05-11T02:45:13, Critical path event 19,47,10
2004-05-11T02:48:50, Critical path event 19,4,3
2004-05-11T02:56:10, Critical path event 19,68,4
2004-05-11T03:00:32, Misc. noise event 4,58,9
2004-05-11T03:03:27, Critical path event 23,90,2
2004-05-11T03:13:50, Critical path event 24,71,4
2004-05-11T03:21:40, Critical path event 25,51,8
2004-05-11T03:28:56, Critical path event 26,48,9
2004-05-11T03:37:40, Critical path event 27,12,0
2004-05-11T03:44:59, Misc. noise event 5,73,7
2004-05-11T03:46:18, Critical path event 28,57,4
2004-05-11T03:48:49, Misc. noise event 6,90,6
2004-05-11T03:53:47, Critical path event 29,50,10
2004-05-11T04:02:40, Critical path event 29,89,7
2004-05-11T04:16:39, Critical path event 29,82,0
2004-05-11T04:25:46, Critical path event 29,93,2
2004-05-11T04:34:03, Critical path event 33,87,7
2004-05-11T04:37:40, Critical path event 34,10,4
2004-05-11T04:45:00, Critical path event 35,84,4
2004-05-11T04:52:17, Critical path event 36,53,1
2004-05-11T05:01:15, Misc. noise event 7,73,7
2004-05-11T05:02:40, Critical path event 37,37,3
2004-05-11T05:10:30, Critical path event 38,83,8
2004-05-11T05:17:46, Critical path event 39,78,0
2004-05-11T05:22:35, Misc. noise event 8,73,4
2004-05-11T05:26:30, Critical path event 19,18,2
2004-05-11T05:35:08, Critical path event 19,46,7
2004-05-11T05:39:32, Misc. noise event 9,33,8
2004-05-11T05:42:37, Critical path event 19,21,10
2004-05-11T05:51:30, Critical path event 19,26,6
2004-05-11T06:03:00, Misc. noise event 10,21,4
2004-05-11T06:05:29, Critical path event 44,31,0
