--------------------------------------------------
datetime,message,random_int_1,random_int_2
--------------------------------------------------
2004-04-10T23:59:41, Misc. noise event 0,2,9
2004-04-11T00:00, Critical path event 1,100,1
2004-04-11T00:07:53, Critical path event 2,68,1
2004-04-11T00:14:12, Critical path event 3,34,7
2004-04-11T00:20:29, Critical path event 4,79,4
2004-04-11T00:31:24, Misc. noise event 1,50,2
2004-04-11T00:33:27, Critical path event 5,80,4
2004-04-11T00:39:39, Critical path event 6,47,7
2004-04-11T00:46:17, Critical path event 7,34,8
2004-04-11T00:49:37, Critical path event 8,68,10
2004-04-11T00:55:43, Critical path event 9,15,10
2004-04-11T01:02:13, Critical path event 9,33,1
2004-04-11T01:11:58, Critical path event 9,37,2
2004-04-11T01:17:51, Critical path event 9,88,5
2004-04-11T01:23:17, Critical path event 13,63,9
2004-04-11T01:25:25, Misc. noise event 2,65,6
2004-04-11T01:30:18, Critical path event 14,67,4
2004-04-11T01:38:11, Critical path event 15,6,10
2004-04-11T01:44:30, Critical path event 16,97,6
2004-04-11T01:50:47, Critical path event 17,86,9
2004-04-11T02:03:45, Critical path event 18,13,8
2004-04-11T02:09:57, Critical path event 19,94,3
2004-04-11T02:16:35, Critical path event 19,2,5
2004-04-11T02:19:55, Critical path event 19,31,5
2004-04-11T02:26:01, Critical path event 19,49,0
2004-04-11T02:27:32, Misc. noise event 3,97,1
2004-04-11T02:32:31, Critical path event 23,49,8
2004-04-11T02:42:16, Critical path event 24,20,8
2004-04-11T02:48:09, Critical path event 25,85,4
2004-04-11T02:53:35, Critical path event 26,78,1
2004-04-11T02:59:12, Misc. noise event 4,71,7
2004-04-11T03:00:36, Critical path event 27,33,5
2004-04-11T03:08:29, Critical path event 28,63,4
2004-04-11T03:14:48, Critical path event 29,100,2
2004-04-11T03:16:21, Misc. noise event 5,48,3
2004-04-11T03:21:05, Critical path event 29,71,2
2004-04-11T03:34:03, Critical path event 29,57,5
2004-04-11T03:40:15, Critical path event 29,16,6
2004-04-11T03:46:53, Critical path event 33,69,7
2004-04-11T03:50:13, Critical path event 34,49,2
2004-04-11T03:56:19, Critical path event 35,18,4
2004-04-11T04:02:49, Critical path event 36,32,9
2004-04-11T04:07:46, Misc. noise event 6,57,6
2004-04-11T04:12:34, Critical path event 37,37,6
2004-04-11T04:17:05, Misc. noise event 7,87,7
2004-04-11T04:18:27, Critical path event 38,44,10
2004-04-11T04:23:53, Critical path event 39,28,0
2004-04-11T04:26:29, Misc. noise event 8,64,5
2004-04-11T04:30:54, Critical path event 19,26,4
2004-04-11T04:38:47, Critical path event 19,14,1
2004-04-11T04:45:06, Critical path event 19,57,4
2004-04-11T04:47:08, Misc. noise event 9,6,0
2004-04-11T04:51:23, Critical path event 19,75,3
2004-04-11T05:02:20, Misc. noise event 10,21,7
2004-04-11T05:04:21, Critical path event 44,99,10
