--------------------------------------------------
datetime,message,random_int_1,random_int_2
--------------------------------------------------
2004-05-03T00:00, Critical path event 1,47,0
2004-05-03T00:07:50, Critical path event 2,90,4
2004-05-03T00:11:47, Misc. noise event 0,6,0
2004-05-03T00:15:08, Critical path event 3,33,3
2004-05-03T00:22:28, Critical path event 4,35,5
2004-05-03T00:33:18, Misc. noise event 1,23,4
2004-05-03T00:36:55, Critical path event 5,62,3
2004-05-03T00:45:50, Critical path event 6,5,5
2004-05-03T00:53:53, Critical path event 7,50,8
2004-05-03T00:59:46, Critical path event 8,41,1
2004-05-03T01:07:27, Critical path event 9,5,3
2004-05-03T01:16:05, Critical path event 9,47,6
2004-05-03T01:25:51, Critical path event 9,60,3
2004-05-03T01:37:36, Critical path event 9,35,3
2004-05-03T01:45:56, Critical path event 13,81,8
2004-05-03T01:54:12, Critical path event 14,26,0
2004-05-03T02:02:02, Critical path event 15,41,4
2004-05-03T02:07:09, Misc. noise event 2,6,8
2004-05-03T02:09:20, Critical path event 16,31,1
2004-05-03T02:13:00, Misc. noise event 3,76,10
2004-05-03T02:16:40, Critical path event 17,6,3
2004-05-03T02:31:07, Critical path event 18,89,3
2004-05-03T02:52:05, Critical path event 19,54,4
2004-05-03T02:57:19, Misc. noise event 4,46,5
2004-05-03T03:00:08, Critical path event 19,99,1
2004-05-03T03:17:25, Critical path event 19,19,5
2004-05-03T03:25:06, Critical path event 19,13,3
2004-05-03T03:33:44, Critical path event 23,85,5

    ----------------some other thing --------------
    filesize :1024k
    alert-level : FATAL
    description: thing with pid 34345 died because 
        random java stacktrace 
        that is super noisy with numbers and datetimes 
Exception in thread "main" java.lang.NullPointerException
    at AnotherClassLoader.loadClass(test.java:58)
    at test.main(test.java:30)
    at Main.main(Main.java:68)
    -------------------------------------------- 
    2004-05-03T03:43:30, Critical path event 24,74,3
2004-05-03T03:51:21, Critical path event 25,58,1
2004-05-03T03:57:26, Misc. noise event 5,57,10
2004-05-03T03:59:41, Critical path event 26,25,10
2004-05-03T04:07:57, Critical path event 27,87,1
2004-05-03T04:14:02, Misc. noise event 6,35,8
2004-05-03T04:15:47, Critical path event 28,31,8
2004-05-03T04:23:05, Critical path event 29,50,8
2004-05-03T04:30:25, Critical path event 29,7,1
2004-05-03T04:44:52, Critical path event 29,95,6
2004-05-03T04:53:47, Critical path event 29,36,9
2004-05-03T05:01:50, Critical path event 33,66,8
2004-05-03T05:07:43, Critical path event 34,63,1
2004-05-03T05:14:14, Misc. noise event 7,0,2
2004-05-03T05:15:24, Critical path event 35,56,0
2004-05-03T05:24:50, Critical path event 36,15,10
2004-05-03T05:32:05, Misc. noise event 8,27,3
2004-05-03T05:34:36, Critical path event 37,31,2
2004-05-03T05:42:27, Critical path event 38,100,8
2004-05-03T06:06:34, Critical path event 39,83,1
2004-05-03T06:17:27, Critical path event 19,72,5
2004-05-03T06:20:47, Misc. noise event 9,53,9
2004-05-03T06:25:17, Critical path event 19,72,10
2004-05-03T06:32:35, Critical path event 19,71,4
2004-05-03T06:39:55, Critical path event 19,20,7
2004-05-03T06:51:12, Misc. noise event 10,96,9
2004-05-03T06:54:22, Critical path event 44,71,7
