--------------------------------------------------
datetime,message,random_int_1,random_int_2
--------------------------------------------------
2004-08-01T23:58:08, Misc. noise event 0,6,4
2004-08-02T00:00, Critical path event 1,81,7
2004-08-02T00:06:24, Misc. noise event 1,5,2
2004-08-02T00:07:58, Critical path event 2,52,3
2004-08-02T00:16:20, Critical path event 3,75,7
2004-08-02T00:23:54, Critical path event 4,18,7
2004-08-02T00:38:14, Critical path event 5,97,8
2004-08-02T00:47:18, Critical path event 6,70,4
2004-08-02T00:56:06, Critical path event 7,57,6
2004-08-02T01:00:44, Critical path event 8,98,8
2004-08-02T01:08:29, Critical path event 9,36,1
2004-08-02T01:17:54, Critical path event 9,52,1
2004-08-02T01:24:11, Misc. noise event 2,72,2
2004-08-02T01:29:05, Critical path event 9,18,0
2004-08-02T01:37:22, Critical path event 9,81,1
2004-08-02T01:45:27, Critical path event 13,29,2
2004-08-02T01:48:44, Misc. noise event 3,27,10
2004-08-02T01:53:30, Critical path event 14,39,6
2004-08-02T01:57:38, Misc. noise event 4,31,6
2004-08-02T02:01:28, Critical path event 15,95,8
2004-08-02T02:09:50, Critical path event 16,41,8
2004-08-02T02:17:24, Critical path event 17,37,0
2004-08-02T02:31:44, Critical path event 18,62,10
2004-08-02T02:40:48, Critical path event 19,37,6
2004-08-02T02:49:36, Critical path event 19,13,1
2004-08-02T02:54:14, Critical path event 19,74,1
2004-08-02T03:01:59, Critical path event 19,44,2
2004-08-02T03:11:24, Critical path event 23,84,4

    ----------------some other thing --------------
    filesize :1024k
    alert-level : FATAL
    description: thing with pid 34345 died because 
        random java stacktrace 
        that is super noisy with numbers and datetimes 
Exception in thread "main" java.lang.NullPointerException
    at AnotherClassLoader.loadClass(test.java:58)
    at test.main(test.java:30)
    at Main.main(Main.java:68)
    -------------------------------------------- 
    2004-08-02T03:22:35, Critical path event 24,24,8
2004-08-02T03:30:52, Critical path event 25,88,10
2004-08-02T03:38:57, Critical path event 26,91,7
2004-08-02T03:47:00, Critical path event 27,9,4
2004-08-02T03:54:58, Critical path event 28,90,8
2004-08-02T04:01:22, Misc. noise event 5,26,9
2004-08-02T04:03:20, Critical path event 29,95,3
2004-08-02T04:10:54, Critical path event 29,24,2
2004-08-02T04:21:06, Misc. noise event 6,39,8
2004-08-02T04:25:14, Critical path event 29,76,2
2004-08-02T04:34:18, Critical path event 29,33,10
2004-08-02T04:43:06, Critical path event 33,15,9
2004-08-02T04:47:44, Critical path event 34,87,0
2004-08-02T04:52:46, Misc. noise event 7,67,6
2004-08-02T04:55:29, Critical path event 35,3,6
2004-08-02T05:04:54, Critical path event 36,71,0
2004-08-02T05:16:05, Critical path event 37,48,4
2004-08-02T05:24:22, Critical path event 38,14,6
2004-08-02T05:32:27, Critical path event 39,43,9
2004-08-02T05:36:32, Misc. noise event 8,50,6
2004-08-02T05:40:30, Critical path event 19,67,10
2004-08-02T05:48:28, Critical path event 19,49,8
2004-08-02T05:56:21, Misc. noise event 9,50,4
2004-08-02T05:56:50, Critical path event 19,81,8
2004-08-02T06:04:24, Critical path event 19,63,4
2004-08-02T06:15:26, Misc. noise event 10,56,8
2004-08-02T06:18:44, Critical path event 44,24,3
