--------------------------------------------------
datetime,message,random_int_1,random_int_2
--------------------------------------------------
2004-08-16T00:00, Critical path event 1,83,7
2004-08-16T00:22:59, Critical path event 2,28,1
2004-08-16T00:31:58, Critical path event 3,61,5
2004-08-16T00:54:19, Critical path event 4,2,1
2004-08-16T01:09:50, Critical path event 5,99,3
2004-08-16T01:17:48, Critical path event 6,68,5
2004-08-16T01:25:29, Critical path event 7,48,8
2004-08-16T01:29:14, Critical path event 8,60,8
2004-08-16T01:37:39, Critical path event 9,31,2
2004-08-16T01:44:57, Critical path event 9,13,8
2004-08-16T01:53:31, Misc. noise event 0,24,0
2004-08-16T01:55:10, Critical path event 9,46,10
2004-08-16T02:07:23, Critical path event 9,48,8
2004-08-16T02:13:43, Critical path event 13,93,3
2004-08-16T02:41:43, Critical path event 14,55,6
2004-08-16T02:50:00, Critical path event 15,74,3
2004-08-16T02:58:59, Critical path event 16,66,5
2004-08-16T03:07:35, Critical path event 17,23,5
2004-08-16T03:22:41, Misc. noise event 1,72,3
2004-08-16T03:23:06, Critical path event 18,82,7
2004-08-16T03:31:04, Critical path event 19,84,10
2004-08-16T03:38:45, Critical path event 19,78,8
2004-08-16T03:42:30, Critical path event 19,32,1
2004-08-16T03:54:40, Critical path event 19,19,3
2004-08-16T04:13:30, Critical path event 23,94,0
2004-08-16T04:19:26, Misc. noise event 2,69,2
2004-08-16T04:23:43, Critical path event 24,24,7
2004-08-16T04:31:33, Critical path event 25,77,8

    ----------------some other thing --------------
    filesize :1024k
    alert-level : FATAL
    description: thing with pid 34345 died because 
        random java stacktrace 
        that is super noisy with numbers and datetimes 
Exception in thread "main" java.lang.NullPointerException
    at AnotherClassLoader.loadClass(test.java:58)
    at test.main(test.java:30)
    at Main.main(Main.java:68)
    -------------------------------------------- 
    2004-08-16T04:37:12, Misc. noise event 3,83,2
2004-08-16T04:37:53, Critical path event 26,61,3
2004-08-16T04:47:22, Critical path event 27,44,4
2004-08-16T04:55:39, Critical path event 28,21,7
2004-08-16T05:10:50, Critical path event 29,75,6
2004-08-16T05:34:56, Critical path event 29,12,2
2004-08-16T05:49:39, Misc. noise event 4,58,2
2004-08-16T05:50:27, Critical path event 29,2,3
2004-08-16T05:58:19, Misc. noise event 5,78,3
2004-08-16T05:58:25, Critical path event 29,50,5
2004-08-16T06:06:06, Critical path event 33,68,8
2004-08-16T06:09:51, Critical path event 34,97,6
2004-08-16T06:14:49, Misc. noise event 6,53,8
2004-08-16T06:18:16, Critical path event 35,66,5
2004-08-16T06:25:34, Critical path event 36,3,8
2004-08-16T06:33:11, Misc. noise event 7,95,9
2004-08-16T06:35:47, Critical path event 37,0,0
2004-08-16T06:43:37, Critical path event 38,8,0
2004-08-16T06:48:30, Misc. noise event 8,56,5
2004-08-16T06:49:57, Critical path event 39,89,7
2004-08-16T06:59:26, Critical path event 19,69,8
2004-08-16T07:07:43, Critical path event 19,76,4
2004-08-16T07:16:42, Critical path event 19,64,9
2004-08-16T07:22:31, Misc. noise event 9,98,6
2004-08-16T07:25:18, Critical path event 19,37,6
2004-08-16T07:52:11, Misc. noise event 10,83,4
2004-08-16T07:52:16, Critical path event 44,25,7
