--------------------------------------------------
datetime,message,random_int_1,random_int_2
--------------------------------------------------
2004-02-09T00:00, Critical path event 1,99,1
2004-02-09T00:08:31, Critical path event 2,13,3
2004-02-09T00:17:11, Critical path event 3,20,8
2004-02-09T00:24:54, Critical path event 4,29,1
2004-02-09T00:39:03, Critical path event 5,7,6
2004-02-09T00:46:52, Critical path event 6,9,2
2004-02-09T00:49:57, Misc. noise event 0,26,7
2004-02-09T00:54:51, Critical path event 7,50,5
2004-02-09T00:56:35, Misc. noise event 1,75,10
2004-02-09T00:59:09, Critical path event 8,94,10
2004-02-09T01:08:20, Critical path event 9,34,2
2004-02-09T01:15:49, Critical path event 9,90,5
2004-02-09T01:26:22, Critical path event 9,91,6
2004-02-09T01:32:36, Critical path event 9,0,4
2004-02-09T01:40:59, Critical path event 13,68,3
2004-02-09T01:49:26, Critical path event 14,95,2
2004-02-09T01:57:57, Critical path event 15,52,4
2004-02-09T02:04:00, Misc. noise event 2,86,5
2004-02-09T02:06:37, Critical path event 16,52,5
2004-02-09T02:14:20, Critical path event 17,66,4
2004-02-09T02:28:29, Critical path event 18,80,1
2004-02-09T02:36:18, Critical path event 19,4,4
2004-02-09T02:44:17, Critical path event 19,41,2
2004-02-09T02:48:35, Critical path event 19,22,0
2004-02-09T02:57:46, Critical path event 19,51,7
2004-02-09T03:05:15, Critical path event 23,8,0
2004-02-09T03:15:48, Critical path event 24,84,9
2004-02-09T03:22:02, Critical path event 25,15,4

    ----------------some other thing --------------
    filesize :1024k
    alert-level : FATAL
    description: thing with pid 34345 died because 
        random java stacktrace 
        that is super noisy with numbers and datetimes 
Exception in thread "main" java.lang.NullPointerException
    at AnotherClassLoader.loadClass(test.java:58)
    at test.main(test.java:30)
    at Main.main(Main.java:68)
    -------------------------------------------- 
    2004-02-09T03:30:25, Critical path event 26,82,6
2004-02-09T03:34:14, Misc. noise event 3,75,4
2004-02-09T03:38:52, Critical path event 27,56,10
2004-02-09T03:44:15, Misc. noise event 4,68,1
2004-02-09T03:47:23, Critical path event 28,63,10
2004-02-09T03:56:03, Critical path event 29,71,6
2004-02-09T04:03:46, Critical path event 29,39,2
2004-02-09T04:17:55, Critical path event 29,42,7
2004-02-09T04:21:47, Misc. noise event 5,100,10
2004-02-09T04:25:44, Critical path event 29,49,5
2004-02-09T04:29:11, Misc. noise event 6,2,1
2004-02-09T04:33:43, Critical path event 33,46,9
2004-02-09T04:38:01, Critical path event 34,46,9
2004-02-09T04:44:46, Misc. noise event 7,91,9
2004-02-09T04:47:12, Critical path event 35,47,10
2004-02-09T04:54:41, Critical path event 36,15,3
2004-02-09T05:05:14, Critical path event 37,18,0
2004-02-09T05:11:28, Critical path event 38,94,0
2004-02-09T05:19:51, Critical path event 39,43,4
2004-02-09T05:28:18, Critical path event 19,46,7
2004-02-09T05:33:18, Misc. noise event 8,27,1
2004-02-09T05:36:49, Critical path event 19,82,6
2004-02-09T05:42:50, Misc. noise event 9,96,0
2004-02-09T05:45:29, Critical path event 19,81,6
2004-02-09T05:53:12, Critical path event 19,62,6
2004-02-09T06:02:26, Misc. noise event 10,0,10
2004-02-09T06:07:21, Critical path event 44,28,1
