--------------------------------------------------
datetime,message,random_int_1,random_int_2
--------------------------------------------------
2004-11-29T00:00, Critical path event 1,53,0
2004-11-29T00:07:18, Critical path event 2,11,8
2004-11-29T00:16:50, Critical path event 3,35,5
2004-11-29T00:24:47, Critical path event 4,55,4
2004-11-29T00:39:44, Critical path event 5,86,7
2004-11-29T00:47:47, Critical path event 6,81,8
2004-11-29T00:55:44, Critical path event 7,98,7
2004-11-29T00:59:44, Critical path event 8,30,3
2004-11-29T01:08:29, Critical path event 9,29,6
2004-11-29T01:17:49, Critical path event 9,27,2
2004-11-29T01:28:26, Critical path event 9,32,6
2004-11-29T01:36:20, Critical path event 9,48,7
2004-11-29T01:44:39, Critical path event 13,70,9
2004-11-29T01:49:44, Misc. noise event 0,31,0
2004-11-29T01:53:49, Critical path event 14,45,0
2004-11-29T02:01:07, Critical path event 15,9,4
2004-11-29T02:10:39, Critical path event 16,38,10
2004-11-29T02:18:36, Critical path event 17,22,2
2004-11-29T02:33:33, Critical path event 18,93,4
2004-11-29T02:41:36, Critical path event 19,10,1
2004-11-29T02:48:00, Misc. noise event 1,16,3
2004-11-29T02:49:33, Critical path event 19,79,1
2004-11-29T02:53:33, Critical path event 19,77,0
2004-11-29T03:02:18, Critical path event 19,13,10
2004-11-29T03:11:38, Critical path event 23,49,8
2004-11-29T03:21:08, Misc. noise event 2,38,10
2004-11-29T03:22:15, Critical path event 24,86,9
2004-11-29T03:30:09, Critical path event 25,8,0

    ----------------some other thing --------------
    filesize :1024k
    alert-level : FATAL
    description: thing with pid 34345 died because 
        random java stacktrace 
        that is super noisy with numbers and datetimes 
Exception in thread "main" java.lang.NullPointerException
    at AnotherClassLoader.loadClass(test.java:58)
    at test.main(test.java:30)
    at Main.main(Main.java:68)
    -------------------------------------------- 
    2004-11-29T03:38:28, Critical path event 26,96,10
2004-11-29T03:46:08, Misc. noise event 3,53,5
2004-11-29T03:47:38, Critical path event 27,90,6
2004-11-29T03:54:56, Critical path event 28,21,2
2004-11-29T04:00:48, Misc. noise event 4,65,0
2004-11-29T04:04:28, Critical path event 29,28,9
2004-11-29T04:12:25, Critical path event 29,24,6
2004-11-29T04:27:22, Critical path event 29,8,3
2004-11-29T04:35:25, Critical path event 29,93,3
2004-11-29T04:43:22, Critical path event 33,84,0
2004-11-29T04:42:39, Misc. noise event 5,56,10
2004-11-29T04:47:22, Critical path event 34,96,4
2004-11-29T04:56:07, Critical path event 35,8,8
2004-11-29T05:05:27, Critical path event 36,0,0
2004-11-29T05:14:16, Misc. noise event 6,56,3
2004-11-29T05:16:04, Critical path event 37,48,5
2004-11-29T05:23:58, Critical path event 38,17,2
2004-11-29T05:32:17, Critical path event 39,73,2
2004-11-29T05:38:40, Misc. noise event 7,88,9
2004-11-29T05:41:27, Critical path event 19,41,7
2004-11-29T05:48:45, Critical path event 19,24,7
2004-11-29T05:56:35, Misc. noise event 8,24,7
2004-11-29T05:58:17, Critical path event 19,52,8
2004-11-29T06:03:35, Misc. noise event 9,66,4
2004-11-29T06:06:14, Critical path event 19,22,7
2004-11-29T06:19:01, Misc. noise event 10,18,10
2004-11-29T06:21:11, Critical path event 44,36,1
