--------------------------------------------------
datetime,message,random_int_1,random_int_2
--------------------------------------------------
2004-05-17T00:00, Critical path event 1,73,6
2004-05-17T00:08:15, Critical path event 2,21,5
2004-05-17T00:16:22, Critical path event 3,79,7
2004-05-17T00:24:53, Critical path event 4,65,7
2004-05-17T00:39:25, Critical path event 5,87,4
2004-05-17T00:47:35, Critical path event 6,22,4
2004-05-17T00:55:51, Critical path event 7,27,9
2004-05-17T00:55:37, Misc. noise event 0,54,3
2004-05-17T00:59:35, Critical path event 8,39,8
2004-05-17T01:03:15, Misc. noise event 1,0,7
2004-05-17T01:06:51, Critical path event 9,76,9
2004-05-17T01:15:51, Critical path event 9,96,1
2004-05-17T01:27:22, Critical path event 9,85,6
2004-05-17T01:30:43, Misc. noise event 2,10,7
2004-05-17T01:33:49, Critical path event 9,34,4
2004-05-17T01:35:14, Misc. noise event 3,75,3
2004-05-17T01:40:11, Critical path event 13,15,7
2004-05-17T01:47:31, Critical path event 14,26,6
2004-05-17T01:55:46, Critical path event 15,64,9
2004-05-17T01:59:28, Misc. noise event 4,24,7
2004-05-17T02:03:53, Critical path event 16,49,0
2004-05-17T02:12:24, Critical path event 17,6,8
2004-05-17T02:26:56, Critical path event 18,52,1
2004-05-17T02:35:06, Critical path event 19,84,4
2004-05-17T02:43:22, Critical path event 19,46,2
2004-05-17T02:46:22, Misc. noise event 5,75,9
2004-05-17T02:47:06, Critical path event 19,93,4
2004-05-17T02:54:22, Critical path event 19,2,6

    ----------------some other thing --------------
    filesize :1024k
    alert-level : FATAL
    description: thing with pid 34345 died because 
        random java stacktrace 
        that is super noisy with numbers and datetimes 
Exception in thread "main" java.lang.NullPointerException
    at AnotherClassLoader.loadClass(test.java:58)
    at test.main(test.java:30)
    at Main.main(Main.java:68)
    -------------------------------------------- 
    2004-05-17T03:03:22, Critical path event 23,70,7
2004-05-17T03:14:53, Critical path event 24,47,1
2004-05-17T03:21:20, Critical path event 25,87,6
2004-05-17T03:27:42, Critical path event 26,12,6
2004-05-17T03:35:02, Critical path event 27,32,10
2004-05-17T03:40:22, Misc. noise event 6,36,7
2004-05-17T03:43:17, Critical path event 28,58,0
2004-05-17T03:51:24, Critical path event 29,30,10
2004-05-17T03:59:55, Critical path event 29,97,4
2004-05-17T04:09:45, Misc. noise event 7,95,10
2004-05-17T04:14:27, Critical path event 29,43,3
2004-05-17T04:22:37, Critical path event 29,97,1
2004-05-17T04:30:53, Critical path event 33,18,1
2004-05-17T04:34:37, Critical path event 34,74,8
2004-05-17T04:38:51, Misc. noise event 8,31,8
2004-05-17T04:41:53, Critical path event 35,58,0
2004-05-17T04:50:53, Critical path event 36,81,0
2004-05-17T05:00:31, Misc. noise event 9,16,3
2004-05-17T05:02:24, Critical path event 37,19,3
2004-05-17T05:05:47, Misc. noise event 10,81,1
2004-05-17T05:08:51, Critical path event 38,89,4
2004-05-17T05:15:13, Critical path event 39,17,2
2004-05-17T05:22:33, Critical path event 19,61,7
2004-05-17T05:30:48, Critical path event 19,94,2
2004-05-17T05:38:55, Critical path event 19,12,6
2004-05-17T05:47:26, Critical path event 19,45,0
2004-05-17T06:01:58, Critical path event 44,68,0
