--------------------------------------------------
datetime,message,random_int_1,random_int_2
--------------------------------------------------
2004-11-22T00:00, Critical path event 1,39,5
2004-11-22T00:11:48, Critical path event 2,82,2
2004-11-22T00:16:05, Misc. noise event 0,1,5
2004-11-22T00:19:15, Critical path event 3,1,2
2004-11-22T00:22:29, Misc. noise event 1,17,6
2004-11-22T00:26:57, Critical path event 4,69,5
2004-11-22T00:40:42, Critical path event 5,96,8
2004-11-22T00:51:38, Critical path event 6,35,8
2004-11-22T00:56:59, Misc. noise event 2,56,8
2004-11-22T00:59:03, Critical path event 7,96,3
2004-11-22T01:04:05, Critical path event 8,63,4
2004-11-22T01:13:29, Critical path event 9,48,6
2004-11-22T01:39:40, Critical path event 9,65,4
2004-11-22T02:10:20, Critical path event 9,57,5
2004-11-22T02:16:50, Critical path event 9,24,2
2004-11-22T02:23:17, Misc. noise event 3,75,5
2004-11-22T02:24:14, Critical path event 13,94,9
2004-11-22T02:27:51, Misc. noise event 4,55,0
2004-11-22T02:31:50, Critical path event 14,52,0
2004-11-22T02:37:05, Misc. noise event 5,23,10
2004-11-22T02:40:21, Critical path event 15,100,2
2004-11-22T02:55:39, Critical path event 16,56,0
2004-11-22T03:03:21, Critical path event 17,33,3
2004-11-22T03:16:37, Critical path event 18,34,8
2004-11-22T03:23:59, Critical path event 19,67,9
2004-11-22T03:31:05, Misc. noise event 6,35,8
2004-11-22T03:31:24, Critical path event 19,10,0
2004-11-22T03:36:26, Critical path event 19,85,9

    ----------------some other thing --------------
    filesize :1024k
    alert-level : FATAL
    description: thing with pid 34345 died because 
        random java stacktrace 
        that is super noisy with numbers and datetimes 
Exception in thread "main" java.lang.NullPointerException
    at AnotherClassLoader.loadClass(test.java:58)
    at test.main(test.java:30)
    at Main.main(Main.java:68)
    -------------------------------------------- 
    2004-11-22T03:45:50, Critical path event 19,8,1
2004-11-22T04:04:02, Critical path event 23,84,6
2004-11-22T04:13:05, Misc. noise event 7,100,8
2004-11-22T04:14:20, Critical path event 24,91,6
2004-11-22T04:30:45, Critical path event 25,29,8
2004-11-22T04:38:09, Critical path event 26,42,10
2004-11-22T04:45:45, Critical path event 27,1,6
2004-11-22T04:54:16, Critical path event 28,58,4
2004-11-22T05:03:17, Critical path event 29,7,10
2004-11-22T05:10:59, Critical path event 29,32,4
2004-11-22T05:24:15, Critical path event 29,66,0
2004-11-22T05:29:20, Misc. noise event 8,39,1
2004-11-22T05:31:37, Critical path event 29,38,7
2004-11-22T05:39:02, Critical path event 33,37,6
2004-11-22T05:44:04, Critical path event 34,10,0
2004-11-22T05:53:28, Critical path event 35,58,7
2004-11-22T06:02:54, Critical path event 36,47,1
2004-11-22T06:26:18, Misc. noise event 9,58,3
2004-11-22T06:30:18, Critical path event 37,69,3
2004-11-22T06:39:29, Critical path event 38,9,4
2004-11-22T06:46:53, Critical path event 39,6,4
2004-11-22T06:54:29, Critical path event 19,2,10
2004-11-22T07:03:00, Critical path event 19,26,5
2004-11-22T07:09:18, Misc. noise event 10,13,5
2004-11-22T07:12:52, Critical path event 19,22,6
2004-11-22T07:20:34, Critical path event 19,68,1
2004-11-22T07:33:50, Critical path event 44,0,5
