--------------------------------------------------
datetime,message,random_int_1,random_int_2
--------------------------------------------------
2004-08-23T23:58:32, Misc. noise event 0,39,2
2004-08-24T00:00, Critical path event 1,39,3
2004-08-24T00:04:29, Misc. noise event 1,62,4
2004-08-24T00:08:31, Critical path event 2,83,0
2004-08-24T00:13:52, Misc. noise event 2,63,10
2004-08-24T00:18:22, Critical path event 3,53,2
2004-08-24T00:27:07, Critical path event 4,15,9
2004-08-24T00:40:55, Critical path event 5,78,10
2004-08-24T00:50:30, Critical path event 6,51,6
2004-08-24T00:58:50, Critical path event 7,86,2
2004-08-24T01:02:47, Critical path event 8,77,6
2004-08-24T01:12:17, Critical path event 9,63,2
2004-08-24T01:19:48, Critical path event 9,36,9
2004-08-24T01:29:26, Misc. noise event 3,70,4
2004-08-24T01:29:35, Critical path event 9,49,2
2004-08-24T01:37:33, Critical path event 9,58,5
2004-08-24T01:43:42, Critical path event 13,58,2
2004-08-24T01:50:59, Critical path event 14,39,4
2004-08-24T01:59:30, Critical path event 15,39,0
2004-08-24T02:08:55, Critical path event 16,80,2
2004-08-24T02:17:40, Critical path event 17,88,5
2004-08-24T02:41:41, Misc. noise event 4,33,3
2004-08-24T02:44:55, Critical path event 18,25,6
2004-08-24T02:54:30, Critical path event 19,26,7
2004-08-24T03:02:50, Critical path event 19,35,6
2004-08-24T03:06:47, Critical path event 19,68,5
2004-08-24T03:16:17, Critical path event 19,44,3
2004-08-24T03:29:39, Misc. noise event 5,60,10
2004-08-24T03:32:42, Critical path event 23,77,6
2004-08-24T03:54:57, Critical path event 24,16,8
2004-08-24T03:59:29, Misc. noise event 6,100,3
2004-08-24T04:02:55, Critical path event 25,53,4
2004-08-24T04:09:04, Critical path event 26,32,4
2004-08-24T04:12:28, Misc. noise event 7,96,3
2004-08-24T04:16:21, Critical path event 27,19,7
2004-08-24T04:24:52, Critical path event 28,54,3
2004-08-24T04:34:17, Critical path event 29,94,2
2004-08-24T04:53:44, Critical path event 29,65,6
2004-08-24T05:04:10, Misc. noise event 8,46,7
2004-08-24T05:07:32, Critical path event 29,97,1
2004-08-24T05:17:07, Critical path event 29,88,3
2004-08-24T05:25:27, Critical path event 33,14,8
2004-08-24T05:29:24, Critical path event 34,42,2
2004-08-24T05:44:18, Misc. noise event 9,66,7
2004-08-24T05:46:53, Critical path event 35,16,1
2004-08-24T05:54:24, Critical path event 36,100,7
2004-08-24T06:04:11, Critical path event 37,48,10
2004-08-24T06:12:09, Critical path event 38,3,0
2004-08-24T06:18:18, Critical path event 39,90,3
2004-08-24T06:25:35, Critical path event 19,78,5
2004-08-24T06:33:47, Misc. noise event 10,99,8
2004-08-24T06:34:06, Critical path event 19,19,3
2004-08-24T06:43:31, Critical path event 19,98,3
2004-08-24T06:52:16, Critical path event 19,75,3
2004-08-24T07:09:02, Critical path event 44,44,3
