--------------------------------------------------
datetime,message,random_int_1,random_int_2
--------------------------------------------------
2004-06-14T00:00, Critical path event 1,27,0
2004-06-14T00:07:27, Critical path event 2,42,4
2004-06-14T00:16:18, Critical path event 3,23,5
2004-06-14T00:21:40, Misc. noise event 0,21,5
2004-06-14T00:24:42, Critical path event 4,87,7
2004-06-14T00:38:23, Critical path event 5,4,10
2004-06-14T00:46:51, Misc. noise event 1,62,9
2004-06-14T00:46:53, Critical path event 6,40,4
2004-06-14T00:54:24, Misc. noise event 2,36,2
2004-06-14T00:55:56, Critical path event 7,15,4
2004-06-14T01:00:01, Critical path event 8,24,1
2004-06-14T01:07:38, Critical path event 9,96,8
2004-06-14T01:15:35, Critical path event 9,48,1
2004-06-14T01:25:54, Critical path event 9,52,6
2004-06-14T01:30:55, Misc. noise event 3,60,1
2004-06-14T01:33:29, Critical path event 9,99,2
2004-06-14T01:40:10, Critical path event 13,81,3
2004-06-14T01:48:24, Critical path event 14,82,0
2004-06-14T01:55:51, Critical path event 15,58,8
2004-06-14T02:04:42, Critical path event 16,79,6
2004-06-14T02:13:06, Critical path event 17,51,4
2004-06-14T02:26:47, Critical path event 18,3,0
2004-06-14T02:35:17, Critical path event 19,72,2
2004-06-14T02:44:20, Critical path event 19,94,8
2004-06-14T02:48:25, Critical path event 19,68,5
2004-06-14T02:56:02, Critical path event 19,16,3
2004-06-14T03:00:13, Misc. noise event 4,91,1
2004-06-14T03:03:59, Critical path event 23,59,3

    ----------------some other thing --------------
    filesize :1024k
    alert-level : FATAL
    description: thing with pid 34345 died because 
        random java stacktrace 
        that is super noisy with numbers and datetimes 
Exception in thread "main" java.lang.NullPointerException
    at AnotherClassLoader.loadClass(test.java:58)
    at test.main(test.java:30)
    at Main.main(Main.java:68)
    -------------------------------------------- 
    2004-06-14T03:14:18, Critical path event 24,76,7
2004-06-14T03:21:53, Critical path event 25,60,6
2004-06-14T03:28:34, Critical path event 26,27,2
2004-06-14T03:36:48, Critical path event 27,29,9
2004-06-14T03:44:15, Critical path event 28,43,7
2004-06-14T03:53:06, Critical path event 29,91,9
2004-06-14T04:01:30, Critical path event 29,33,5
2004-06-14T04:12:16, Misc. noise event 5,37,8
2004-06-14T04:15:11, Critical path event 29,2,6
2004-06-14T04:21:19, Misc. noise event 6,89,0
2004-06-14T04:23:41, Critical path event 29,79,7
2004-06-14T04:28:55, Misc. noise event 7,60,2
2004-06-14T04:32:44, Critical path event 33,44,6
2004-06-14T04:36:49, Critical path event 34,89,4
2004-06-14T04:44:26, Critical path event 35,22,8
2004-06-14T04:52:23, Critical path event 36,1,9
2004-06-14T05:00:12, Misc. noise event 8,29,3
2004-06-14T05:02:42, Critical path event 37,55,2
2004-06-14T05:10:17, Critical path event 38,22,3
2004-06-14T05:16:58, Critical path event 39,89,0
2004-06-14T05:23:36, Misc. noise event 9,90,4
2004-06-14T05:25:12, Critical path event 19,71,4
2004-06-14T05:32:39, Critical path event 19,12,10
2004-06-14T05:41:30, Critical path event 19,6,8
2004-06-14T05:45:33, Misc. noise event 10,71,3
2004-06-14T05:49:54, Critical path event 19,44,6
2004-06-14T06:03:35, Critical path event 44,82,1
