--------------------------------------------------
datetime,message,random_int_1,random_int_2
--------------------------------------------------
2004-10-23T23:57:27, Misc. noise event 0,33,10
2004-10-24T00:00, Critical path event 1,25,7
2004-10-24T00:07:48, Critical path event 2,31,6
2004-10-24T00:15:18, Critical path event 3,81,3
2004-10-24T00:23:12, Critical path event 4,86,1
2004-10-24T00:35:33, Critical path event 5,77,3
2004-10-24T00:38:11, Misc. noise event 1,64,0
2004-10-24T00:42:14, Critical path event 6,71,8
2004-10-24T00:48:36, Critical path event 7,41,4
2004-10-24T00:56:10, Critical path event 8,54,4
2004-10-24T01:02:21, Critical path event 9,63,5
2004-10-24T01:09:52, Critical path event 9,78,8
2004-10-24T01:35:13, Critical path event 9,10,0
2004-10-24T01:41:20, Misc. noise event 2,22,9
2004-10-24T01:41:37, Critical path event 9,82,8
2004-10-24T01:47:34, Critical path event 13,93,5
2004-10-24T01:54:48, Critical path event 14,37,8
2004-10-24T02:01:56, Misc. noise event 3,27,1
2004-10-24T02:06:02, Critical path event 15,0,1
2004-10-24T02:09:22, Misc. noise event 4,43,2
2004-10-24T02:13:32, Critical path event 16,35,2
2004-10-24T02:19:28, Misc. noise event 5,53,10
2004-10-24T02:21:26, Critical path event 17,77,2
2004-10-24T02:33:47, Critical path event 18,21,7
2004-10-24T02:40:28, Critical path event 19,53,0
2004-10-24T02:46:50, Critical path event 19,37,0
2004-10-24T02:48:58, Misc. noise event 6,85,4
2004-10-24T02:50:06, Critical path event 19,1,6
2004-10-24T02:56:17, Critical path event 19,27,2
2004-10-24T03:03:14, Critical path event 23,28,9
2004-10-24T03:12:55, Critical path event 24,22,6
2004-10-24T03:27:48, Misc. noise event 7,27,10
2004-10-24T03:30:53, Critical path event 25,82,5
2004-10-24T03:43:33, Critical path event 26,77,10
2004-10-24T03:50:15, Misc. noise event 8,22,8
2004-10-24T03:50:47, Critical path event 27,78,6
2004-10-24T03:58:35, Critical path event 28,89,8
2004-10-24T04:06:05, Critical path event 29,54,2
2004-10-24T04:13:59, Critical path event 29,61,3
2004-10-24T04:26:20, Critical path event 29,45,9
2004-10-24T04:33:01, Critical path event 29,69,10
2004-10-24T04:39:23, Critical path event 33,46,4
2004-10-24T04:37:39, Misc. noise event 9,63,2
2004-10-24T04:42:39, Critical path event 34,75,1
2004-10-24T04:48:50, Critical path event 35,93,4
2004-10-24T05:06:52, Critical path event 36,59,6
2004-10-24T05:16:33, Critical path event 37,91,6
2004-10-24T05:31:32, Critical path event 38,18,4
2004-10-24T05:36:54, Critical path event 39,70,4
2004-10-24T05:40:18, Misc. noise event 10,17,4
2004-10-24T05:44:08, Critical path event 19,53,3
2004-10-24T05:54:22, Critical path event 19,9,7
2004-10-24T06:13:42, Critical path event 19,96,6
2004-10-24T06:21:36, Critical path event 19,96,2
2004-10-24T06:33:57, Critical path event 44,18,0
