--------------------------------------------------
datetime,message,random_int_1,random_int_2
--------------------------------------------------
2004-04-11T23:59:36, Misc. noise event 0,2,9
2004-04-12T00:00, Critical path event 1,14,1
2004-04-12T00:09:25, Critical path event 2,86,6
2004-04-12T00:17:54, Critical path event 3,40,4
2004-04-12T00:27:15, Critical path event 4,52,9
2004-04-12T00:42:19, Critical path event 5,37,2
2004-04-12T00:46:05, Misc. noise event 1,37,9
2004-04-12T00:49:36, Critical path event 6,93,5
2004-04-12T00:58:47, Critical path event 7,50,4
2004-04-12T01:02:25, Critical path event 8,8,8
2004-04-12T01:11:01, Critical path event 9,10,2
2004-04-12T01:18:17, Critical path event 9,87,5
2004-04-12T01:26:17, Misc. noise event 2,92,6
2004-04-12T01:29:34, Critical path event 9,55,5
2004-04-12T01:36:24, Critical path event 9,2,0
2004-04-12T01:42:59, Critical path event 13,38,4
2004-04-12T01:51:52, Critical path event 14,29,5
2004-04-12T01:59:19, Misc. noise event 3,69,5
2004-04-12T02:01:17, Critical path event 15,71,3
2004-04-12T02:09:46, Critical path event 16,4,4
2004-04-12T02:19:07, Critical path event 17,48,9
2004-04-12T02:34:11, Critical path event 18,77,10
2004-04-12T02:41:28, Critical path event 19,46,2
2004-04-12T02:50:39, Critical path event 19,11,8
2004-04-12T02:54:17, Critical path event 19,93,4
2004-04-12T03:02:53, Critical path event 19,84,3
2004-04-12T03:10:09, Critical path event 23,98,10
2004-04-12T03:21:26, Critical path event 24,61,6

    ----------------some other thing --------------
    filesize :1024k
    alert-level : FATAL
    description: thing with pid 34345 died because 
        random java stacktrace 
        that is super noisy with numbers and datetimes 
Exception in thread "main" java.lang.NullPointerException
    at AnotherClassLoader.loadClass(test.java:58)
    at test.main(test.java:30)
    at Main.main(Main.java:68)
    -------------------------------------------- 
    2004-04-12T03:28:16, Critical path event 25,68,9
2004-04-12T03:34:51, Critical path event 26,6,4
2004-04-12T03:41:45, Misc. noise event 4,92,1
2004-04-12T03:43:44, Critical path event 27,62,3
2004-04-12T03:53:09, Critical path event 28,99,5
2004-04-12T04:01:38, Critical path event 29,25,5
2004-04-12T04:08:14, Misc. noise event 5,89,0
2004-04-12T04:10:59, Critical path event 29,93,3
2004-04-12T04:26:03, Critical path event 29,79,9
2004-04-12T04:31:38, Misc. noise event 6,85,9
2004-04-12T04:33:20, Critical path event 29,80,4
2004-04-12T04:42:31, Critical path event 33,26,6
2004-04-12T04:46:09, Critical path event 34,1,6
2004-04-12T04:54:45, Critical path event 35,8,3
2004-04-12T04:57:41, Misc. noise event 7,6,5
2004-04-12T05:02:01, Critical path event 36,67,0
2004-04-12T05:12:59, Misc. noise event 8,30,6
2004-04-12T05:13:18, Critical path event 37,39,1
2004-04-12T05:20:08, Critical path event 38,82,2
2004-04-12T05:26:43, Critical path event 39,83,4
2004-04-12T05:35:36, Critical path event 19,62,7
2004-04-12T05:41:14, Misc. noise event 9,86,6
2004-04-12T05:45:01, Critical path event 19,13,4
2004-04-12T05:49:26, Misc. noise event 10,42,4
2004-04-12T05:53:30, Critical path event 19,83,10
2004-04-12T06:02:51, Critical path event 19,24,1
2004-04-12T06:17:55, Critical path event 44,93,1
