--------------------------------------------------
datetime,message,random_int_1,random_int_2
--------------------------------------------------
2004-07-18T23:59:03, Misc. noise event 0,47,10
2004-07-19T00:00, Critical path event 1,20,10
2004-07-19T00:07:23, Critical path event 2,56,8
2004-07-19T00:15:18, Critical path event 3,56,2
2004-07-19T00:23:40, Critical path event 4,30,1
2004-07-19T00:36:58, Critical path event 5,7,1
2004-07-19T00:45:28, Critical path event 6,85,0
2004-07-19T00:51:47, Misc. noise event 1,18,5
2004-07-19T00:53:02, Critical path event 7,77,6
2004-07-19T00:57:08, Critical path event 8,99,3
2004-07-19T01:05:58, Critical path event 9,39,7
2004-07-19T01:13:32, Critical path event 9,85,9
2004-07-19T01:32:03, Misc. noise event 2,0,5
2004-07-19T01:34:00, Critical path event 9,83,7
2004-07-19T01:41:01, Critical path event 9,32,8
2004-07-19T01:48:24, Critical path event 13,33,6
2004-07-19T01:54:34, Misc. noise event 3,88,10
2004-07-19T01:56:43, Critical path event 14,39,10
2004-07-19T02:17:21, Critical path event 15,72,0
2004-07-19T02:25:16, Critical path event 16,28,2
2004-07-19T02:32:04, Misc. noise event 4,100,0
2004-07-19T02:33:38, Critical path event 17,29,10
2004-07-19T02:46:56, Critical path event 18,66,5
2004-07-19T02:58:11, Critical path event 19,53,5
2004-07-19T03:05:45, Critical path event 19,28,4
2004-07-19T03:14:07, Critical path event 19,61,4
2004-07-19T03:32:59, Misc. noise event 5,94,7
2004-07-19T03:37:11, Critical path event 19,94,6

    ----------------some other thing --------------
    filesize :1024k
    alert-level : FATAL
    description: thing with pid 34345 died because 
        random java stacktrace 
        that is super noisy with numbers and datetimes 
Exception in thread "main" java.lang.NullPointerException
    at AnotherClassLoader.loadClass(test.java:58)
    at test.main(test.java:30)
    at Main.main(Main.java:68)
    -------------------------------------------- 
    2004-07-19T03:44:45, Critical path event 23,97,5
2004-07-19T03:54:44, Critical path event 24,90,1
2004-07-19T04:01:45, Critical path event 25,88,3
2004-07-19T04:09:08, Critical path event 26,23,0
2004-07-19T04:17:27, Critical path event 27,60,6
2004-07-19T04:24:50, Critical path event 28,33,1
2004-07-19T04:32:10, Misc. noise event 6,40,2
2004-07-19T04:32:45, Critical path event 29,6,8
2004-07-19T04:41:07, Critical path event 29,18,1
2004-07-19T04:54:25, Critical path event 29,86,6
2004-07-19T05:02:55, Critical path event 29,49,2
2004-07-19T05:10:29, Critical path event 33,13,1
2004-07-19T05:13:56, Misc. noise event 7,78,4
2004-07-19T05:14:35, Critical path event 34,79,7
2004-07-19T05:23:52, Critical path event 35,5,10
2004-07-19T05:26:28, Misc. noise event 8,68,1
2004-07-19T05:31:26, Critical path event 36,26,4
2004-07-19T05:39:06, Misc. noise event 9,26,3
2004-07-19T05:41:25, Critical path event 37,48,8
2004-07-19T05:48:26, Critical path event 38,67,8
2004-07-19T05:54:59, Misc. noise event 10,77,4
2004-07-19T05:55:49, Critical path event 39,31,6
2004-07-19T06:04:08, Critical path event 19,12,9
2004-07-19T06:11:31, Critical path event 19,68,8
2004-07-19T06:25:59, Critical path event 19,55,10
2004-07-19T06:34:21, Critical path event 19,69,0
2004-07-19T06:47:39, Critical path event 44,68,8
