--------------------------------------------------
datetime,message,random_int_1,random_int_2
--------------------------------------------------
2004-05-23T23:56:53, Misc. noise event 0,30,2
2004-05-24T00:00, Critical path event 1,0,6
2004-05-24T00:19:42, Critical path event 2,90,4
2004-05-24T00:28:16, Critical path event 3,72,7
2004-05-24T00:42:28, Critical path event 4,35,2
2004-05-24T00:57:51, Critical path event 5,75,5
2004-05-24T01:05:11, Critical path event 6,73,10
2004-05-24T01:10:57, Misc. noise event 1,58,5
2004-05-24T01:13:17, Critical path event 7,86,5
2004-05-24T01:17:06, Misc. noise event 2,96,3
2004-05-24T01:17:17, Critical path event 8,62,9
2004-05-24T01:23:17, Misc. noise event 3,64,8
2004-05-24T01:24:45, Critical path event 9,76,10
2004-05-24T01:32:53, Critical path event 9,77,10
2004-05-24T01:44:37, Critical path event 9,97,4
2004-05-24T01:58:55, Misc. noise event 4,72,8
2004-05-24T02:01:22, Critical path event 9,14,7
2004-05-24T02:06:54, Misc. noise event 5,84,7
2004-05-24T02:08:34, Critical path event 13,19,6
2004-05-24T02:19:42, Critical path event 14,48,4
2004-05-24T02:28:58, Critical path event 15,67,6
2004-05-24T02:32:50, Misc. noise event 6,23,2
2004-05-24T02:37:32, Critical path event 16,53,7
2004-05-24T02:46:56, Critical path event 17,72,5
2004-05-24T03:02:19, Critical path event 18,18,6
2004-05-24T03:06:18, Misc. noise event 7,63,0
2004-05-24T03:09:39, Critical path event 19,21,9
2004-05-24T03:17:45, Critical path event 19,91,9

    ----------------some other thing --------------
    filesize :1024k
    alert-level : FATAL
    description: thing with pid 34345 died because 
        random java stacktrace 
        that is super noisy with numbers and datetimes 
Exception in thread "main" java.lang.NullPointerException
    at AnotherClassLoader.loadClass(test.java:58)
    at test.main(test.java:30)
    at Main.main(Main.java:68)
    -------------------------------------------- 
    2004-05-24T03:21:45, Critical path event 19,16,3
2004-05-24T03:29:13, Critical path event 19,7,7
2004-05-24T03:37:21, Critical path event 23,5,8
2004-05-24T03:49:05, Critical path event 24,4,6
2004-05-24T03:56:15, Critical path event 25,37,4
2004-05-24T04:03:27, Critical path event 26,83,7
2004-05-24T04:11:30, Critical path event 27,86,5
2004-05-24T04:20:46, Critical path event 28,18,8
2004-05-24T04:29:20, Critical path event 29,33,4
2004-05-24T04:37:07, Critical path event 29,44,0
2004-05-24T04:50:07, Misc. noise event 8,96,2
2004-05-24T04:52:30, Critical path event 29,6,4
2004-05-24T04:59:50, Critical path event 29,82,7
2004-05-24T05:07:56, Critical path event 33,91,8
2004-05-24T05:11:56, Critical path event 34,39,0
2004-05-24T05:17:27, Misc. noise event 9,96,8
2004-05-24T05:19:24, Critical path event 35,60,8
2004-05-24T05:27:32, Critical path event 36,75,5
2004-05-24T05:39:16, Critical path event 37,80,9
2004-05-24T05:46:26, Critical path event 38,7,10
2004-05-24T05:53:38, Critical path event 39,11,0
2004-05-24T06:11:04, Misc. noise event 10,44,1
2004-05-24T06:13:36, Critical path event 19,34,4
2004-05-24T06:22:52, Critical path event 19,5,0
2004-05-24T06:31:26, Critical path event 19,58,0
2004-05-24T06:46:57, Critical path event 19,63,6
2004-05-24T07:02:20, Critical path event 44,38,9
