--------------------------------------------------
datetime,message,random_int_1,random_int_2
--------------------------------------------------
2004-09-27T00:00, Critical path event 1,85,0
2004-09-27T00:07:22, Critical path event 2,74,4
2004-09-27T00:14:36, Critical path event 3,79,7
2004-09-27T00:22:50, Critical path event 4,77,2
2004-09-27T00:37:37, Critical path event 5,78,7
2004-09-27T00:46:54, Critical path event 6,57,2
2004-09-27T01:09:56, Critical path event 7,65,10
2004-09-27T01:13:40, Critical path event 8,59,6
2004-09-27T01:22:11, Critical path event 9,50,5
2004-09-27T01:27:07, Misc. noise event 0,22,0
2004-09-27T01:29:34, Critical path event 9,55,9
2004-09-27T01:35:51, Misc. noise event 1,63,6
2004-09-27T01:39:19, Critical path event 9,81,3
2004-09-27T01:47:27, Critical path event 9,93,0
2004-09-27T01:59:57, Misc. noise event 2,65,9
2004-09-27T02:02:01, Critical path event 13,23,5
2004-09-27T02:05:15, Misc. noise event 3,51,1
2004-09-27T02:09:31, Critical path event 14,1,3
2004-09-27T02:16:53, Critical path event 15,36,2
2004-09-27T02:24:07, Critical path event 16,64,8
2004-09-27T02:30:46, Misc. noise event 4,39,1
2004-09-27T02:32:21, Critical path event 17,29,4
2004-09-27T02:47:08, Critical path event 18,58,9
2004-09-27T02:56:25, Critical path event 19,27,7
2004-09-27T03:04:10, Critical path event 19,6,4
2004-09-27T03:07:54, Critical path event 19,87,4
2004-09-27T03:12:08, Misc. noise event 5,9,2
2004-09-27T03:16:25, Critical path event 19,4,0

    ----------------some other thing --------------
    filesize :1024k
    alert-level : FATAL
    description: thing with pid 34345 died because 
        random java stacktrace 
        that is super noisy with numbers and datetimes 
Exception in thread "main" java.lang.NullPointerException
    at AnotherClassLoader.loadClass(test.java:58)
    at test.main(test.java:30)
    at Main.main(Main.java:68)
    -------------------------------------------- 
    2004-09-27T03:34:29, Critical path event 23,43,0
2004-09-27T03:44:14, Critical path event 24,73,4
2004-09-27T04:07:25, Critical path event 25,41,8
2004-09-27T04:15:32, Critical path event 26,80,5
2004-09-27T04:23:02, Critical path event 27,35,6
2004-09-27T04:30:24, Critical path event 28,89,2
2004-09-27T04:37:38, Critical path event 29,45,6
2004-09-27T04:43:18, Misc. noise event 6,57,1
2004-09-27T04:45:52, Critical path event 29,53,5
2004-09-27T05:00:44, Misc. noise event 7,90,7
2004-09-27T05:02:18, Critical path event 29,55,8
2004-09-27T05:07:18, Misc. noise event 8,95,9
2004-09-27T05:11:35, Critical path event 29,70,5
2004-09-27T05:17:04, Misc. noise event 9,66,10
2004-09-27T05:19:20, Critical path event 33,33,6
2004-09-27T05:18:31, Misc. noise event 10,39,5
2004-09-27T05:23:04, Critical path event 34,27,9
2004-09-27T05:31:35, Critical path event 35,77,3
2004-09-27T05:38:58, Critical path event 36,88,5
2004-09-27T05:48:43, Critical path event 37,54,10
2004-09-27T05:56:51, Critical path event 38,30,7
2004-09-27T06:04:58, Critical path event 39,36,1
2004-09-27T06:12:28, Critical path event 19,17,3
2004-09-27T06:19:50, Critical path event 19,71,5
2004-09-27T06:27:04, Critical path event 19,65,6
2004-09-27T06:35:18, Critical path event 19,21,8
2004-09-27T06:50:05, Critical path event 44,67,7
