--------------------------------------------------
datetime,message,random_int_1,random_int_2
--------------------------------------------------
2004-10-03T23:58:24, Misc. noise event 0,76,1
2004-10-04T00:00, Critical path event 1,72,5
2004-10-04T00:06:51, Misc. noise event 1,54,5
2004-10-04T00:07:17, Critical path event 2,65,6
2004-10-04T00:15:12, Critical path event 3,29,9
2004-10-04T00:23:00, Critical path event 4,13,9
2004-10-04T00:33:39, Misc. noise event 2,40,1
2004-10-04T00:36:18, Critical path event 5,98,5
2004-10-04T00:44:56, Critical path event 6,65,1
2004-10-04T00:54:17, Critical path event 7,100,1
2004-10-04T00:55:40, Misc. noise event 3,12,0
2004-10-04T01:00:09, Critical path event 8,78,9
2004-10-04T01:08:38, Critical path event 9,89,0
2004-10-04T01:18:02, Critical path event 9,8,7
2004-10-04T01:28:58, Critical path event 9,35,1
2004-10-04T01:36:56, Critical path event 9,79,1
2004-10-04T01:44:12, Critical path event 13,11,3
2004-10-04T01:51:26, Critical path event 14,92,4
2004-10-04T01:55:51, Misc. noise event 4,23,4
2004-10-04T01:58:43, Critical path event 15,57,4
2004-10-04T02:06:38, Critical path event 16,48,4
2004-10-04T02:14:26, Critical path event 17,40,6
2004-10-04T02:26:41, Misc. noise event 5,77,5
2004-10-04T02:27:44, Critical path event 18,47,6
2004-10-04T02:34:23, Misc. noise event 6,94,3
2004-10-04T02:36:22, Critical path event 19,41,0
2004-10-04T02:45:43, Critical path event 19,56,8
2004-10-04T02:51:35, Critical path event 19,58,3

    ----------------some other thing --------------
    filesize :1024k
    alert-level : FATAL
    description: thing with pid 34345 died because 
        random java stacktrace 
        that is super noisy with numbers and datetimes 
Exception in thread "main" java.lang.NullPointerException
    at AnotherClassLoader.loadClass(test.java:58)
    at test.main(test.java:30)
    at Main.main(Main.java:68)
    -------------------------------------------- 
    2004-10-04T03:00:04, Critical path event 19,14,10
2004-10-04T03:09:28, Critical path event 23,72,9
2004-10-04T03:17:43, Misc. noise event 7,19,8
2004-10-04T03:20:24, Critical path event 24,82,5
2004-10-04T03:28:22, Critical path event 25,46,6
2004-10-04T03:31:28, Misc. noise event 8,53,3
2004-10-04T03:35:38, Critical path event 26,24,0
2004-10-04T03:42:52, Critical path event 27,30,0
2004-10-04T03:50:09, Critical path event 28,2,8
2004-10-04T03:58:04, Critical path event 29,26,9
2004-10-04T04:05:52, Critical path event 29,63,3
2004-10-04T04:19:10, Critical path event 29,34,4
2004-10-04T04:27:48, Critical path event 29,46,10
2004-10-04T04:37:09, Critical path event 33,82,6
2004-10-04T04:43:01, Critical path event 34,38,4
2004-10-04T04:51:30, Critical path event 35,39,3
2004-10-04T05:00:54, Critical path event 36,69,9
2004-10-04T05:10:06, Misc. noise event 9,27,4
2004-10-04T05:11:50, Critical path event 37,25,5
2004-10-04T05:19:48, Critical path event 38,66,1
2004-10-04T05:27:04, Critical path event 39,90,1
2004-10-04T05:34:18, Critical path event 19,87,8
2004-10-04T05:39:42, Misc. noise event 10,61,6
2004-10-04T05:41:35, Critical path event 19,85,6
2004-10-04T05:49:30, Critical path event 19,59,9
2004-10-04T05:57:18, Critical path event 19,60,10
2004-10-04T06:10:36, Critical path event 44,41,6
