--------------------------------------------------
datetime,message,random_int_1,random_int_2
--------------------------------------------------
2004-02-29T23:55:22, Misc. noise event 0,3,10
2004-03-01T00:00, Critical path event 1,73,7
2004-03-01T00:15:51, Critical path event 2,24,2
2004-03-01T00:39:52, Critical path event 3,62,1
2004-03-01T01:01:17, Critical path event 4,38,8
2004-03-01T01:17:32, Critical path event 5,94,1
2004-03-01T01:40:16, Misc. noise event 1,94,7
2004-03-01T01:41:53, Critical path event 6,67,9
2004-03-01T01:49:29, Misc. noise event 2,67,9
2004-03-01T01:50:26, Critical path event 7,74,7
2004-03-01T01:54:05, Critical path event 8,88,0
2004-03-01T01:59:56, Misc. noise event 3,53,3
2004-03-01T02:03:33, Critical path event 9,70,4
2004-03-01T02:21:11, Critical path event 9,13,10
2004-03-01T02:33:08, Critical path event 9,58,8
2004-03-01T02:40:14, Critical path event 9,21,4
2004-03-01T02:51:02, Critical path event 13,69,10
2004-03-01T03:00:10, Critical path event 14,21,4
2004-03-01T03:07:50, Critical path event 15,81,6
2004-03-01T03:16:37, Critical path event 16,93,2
2004-03-01T03:24:39, Misc. noise event 4,79,3
2004-03-01T03:25:00, Critical path event 17,63,10
2004-03-01T03:40:17, Critical path event 18,58,2
2004-03-01T03:54:45, Critical path event 19,28,1
2004-03-01T04:03:18, Critical path event 19,10,9
2004-03-01T04:08:38, Critical path event 19,21,7
2004-03-01T04:18:06, Critical path event 19,76,2
2004-03-01T04:25:30, Critical path event 23,34,0

    ----------------some other thing --------------
    filesize :1024k
    alert-level : FATAL
    description: thing with pid 34345 died because 
        random java stacktrace 
        that is super noisy with numbers and datetimes 
Exception in thread "main" java.lang.NullPointerException
    at AnotherClassLoader.loadClass(test.java:58)
    at test.main(test.java:30)
    at Main.main(Main.java:68)
    -------------------------------------------- 
    2004-03-01T04:37:27, Critical path event 24,26,0
2004-03-01T04:44:33, Critical path event 25,54,9
2004-03-01T04:50:48, Critical path event 26,74,8
2004-03-01T04:59:56, Critical path event 27,12,9
2004-03-01T05:10:27, Misc. noise event 5,33,3
2004-03-01T05:12:47, Critical path event 28,28,7
2004-03-01T05:21:34, Critical path event 29,18,0
2004-03-01T05:29:02, Critical path event 29,99,4
2004-03-01T05:44:19, Critical path event 29,87,4
2004-03-01T05:53:31, Critical path event 29,70,5
2004-03-01T06:02:04, Critical path event 33,21,7
2004-03-01T06:12:20, Critical path event 34,42,4
2004-03-01T06:21:48, Critical path event 35,93,0
2004-03-01T06:29:12, Critical path event 36,29,10
2004-03-01T06:41:09, Critical path event 37,58,2
2004-03-01T06:44:52, Misc. noise event 6,55,6
2004-03-01T06:48:15, Critical path event 38,58,3
2004-03-01T06:50:57, Misc. noise event 7,92,8
2004-03-01T06:54:30, Critical path event 39,77,7
2004-03-01T07:11:48, Misc. noise event 8,26,2
2004-03-01T07:14:10, Critical path event 19,24,8
2004-03-01T07:24:43, Misc. noise event 9,10,2
2004-03-01T07:25:27, Critical path event 19,39,7
2004-03-01T07:34:14, Critical path event 19,2,2
2004-03-01T07:38:27, Misc. noise event 10,61,4
2004-03-01T07:41:42, Critical path event 19,92,6
2004-03-01T07:56:59, Critical path event 44,46,8
