--------------------------------------------------
datetime,message,random_int_1,random_int_2
--------------------------------------------------
2004-12-27T00:00, Critical path event 1,22,1
2004-12-27T00:02:30, Misc. noise event 0,98,4
2004-12-27T00:07:22, Critical path event 2,74,7
2004-12-27T00:16:54, Critical path event 3,0,7
2004-12-27T00:26:29, Critical path event 4,15,8
2004-12-27T00:41:01, Critical path event 5,31,6
2004-12-27T00:48:25, Critical path event 6,35,10
2004-12-27T00:55:02, Misc. noise event 1,98,0
2004-12-27T00:56:50, Critical path event 7,72,9
2004-12-27T01:02:13, Critical path event 8,82,3
2004-12-27T01:11:10, Critical path event 9,90,3
2004-12-27T01:20:39, Critical path event 9,34,6
2004-12-27T01:31:50, Critical path event 9,14,1
2004-12-27T01:34:02, Misc. noise event 2,64,5
2004-12-27T01:38:01, Critical path event 9,18,8
2004-12-27T01:44:30, Critical path event 13,48,10
2004-12-27T01:53:55, Critical path event 14,78,10
2004-12-27T02:00:09, Misc. noise event 3,57,1
2004-12-27T02:01:17, Critical path event 15,40,9
2004-12-27T02:06:36, Misc. noise event 4,45,4
2004-12-27T02:10:49, Critical path event 16,65,2
2004-12-27T02:20:24, Critical path event 17,27,2
2004-12-27T02:34:56, Critical path event 18,58,2
2004-12-27T02:42:20, Critical path event 19,86,7
2004-12-27T02:50:45, Critical path event 19,10,2
2004-12-27T02:56:08, Critical path event 19,87,6
2004-12-27T03:05:05, Critical path event 19,1,6
2004-12-27T03:14:34, Critical path event 23,45,8

    ----------------some other thing --------------
    filesize :1024k
    alert-level : FATAL
    description: thing with pid 34345 died because 
        random java stacktrace 
        that is super noisy with numbers and datetimes 
Exception in thread "main" java.lang.NullPointerException
    at AnotherClassLoader.loadClass(test.java:58)
    at test.main(test.java:30)
    at Main.main(Main.java:68)
    -------------------------------------------- 
    2004-12-27T03:25:45, Critical path event 24,87,2
2004-12-27T03:31:56, Critical path event 25,78,5
2004-12-27T03:38:25, Critical path event 26,80,3
2004-12-27T03:47:50, Critical path event 27,7,10
2004-12-27T03:55:12, Critical path event 28,36,8
2004-12-27T04:04:44, Critical path event 29,100,8
2004-12-27T04:14:19, Critical path event 29,16,1
2004-12-27T04:28:51, Critical path event 29,37,10
2004-12-27T04:35:07, Misc. noise event 5,31,2
2004-12-27T04:36:15, Critical path event 29,57,3
2004-12-27T04:44:40, Critical path event 33,18,6
2004-12-27T04:50:03, Critical path event 34,87,2
2004-12-27T04:59:00, Critical path event 35,0,6
2004-12-27T05:04:17, Misc. noise event 6,82,6
2004-12-27T05:08:29, Critical path event 36,22,9
2004-12-27T05:15:49, Misc. noise event 7,28,4
2004-12-27T05:19:40, Critical path event 37,68,3
2004-12-27T05:22:13, Misc. noise event 8,58,4
2004-12-27T05:25:51, Critical path event 38,90,3
2004-12-27T05:32:20, Critical path event 39,42,4
2004-12-27T05:41:45, Critical path event 19,57,10
2004-12-27T05:45:41, Misc. noise event 9,54,3
2004-12-27T05:49:07, Critical path event 19,24,7
2004-12-27T05:58:39, Critical path event 19,91,10
2004-12-27T06:04:21, Misc. noise event 10,6,9
2004-12-27T06:08:14, Critical path event 19,47,0
2004-12-27T06:22:46, Critical path event 44,62,0
