--------------------------------------------------
datetime,message,random_int_1,random_int_2
--------------------------------------------------
2004-05-31T00:00, Critical path event 1,58,7
2004-05-31T00:03:58, Misc. noise event 0,83,5
2004-05-31T00:07:39, Critical path event 2,97,8
2004-05-31T00:14:55, Critical path event 3,43,0
2004-05-31T00:22:47, Critical path event 4,64,3
2004-05-31T00:32:47, Misc. noise event 1,88,2
2004-05-31T00:36:16, Critical path event 5,51,3
2004-05-31T00:43:40, Critical path event 6,28,9
2004-05-31T00:51:39, Critical path event 7,84,4
2004-05-31T00:52:02, Misc. noise event 2,58,10
2004-05-31T00:56:08, Critical path event 8,95,6
2004-05-31T01:00:35, Misc. noise event 3,32,6
2004-05-31T01:04:40, Critical path event 9,37,3
2004-05-31T01:13:30, Critical path event 9,84,0
2004-05-31T01:25:12, Critical path event 9,10,9
2004-05-31T01:31:43, Critical path event 9,81,3
2004-05-31T01:38:09, Critical path event 13,36,4
2004-05-31T01:45:25, Critical path event 14,86,3
2004-05-31T01:53:04, Critical path event 15,30,0
2004-05-31T01:59:42, Misc. noise event 4,77,10
2004-05-31T02:00:20, Critical path event 16,81,7
2004-05-31T02:08:12, Critical path event 17,91,7
2004-05-31T02:21:41, Critical path event 18,34,5
2004-05-31T02:29:05, Critical path event 19,20,5
2004-05-31T02:37:04, Critical path event 19,13,1
2004-05-31T02:41:33, Critical path event 19,71,1
2004-05-31T02:48:13, Misc. noise event 5,27,7
2004-05-31T02:50:05, Critical path event 19,31,6

    ----------------some other thing --------------
    filesize :1024k
    alert-level : FATAL
    description: thing with pid 34345 died because 
        random java stacktrace 
        that is super noisy with numbers and datetimes 
Exception in thread "main" java.lang.NullPointerException
    at AnotherClassLoader.loadClass(test.java:58)
    at test.main(test.java:30)
    at Main.main(Main.java:68)
    -------------------------------------------- 
    2004-05-31T02:58:55, Critical path event 23,30,2
2004-05-31T03:10:37, Critical path event 24,25,7
2004-05-31T03:17:08, Critical path event 25,89,10
2004-05-31T03:23:34, Critical path event 26,74,2
2004-05-31T03:28:38, Misc. noise event 6,52,0
2004-05-31T03:30:50, Critical path event 27,16,3
2004-05-31T03:36:41, Misc. noise event 7,20,9
2004-05-31T03:38:29, Critical path event 28,10,4
2004-05-31T03:45:45, Critical path event 29,57,2
2004-05-31T03:53:37, Critical path event 29,44,7
2004-05-31T04:07:06, Critical path event 29,85,7
2004-05-31T04:14:30, Critical path event 29,9,0
2004-05-31T04:22:29, Critical path event 33,47,8
2004-05-31T04:26:58, Critical path event 34,97,0
2004-05-31T04:35:17, Misc. noise event 8,1,2
2004-05-31T04:35:30, Critical path event 35,95,2
2004-05-31T04:42:35, Misc. noise event 9,13,4
2004-05-31T04:44:20, Critical path event 36,88,3
2004-05-31T04:56:02, Critical path event 37,37,9
2004-05-31T05:02:33, Critical path event 38,60,1
2004-05-31T05:08:59, Critical path event 39,92,10
2004-05-31T05:14:44, Misc. noise event 10,68,9
2004-05-31T05:16:15, Critical path event 19,90,7
2004-05-31T05:23:54, Critical path event 19,13,0
2004-05-31T05:31:10, Critical path event 19,76,4
2004-05-31T05:39:02, Critical path event 19,82,5
2004-05-31T05:52:31, Critical path event 44,96,2
