--------------------------------------------------
datetime,message,random_int_1,random_int_2
--------------------------------------------------
2004-06-07T00:00, Critical path event 1,2,7
2004-06-07T00:08:03, Critical path event 2,66,2
2004-06-07T00:15:01, Misc. noise event 0,15,6
2004-06-07T00:16:40, Critical path event 3,69,9
2004-06-07T00:25:48, Critical path event 4,71,9
2004-06-07T00:35:44, Misc. noise event 1,14,9
2004-06-07T00:40:21, Critical path event 5,11,8
2004-06-07T00:44:39, Misc. noise event 2,35,10
2004-06-07T00:48:33, Critical path event 6,86,9
2004-06-07T00:57:39, Critical path event 7,19,6
2004-06-07T01:03:10, Critical path event 8,19,3
2004-06-07T01:09:29, Misc. noise event 3,87,3
2004-06-07T01:11:37, Critical path event 9,99,4
2004-06-07T01:21:01, Critical path event 9,21,0
2004-06-07T01:32:29, Critical path event 9,54,2
2004-06-07T01:38:25, Misc. noise event 4,48,9
2004-06-07T01:38:58, Critical path event 9,53,10
2004-06-07T01:46:39, Critical path event 13,34,10
2004-06-07T01:55:56, Critical path event 14,100,3
2004-06-07T02:00:43, Misc. noise event 5,57,10
2004-06-07T02:03:59, Critical path event 15,7,3
2004-06-07T02:12:36, Critical path event 16,11,2
2004-06-07T02:21:44, Critical path event 17,18,2
2004-06-07T02:36:17, Critical path event 18,81,4
2004-06-07T02:44:29, Critical path event 19,98,8
2004-06-07T02:53:35, Critical path event 19,85,6
2004-06-07T02:59:06, Critical path event 19,90,6
2004-06-07T03:04:45, Misc. noise event 6,30,2

    ----------------some other thing --------------
    filesize :1024k
    alert-level : FATAL
    description: thing with pid 34345 died because 
        random java stacktrace 
        that is super noisy with numbers and datetimes 
Exception in thread "main" java.lang.NullPointerException
    at AnotherClassLoader.loadClass(test.java:58)
    at test.main(test.java:30)
    at Main.main(Main.java:68)
    -------------------------------------------- 
    2004-06-07T03:07:33, Critical path event 19,10,4
2004-06-07T03:16:57, Critical path event 23,7,0
2004-06-07T03:28:25, Critical path event 24,59,1
2004-06-07T03:34:54, Critical path event 25,89,2
2004-06-07T03:42:35, Critical path event 26,66,2
2004-06-07T03:49:06, Misc. noise event 7,1,7
2004-06-07T03:51:52, Critical path event 27,75,6
2004-06-07T03:59:55, Critical path event 28,81,6
2004-06-07T04:08:32, Critical path event 29,83,2
2004-06-07T04:17:40, Critical path event 29,14,3
2004-06-07T04:32:13, Critical path event 29,87,5
2004-06-07T04:40:25, Critical path event 29,13,2
2004-06-07T04:49:31, Critical path event 33,59,1
2004-06-07T04:55:02, Critical path event 34,87,3
2004-06-07T05:03:29, Critical path event 35,1,9
2004-06-07T05:08:50, Misc. noise event 8,40,3
2004-06-07T05:12:53, Critical path event 36,93,9
2004-06-07T05:24:21, Critical path event 37,76,10
2004-06-07T05:30:50, Critical path event 38,5,9
2004-06-07T05:38:31, Critical path event 39,80,10
2004-06-07T05:47:48, Critical path event 19,39,7
2004-06-07T05:53:27, Misc. noise event 9,50,2
2004-06-07T05:55:51, Critical path event 19,91,7
2004-06-07T06:01:48, Misc. noise event 10,97,3
2004-06-07T06:04:28, Critical path event 19,42,7
2004-06-07T06:13:36, Critical path event 19,69,4
2004-06-07T06:28:09, Critical path event 44,23,4
