--------------------------------------------------
datetime,message,random_int_1,random_int_2
--------------------------------------------------
2004-07-25T00:00, Critical path event 1,44,7
2004-07-25T00:05:08, Misc. noise event 0,98,3
2004-07-25T00:07:31, Critical path event 2,78,7
2004-07-25T00:14:00, Critical path event 3,26,8
2004-07-25T00:21:56, Critical path event 4,42,8
2004-07-25T00:34:55, Critical path event 5,43,2
2004-07-25T00:42:23, Critical path event 6,45,6
2004-07-25T00:46:54, Misc. noise event 1,46,8
2004-07-25T00:49:07, Critical path event 7,51,8
2004-07-25T00:53:14, Critical path event 8,97,3
2004-07-25T01:00:51, Critical path event 9,30,0
2004-07-25T01:08:47, Critical path event 9,23,4
2004-07-25T01:16:49, Critical path event 9,56,0
2004-07-25T01:20:37, Misc. noise event 2,44,8
2004-07-25T01:23:24, Critical path event 9,71,0
2004-07-25T01:26:04, Misc. noise event 3,14,3
2004-07-25T01:30:06, Critical path event 13,49,8
2004-07-25T01:36:17, Critical path event 14,18,3
2004-07-25T01:41:32, Misc. noise event 4,39,7
2004-07-25T01:43:48, Critical path event 15,33,4
2004-07-25T01:50:17, Critical path event 16,38,3
2004-07-25T01:58:13, Critical path event 17,3,9
2004-07-25T02:11:12, Critical path event 18,81,0
2004-07-25T02:18:40, Critical path event 19,22,1
2004-07-25T02:25:24, Critical path event 19,64,1
2004-07-25T02:29:31, Critical path event 19,74,3
2004-07-25T02:32:10, Misc. noise event 5,12,8
2004-07-25T02:37:08, Critical path event 19,7,10
2004-07-25T02:45:04, Critical path event 23,30,4
2004-07-25T02:53:06, Critical path event 24,64,8
2004-07-25T02:57:31, Misc. noise event 6,87,10
2004-07-25T02:59:41, Critical path event 25,84,8
2004-07-25T03:06:23, Critical path event 26,19,0
2004-07-25T03:12:34, Critical path event 27,99,6
2004-07-25T03:20:05, Critical path event 28,59,8
2004-07-25T03:26:34, Critical path event 29,97,6
2004-07-25T03:33:44, Misc. noise event 7,77,7
2004-07-25T03:34:30, Critical path event 29,76,8
2004-07-25T03:47:29, Critical path event 29,0,4
2004-07-25T03:54:57, Critical path event 29,9,0
2004-07-25T03:59:44, Misc. noise event 8,62,8
2004-07-25T04:01:41, Critical path event 33,72,2
2004-07-25T04:05:48, Critical path event 34,84,2
2004-07-25T04:13:25, Critical path event 35,49,1
2004-07-25T04:21:21, Critical path event 36,42,7
2004-07-25T04:29:23, Critical path event 37,96,7
2004-07-25T04:33:24, Misc. noise event 9,32,10
2004-07-25T04:35:58, Critical path event 38,63,6
2004-07-25T04:42:40, Critical path event 39,29,6
2004-07-25T04:48:51, Critical path event 19,39,7
2004-07-25T04:56:22, Critical path event 19,49,6
2004-07-25T05:00:35, Misc. noise event 10,49,4
2004-07-25T05:02:51, Critical path event 19,89,2
2004-07-25T05:10:47, Critical path event 19,59,5
2004-07-25T05:23:46, Critical path event 44,54,0
