--------------------------------------------------
datetime,message,random_int_1,random_int_2
--------------------------------------------------
2004-12-13T23:58:42, Misc. noise event 0,32,3
2004-12-14T00:00, Critical path event 1,6,8
2004-12-14T00:08:49, Critical path event 2,6,1
2004-12-14T00:17:57, Critical path event 3,24,4
2004-12-14T00:26:02, Critical path event 4,77,6
2004-12-14T00:41:18, Critical path event 5,22,10
2004-12-14T00:47:35, Misc. noise event 1,63,4
2004-12-14T00:49:54, Critical path event 6,2,6
2004-12-14T00:57:09, Misc. noise event 2,59,6
2004-12-14T00:58:28, Critical path event 7,83,1
2004-12-14T01:03:55, Critical path event 8,78,4
2004-12-14T01:11:16, Critical path event 9,94,10
2004-12-14T01:19:11, Critical path event 9,66,6
2004-12-14T01:29:32, Critical path event 9,58,6
2004-12-14T01:37:54, Critical path event 9,17,2
2004-12-14T01:45:54, Critical path event 13,46,0
2004-12-14T01:54:37, Critical path event 14,81,5
2004-12-14T01:59:48, Misc. noise event 3,18,10
2004-12-14T02:03:26, Critical path event 15,64,5
2004-12-14T02:12:34, Critical path event 16,34,6
2004-12-14T02:20:39, Critical path event 17,49,9
2004-12-14T02:35:55, Critical path event 18,18,0
2004-12-14T02:40:31, Misc. noise event 4,28,9
2004-12-14T02:44:31, Critical path event 19,86,9
2004-12-14T02:53:05, Critical path event 19,35,7
2004-12-14T02:58:32, Misc. noise event 5,33,0
2004-12-14T02:58:32, Critical path event 19,21,0
2004-12-14T03:05:53, Critical path event 19,62,4
2004-12-14T03:12:04, Misc. noise event 6,17,7
2004-12-14T03:13:48, Critical path event 23,43,3
2004-12-14T03:24:09, Critical path event 24,9,2
2004-12-14T03:32:31, Critical path event 25,73,3
2004-12-14T03:40:31, Critical path event 26,8,2
2004-12-14T03:49:14, Critical path event 27,12,2
2004-12-14T03:54:29, Misc. noise event 7,87,2
2004-12-14T03:58:03, Critical path event 28,11,4
2004-12-14T04:02:57, Misc. noise event 8,32,7
2004-12-14T04:07:11, Critical path event 29,55,8
2004-12-14T04:12:47, Misc. noise event 9,50,5
2004-12-14T04:15:16, Critical path event 29,99,9
2004-12-14T04:30:32, Critical path event 29,57,2
2004-12-14T04:39:08, Critical path event 29,68,10
2004-12-14T04:47:42, Critical path event 33,27,4
2004-12-14T04:53:09, Critical path event 34,55,10
2004-12-14T05:00:30, Critical path event 35,27,0
2004-12-14T05:08:25, Critical path event 36,44,4
2004-12-14T05:18:46, Critical path event 37,32,10
2004-12-14T05:27:08, Critical path event 38,40,7
2004-12-14T05:34:23, Misc. noise event 10,27,10
2004-12-14T05:35:08, Critical path event 39,69,2
2004-12-14T05:43:51, Critical path event 19,6,7
2004-12-14T05:52:40, Critical path event 19,92,8
2004-12-14T06:01:48, Critical path event 19,3,10
2004-12-14T06:09:53, Critical path event 19,57,0
2004-12-14T06:25:09, Critical path event 44,96,5
