--------------------------------------------------
datetime,message,random_int_1,random_int_2
--------------------------------------------------
2004-11-15T00:00, Critical path event 1,76,5
2004-11-15T00:08:47, Misc. noise event 0,54,3
2004-11-15T00:11:56, Critical path event 2,70,2
2004-11-15T00:19:33, Critical path event 3,9,4
2004-11-15T00:27:00, Critical path event 4,86,1
2004-11-15T00:40:52, Critical path event 5,69,5
2004-11-15T00:49:01, Critical path event 6,19,8
2004-11-15T00:57:22, Critical path event 7,47,5
2004-11-15T01:03:09, Critical path event 8,32,5
2004-11-15T01:11:55, Critical path event 9,59,8
2004-11-15T01:21:02, Critical path event 9,51,1
2004-11-15T01:46:02, Critical path event 9,43,5
2004-11-15T01:51:12, Misc. noise event 1,97,2
2004-11-15T01:52:23, Critical path event 9,11,5
2004-11-15T01:58:41, Critical path event 13,10,2
2004-11-15T02:06:43, Misc. noise event 2,31,8
2004-11-15T02:06:56, Critical path event 14,3,7
2004-11-15T02:14:52, Critical path event 15,15,3
2004-11-15T02:30:29, Critical path event 16,88,3
2004-11-15T02:37:56, Critical path event 17,57,7
2004-11-15T03:05:56, Critical path event 18,13,3
2004-11-15T03:14:05, Critical path event 19,4,10
2004-11-15T03:29:46, Misc. noise event 3,42,4
2004-11-15T03:31:08, Critical path event 19,32,10
2004-11-15T03:36:18, Misc. noise event 4,63,6
2004-11-15T03:37:54, Critical path event 19,63,4
2004-11-15T03:46:40, Critical path event 19,24,4
2004-11-15T03:53:35, Misc. noise event 5,18,0

    ----------------some other thing --------------
    filesize :1024k
    alert-level : FATAL
    description: thing with pid 34345 died because 
        random java stacktrace 
        that is super noisy with numbers and datetimes 
Exception in thread "main" java.lang.NullPointerException
    at AnotherClassLoader.loadClass(test.java:58)
    at test.main(test.java:30)
    at Main.main(Main.java:68)
    -------------------------------------------- 
    2004-11-15T03:55:47, Critical path event 23,81,1
2004-11-15T04:08:13, Misc. noise event 6,55,10
2004-11-15T04:09:07, Critical path event 24,2,4
2004-11-15T04:15:28, Critical path event 25,63,10
2004-11-15T04:30:21, Critical path event 26,93,0
2004-11-15T04:34:52, Misc. noise event 7,50,6
2004-11-15T04:38:36, Critical path event 27,83,1
2004-11-15T04:46:32, Critical path event 28,23,4
2004-11-15T04:54:09, Critical path event 29,17,5
2004-11-15T05:01:36, Critical path event 29,4,0
2004-11-15T05:33:39, Critical path event 29,83,7
2004-11-15T05:41:48, Critical path event 29,67,1
2004-11-15T05:50:09, Critical path event 33,47,9
2004-11-15T05:55:56, Critical path event 34,34,2
2004-11-15T06:04:42, Critical path event 35,79,7
2004-11-15T06:13:49, Critical path event 36,82,7
2004-11-15T06:24:36, Critical path event 37,95,1
2004-11-15T06:30:57, Critical path event 38,83,7
2004-11-15T06:37:15, Critical path event 39,14,3
2004-11-15T06:45:30, Critical path event 19,8,9
2004-11-15T06:51:58, Misc. noise event 8,55,0
2004-11-15T06:53:26, Critical path event 19,35,6
2004-11-15T06:59:44, Misc. noise event 9,28,10
2004-11-15T07:01:03, Critical path event 19,10,2
2004-11-15T07:05:47, Misc. noise event 10,30,5
2004-11-15T07:08:30, Critical path event 19,59,0
2004-11-15T07:22:22, Critical path event 44,14,1
