--------------------------------------------------
datetime,message,random_int_1,random_int_2
--------------------------------------------------
2004-11-07T23:59:27, Misc. noise event 0,19,1
2004-11-08T00:00, Critical path event 1,97,4
2004-11-08T00:08:26, Critical path event 2,100,6
2004-11-08T00:16:30, Critical path event 3,9,4
2004-11-08T00:25:43, Critical path event 4,87,9
2004-11-08T00:41:01, Critical path event 5,48,3
2004-11-08T00:49:42, Critical path event 6,17,4
2004-11-08T00:57:18, Misc. noise event 1,64,4
2004-11-08T00:59:14, Critical path event 7,77,8
2004-11-08T01:04:34, Misc. noise event 2,43,3
2004-11-08T01:05:01, Critical path event 8,39,3
2004-11-08T01:14:18, Critical path event 9,38,9
2004-11-08T01:23:52, Critical path event 9,78,5
2004-11-08T01:35:47, Critical path event 9,48,1
2004-11-08T01:43:49, Critical path event 9,60,1
2004-11-08T01:49:53, Critical path event 13,55,7
2004-11-08T01:57:06, Critical path event 14,48,1
2004-11-08T02:05:32, Critical path event 15,26,7
2004-11-08T02:13:36, Critical path event 16,62,5
2004-11-08T02:22:49, Critical path event 17,98,10
2004-11-08T02:38:07, Critical path event 18,58,4
2004-11-08T02:46:48, Critical path event 19,70,1
2004-11-08T02:53:33, Misc. noise event 3,64,9
2004-11-08T02:56:20, Critical path event 19,39,4
2004-11-08T02:58:22, Misc. noise event 4,59,8
2004-11-08T03:02:07, Critical path event 19,83,2
2004-11-08T03:11:24, Critical path event 19,9,4
2004-11-08T03:20:58, Critical path event 23,53,8

    ----------------some other thing --------------
    filesize :1024k
    alert-level : FATAL
    description: thing with pid 34345 died because 
        random java stacktrace 
        that is super noisy with numbers and datetimes 
Exception in thread "main" java.lang.NullPointerException
    at AnotherClassLoader.loadClass(test.java:58)
    at test.main(test.java:30)
    at Main.main(Main.java:68)
    -------------------------------------------- 
    2004-11-08T03:32:53, Critical path event 24,36,2
2004-11-08T03:40:55, Critical path event 25,27,4
2004-11-08T03:46:59, Critical path event 26,42,4
2004-11-08T03:50:12, Misc. noise event 5,58,4
2004-11-08T03:54:12, Critical path event 27,34,7
2004-11-08T04:02:38, Critical path event 28,89,0
2004-11-08T04:05:45, Misc. noise event 6,99,3
2004-11-08T04:10:42, Critical path event 29,48,10
2004-11-08T04:17:22, Misc. noise event 7,57,1
2004-11-08T04:19:55, Critical path event 29,61,8
2004-11-08T04:35:13, Critical path event 29,63,2
2004-11-08T04:43:54, Critical path event 29,34,4
2004-11-08T04:51:17, Misc. noise event 8,94,0
2004-11-08T04:53:26, Critical path event 33,18,10
2004-11-08T04:58:35, Misc. noise event 9,15,3
2004-11-08T04:59:13, Critical path event 34,52,7
2004-11-08T05:08:30, Critical path event 35,38,6
2004-11-08T05:18:04, Critical path event 36,93,4
2004-11-08T05:29:59, Critical path event 37,71,0
2004-11-08T05:38:01, Critical path event 38,58,4
2004-11-08T05:39:07, Misc. noise event 10,28,9
2004-11-08T05:44:05, Critical path event 39,96,9
2004-11-08T05:51:18, Critical path event 19,79,8
2004-11-08T05:59:44, Critical path event 19,96,8
2004-11-08T06:07:48, Critical path event 19,33,6
2004-11-08T06:17:01, Critical path event 19,11,4
2004-11-08T06:32:19, Critical path event 44,34,9
