--------------------------------------------------
datetime,message,random_int_1,random_int_2
--------------------------------------------------
2004-04-05T00:00, Critical path event 1,13,1
2004-04-05T00:08:00, Critical path event 2,65,6
2004-04-05T00:16:13, Misc. noise event 0,62,6
2004-04-05T00:16:38, Critical path event 3,37,1
2004-04-05T00:21:59, Misc. noise event 1,73,4
2004-04-05T00:25:07, Critical path event 4,76,8
2004-04-05T00:39:17, Critical path event 5,48,4
2004-04-05T00:48:47, Critical path event 6,28,10
2004-04-05T00:57:51, Critical path event 7,22,8
2004-04-05T01:02:57, Critical path event 8,1,8
2004-04-05T01:11:07, Critical path event 9,18,9
2004-04-05T01:17:57, Misc. noise event 2,24,4
2004-04-05T01:19:30, Critical path event 9,21,1
2004-04-05T01:27:21, Misc. noise event 3,45,3
2004-04-05T01:31:27, Critical path event 9,49,1
2004-04-05T01:34:58, Misc. noise event 4,20,5
2004-04-05T01:37:52, Critical path event 9,94,9
2004-04-05T01:46:14, Critical path event 13,79,0
2004-04-05T01:55:38, Critical path event 14,76,3
2004-04-05T02:03:38, Critical path event 15,22,8
2004-04-05T02:12:16, Critical path event 16,90,2
2004-04-05T02:20:36, Misc. noise event 5,16,0
2004-04-05T02:20:45, Critical path event 17,1,2
2004-04-05T02:34:55, Critical path event 18,86,5
2004-04-05T02:40:09, Misc. noise event 6,59,0
2004-04-05T02:44:25, Critical path event 19,52,2
2004-04-05T02:53:29, Critical path event 19,66,1
2004-04-05T02:58:35, Critical path event 19,50,2

    ----------------some other thing --------------
    filesize :1024k
    alert-level : FATAL
    description: thing with pid 34345 died because 
        random java stacktrace 
        that is super noisy with numbers and datetimes 
Exception in thread "main" java.lang.NullPointerException
    at AnotherClassLoader.loadClass(test.java:58)
    at test.main(test.java:30)
    at Main.main(Main.java:68)
    -------------------------------------------- 
    2004-04-05T03:06:45, Critical path event 19,28,6
2004-04-05T03:14:16, Misc. noise event 7,51,6
2004-04-05T03:15:08, Critical path event 23,55,5
2004-04-05T03:27:05, Critical path event 24,63,3
2004-04-05T03:33:30, Critical path event 25,97,7
2004-04-05T03:41:52, Critical path event 26,8,10
2004-04-05T03:51:16, Critical path event 27,24,9
2004-04-05T03:59:16, Critical path event 28,56,9
2004-04-05T04:07:54, Critical path event 29,71,8
2004-04-05T04:16:23, Critical path event 29,66,6
2004-04-05T04:30:33, Critical path event 29,69,0
2004-04-05T04:40:03, Critical path event 29,46,9
2004-04-05T04:49:07, Critical path event 33,16,7
2004-04-05T04:54:13, Critical path event 34,10,2
2004-04-05T05:02:23, Critical path event 35,56,6
2004-04-05T05:10:46, Critical path event 36,98,4
2004-04-05T05:22:43, Critical path event 37,84,10
2004-04-05T05:29:08, Critical path event 38,4,7
2004-04-05T05:37:30, Critical path event 39,9,0
2004-04-05T05:45:41, Misc. noise event 8,71,6
2004-04-05T05:46:54, Critical path event 19,40,8
2004-04-05T05:52:40, Misc. noise event 9,90,10
2004-04-05T05:54:54, Critical path event 19,38,10
2004-04-05T05:59:48, Misc. noise event 10,34,0
2004-04-05T06:03:32, Critical path event 19,59,10
2004-04-05T06:12:01, Critical path event 19,60,7
2004-04-05T06:26:11, Critical path event 44,16,1
