--------------------------------------------------
datetime,message,random_int_1,random_int_2
--------------------------------------------------
2004-09-11T00:00, Critical path event 1,1,1
2004-09-11T00:03:08, Misc. noise event 0,33,0
2004-09-11T00:06:07, Critical path event 2,27,3
2004-09-11T00:13:19, Critical path event 3,53,1
2004-09-11T00:19:21, Critical path event 4,34,6
2004-09-11T00:31:30, Critical path event 5,41,6
2004-09-11T00:37:36, Critical path event 6,94,7
2004-09-11T00:44:18, Critical path event 7,38,5
2004-09-11T00:47:36, Critical path event 8,11,7
2004-09-11T00:53:55, Critical path event 9,27,7
2004-09-11T00:57:46, Misc. noise event 1,14,9
2004-09-11T01:00:56, Critical path event 9,16,9
2004-09-11T01:10:39, Critical path event 9,23,4
2004-09-11T01:16:47, Critical path event 9,90,6
2004-09-11T01:23:28, Critical path event 13,43,6
2004-09-11T01:31:07, Critical path event 14,62,3
2004-09-11T01:36:16, Misc. noise event 2,86,10
2004-09-11T01:37:14, Critical path event 15,98,3
2004-09-11T01:41:39, Misc. noise event 3,20,5
2004-09-11T01:44:26, Critical path event 16,11,4
2004-09-11T01:50:28, Critical path event 17,95,2
2004-09-11T01:59:36, Misc. noise event 4,59,9
2004-09-11T02:02:37, Critical path event 18,31,3
2004-09-11T02:08:43, Critical path event 19,25,7
2004-09-11T02:12:53, Misc. noise event 5,99,6
2004-09-11T02:15:25, Critical path event 19,43,5
2004-09-11T02:14:32, Misc. noise event 6,100,4
2004-09-11T02:18:43, Critical path event 19,94,6
2004-09-11T02:25:02, Critical path event 19,14,0
2004-09-11T02:27:25, Misc. noise event 7,27,6
2004-09-11T02:32:03, Critical path event 23,64,0
2004-09-11T02:41:46, Critical path event 24,25,2
2004-09-11T02:47:54, Critical path event 25,0,2
2004-09-11T02:54:35, Critical path event 26,75,1
2004-09-11T03:02:14, Critical path event 27,48,7
2004-09-11T03:05:05, Misc. noise event 8,2,10
2004-09-11T03:08:21, Critical path event 28,61,5
2004-09-11T03:15:33, Critical path event 29,47,8
2004-09-11T03:21:02, Misc. noise event 9,24,10
2004-09-11T03:21:35, Critical path event 29,73,1
2004-09-11T03:33:44, Critical path event 29,23,9
2004-09-11T03:39:50, Critical path event 29,42,10
2004-09-11T03:46:32, Critical path event 33,30,2
2004-09-11T03:49:50, Critical path event 34,92,6
2004-09-11T03:56:09, Critical path event 35,22,1
2004-09-11T04:03:10, Critical path event 36,41,2
2004-09-11T04:12:53, Critical path event 37,86,10
2004-09-11T04:19:01, Critical path event 38,93,1
2004-09-11T04:25:42, Critical path event 39,64,4
2004-09-11T04:33:21, Critical path event 19,52,2
2004-09-11T04:39:28, Critical path event 19,97,1
2004-09-11T04:46:40, Critical path event 19,8,5
2004-09-11T04:52:42, Critical path event 19,43,5
2004-09-11T05:00:21, Misc. noise event 10,99,7
2004-09-11T05:04:51, Critical path event 44,24,10
