--------------------------------------------------
datetime,message,random_int_1,random_int_2
--------------------------------------------------
2004-06-28T00:00, Critical path event 1,34,4
2004-06-28T00:04:40, Misc. noise event 0,43,7
2004-06-28T00:08:01, Critical path event 2,3,4
2004-06-28T00:15:33, Critical path event 3,2,7
2004-06-28T00:24:51, Critical path event 4,93,9
2004-06-28T00:39:01, Critical path event 5,26,5
2004-06-28T00:46:41, Critical path event 6,9,8
2004-06-28T00:55:26, Critical path event 7,15,2
2004-06-28T01:11:08, Critical path event 8,7,8
2004-06-28T01:20:02, Critical path event 9,40,10
2004-06-28T01:25:51, Misc. noise event 1,49,1
2004-06-28T01:27:18, Critical path event 9,49,2
2004-06-28T01:43:15, Critical path event 9,3,4
2004-06-28T01:49:41, Critical path event 9,34,8
2004-06-28T01:56:37, Critical path event 13,31,3
2004-06-28T02:04:54, Misc. noise event 2,23,1
2004-06-28T02:05:11, Critical path event 14,41,9
2004-06-28T02:13:12, Critical path event 15,66,0
2004-06-28T02:16:05, Misc. noise event 3,97,0
2004-06-28T02:20:44, Critical path event 16,51,7
2004-06-28T02:42:54, Misc. noise event 4,26,8
2004-06-28T02:45:18, Critical path event 17,31,2
2004-06-28T02:59:28, Critical path event 18,93,7
2004-06-28T03:06:59, Misc. noise event 5,93,9
2004-06-28T03:07:08, Critical path event 19,70,2
2004-06-28T03:15:45, Misc. noise event 6,37,3
2004-06-28T03:15:53, Critical path event 19,16,9
2004-06-28T03:21:21, Misc. noise event 7,2,6

    ----------------some other thing --------------
    filesize :1024k
    alert-level : FATAL
    description: thing with pid 34345 died because 
        random java stacktrace 
        that is super noisy with numbers and datetimes 
Exception in thread "main" java.lang.NullPointerException
    at AnotherClassLoader.loadClass(test.java:58)
    at test.main(test.java:30)
    at Main.main(Main.java:68)
    -------------------------------------------- 
    2004-06-28T03:21:41, Critical path event 19,57,4
2004-06-28T03:30:35, Critical path event 19,64,8
2004-06-28T03:37:51, Critical path event 23,39,6
2004-06-28T04:08:11, Critical path event 24,0,8
2004-06-28T04:14:37, Critical path event 25,25,10
2004-06-28T04:21:33, Critical path event 26,93,10
2004-06-28T04:30:07, Critical path event 27,31,7
2004-06-28T04:38:08, Critical path event 28,10,7
2004-06-28T04:53:16, Critical path event 29,83,9
2004-06-28T05:02:34, Critical path event 29,61,8
2004-06-28T05:16:44, Critical path event 29,9,10
2004-06-28T05:24:24, Critical path event 29,37,9
2004-06-28T05:30:00, Misc. noise event 8,51,10
2004-06-28T05:33:09, Critical path event 33,90,7
2004-06-28T05:38:57, Critical path event 34,0,3
2004-06-28T05:47:51, Critical path event 35,61,0
2004-06-28T05:55:07, Critical path event 36,59,0
2004-06-28T06:05:41, Misc. noise event 9,63,3
2004-06-28T06:07:02, Critical path event 37,49,2
2004-06-28T06:13:28, Critical path event 38,84,9
2004-06-28T06:20:24, Critical path event 39,42,10
2004-06-28T06:28:58, Critical path event 19,65,10
2004-06-28T06:36:59, Critical path event 19,93,4
2004-06-28T06:44:31, Critical path event 19,26,8
2004-06-28T06:53:49, Critical path event 19,99,8
2004-06-28T07:06:22, Misc. noise event 10,51,8
2004-06-28T07:07:59, Critical path event 44,51,1
