--------------------------------------------------
datetime,message,random_int_1,random_int_2
--------------------------------------------------
2004-02-22T23:57:12, Misc. noise event 0,20,10
2004-02-23T00:00, Critical path event 1,83,1
2004-02-23T00:09:00, Critical path event 2,86,2
2004-02-23T00:13:28, Misc. noise event 1,41,10
2004-02-23T00:16:51, Critical path event 3,93,10
2004-02-23T00:24:48, Critical path event 4,25,1
2004-02-23T00:39:07, Critical path event 5,14,7
2004-02-23T00:46:47, Critical path event 6,68,9
2004-02-23T00:54:16, Critical path event 7,22,6
2004-02-23T00:58:19, Misc. noise event 2,10,8
2004-02-23T01:00:09, Critical path event 8,93,10
2004-02-23T01:07:37, Critical path event 9,36,10
2004-02-23T01:14:58, Critical path event 9,83,10
2004-02-23T01:24:55, Critical path event 9,95,5
2004-02-23T01:32:59, Critical path event 9,0,8
2004-02-23T01:39:22, Critical path event 13,69,10
2004-02-23T01:47:03, Critical path event 14,7,10
2004-02-23T01:53:36, Misc. noise event 3,36,5
2004-02-23T01:56:03, Critical path event 15,61,3
2004-02-23T02:03:54, Critical path event 16,96,8
2004-02-23T02:07:43, Misc. noise event 4,83,6
2004-02-23T02:11:51, Critical path event 17,41,6
2004-02-23T02:26:10, Critical path event 18,70,0
2004-02-23T02:33:50, Critical path event 19,67,4
2004-02-23T02:41:19, Critical path event 19,12,7
2004-02-23T02:47:12, Critical path event 19,80,1
2004-02-23T02:54:35, Misc. noise event 5,57,9
2004-02-23T02:54:40, Critical path event 19,8,2

    ----------------some other thing --------------
    filesize :1024k
    alert-level : FATAL
    description: thing with pid 34345 died because 
        random java stacktrace 
        that is super noisy with numbers and datetimes 
Exception in thread "main" java.lang.NullPointerException
    at AnotherClassLoader.loadClass(test.java:58)
    at test.main(test.java:30)
    at Main.main(Main.java:68)
    -------------------------------------------- 
    2004-02-23T03:02:01, Critical path event 23,77,3
2004-02-23T03:11:58, Critical path event 24,75,0
2004-02-23T03:20:02, Critical path event 25,44,4
2004-02-23T03:26:25, Critical path event 26,37,8
2004-02-23T03:34:06, Critical path event 27,85,5
2004-02-23T03:43:06, Critical path event 28,72,8
2004-02-23T03:50:57, Critical path event 29,16,9
2004-02-23T03:58:16, Misc. noise event 6,36,9
2004-02-23T03:58:54, Critical path event 29,64,8
2004-02-23T04:13:13, Critical path event 29,71,10
2004-02-23T04:18:25, Misc. noise event 7,48,2
2004-02-23T04:20:53, Critical path event 29,41,3
2004-02-23T04:26:47, Misc. noise event 8,64,1
2004-02-23T04:28:22, Critical path event 33,96,10
2004-02-23T04:34:15, Critical path event 34,12,10
2004-02-23T04:41:43, Critical path event 35,87,1
2004-02-23T04:44:44, Misc. noise event 9,69,5
2004-02-23T04:49:04, Critical path event 36,19,8
2004-02-23T04:59:01, Critical path event 37,89,4
2004-02-23T05:07:05, Critical path event 38,20,0
2004-02-23T05:13:28, Critical path event 39,100,3
2004-02-23T05:21:09, Critical path event 19,78,7
2004-02-23T05:30:09, Critical path event 19,74,7
2004-02-23T05:38:00, Critical path event 19,35,7
2004-02-23T05:44:23, Misc. noise event 10,70,0
2004-02-23T05:45:57, Critical path event 19,99,1
2004-02-23T06:00:16, Critical path event 44,36,1
