--------------------------------------------------
datetime,message,random_int_1,random_int_2
--------------------------------------------------
2004-04-26T00:00, Critical path event 1,59,4
2004-04-26T00:07:57, Critical path event 2,57,9
2004-04-26T00:17:14, Critical path event 3,87,0
2004-04-26T00:24:50, Critical path event 4,14,2
2004-04-26T00:39:35, Critical path event 5,34,4
2004-04-26T00:47:22, Critical path event 6,21,4
2004-04-26T00:54:51, Critical path event 7,79,3
2004-04-26T00:58:51, Critical path event 8,77,0
2004-04-26T01:08:13, Critical path event 9,58,7
2004-04-26T01:12:41, Misc. noise event 0,49,10
2004-04-26T01:17:35, Critical path event 9,83,1
2004-04-26T01:29:26, Critical path event 9,77,4
2004-04-26T01:36:43, Critical path event 9,97,9
2004-04-26T01:44:37, Critical path event 13,15,10
2004-04-26T01:52:49, Critical path event 14,58,1
2004-04-26T02:00:46, Critical path event 15,40,7
2004-04-26T02:10:03, Critical path event 16,100,1
2004-04-26T02:14:14, Misc. noise event 1,21,2
2004-04-26T02:17:39, Critical path event 17,86,5
2004-04-26T02:29:53, Misc. noise event 2,73,2
2004-04-26T02:32:24, Critical path event 18,21,3
2004-04-26T02:35:47, Misc. noise event 3,83,0
2004-04-26T02:40:11, Critical path event 19,29,6
2004-04-26T02:47:40, Critical path event 19,50,7
2004-04-26T02:51:40, Critical path event 19,71,4
2004-04-26T02:58:05, Misc. noise event 4,34,0
2004-04-26T03:01:02, Critical path event 19,80,1
2004-04-26T03:10:24, Critical path event 23,37,10

    ----------------some other thing --------------
    filesize :1024k
    alert-level : FATAL
    description: thing with pid 34345 died because 
        random java stacktrace 
        that is super noisy with numbers and datetimes 
Exception in thread "main" java.lang.NullPointerException
    at AnotherClassLoader.loadClass(test.java:58)
    at test.main(test.java:30)
    at Main.main(Main.java:68)
    -------------------------------------------- 
    2004-04-26T03:22:15, Critical path event 24,80,4
2004-04-26T03:24:32, Misc. noise event 5,62,10
2004-04-26T03:29:32, Critical path event 25,51,7
2004-04-26T03:37:26, Critical path event 26,76,6
2004-04-26T03:45:38, Critical path event 27,36,9
2004-04-26T03:53:35, Critical path event 28,55,10
2004-04-26T04:02:05, Misc. noise event 6,85,3
2004-04-26T04:02:52, Critical path event 29,71,3
2004-04-26T04:10:28, Critical path event 29,52,5
2004-04-26T04:25:13, Critical path event 29,39,1
2004-04-26T04:33:00, Critical path event 29,25,6
2004-04-26T04:40:29, Critical path event 33,79,10
2004-04-26T04:44:29, Critical path event 34,20,5
2004-04-26T04:53:51, Critical path event 35,81,7
2004-04-26T05:03:13, Critical path event 36,86,2
2004-04-26T05:12:57, Misc. noise event 7,27,7
2004-04-26T05:15:04, Critical path event 37,49,8
2004-04-26T05:18:38, Misc. noise event 8,92,0
2004-04-26T05:22:21, Critical path event 38,60,2
2004-04-26T05:30:15, Critical path event 39,54,5
2004-04-26T05:38:02, Misc. noise event 9,79,8
2004-04-26T05:38:27, Critical path event 19,79,4
2004-04-26T05:46:24, Critical path event 19,82,9
2004-04-26T05:55:41, Critical path event 19,91,3
2004-04-26T05:59:39, Misc. noise event 10,56,8
2004-04-26T06:03:17, Critical path event 19,28,0
2004-04-26T06:18:02, Critical path event 44,67,1
