--------------------------------------------------
datetime,message,random_int_1,random_int_2
--------------------------------------------------
2004-08-23T00:00, Critical path event 1,20,10
2004-08-23T00:08:45, Critical path event 2,67,5
2004-08-23T00:14:23, Misc. noise event 0,94,5
2004-08-23T00:18:01, Critical path event 3,1,1
2004-08-23T00:24:40, Misc. noise event 1,97,5
2004-08-23T00:26:11, Critical path event 4,30,1
2004-08-23T00:36:38, Misc. noise event 2,80,10
2004-08-23T00:40:19, Critical path event 5,99,5
2004-08-23T00:49:29, Critical path event 6,73,0
2004-08-23T00:56:50, Critical path event 7,71,10
2004-08-23T01:00:40, Critical path event 8,18,4
2004-08-23T01:08:29, Critical path event 9,69,9
2004-08-23T01:17:57, Critical path event 9,91,6
2004-08-23T01:28:26, Critical path event 9,11,2
2004-08-23T01:35:12, Critical path event 9,100,1
2004-08-23T01:38:18, Misc. noise event 3,42,7
2004-08-23T01:42:28, Critical path event 13,1,3
2004-08-23T01:47:18, Misc. noise event 4,67,4
2004-08-23T01:52:02, Critical path event 14,50,2
2004-08-23T02:00:47, Critical path event 15,44,5
2004-08-23T02:10:03, Critical path event 16,76,0
2004-08-23T02:18:13, Critical path event 17,64,9
2004-08-23T02:32:21, Critical path event 18,60,1
2004-08-23T02:41:31, Critical path event 19,65,7
2004-08-23T02:48:52, Critical path event 19,3,3
2004-08-23T02:52:04, Misc. noise event 5,51,5
2004-08-23T02:52:42, Critical path event 19,35,4
2004-08-23T03:00:31, Critical path event 19,33,4

    ----------------some other thing --------------
    filesize :1024k
    alert-level : FATAL
    description: thing with pid 34345 died because 
        random java stacktrace 
        that is super noisy with numbers and datetimes 
Exception in thread "main" java.lang.NullPointerException
    at AnotherClassLoader.loadClass(test.java:58)
    at test.main(test.java:30)
    at Main.main(Main.java:68)
    -------------------------------------------- 
    2004-08-23T03:06:29, Misc. noise event 6,97,7
2004-08-23T03:09:59, Critical path event 23,10,4
2004-08-23T03:20:28, Critical path event 24,76,7
2004-08-23T03:23:03, Misc. noise event 7,61,6
2004-08-23T03:27:14, Critical path event 25,2,3
2004-08-23T03:34:30, Critical path event 26,75,6
2004-08-23T03:44:04, Critical path event 27,7,4
2004-08-23T03:52:49, Critical path event 28,60,9
2004-08-23T04:02:05, Critical path event 29,26,1
2004-08-23T04:10:15, Critical path event 29,96,4
2004-08-23T04:24:23, Critical path event 29,74,1
2004-08-23T04:29:39, Misc. noise event 8,98,10
2004-08-23T04:33:33, Critical path event 29,90,2
2004-08-23T04:40:54, Critical path event 33,18,10
2004-08-23T04:44:44, Critical path event 34,88,7
2004-08-23T04:52:33, Critical path event 35,87,7
2004-08-23T05:02:01, Critical path event 36,34,4
2004-08-23T05:11:18, Misc. noise event 9,78,9
2004-08-23T05:12:30, Critical path event 37,83,6
2004-08-23T05:19:16, Critical path event 38,7,9
2004-08-23T05:26:32, Critical path event 39,49,7
2004-08-23T05:36:06, Critical path event 19,44,10
2004-08-23T05:43:04, Misc. noise event 10,43,1
2004-08-23T05:44:51, Critical path event 19,65,6
2004-08-23T05:54:07, Critical path event 19,67,6
2004-08-23T06:02:17, Critical path event 19,28,2
2004-08-23T06:16:25, Critical path event 44,40,4
