--------------------------------------------------
datetime,message,random_int_1,random_int_2
--------------------------------------------------
2004-02-02T00:00, Critical path event 1,8,10
2004-02-02T00:04:07, Misc. noise event 0,59,10
2004-02-02T00:07:20, Critical path event 2,60,10
2004-02-02T00:11:51, Misc. noise event 1,97,3
2004-02-02T00:15:00, Critical path event 3,90,7
2004-02-02T00:20:36, Misc. noise event 2,90,10
2004-02-02T00:23:57, Critical path event 4,52,10
2004-02-02T00:36:06, Misc. noise event 3,19,5
2004-02-02T00:38:10, Critical path event 5,0,9
2004-02-02T00:46:02, Critical path event 6,66,0
2004-02-02T00:53:18, Critical path event 7,26,5
2004-02-02T00:56:58, Critical path event 8,96,6
2004-02-02T01:04:58, Critical path event 9,40,4
2004-02-02T01:14:00, Critical path event 9,63,10
2004-02-02T01:25:08, Critical path event 9,98,1
2004-02-02T01:33:29, Critical path event 9,37,2
2004-02-02T01:41:43, Critical path event 13,23,8
2004-02-02T01:49:32, Critical path event 14,61,3
2004-02-02T01:56:52, Critical path event 15,59,1
2004-02-02T02:04:32, Critical path event 16,23,0
2004-02-02T02:13:29, Critical path event 17,7,8
2004-02-02T02:27:42, Critical path event 18,14,10
2004-02-02T02:35:34, Critical path event 19,94,3
2004-02-02T02:40:55, Misc. noise event 4,47,9
2004-02-02T02:42:50, Critical path event 19,12,6
2004-02-02T02:42:47, Misc. noise event 5,62,1
2004-02-02T02:46:30, Critical path event 19,60,3
2004-02-02T02:50:52, Misc. noise event 6,38,9

    ----------------some other thing --------------
    filesize :1024k
    alert-level : FATAL
    description: thing with pid 34345 died because 
        random java stacktrace 
        that is super noisy with numbers and datetimes 
Exception in thread "main" java.lang.NullPointerException
    at AnotherClassLoader.loadClass(test.java:58)
    at test.main(test.java:30)
    at Main.main(Main.java:68)
    -------------------------------------------- 
    2004-02-02T02:54:30, Critical path event 19,39,10
2004-02-02T03:03:32, Critical path event 23,17,2
2004-02-02T03:14:40, Critical path event 24,1,9
2004-02-02T03:23:01, Critical path event 25,100,0
2004-02-02T03:31:15, Critical path event 26,97,7
2004-02-02T03:39:04, Critical path event 27,53,4
2004-02-02T03:46:24, Critical path event 28,7,5
2004-02-02T03:54:04, Critical path event 29,3,3
2004-02-02T04:03:01, Critical path event 29,70,6
2004-02-02T04:16:22, Misc. noise event 7,34,1
2004-02-02T04:17:14, Critical path event 29,30,8
2004-02-02T04:25:06, Critical path event 29,62,3
2004-02-02T04:29:39, Misc. noise event 8,85,5
2004-02-02T04:32:22, Critical path event 33,31,10
2004-02-02T04:36:02, Critical path event 34,42,2
2004-02-02T04:44:02, Critical path event 35,84,7
2004-02-02T04:53:04, Critical path event 36,30,10
2004-02-02T05:02:21, Misc. noise event 9,59,3
2004-02-02T05:04:12, Critical path event 37,100,2
2004-02-02T05:12:33, Critical path event 38,55,2
2004-02-02T05:20:47, Critical path event 39,32,9
2004-02-02T05:28:36, Critical path event 19,23,2
2004-02-02T05:35:56, Critical path event 19,31,6
2004-02-02T05:39:44, Misc. noise event 10,12,7
2004-02-02T05:43:36, Critical path event 19,55,3
2004-02-02T05:52:33, Critical path event 19,0,9
2004-02-02T06:06:46, Critical path event 44,78,9
