--------------------------------------------------
datetime,message,random_int_1,random_int_2
--------------------------------------------------
2004-04-15T23:58:46, Misc. noise event 0,48,7
2004-04-16T00:00, Critical path event 1,66,1
2004-04-16T00:04:11, Misc. noise event 1,29,0
2004-04-16T00:08:48, Critical path event 2,83,3
2004-04-16T00:18:17, Critical path event 3,80,5
2004-04-16T00:22:28, Misc. noise event 2,58,7
2004-04-16T00:25:50, Critical path event 4,7,0
2004-04-16T00:39:49, Critical path event 5,11,10
2004-04-16T00:47:03, Critical path event 6,3,3
2004-04-16T00:56:24, Critical path event 7,6,0
2004-04-16T01:00:26, Critical path event 8,27,5
2004-04-16T01:04:22, Misc. noise event 3,14,0
2004-04-16T01:08:16, Critical path event 9,58,6
2004-04-16T01:16:29, Critical path event 9,22,3
2004-04-16T01:27:40, Critical path event 9,50,4
2004-04-16T01:34:36, Critical path event 9,61,1
2004-04-16T01:41:51, Critical path event 13,80,7
2004-04-16T01:45:13, Misc. noise event 4,79,8
2004-04-16T01:49:26, Critical path event 14,33,8
2004-04-16T01:58:14, Critical path event 15,63,7
2004-04-16T02:07:43, Critical path event 16,9,4
2004-04-16T02:15:07, Misc. noise event 5,82,3
2004-04-16T02:15:16, Critical path event 17,39,0
2004-04-16T02:29:15, Critical path event 18,43,6
2004-04-16T02:36:29, Critical path event 19,93,8
2004-04-16T02:45:50, Critical path event 19,49,6
2004-04-16T02:49:52, Critical path event 19,52,0
2004-04-16T02:57:42, Critical path event 19,13,4
2004-04-16T03:05:55, Critical path event 23,33,2
2004-04-16T03:17:06, Critical path event 24,93,10
2004-04-16T03:24:02, Critical path event 25,36,6
2004-04-16T03:31:17, Critical path event 26,28,3
2004-04-16T03:36:20, Misc. noise event 6,49,3
2004-04-16T03:38:52, Critical path event 27,39,10
2004-04-16T03:47:40, Critical path event 28,3,3
2004-04-16T03:57:09, Critical path event 29,4,10
2004-04-16T04:04:42, Critical path event 29,42,6
2004-04-16T04:18:41, Critical path event 29,32,4
2004-04-16T04:23:27, Misc. noise event 7,56,8
2004-04-16T04:25:55, Critical path event 29,16,7
2004-04-16T04:35:16, Critical path event 33,57,0
2004-04-16T04:39:18, Critical path event 34,15,6
2004-04-16T04:46:35, Misc. noise event 8,33,9
2004-04-16T04:47:08, Critical path event 35,81,6
2004-04-16T04:55:21, Critical path event 36,72,8
2004-04-16T05:06:32, Critical path event 37,40,2
2004-04-16T05:13:28, Critical path event 38,40,2
2004-04-16T05:19:24, Misc. noise event 9,18,2
2004-04-16T05:20:43, Critical path event 39,18,7
2004-04-16T05:27:10, Misc. noise event 10,80,8
2004-04-16T05:28:18, Critical path event 19,81,4
2004-04-16T05:37:06, Critical path event 19,17,8
2004-04-16T05:46:35, Critical path event 19,13,4
2004-04-16T05:54:08, Critical path event 19,88,1
2004-04-16T06:08:07, Critical path event 44,78,0
