--------------------------------------------------
datetime,message,random_int_1,random_int_2
--------------------------------------------------
2004-07-25T23:58:31, Misc. noise event 0,43,0
2004-07-26T00:00, Critical path event 1,1,4
2004-07-26T00:07:20, Critical path event 2,58,9
2004-07-26T00:16:15, Misc. noise event 1,69,9
2004-07-26T00:16:47, Critical path event 3,26,1
2004-07-26T00:24:45, Critical path event 4,48,1
2004-07-26T00:38:33, Critical path event 5,13,1
2004-07-26T00:45:55, Critical path event 6,38,2
2004-07-26T00:55:24, Critical path event 7,33,1
2004-07-26T01:01:08, Critical path event 8,83,4
2004-07-26T01:04:57, Misc. noise event 2,8,8
2004-07-26T01:09:52, Critical path event 9,47,1
2004-07-26T01:17:38, Critical path event 9,81,4
2004-07-26T01:28:04, Critical path event 9,71,3
2004-07-26T01:34:55, Critical path event 9,14,2
2004-07-26T01:42:37, Critical path event 13,48,10
2004-07-26T01:52:09, Critical path event 14,39,2
2004-07-26T01:59:29, Critical path event 15,11,6
2004-07-26T02:08:56, Critical path event 16,90,4
2004-07-26T02:14:33, Misc. noise event 3,5,10
2004-07-26T02:16:54, Critical path event 17,64,8
2004-07-26T02:30:42, Critical path event 18,69,3
2004-07-26T02:38:04, Critical path event 19,49,7
2004-07-26T02:47:33, Critical path event 19,63,7
2004-07-26T02:50:17, Misc. noise event 4,61,9
2004-07-26T02:53:17, Critical path event 19,28,7
2004-07-26T03:02:01, Critical path event 19,7,5
2004-07-26T03:05:18, Misc. noise event 5,48,8

    ----------------some other thing --------------
    filesize :1024k
    alert-level : FATAL
    description: thing with pid 34345 died because 
        random java stacktrace 
        that is super noisy with numbers and datetimes 
Exception in thread "main" java.lang.NullPointerException
    at AnotherClassLoader.loadClass(test.java:58)
    at test.main(test.java:30)
    at Main.main(Main.java:68)
    -------------------------------------------- 
    2004-07-26T03:09:47, Critical path event 23,15,5
2004-07-26T03:20:13, Critical path event 24,49,9
2004-07-26T03:27:04, Critical path event 25,100,6
2004-07-26T03:34:46, Critical path event 26,35,1
2004-07-26T03:40:36, Misc. noise event 6,32,8
2004-07-26T03:44:18, Critical path event 27,80,9
2004-07-26T03:51:38, Critical path event 28,66,0
2004-07-26T04:01:05, Critical path event 29,94,10
2004-07-26T04:05:15, Misc. noise event 7,81,0
2004-07-26T04:09:03, Critical path event 29,94,3
2004-07-26T04:18:21, Misc. noise event 8,7,5
2004-07-26T04:22:51, Critical path event 29,35,8
2004-07-26T04:30:13, Critical path event 29,23,4
2004-07-26T04:39:42, Critical path event 33,89,7
2004-07-26T04:45:26, Critical path event 34,87,7
2004-07-26T04:54:10, Critical path event 35,53,0
2004-07-26T05:01:56, Critical path event 36,93,7
2004-07-26T05:12:22, Critical path event 37,61,6
2004-07-26T05:19:13, Critical path event 38,61,4
2004-07-26T05:26:55, Critical path event 39,100,2
2004-07-26T05:36:27, Critical path event 19,81,5
2004-07-26T05:39:17, Misc. noise event 9,27,9
2004-07-26T05:43:47, Critical path event 19,55,1
2004-07-26T05:53:14, Critical path event 19,90,5
2004-07-26T05:58:22, Misc. noise event 10,35,2
2004-07-26T06:01:12, Critical path event 19,51,2
2004-07-26T06:15:00, Critical path event 44,52,5
