--------------------------------------------------
datetime,message,random_int_1,random_int_2
--------------------------------------------------
2004-12-29T23:57:50, Misc. noise event 0,7,0
2004-12-30T00:00, Critical path event 1,48,3
2004-12-30T00:05:47, Misc. noise event 1,65,1
2004-12-30T00:07:29, Critical path event 2,47,10
2004-12-30T00:16:34, Critical path event 3,26,4
2004-12-30T00:24:44, Critical path event 4,9,3
2004-12-30T00:39:50, Critical path event 5,26,8
2004-12-30T00:47:38, Critical path event 6,17,7
2004-12-30T00:56:05, Critical path event 7,62,2
2004-12-30T01:00:04, Critical path event 8,14,2
2004-12-30T01:09:30, Critical path event 9,86,4
2004-12-30T01:18:18, Misc. noise event 2,1,6
2004-12-30T01:18:38, Critical path event 9,58,4
2004-12-30T01:28:39, Misc. noise event 3,68,3
2004-12-30T01:28:52, Critical path event 9,0,6
2004-12-30T01:36:42, Critical path event 9,39,5
2004-12-30T01:42:48, Critical path event 13,91,10
2004-12-30T01:50:03, Misc. noise event 4,6,3
2004-12-30T01:51:17, Critical path event 14,77,4
2004-12-30T01:53:57, Misc. noise event 5,95,8
2004-12-30T01:58:46, Critical path event 15,18,9
2004-12-30T02:07:51, Critical path event 16,48,8
2004-12-30T02:16:01, Critical path event 17,91,9
2004-12-30T02:31:07, Critical path event 18,69,2
2004-12-30T02:38:55, Critical path event 19,23,4
2004-12-30T02:47:22, Critical path event 19,61,10
2004-12-30T02:51:21, Critical path event 19,19,7
2004-12-30T03:00:47, Critical path event 19,10,8
2004-12-30T03:09:55, Critical path event 23,3,1
2004-12-30T03:18:58, Misc. noise event 6,82,4
2004-12-30T03:20:09, Critical path event 24,57,8
2004-12-30T03:27:59, Critical path event 25,90,2
2004-12-30T03:34:05, Critical path event 26,96,2
2004-12-30T03:40:02, Misc. noise event 7,52,10
2004-12-30T03:42:34, Critical path event 27,90,7
2004-12-30T03:50:03, Critical path event 28,17,0
2004-12-30T03:59:08, Critical path event 29,80,8
2004-12-30T04:02:30, Misc. noise event 8,96,2
2004-12-30T04:07:18, Critical path event 29,13,6
2004-12-30T04:22:24, Critical path event 29,3,9
2004-12-30T04:30:12, Critical path event 29,59,1
2004-12-30T04:38:39, Critical path event 33,62,4
2004-12-30T04:42:38, Critical path event 34,70,7
2004-12-30T04:52:04, Critical path event 35,83,9
2004-12-30T04:57:33, Misc. noise event 9,79,3
2004-12-30T05:01:12, Critical path event 36,68,8
2004-12-30T05:11:26, Critical path event 37,3,5
2004-12-30T05:17:47, Misc. noise event 10,89,3
2004-12-30T05:19:16, Critical path event 38,38,10
2004-12-30T05:25:22, Critical path event 39,89,6
2004-12-30T05:33:51, Critical path event 19,97,3
2004-12-30T05:41:20, Critical path event 19,39,10
2004-12-30T05:50:25, Critical path event 19,22,2
2004-12-30T05:58:35, Critical path event 19,28,4
2004-12-30T06:13:41, Critical path event 44,79,0
