--------------------------------------------------
datetime,message,random_int_1,random_int_2
--------------------------------------------------
2004-03-29T00:00, Critical path event 1,81,1
2004-03-29T00:07:15, Critical path event 2,52,8
2004-03-29T00:16:18, Critical path event 3,40,10
2004-03-29T00:23:00, Misc. noise event 0,20,3
2004-03-29T00:25:13, Critical path event 4,57,9
2004-03-29T00:39:02, Critical path event 5,90,2
2004-03-29T00:47:42, Critical path event 6,77,5
2004-03-29T00:55:48, Critical path event 7,32,0
2004-03-29T00:56:33, Misc. noise event 1,60,9
2004-03-29T01:01:01, Critical path event 8,79,2
2004-03-29T01:07:49, Misc. noise event 2,35,5
2004-03-29T01:09:48, Critical path event 9,99,9
2004-03-29T01:17:20, Critical path event 9,7,2
2004-03-29T01:28:07, Critical path event 9,94,9
2004-03-29T01:35:55, Critical path event 9,93,10
2004-03-29T01:41:22, Misc. noise event 3,80,1
2004-03-29T01:43:10, Critical path event 13,38,3
2004-03-29T01:52:42, Critical path event 14,31,3
2004-03-29T01:59:57, Critical path event 15,95,0
2004-03-29T02:09:00, Critical path event 16,90,8
2004-03-29T02:17:55, Critical path event 17,7,0
2004-03-29T02:31:44, Critical path event 18,9,1
2004-03-29T02:40:24, Critical path event 19,44,10
2004-03-29T02:48:30, Critical path event 19,45,5
2004-03-29T02:53:43, Critical path event 19,19,5
2004-03-29T03:02:30, Critical path event 19,18,6
2004-03-29T03:08:02, Misc. noise event 4,20,10
2004-03-29T03:10:02, Critical path event 23,2,1

    ----------------some other thing --------------
    filesize :1024k
    alert-level : FATAL
    description: thing with pid 34345 died because 
        random java stacktrace 
        that is super noisy with numbers and datetimes 
Exception in thread "main" java.lang.NullPointerException
    at AnotherClassLoader.loadClass(test.java:58)
    at test.main(test.java:30)
    at Main.main(Main.java:68)
    -------------------------------------------- 
    2004-03-29T03:20:49, Critical path event 24,57,5
2004-03-29T03:28:37, Critical path event 25,44,10
2004-03-29T03:35:52, Critical path event 26,11,10
2004-03-29T03:45:24, Critical path event 27,53,4
2004-03-29T03:52:39, Critical path event 28,24,3
2004-03-29T04:01:42, Critical path event 29,94,9
2004-03-29T04:09:52, Misc. noise event 5,63,7
2004-03-29T04:10:37, Critical path event 29,25,7
2004-03-29T04:24:26, Critical path event 29,33,8
2004-03-29T04:30:38, Misc. noise event 6,81,4
2004-03-29T04:33:06, Critical path event 29,29,10
2004-03-29T04:41:02, Misc. noise event 7,4,6
2004-03-29T04:41:12, Critical path event 33,38,10
2004-03-29T04:46:25, Critical path event 34,80,6
2004-03-29T04:55:12, Critical path event 35,77,3
2004-03-29T04:59:47, Misc. noise event 8,18,1
2004-03-29T05:02:44, Critical path event 36,92,3
2004-03-29T05:11:01, Misc. noise event 9,68,2
2004-03-29T05:13:31, Critical path event 37,64,0
2004-03-29T05:21:19, Critical path event 38,70,3
2004-03-29T05:28:34, Critical path event 39,71,6
2004-03-29T05:36:42, Misc. noise event 10,47,9
2004-03-29T05:38:06, Critical path event 19,82,9
2004-03-29T05:45:21, Critical path event 19,94,9
2004-03-29T05:54:24, Critical path event 19,36,3
2004-03-29T06:03:19, Critical path event 19,98,6
2004-03-29T06:17:08, Critical path event 44,37,6
