--------------------------------------------------
datetime,message,random_int_1,random_int_2
--------------------------------------------------
2005-04-27T23:57:29, Misc. noise event 0,52,2
2005-04-28T00:00, Critical path event 1,67,9
2005-04-28T00:06:32, Misc. noise event 1,57,9
2005-04-28T00:07:59, Critical path event 2,18,0
2005-04-28T00:16:53, Critical path event 3,22,7
2005-04-28T00:22:54, Misc. noise event 2,3,3
2005-04-28T00:25:04, Critical path event 4,35,9
2005-04-28T00:40:00, Critical path event 5,21,2
2005-04-28T00:49:26, Critical path event 6,86,5
2005-04-28T00:58:23, Critical path event 7,88,6
2005-04-28T01:01:42, Misc. noise event 3,32,3
2005-04-28T01:03:31, Critical path event 8,85,1
2005-04-28T01:10:43, Critical path event 9,94,3
2005-04-28T01:18:30, Critical path event 9,87,4
2005-04-28T01:28:43, Critical path event 9,36,7
2005-04-28T01:35:02, Critical path event 9,17,7
2005-04-28T01:42:20, Critical path event 13,8,0
2005-04-28T01:48:26, Misc. noise event 4,67,3
2005-04-28T01:51:36, Critical path event 14,28,10
2005-04-28T01:57:07, Misc. noise event 5,98,6
2005-04-28T01:59:35, Critical path event 15,29,9
2005-04-28T02:08:29, Critical path event 16,87,10
2005-04-28T02:11:40, Misc. noise event 6,85,9
2005-04-28T02:16:40, Critical path event 17,99,2
2005-04-28T02:31:36, Critical path event 18,59,8
2005-04-28T02:38:22, Misc. noise event 7,18,4
2005-04-28T02:41:02, Critical path event 19,37,3
2005-04-28T02:49:59, Critical path event 19,93,2
2005-04-28T02:55:07, Critical path event 19,12,6
2005-04-28T03:02:19, Critical path event 19,83,2
2005-04-28T03:10:06, Critical path event 23,15,10
2005-04-28T03:20:19, Critical path event 24,68,3
2005-04-28T03:26:38, Critical path event 25,16,6
2005-04-28T03:33:56, Critical path event 26,52,7
2005-04-28T03:43:12, Critical path event 27,1,8
2005-04-28T03:51:11, Critical path event 28,13,1
2005-04-28T04:00:05, Critical path event 29,100,0
2005-04-28T04:06:20, Misc. noise event 8,95,4
2005-04-28T04:08:16, Critical path event 29,32,1
2005-04-28T04:23:12, Critical path event 29,36,9
2005-04-28T04:32:38, Critical path event 29,90,9
2005-04-28T04:41:35, Critical path event 33,57,2
2005-04-28T04:46:43, Critical path event 34,38,5
2005-04-28T04:53:55, Critical path event 35,34,3
2005-04-28T04:57:21, Misc. noise event 9,57,10
2005-04-28T05:01:42, Critical path event 36,14,6
2005-04-28T05:11:35, Misc. noise event 10,39,10
2005-04-28T05:11:55, Critical path event 37,56,10
2005-04-28T05:18:14, Critical path event 38,45,9
2005-04-28T05:25:32, Critical path event 39,9,6
2005-04-28T05:34:48, Critical path event 19,92,2
2005-04-28T05:42:47, Critical path event 19,99,4
2005-04-28T05:51:41, Critical path event 19,100,2
2005-04-28T05:59:52, Critical path event 19,57,10
2005-04-28T06:14:48, Critical path event 44,48,8
