--------------------------------------------------
datetime,message,random_int_1,random_int_2
--------------------------------------------------
2005-05-20T23:55:34, Misc. noise event 0,79,3
2005-05-21T00:00, Critical path event 1,82,5
2005-05-21T00:05:15, Misc. noise event 1,64,8
2005-05-21T00:06:02, Critical path event 2,41,2
2005-05-21T00:12:33, Critical path event 3,79,10
2005-05-21T00:18:39, Critical path event 4,86,6
2005-05-21T00:29:40, Critical path event 5,87,2
2005-05-21T00:37:17, Critical path event 6,93,8
2005-05-21T00:43:26, Critical path event 7,63,8
2005-05-21T00:45:16, Misc. noise event 2,70,2
2005-05-21T00:46:46, Critical path event 8,97,0
2005-05-21T00:53:40, Critical path event 9,85,10
2005-05-21T01:00:42, Critical path event 9,1,3
2005-05-21T01:05:40, Misc. noise event 3,17,3
2005-05-21T01:08:45, Critical path event 9,91,5
2005-05-21T01:14:15, Critical path event 9,21,10
2005-05-21T01:20:30, Critical path event 13,37,2
2005-05-21T01:28:09, Critical path event 14,5,2
2005-05-21T01:31:50, Misc. noise event 4,91,9
2005-05-21T01:34:11, Critical path event 15,23,8
2005-05-21T01:40:42, Critical path event 16,88,1
2005-05-21T01:46:48, Critical path event 17,36,1
2005-05-21T01:57:49, Critical path event 18,2,4
2005-05-21T02:05:26, Critical path event 19,23,7
2005-05-21T02:11:35, Critical path event 19,91,3
2005-05-21T02:14:55, Critical path event 19,61,10
2005-05-21T02:21:49, Critical path event 19,14,7
2005-05-21T02:28:51, Critical path event 23,46,4
2005-05-21T02:36:54, Critical path event 24,73,1
2005-05-21T02:41:07, Misc. noise event 5,66,2
2005-05-21T02:42:24, Critical path event 25,34,3
2005-05-21T02:48:39, Critical path event 26,34,2
2005-05-21T02:56:18, Critical path event 27,34,6
2005-05-21T02:58:35, Misc. noise event 6,68,10
2005-05-21T03:02:20, Critical path event 28,82,5
2005-05-21T03:08:51, Critical path event 29,84,1
2005-05-21T03:10:26, Misc. noise event 7,66,6
2005-05-21T03:14:57, Critical path event 29,92,1
2005-05-21T03:25:58, Critical path event 29,52,8
2005-05-21T03:33:35, Critical path event 29,91,9
2005-05-21T03:39:44, Critical path event 33,20,9
2005-05-21T03:43:04, Critical path event 34,0,4
2005-05-21T03:49:58, Critical path event 35,71,9
2005-05-21T03:57:00, Critical path event 36,100,3
2005-05-21T04:05:03, Critical path event 37,20,5
2005-05-21T04:10:33, Critical path event 38,6,1
2005-05-21T04:12:21, Misc. noise event 8,72,3
2005-05-21T04:16:48, Critical path event 39,93,2
2005-05-21T04:24:27, Critical path event 19,94,10
2005-05-21T04:30:29, Critical path event 19,34,0
2005-05-21T04:36:05, Misc. noise event 9,52,8
2005-05-21T04:37:00, Critical path event 19,67,5
2005-05-21T04:43:06, Critical path event 19,94,5
2005-05-21T04:52:56, Misc. noise event 10,45,6
2005-05-21T04:54:07, Critical path event 44,3,1
