--------------------------------------------------
datetime,message,random_int_1,random_int_2
--------------------------------------------------
2005-08-05T23:59:44, Misc. noise event 0,24,3
2005-08-06T00:00, Critical path event 1,11,5
2005-08-06T00:07:10, Critical path event 2,20,9
2005-08-06T00:13:29, Critical path event 3,84,4
2005-08-06T00:20:30, Critical path event 4,21,8
2005-08-06T00:31:13, Misc. noise event 1,94,3
2005-08-06T00:31:55, Critical path event 5,23,3
2005-08-06T00:39:38, Critical path event 6,93,3
2005-08-06T00:44:12, Misc. noise event 2,66,7
2005-08-06T00:45:54, Critical path event 7,82,8
2005-08-06T00:49:18, Critical path event 8,80,8
2005-08-06T00:55:35, Misc. noise event 3,55,2
2005-08-06T00:56:50, Critical path event 9,18,0
2005-08-06T01:02:00, Misc. noise event 4,11,0
2005-08-06T01:03:07, Critical path event 9,58,2
2005-08-06T01:11:11, Critical path event 9,12,4
2005-08-06T01:15:04, Misc. noise event 5,2,9
2005-08-06T01:17:40, Critical path event 9,93,9
2005-08-06T01:23:49, Critical path event 13,9,4
2005-08-06T01:31:34, Critical path event 14,4,1
2005-08-06T01:37:40, Misc. noise event 6,39,10
2005-08-06T01:38:44, Critical path event 15,36,6
2005-08-06T01:45:03, Critical path event 16,71,0
2005-08-06T01:52:04, Critical path event 17,83,6
2005-08-06T02:03:29, Critical path event 18,87,0
2005-08-06T02:11:12, Critical path event 19,47,10
2005-08-06T02:17:28, Critical path event 19,25,0
2005-08-06T02:20:52, Critical path event 19,56,10
2005-08-06T02:28:09, Misc. noise event 7,99,6
2005-08-06T02:28:24, Critical path event 19,96,5
2005-08-06T02:34:41, Critical path event 23,27,10
2005-08-06T02:42:45, Critical path event 24,50,6
2005-08-06T02:49:14, Critical path event 25,7,3
2005-08-06T02:55:23, Critical path event 26,56,5
2005-08-06T02:59:20, Misc. noise event 8,63,3
2005-08-06T03:03:08, Critical path event 27,25,5
2005-08-06T03:10:18, Critical path event 28,40,2
2005-08-06T03:16:37, Critical path event 29,16,6
2005-08-06T03:23:38, Critical path event 29,31,6
2005-08-06T03:35:03, Critical path event 29,74,5
2005-08-06T03:42:46, Critical path event 29,51,7
2005-08-06T03:49:02, Critical path event 33,21,4
2005-08-06T03:50:21, Misc. noise event 9,55,3
2005-08-06T03:52:26, Critical path event 34,38,6
2005-08-06T03:59:58, Critical path event 35,4,4
2005-08-06T04:06:15, Critical path event 36,24,5
2005-08-06T04:14:19, Critical path event 37,85,9
2005-08-06T04:20:48, Critical path event 38,73,5
2005-08-06T04:26:13, Misc. noise event 10,74,8
2005-08-06T04:26:57, Critical path event 39,44,8
2005-08-06T04:34:42, Critical path event 19,41,3
2005-08-06T04:41:52, Critical path event 19,68,7
2005-08-06T04:48:11, Critical path event 19,55,2
2005-08-06T04:55:12, Critical path event 19,71,9
2005-08-06T05:06:37, Critical path event 44,41,1
