--------------------------------------------------
datetime,message,random_int_1,random_int_2
--------------------------------------------------
2005-07-18T00:00, Critical path event 1,77,3
2005-07-18T00:07:51, Critical path event 2,60,10
2005-07-18T00:13:53, Misc. noise event 0,8,10
2005-07-18T00:16:56, Critical path event 3,29,0
2005-07-18T00:20:52, Misc. noise event 1,67,6
2005-07-18T00:24:57, Critical path event 4,96,1
2005-07-18T00:44:59, Critical path event 5,25,6
2005-07-18T00:57:43, Critical path event 6,36,9
2005-07-18T01:05:09, Critical path event 7,13,1
2005-07-18T01:11:06, Critical path event 8,92,5
2005-07-18T01:18:19, Critical path event 9,32,6
2005-07-18T01:27:18, Critical path event 9,78,0
2005-07-18T01:34:28, Misc. noise event 2,49,1
2005-07-18T01:36:55, Critical path event 9,55,6
2005-07-18T01:43:30, Critical path event 9,31,4
2005-07-18T01:49:32, Critical path event 13,71,2
2005-07-18T01:58:20, Critical path event 14,23,3
2005-07-18T02:03:19, Misc. noise event 3,63,0
2005-07-18T02:06:11, Critical path event 15,8,8
2005-07-18T02:15:16, Critical path event 16,19,9
2005-07-18T02:24:28, Critical path event 17,9,9
2005-07-18T02:38:53, Critical path event 18,77,8
2005-07-18T02:46:35, Critical path event 19,36,0
2005-07-18T02:50:53, Misc. noise event 4,67,5
2005-07-18T02:54:01, Critical path event 19,91,1
2005-07-18T02:59:58, Critical path event 19,44,6
2005-07-18T03:05:58, Misc. noise event 5,72,2
2005-07-18T03:07:11, Critical path event 19,24,8

    ----------------some other thing --------------
    filesize :1024k
    alert-level : FATAL
    description: thing with pid 34345 died because 
        random java stacktrace 
        that is super noisy with numbers and datetimes 
Exception in thread "main" java.lang.NullPointerException
    at AnotherClassLoader.loadClass(test.java:58)
    at test.main(test.java:30)
    at Main.main(Main.java:68)
    -------------------------------------------- 
    2005-07-18T03:15:39, Misc. noise event 6,93,8
2005-07-18T03:16:10, Critical path event 23,85,3
2005-07-18T03:25:47, Critical path event 24,85,4
2005-07-18T03:32:22, Critical path event 25,79,6
2005-07-18T03:42:13, Critical path event 26,50,3
2005-07-18T03:51:01, Critical path event 27,99,4
2005-07-18T03:58:52, Critical path event 28,64,10
2005-07-18T04:05:17, Misc. noise event 7,5,8
2005-07-18T04:07:57, Critical path event 29,15,1
2005-07-18T04:15:58, Critical path event 29,64,1
2005-07-18T04:30:23, Critical path event 29,8,3
2005-07-18T04:38:05, Critical path event 29,39,5
2005-07-18T04:57:08, Critical path event 33,99,6
2005-07-18T05:03:05, Critical path event 34,73,2
2005-07-18T05:10:18, Critical path event 35,5,9
2005-07-18T05:15:04, Misc. noise event 8,94,10
2005-07-18T05:19:17, Critical path event 36,28,2
2005-07-18T05:28:54, Critical path event 37,50,2
2005-07-18T05:35:02, Misc. noise event 9,69,9
2005-07-18T05:35:29, Critical path event 38,54,7
2005-07-18T05:41:31, Critical path event 39,4,7
2005-07-18T05:50:19, Critical path event 19,69,4
2005-07-18T05:58:10, Critical path event 19,88,3
2005-07-18T06:04:19, Misc. noise event 10,21,6
2005-07-18T06:07:15, Critical path event 19,74,8
2005-07-18T06:23:07, Critical path event 19,100,10
2005-07-18T06:37:32, Critical path event 44,24,10
