--------------------------------------------------
datetime,message,random_int_1,random_int_2
--------------------------------------------------
2005-11-28T00:00, Critical path event 1,19,5
2005-11-28T00:08:42, Critical path event 2,50,6
2005-11-28T00:17:04, Critical path event 3,86,5
2005-11-28T00:26:30, Critical path event 4,93,9
2005-11-28T00:40:32, Critical path event 5,40,0
2005-11-28T00:48:05, Critical path event 6,88,5
2005-11-28T00:56:25, Critical path event 7,10,7
2005-11-28T01:02:20, Critical path event 8,56,9
2005-11-28T01:10:25, Critical path event 9,55,5
2005-11-28T01:18:02, Critical path event 9,0,0
2005-11-28T01:27:41, Critical path event 9,85,8
2005-11-28T01:33:51, Critical path event 9,85,6
2005-11-28T01:41:46, Critical path event 13,90,7
2005-11-28T01:49:25, Critical path event 14,15,8
2005-11-28T01:58:07, Critical path event 15,9,9
2005-11-28T02:06:29, Critical path event 16,25,3
2005-11-28T02:13:07, Misc. noise event 0,68,6
2005-11-28T02:15:55, Critical path event 17,63,0
2005-11-28T02:29:57, Misc. noise event 1,4,5
2005-11-28T02:29:57, Critical path event 18,59,5
2005-11-28T02:36:43, Misc. noise event 2,65,7
2005-11-28T02:37:30, Critical path event 19,0,8
2005-11-28T02:45:50, Critical path event 19,31,9
2005-11-28T02:47:15, Misc. noise event 3,92,10
2005-11-28T02:51:45, Critical path event 19,39,10
2005-11-28T02:57:53, Misc. noise event 4,87,0
2005-11-28T02:59:50, Critical path event 19,78,5
2005-11-28T03:06:22, Misc. noise event 5,81,8

    ----------------some other thing --------------
    filesize :1024k
    alert-level : FATAL
    description: thing with pid 34345 died because 
        random java stacktrace 
        that is super noisy with numbers and datetimes 
Exception in thread "main" java.lang.NullPointerException
    at AnotherClassLoader.loadClass(test.java:58)
    at test.main(test.java:30)
    at Main.main(Main.java:68)
    -------------------------------------------- 
    2005-11-28T03:07:27, Critical path event 23,14,2
2005-11-28T03:17:06, Critical path event 24,33,9
2005-11-28T03:22:17, Misc. noise event 6,58,2
2005-11-28T03:23:16, Critical path event 25,52,0
2005-11-28T03:26:24, Misc. noise event 7,22,1
2005-11-28T03:31:11, Critical path event 26,25,0
2005-11-28T03:38:08, Misc. noise event 8,22,7
2005-11-28T03:38:50, Critical path event 27,98,10
2005-11-28T03:47:32, Critical path event 28,17,2
2005-11-28T03:55:54, Critical path event 29,62,5
2005-11-28T04:05:20, Critical path event 29,64,3
2005-11-28T04:19:22, Critical path event 29,39,1
2005-11-28T04:26:55, Critical path event 29,43,3
2005-11-28T04:35:15, Critical path event 33,38,3
2005-11-28T04:41:10, Critical path event 34,85,4
2005-11-28T04:46:37, Misc. noise event 9,47,1
2005-11-28T04:49:15, Critical path event 35,75,7
2005-11-28T04:56:52, Critical path event 36,73,10
2005-11-28T05:06:31, Critical path event 37,40,3
2005-11-28T05:08:38, Misc. noise event 10,14,2
2005-11-28T05:12:41, Critical path event 38,45,7
2005-11-28T05:20:36, Critical path event 39,89,4
2005-11-28T05:28:15, Critical path event 19,69,4
2005-11-28T05:36:57, Critical path event 19,50,8
2005-11-28T05:45:19, Critical path event 19,6,10
2005-11-28T05:54:45, Critical path event 19,93,9
2005-11-28T06:08:47, Critical path event 44,30,9
