--------------------------------------------------
datetime,message,random_int_1,random_int_2
--------------------------------------------------
2005-03-21T00:00, Critical path event 1,26,8
2005-03-21T00:10:19, Critical path event 2,71,8
2005-03-21T00:19:18, Critical path event 3,99,6
2005-03-21T00:34:45, Critical path event 4,22,4
2005-03-21T00:48:42, Critical path event 5,22,1
2005-03-21T01:07:58, Critical path event 6,92,10
2005-03-21T01:17:22, Critical path event 7,80,5
2005-03-21T01:22:38, Critical path event 8,71,9
2005-03-21T01:27:55, Misc. noise event 0,60,0
2005-03-21T01:31:46, Critical path event 9,0,4
2005-03-21T01:39:00, Critical path event 9,1,8
2005-03-21T01:48:38, Critical path event 9,82,7
2005-03-21T01:52:01, Misc. noise event 1,41,1
2005-03-21T01:56:06, Critical path event 9,77,4
2005-03-21T02:04:15, Critical path event 13,36,2
2005-03-21T02:15:45, Critical path event 14,20,4
2005-03-21T02:23:17, Critical path event 15,58,7
2005-03-21T02:32:16, Critical path event 16,39,3
2005-03-21T02:40:06, Critical path event 17,51,8
2005-03-21T02:53:10, Misc. noise event 2,37,7
2005-03-21T02:54:03, Critical path event 18,6,1
2005-03-21T03:02:42, Critical path event 19,59,3
2005-03-21T03:12:06, Critical path event 19,52,2
2005-03-21T03:19:40, Critical path event 19,47,9
2005-03-21T03:33:54, Critical path event 19,7,10
2005-03-21T03:41:08, Critical path event 23,22,3
2005-03-21T04:04:43, Critical path event 24,29,4
2005-03-21T04:11:14, Misc. noise event 3,56,4

    ----------------some other thing --------------
    filesize :1024k
    alert-level : FATAL
    description: thing with pid 34345 died because 
        random java stacktrace 
        that is super noisy with numbers and datetimes 
Exception in thread "main" java.lang.NullPointerException
    at AnotherClassLoader.loadClass(test.java:58)
    at test.main(test.java:30)
    at Main.main(Main.java:68)
    -------------------------------------------- 
    2005-03-21T04:12:11, Critical path event 25,9,1
2005-03-21T04:20:20, Critical path event 26,71,6
2005-03-21T04:31:44, Critical path event 27,83,10
2005-03-21T04:48:28, Critical path event 28,24,6
2005-03-21T04:57:27, Critical path event 29,39,7
2005-03-21T05:03:07, Misc. noise event 4,73,6
2005-03-21T05:05:17, Critical path event 29,34,10
2005-03-21T05:19:14, Critical path event 29,76,9
2005-03-21T05:27:23, Misc. noise event 5,50,6
2005-03-21T05:27:53, Critical path event 29,22,9
2005-03-21T05:37:17, Critical path event 33,29,4
2005-03-21T05:42:00, Misc. noise event 6,72,3
2005-03-21T05:42:33, Critical path event 34,25,7
2005-03-21T05:47:45, Misc. noise event 7,71,1
2005-03-21T05:51:41, Critical path event 35,50,9
2005-03-21T05:58:55, Critical path event 36,54,7
2005-03-21T06:08:33, Critical path event 37,97,0
2005-03-21T06:19:20, Critical path event 38,77,3
2005-03-21T06:24:02, Misc. noise event 8,71,10
2005-03-21T06:27:29, Critical path event 39,88,4
2005-03-21T06:34:41, Critical path event 19,28,0
2005-03-21T06:43:09, Critical path event 19,88,6
2005-03-21T06:59:57, Critical path event 19,16,3
2005-03-21T07:06:49, Misc. noise event 9,13,5
2005-03-21T07:07:47, Critical path event 19,8,2
2005-03-21T07:20:32, Misc. noise event 10,89,5
2005-03-21T07:21:44, Critical path event 44,84,10
