--------------------------------------------------
datetime,message,random_int_1,random_int_2
--------------------------------------------------
2005-07-04T00:00, Critical path event 1,80,1
2005-07-04T00:07:15, Critical path event 2,88,1
2005-07-04T00:14:56, Critical path event 3,34,9
2005-07-04T00:24:12, Critical path event 4,85,0
2005-07-04T00:39:27, Misc. noise event 0,47,9
2005-07-04T00:39:28, Critical path event 5,27,10
2005-07-04T00:47:25, Misc. noise event 1,8,8
2005-07-04T00:48:40, Critical path event 6,25,5
2005-07-04T00:57:58, Critical path event 7,71,0
2005-07-04T01:01:53, Critical path event 8,62,4
2005-07-04T01:10:27, Critical path event 9,52,0
2005-07-04T01:15:21, Misc. noise event 2,93,7
2005-07-04T01:17:58, Critical path event 9,6,2
2005-07-04T01:29:44, Critical path event 9,45,8
2005-07-04T01:38:05, Critical path event 9,65,8
2005-07-04T01:43:44, Misc. noise event 3,58,4
2005-07-04T01:46:21, Critical path event 13,22,0
2005-07-04T01:55:55, Critical path event 14,20,7
2005-07-04T02:03:10, Critical path event 15,69,10
2005-07-04T02:09:57, Misc. noise event 4,46,2
2005-07-04T02:10:51, Critical path event 16,61,0
2005-07-04T02:20:07, Critical path event 17,4,3
2005-07-04T02:34:46, Misc. noise event 5,60,10
2005-07-04T02:35:23, Critical path event 18,82,3
2005-07-04T02:44:35, Critical path event 19,38,0
2005-07-04T02:53:53, Critical path event 19,24,1
2005-07-04T02:56:42, Misc. noise event 6,94,9
2005-07-04T02:57:48, Critical path event 19,13,3

    ----------------some other thing --------------
    filesize :1024k
    alert-level : FATAL
    description: thing with pid 34345 died because 
        random java stacktrace 
        that is super noisy with numbers and datetimes 
Exception in thread "main" java.lang.NullPointerException
    at AnotherClassLoader.loadClass(test.java:58)
    at test.main(test.java:30)
    at Main.main(Main.java:68)
    -------------------------------------------- 
    2005-07-04T03:06:22, Critical path event 19,21,4
2005-07-04T03:13:53, Critical path event 23,45,1
2005-07-04T03:21:55, Misc. noise event 7,39,4
2005-07-04T03:25:39, Critical path event 24,51,10
2005-07-04T03:34:00, Critical path event 25,30,3
2005-07-04T03:39:42, Misc. noise event 8,20,10
2005-07-04T03:42:16, Critical path event 26,30,0
2005-07-04T03:51:50, Critical path event 27,69,6
2005-07-04T03:59:05, Critical path event 28,93,6
2005-07-04T04:06:46, Critical path event 29,42,8
2005-07-04T04:13:42, Misc. noise event 9,65,8
2005-07-04T04:16:02, Critical path event 29,47,0
2005-07-04T04:31:18, Critical path event 29,75,0
2005-07-04T04:40:30, Critical path event 29,0,10
2005-07-04T04:49:48, Critical path event 33,33,4
2005-07-04T04:53:43, Critical path event 34,74,7
2005-07-04T05:02:17, Critical path event 35,24,5
2005-07-04T05:09:48, Critical path event 36,39,5
2005-07-04T05:21:34, Critical path event 37,38,6
2005-07-04T05:29:55, Critical path event 38,67,0
2005-07-04T05:38:11, Critical path event 39,1,10
2005-07-04T05:47:45, Critical path event 19,46,2
2005-07-04T05:53:09, Misc. noise event 10,15,2
2005-07-04T05:55:00, Critical path event 19,81,3
2005-07-04T06:02:41, Critical path event 19,35,7
2005-07-04T06:11:57, Critical path event 19,91,9
2005-07-04T06:27:13, Critical path event 44,72,4
