--------------------------------------------------
datetime,message,random_int_1,random_int_2
--------------------------------------------------
2005-01-10T00:00, Critical path event 1,15,0
2005-01-10T00:08:46, Critical path event 2,31,1
2005-01-10T00:16:09, Critical path event 3,76,6
2005-01-10T00:25:23, Critical path event 4,94,8
2005-01-10T00:39:05, Critical path event 5,79,2
2005-01-10T00:46:31, Critical path event 6,52,2
2005-01-10T00:55:20, Critical path event 7,70,5
2005-01-10T01:01:02, Critical path event 8,59,2
2005-01-10T01:10:11, Critical path event 9,37,10
2005-01-10T01:17:29, Critical path event 9,77,7
2005-01-10T01:27:27, Critical path event 9,55,7
2005-01-10T01:35:41, Critical path event 9,5,0
2005-01-10T01:43:48, Critical path event 13,88,6
2005-01-10T01:53:02, Critical path event 14,58,4
2005-01-10T01:57:43, Misc. noise event 0,12,5
2005-01-10T02:01:48, Critical path event 15,81,5
2005-01-10T02:09:11, Critical path event 16,17,9
2005-01-10T02:17:16, Misc. noise event 1,42,5
2005-01-10T02:18:25, Critical path event 17,49,4
2005-01-10T02:32:07, Critical path event 18,7,1
2005-01-10T02:37:34, Misc. noise event 2,27,7
2005-01-10T02:39:33, Critical path event 19,4,8
2005-01-10T02:48:22, Critical path event 19,15,3
2005-01-10T02:54:04, Critical path event 19,27,5
2005-01-10T03:03:13, Critical path event 19,7,7
2005-01-10T03:08:40, Misc. noise event 3,36,7
2005-01-10T03:10:31, Critical path event 23,55,7
2005-01-10T03:19:06, Misc. noise event 4,76,7

    ----------------some other thing --------------
    filesize :1024k
    alert-level : FATAL
    description: thing with pid 34345 died because 
        random java stacktrace 
        that is super noisy with numbers and datetimes 
Exception in thread "main" java.lang.NullPointerException
    at AnotherClassLoader.loadClass(test.java:58)
    at test.main(test.java:30)
    at Main.main(Main.java:68)
    -------------------------------------------- 
    2005-01-10T03:20:29, Critical path event 24,56,3
2005-01-10T03:28:43, Critical path event 25,13,9
2005-01-10T03:36:50, Critical path event 26,22,6
2005-01-10T03:46:04, Critical path event 27,78,4
2005-01-10T03:54:50, Critical path event 28,88,0
2005-01-10T04:02:13, Critical path event 29,97,0
2005-01-10T04:07:49, Misc. noise event 5,26,5
2005-01-10T04:11:27, Critical path event 29,44,10
2005-01-10T04:24:01, Misc. noise event 6,34,9
2005-01-10T04:25:09, Critical path event 29,50,0
2005-01-10T04:32:35, Critical path event 29,36,1
2005-01-10T04:37:21, Misc. noise event 7,91,0
2005-01-10T04:41:24, Critical path event 33,98,3
2005-01-10T04:42:33, Misc. noise event 8,38,5
2005-01-10T04:47:06, Critical path event 34,7,5
2005-01-10T04:53:16, Misc. noise event 9,85,7
2005-01-10T04:56:15, Critical path event 35,99,8
2005-01-10T04:58:48, Misc. noise event 10,90,0
2005-01-10T05:03:33, Critical path event 36,18,2
2005-01-10T05:13:31, Critical path event 37,36,8
2005-01-10T05:21:45, Critical path event 38,32,5
2005-01-10T05:29:52, Critical path event 39,91,10
2005-01-10T05:39:06, Critical path event 19,3,2
2005-01-10T05:47:52, Critical path event 19,98,4
2005-01-10T05:55:15, Critical path event 19,52,8
2005-01-10T06:04:29, Critical path event 19,52,1
2005-01-10T06:18:11, Critical path event 44,62,9
