--------------------------------------------------
datetime,message,random_int_1,random_int_2
--------------------------------------------------
2005-08-28T23:55:11, Misc. noise event 0,53,8
2005-08-29T00:00, Critical path event 1,27,7
2005-08-29T00:09:09, Critical path event 2,44,8
2005-08-29T00:13:58, Misc. noise event 1,4,10
2005-08-29T00:18:42, Critical path event 3,78,10
2005-08-29T00:25:58, Critical path event 4,75,4
2005-08-29T00:40:48, Critical path event 5,59,0
2005-08-29T00:43:29, Misc. noise event 2,57,0
2005-08-29T00:48:01, Critical path event 6,54,1
2005-08-29T00:56:13, Critical path event 7,51,10
2005-08-29T00:55:28, Misc. noise event 3,24,10
2005-08-29T01:00:22, Critical path event 8,96,7
2005-08-29T01:07:43, Critical path event 9,45,4
2005-08-29T01:16:22, Critical path event 9,9,4
2005-08-29T01:26:07, Critical path event 9,11,6
2005-08-29T01:34:28, Critical path event 9,88,6
2005-08-29T01:40:54, Critical path event 13,2,6
2005-08-29T01:45:47, Misc. noise event 4,54,6
2005-08-29T01:48:11, Critical path event 14,38,1
2005-08-29T01:57:20, Critical path event 15,68,0
2005-08-29T02:06:53, Critical path event 16,9,10
2005-08-29T02:14:09, Critical path event 17,27,6
2005-08-29T02:28:59, Critical path event 18,11,0
2005-08-29T02:34:08, Misc. noise event 5,78,0
2005-08-29T02:36:12, Critical path event 19,55,7
2005-08-29T02:44:24, Critical path event 19,26,5
2005-08-29T02:48:33, Critical path event 19,50,7
2005-08-29T02:55:54, Critical path event 19,14,7

    ----------------some other thing --------------
    filesize :1024k
    alert-level : FATAL
    description: thing with pid 34345 died because 
        random java stacktrace 
        that is super noisy with numbers and datetimes 
Exception in thread "main" java.lang.NullPointerException
    at AnotherClassLoader.loadClass(test.java:58)
    at test.main(test.java:30)
    at Main.main(Main.java:68)
    -------------------------------------------- 
    2005-08-29T03:04:33, Critical path event 23,16,1
2005-08-29T03:14:18, Critical path event 24,19,6
2005-08-29T03:22:39, Critical path event 25,99,10
2005-08-29T03:24:33, Misc. noise event 6,4,4
2005-08-29T03:29:05, Critical path event 26,60,6
2005-08-29T03:36:22, Critical path event 27,3,8
2005-08-29T03:45:31, Critical path event 28,58,4
2005-08-29T03:55:04, Critical path event 29,66,3
2005-08-29T04:02:20, Critical path event 29,18,9
2005-08-29T04:13:53, Misc. noise event 7,68,2
2005-08-29T04:17:10, Critical path event 29,97,3
2005-08-29T04:19:27, Misc. noise event 8,14,6
2005-08-29T04:24:23, Critical path event 29,20,4
2005-08-29T04:32:35, Critical path event 33,93,5
2005-08-29T04:36:44, Critical path event 34,4,3
2005-08-29T04:44:05, Critical path event 35,18,3
2005-08-29T04:52:44, Critical path event 36,69,7
2005-08-29T05:02:29, Critical path event 37,14,10
2005-08-29T05:08:57, Misc. noise event 9,79,4
2005-08-29T05:10:50, Critical path event 38,32,4
2005-08-29T05:17:16, Critical path event 39,73,7
2005-08-29T05:24:33, Critical path event 19,7,9
2005-08-29T05:33:42, Critical path event 19,28,4
2005-08-29T05:43:15, Critical path event 19,23,0
2005-08-29T05:50:31, Critical path event 19,30,6
2005-08-29T06:02:57, Misc. noise event 10,65,4
2005-08-29T06:05:21, Critical path event 44,74,2
