--------------------------------------------------
datetime,message,random_int_1,random_int_2
--------------------------------------------------
2005-08-01T00:00, Critical path event 1,81,9
2005-08-01T00:09:06, Critical path event 2,89,1
2005-08-01T00:18:05, Critical path event 3,74,8
2005-08-01T00:25:11, Misc. noise event 0,23,0
2005-08-01T00:27:18, Critical path event 4,5,0
2005-08-01T00:41:54, Critical path event 5,3,9
2005-08-01T00:50:52, Critical path event 6,52,9
2005-08-01T00:57:48, Misc. noise event 1,44,4
2005-08-01T00:58:44, Critical path event 7,89,8
2005-08-01T01:03:37, Critical path event 8,37,6
2005-08-01T01:12:35, Critical path event 9,46,9
2005-08-01T01:20:27, Critical path event 9,62,10
2005-08-01T01:28:09, Misc. noise event 2,10,5
2005-08-01T01:30:05, Critical path event 9,32,10
2005-08-01T01:36:14, Misc. noise event 3,66,4
2005-08-01T01:38:14, Critical path event 9,97,3
2005-08-01T01:45:10, Critical path event 13,33,7
2005-08-01T01:53:50, Critical path event 14,96,10
2005-08-01T02:02:56, Critical path event 15,7,8
2005-08-01T02:11:55, Critical path event 16,91,3
2005-08-01T02:18:58, Misc. noise event 4,15,5
2005-08-01T02:21:08, Critical path event 17,0,1
2005-08-01T02:35:44, Critical path event 18,62,8
2005-08-01T02:44:42, Critical path event 19,22,2
2005-08-01T02:49:38, Misc. noise event 5,75,0
2005-08-01T02:52:34, Critical path event 19,54,2
2005-08-01T02:57:27, Critical path event 19,20,3
2005-08-01T03:01:52, Misc. noise event 6,92,2

    ----------------some other thing --------------
    filesize :1024k
    alert-level : FATAL
    description: thing with pid 34345 died because 
        random java stacktrace 
        that is super noisy with numbers and datetimes 
Exception in thread "main" java.lang.NullPointerException
    at AnotherClassLoader.loadClass(test.java:58)
    at test.main(test.java:30)
    at Main.main(Main.java:68)
    -------------------------------------------- 
    2005-08-01T03:06:25, Critical path event 19,11,8
2005-08-01T03:10:09, Misc. noise event 7,71,4
2005-08-01T03:14:17, Critical path event 23,39,2
2005-08-01T03:23:55, Critical path event 24,15,5
2005-08-01T03:32:04, Critical path event 25,88,7
2005-08-01T03:39:00, Critical path event 26,81,8
2005-08-01T03:47:40, Critical path event 27,71,1
2005-08-01T03:56:46, Critical path event 28,100,8
2005-08-01T04:05:45, Critical path event 29,76,6
2005-08-01T04:14:58, Critical path event 29,67,9
2005-08-01T04:28:35, Misc. noise event 8,95,8
2005-08-01T04:29:34, Critical path event 29,51,4
2005-08-01T04:38:32, Critical path event 29,100,1
2005-08-01T04:45:17, Misc. noise event 9,68,1
2005-08-01T04:46:24, Critical path event 33,80,8
2005-08-01T04:51:17, Critical path event 34,36,2
2005-08-01T05:00:15, Critical path event 35,0,7
2005-08-01T05:08:07, Critical path event 36,24,4
2005-08-01T05:17:45, Critical path event 37,73,5
2005-08-01T05:25:54, Critical path event 38,19,0
2005-08-01T05:32:50, Critical path event 39,50,3
2005-08-01T05:41:30, Critical path event 19,91,1
2005-08-01T05:50:36, Critical path event 19,81,9
2005-08-01T05:59:35, Critical path event 19,15,6
2005-08-01T06:08:48, Critical path event 19,58,9
2005-08-01T06:23:02, Misc. noise event 10,82,6
2005-08-01T06:23:24, Critical path event 44,34,0
