--------------------------------------------------
datetime,message,random_int_1,random_int_2
--------------------------------------------------
2005-02-21T00:00, Critical path event 1,32,0
2005-02-21T00:05:32, Misc. noise event 0,70,3
2005-02-21T00:08:42, Critical path event 2,19,10
2005-02-21T00:15:04, Misc. noise event 1,85,8
2005-02-21T00:17:42, Critical path event 3,35,8
2005-02-21T00:25:23, Critical path event 4,78,5
2005-02-21T00:38:48, Critical path event 5,50,2
2005-02-21T00:48:11, Critical path event 6,27,1
2005-02-21T00:56:45, Critical path event 7,95,5
2005-02-21T01:02:43, Critical path event 8,55,3
2005-02-21T01:11:18, Critical path event 9,55,8
2005-02-21T01:20:51, Critical path event 9,52,2
2005-02-21T01:31:52, Critical path event 9,4,3
2005-02-21T01:38:56, Critical path event 9,37,0
2005-02-21T01:44:57, Critical path event 13,78,2
2005-02-21T01:52:48, Critical path event 14,85,5
2005-02-21T02:01:30, Critical path event 15,74,8
2005-02-21T02:10:30, Critical path event 16,34,0
2005-02-21T02:18:11, Critical path event 17,95,3
2005-02-21T02:31:36, Critical path event 18,65,8
2005-02-21T02:40:59, Critical path event 19,8,9
2005-02-21T02:49:33, Critical path event 19,29,1
2005-02-21T02:55:31, Critical path event 19,64,10
2005-02-21T03:04:06, Critical path event 19,95,4
2005-02-21T03:13:39, Critical path event 23,70,0
2005-02-21T03:23:26, Misc. noise event 2,61,8
2005-02-21T03:24:40, Critical path event 24,96,9
2005-02-21T03:27:46, Misc. noise event 3,72,5

    ----------------some other thing --------------
    filesize :1024k
    alert-level : FATAL
    description: thing with pid 34345 died because 
        random java stacktrace 
        that is super noisy with numbers and datetimes 
Exception in thread "main" java.lang.NullPointerException
    at AnotherClassLoader.loadClass(test.java:58)
    at test.main(test.java:30)
    at Main.main(Main.java:68)
    -------------------------------------------- 
    2005-02-21T03:31:44, Critical path event 25,59,3
2005-02-21T03:34:23, Misc. noise event 4,92,7
2005-02-21T03:37:45, Critical path event 26,69,3
2005-02-21T03:45:36, Critical path event 27,29,2
2005-02-21T03:54:18, Critical path event 28,29,9
2005-02-21T04:03:18, Critical path event 29,19,8
2005-02-21T04:10:59, Critical path event 29,40,7
2005-02-21T04:24:24, Critical path event 29,81,8
2005-02-21T04:33:47, Critical path event 29,24,6
2005-02-21T04:42:21, Critical path event 33,82,10
2005-02-21T04:47:21, Misc. noise event 5,72,10
2005-02-21T04:48:19, Critical path event 34,52,3
2005-02-21T04:56:39, Misc. noise event 6,16,2
2005-02-21T04:56:54, Critical path event 35,83,7
2005-02-21T05:02:00, Misc. noise event 7,69,2
2005-02-21T05:06:27, Critical path event 36,76,6
2005-02-21T05:17:28, Critical path event 37,42,7
2005-02-21T05:24:32, Critical path event 38,12,5
2005-02-21T05:30:02, Misc. noise event 8,22,8
2005-02-21T05:30:33, Critical path event 39,16,3
2005-02-21T05:38:24, Critical path event 19,90,7
2005-02-21T05:47:06, Critical path event 19,15,2
2005-02-21T05:55:14, Misc. noise event 9,83,10
2005-02-21T05:56:06, Critical path event 19,39,1
2005-02-21T06:03:47, Critical path event 19,27,2
2005-02-21T06:17:05, Misc. noise event 10,89,2
2005-02-21T06:17:12, Critical path event 44,56,6
