--------------------------------------------------
datetime,message,random_int_1,random_int_2
--------------------------------------------------
2005-07-11T00:00, Critical path event 1,29,10
2005-07-11T00:08:26, Critical path event 2,15,6
2005-07-11T00:16:30, Critical path event 3,69,9
2005-07-11T00:24:47, Critical path event 4,91,5
2005-07-11T00:39:42, Critical path event 5,73,6
2005-07-11T00:47:59, Misc. noise event 0,88,5
2005-07-11T00:49:08, Critical path event 6,37,0
2005-07-11T00:58:35, Critical path event 7,87,3
2005-07-11T01:02:35, Critical path event 8,47,10
2005-07-11T01:11:57, Critical path event 9,41,9
2005-07-11T01:17:02, Misc. noise event 1,19,8
2005-07-11T01:20:59, Critical path event 9,77,9
2005-07-11T01:30:24, Misc. noise event 2,94,2
2005-07-11T01:32:13, Critical path event 9,91,9
2005-07-11T01:39:24, Critical path event 9,98,10
2005-07-11T01:46:12, Critical path event 13,24,1
2005-07-11T01:55:46, Critical path event 14,94,9
2005-07-11T02:04:12, Critical path event 15,3,4
2005-07-11T02:12:16, Critical path event 16,54,3
2005-07-11T02:17:41, Misc. noise event 3,74,8
2005-07-11T02:20:33, Critical path event 17,17,1
2005-07-11T02:35:28, Critical path event 18,25,3
2005-07-11T02:42:03, Misc. noise event 4,3,4
2005-07-11T02:44:54, Critical path event 19,81,6
2005-07-11T02:54:21, Critical path event 19,38,9
2005-07-11T02:56:45, Misc. noise event 5,28,10
2005-07-11T02:58:21, Critical path event 19,15,9
2005-07-11T03:07:43, Critical path event 19,95,8

    ----------------some other thing --------------
    filesize :1024k
    alert-level : FATAL
    description: thing with pid 34345 died because 
        random java stacktrace 
        that is super noisy with numbers and datetimes 
Exception in thread "main" java.lang.NullPointerException
    at AnotherClassLoader.loadClass(test.java:58)
    at test.main(test.java:30)
    at Main.main(Main.java:68)
    -------------------------------------------- 
    2005-07-11T03:16:45, Critical path event 23,91,4
2005-07-11T03:27:59, Critical path event 24,19,0
2005-07-11T03:32:04, Misc. noise event 6,0,8
2005-07-11T03:35:10, Critical path event 25,44,7
2005-07-11T03:40:34, Misc. noise event 7,56,2
2005-07-11T03:41:58, Critical path event 26,98,1
2005-07-11T03:51:32, Critical path event 27,34,1
2005-07-11T03:59:58, Critical path event 28,22,4
2005-07-11T04:08:02, Critical path event 29,93,7
2005-07-11T04:16:19, Critical path event 29,78,0
2005-07-11T04:31:14, Critical path event 29,17,3
2005-07-11T04:40:40, Critical path event 29,51,10
2005-07-11T04:48:39, Misc. noise event 8,83,10
2005-07-11T04:50:07, Critical path event 33,69,8
2005-07-11T04:54:07, Critical path event 34,25,2
2005-07-11T05:03:29, Critical path event 35,18,5
2005-07-11T05:12:19, Misc. noise event 9,73,2
2005-07-11T05:12:31, Critical path event 36,91,2
2005-07-11T05:23:45, Critical path event 37,6,7
2005-07-11T05:30:26, Misc. noise event 10,6,4
2005-07-11T05:30:56, Critical path event 38,6,1
2005-07-11T05:37:44, Critical path event 39,45,5
2005-07-11T05:47:18, Critical path event 19,28,10
2005-07-11T05:55:44, Critical path event 19,25,9
2005-07-11T06:03:48, Critical path event 19,59,6
2005-07-11T06:12:05, Critical path event 19,63,7
2005-07-11T06:27:00, Critical path event 44,53,10
