--------------------------------------------------
datetime,message,random_int_1,random_int_2
--------------------------------------------------
2005-01-31T00:00, Critical path event 1,12,7
2005-01-31T00:07:24, Critical path event 2,28,7
2005-01-31T00:10:37, Misc. noise event 0,57,4
2005-01-31T00:15:12, Critical path event 3,17,3
2005-01-31T00:24:35, Critical path event 4,82,6
2005-01-31T00:37:35, Misc. noise event 1,99,9
2005-01-31T00:39:17, Critical path event 5,9,6
2005-01-31T00:46:52, Critical path event 6,52,6
2005-01-31T00:53:54, Misc. noise event 2,27,4
2005-01-31T00:54:17, Critical path event 7,71,8
2005-01-31T00:58:30, Critical path event 8,98,7
2005-01-31T01:06:48, Critical path event 9,3,9
2005-01-31T01:14:07, Critical path event 9,18,0
2005-01-31T01:25:49, Critical path event 9,28,8
2005-01-31T01:32:18, Critical path event 9,5,1
2005-01-31T01:39:33, Misc. noise event 3,25,10
2005-01-31T01:40:20, Critical path event 13,11,7
2005-01-31T01:48:18, Misc. noise event 4,67,1
2005-01-31T01:48:24, Critical path event 14,85,1
2005-01-31T01:55:48, Critical path event 15,49,10
2005-01-31T02:03:36, Critical path event 16,60,1
2005-01-31T02:12:59, Critical path event 17,66,7
2005-01-31T02:27:41, Critical path event 18,18,2
2005-01-31T02:31:25, Misc. noise event 5,11,4
2005-01-31T02:35:16, Critical path event 19,71,10
2005-01-31T02:42:41, Critical path event 19,50,10
2005-01-31T02:46:54, Critical path event 19,38,1
2005-01-31T02:53:34, Misc. noise event 6,18,2

    ----------------some other thing --------------
    filesize :1024k
    alert-level : FATAL
    description: thing with pid 34345 died because 
        random java stacktrace 
        that is super noisy with numbers and datetimes 
Exception in thread "main" java.lang.NullPointerException
    at AnotherClassLoader.loadClass(test.java:58)
    at test.main(test.java:30)
    at Main.main(Main.java:68)
    -------------------------------------------- 
    2005-01-31T02:55:12, Critical path event 19,0,5
2005-01-31T03:02:31, Critical path event 23,73,8
2005-01-31T03:14:13, Critical path event 24,7,3
2005-01-31T03:20:42, Critical path event 25,35,9
2005-01-31T03:28:44, Critical path event 26,69,9
2005-01-31T03:32:45, Misc. noise event 7,35,5
2005-01-31T03:36:48, Critical path event 27,7,7
2005-01-31T03:44:12, Critical path event 28,23,6
2005-01-31T03:52:00, Critical path event 29,14,0
2005-01-31T04:01:23, Critical path event 29,53,2
2005-01-31T04:16:05, Critical path event 29,72,7
2005-01-31T04:23:40, Critical path event 29,7,9
2005-01-31T04:31:05, Critical path event 33,34,3
2005-01-31T04:35:18, Critical path event 34,8,0
2005-01-31T04:43:36, Critical path event 35,12,0
2005-01-31T04:50:55, Critical path event 36,72,0
2005-01-31T04:58:33, Misc. noise event 8,6,0
2005-01-31T05:02:37, Critical path event 37,69,2
2005-01-31T05:09:06, Critical path event 38,1,9
2005-01-31T05:17:08, Critical path event 39,83,10
2005-01-31T05:25:12, Critical path event 19,54,9
2005-01-31T05:31:29, Misc. noise event 9,84,1
2005-01-31T05:32:36, Critical path event 19,13,5
2005-01-31T05:40:24, Critical path event 19,71,8
2005-01-31T05:49:47, Critical path event 19,29,6
2005-01-31T06:03:26, Misc. noise event 10,96,9
2005-01-31T06:04:29, Critical path event 44,21,1
