--------------------------------------------------
datetime,message,random_int_1,random_int_2
--------------------------------------------------
2005-04-18T00:00, Critical path event 1,18,0
2005-04-18T00:07:29, Critical path event 2,60,5
2005-04-18T00:12:45, Misc. noise event 0,21,5
2005-04-18T00:15:48, Critical path event 3,28,10
2005-04-18T00:18:51, Misc. noise event 1,46,9
2005-04-18T00:23:27, Critical path event 4,86,7
2005-04-18T00:36:28, Misc. noise event 2,32,2
2005-04-18T00:36:52, Critical path event 5,95,8
2005-04-18T00:45:52, Critical path event 6,9,8
2005-04-18T00:54:30, Critical path event 7,47,10
2005-04-18T00:58:36, Critical path event 8,63,1
2005-04-18T01:08:09, Critical path event 9,45,7
2005-04-18T01:16:46, Critical path event 9,20,8
2005-04-18T01:28:12, Critical path event 9,53,6
2005-04-18T01:35:21, Critical path event 9,18,9
2005-04-18T01:43:39, Critical path event 13,99,2
2005-04-18T01:52:56, Critical path event 14,83,6
2005-04-18T01:55:48, Misc. noise event 3,68,0
2005-04-18T02:00:25, Critical path event 15,26,9
2005-04-18T02:08:44, Critical path event 16,8,8
2005-04-18T02:14:01, Misc. noise event 4,70,1
2005-04-18T02:16:23, Critical path event 17,5,8
2005-04-18T02:29:48, Critical path event 18,42,3
2005-04-18T02:38:48, Critical path event 19,30,0
2005-04-18T02:47:26, Critical path event 19,80,1
2005-04-18T02:51:32, Critical path event 19,7,8
2005-04-18T02:57:25, Misc. noise event 5,53,7
2005-04-18T03:01:05, Critical path event 19,84,2

    ----------------some other thing --------------
    filesize :1024k
    alert-level : FATAL
    description: thing with pid 34345 died because 
        random java stacktrace 
        that is super noisy with numbers and datetimes 
Exception in thread "main" java.lang.NullPointerException
    at AnotherClassLoader.loadClass(test.java:58)
    at test.main(test.java:30)
    at Main.main(Main.java:68)
    -------------------------------------------- 
    2005-04-18T03:09:42, Critical path event 23,15,9
2005-04-18T03:21:08, Critical path event 24,76,0
2005-04-18T03:25:37, Misc. noise event 6,25,4
2005-04-18T03:28:17, Critical path event 25,36,9
2005-04-18T03:31:47, Misc. noise event 7,46,1
2005-04-18T03:36:35, Critical path event 26,77,1
2005-04-18T03:45:52, Critical path event 27,2,6
2005-04-18T03:53:21, Critical path event 28,92,10
2005-04-18T04:01:40, Critical path event 29,51,3
2005-04-18T04:09:19, Critical path event 29,6,5
2005-04-18T04:22:44, Critical path event 29,25,7
2005-04-18T04:31:44, Critical path event 29,53,3
2005-04-18T04:37:26, Misc. noise event 8,78,8
2005-04-18T04:40:22, Critical path event 33,43,10
2005-04-18T04:44:28, Critical path event 34,0,8
2005-04-18T04:54:01, Critical path event 35,3,10
2005-04-18T05:00:38, Misc. noise event 9,20,10
2005-04-18T05:02:38, Critical path event 36,1,3
2005-04-18T05:14:04, Critical path event 37,45,9
2005-04-18T05:21:13, Critical path event 38,25,3
2005-04-18T05:29:31, Critical path event 39,0,2
2005-04-18T05:38:48, Critical path event 19,67,9
2005-04-18T05:46:17, Critical path event 19,95,5
2005-04-18T05:54:36, Critical path event 19,41,5
2005-04-18T05:58:43, Misc. noise event 10,45,4
2005-04-18T06:02:15, Critical path event 19,86,3
2005-04-18T06:15:40, Critical path event 44,37,2
