--------------------------------------------------
datetime,message,random_int_1,random_int_2
--------------------------------------------------
2005-05-30T00:00, Critical path event 1,29,3
2005-05-30T00:05:32, Misc. noise event 0,4,1
2005-05-30T00:07:16, Critical path event 2,81,8
2005-05-30T00:16:18, Critical path event 3,64,5
2005-05-30T00:25:05, Critical path event 4,45,2
2005-05-30T00:38:25, Critical path event 5,43,3
2005-05-30T00:44:20, Misc. noise event 1,34,9
2005-05-30T00:45:46, Critical path event 6,34,6
2005-05-30T00:54:04, Misc. noise event 2,76,7
2005-05-30T00:54:21, Critical path event 7,27,6
2005-05-30T00:58:52, Critical path event 8,58,10
2005-05-30T01:06:57, Critical path event 9,100,9
2005-05-30T01:15:31, Critical path event 9,12,8
2005-05-30T01:25:58, Critical path event 9,29,9
2005-05-30T01:34:13, Critical path event 9,72,8
2005-05-30T01:40:23, Critical path event 13,92,10
2005-05-30T01:49:05, Misc. noise event 3,5,6
2005-05-30T01:49:54, Critical path event 14,77,0
2005-05-30T01:57:10, Critical path event 15,26,1
2005-05-30T02:06:12, Critical path event 16,36,4
2005-05-30T02:14:59, Critical path event 17,3,8
2005-05-30T02:28:19, Critical path event 18,76,8
2005-05-30T02:35:40, Critical path event 19,51,0
2005-05-30T02:44:15, Critical path event 19,15,9
2005-05-30T02:48:46, Critical path event 19,6,0
2005-05-30T02:56:51, Critical path event 19,56,4
2005-05-30T03:00:50, Misc. noise event 4,5,2
2005-05-30T03:05:25, Critical path event 23,14,9

    ----------------some other thing --------------
    filesize :1024k
    alert-level : FATAL
    description: thing with pid 34345 died because 
        random java stacktrace 
        that is super noisy with numbers and datetimes 
Exception in thread "main" java.lang.NullPointerException
    at AnotherClassLoader.loadClass(test.java:58)
    at test.main(test.java:30)
    at Main.main(Main.java:68)
    -------------------------------------------- 
    2005-05-30T03:15:52, Critical path event 24,26,4
2005-05-30T03:24:07, Critical path event 25,12,3
2005-05-30T03:30:17, Critical path event 26,16,1
2005-05-30T03:39:48, Critical path event 27,93,10
2005-05-30T03:45:14, Misc. noise event 5,2,1
2005-05-30T03:47:04, Critical path event 28,11,7
2005-05-30T03:56:06, Critical path event 29,71,1
2005-05-30T04:04:53, Critical path event 29,93,7
2005-05-30T04:18:13, Critical path event 29,39,6
2005-05-30T04:23:15, Misc. noise event 6,82,7
2005-05-30T04:25:34, Critical path event 29,74,7
2005-05-30T04:34:09, Critical path event 33,80,7
2005-05-30T04:34:36, Misc. noise event 7,28,7
2005-05-30T04:38:40, Critical path event 34,96,8
2005-05-30T04:46:45, Critical path event 35,5,2
2005-05-30T04:55:19, Critical path event 36,81,5
2005-05-30T05:01:34, Misc. noise event 8,19,8
2005-05-30T05:05:46, Critical path event 37,95,10
2005-05-30T05:14:01, Critical path event 38,5,0
2005-05-30T05:20:11, Critical path event 39,11,8
2005-05-30T05:29:42, Critical path event 19,56,7
2005-05-30T05:35:00, Misc. noise event 9,96,10
2005-05-30T05:36:58, Critical path event 19,55,2
2005-05-30T05:44:41, Misc. noise event 10,60,6
2005-05-30T05:46:00, Critical path event 19,50,4
2005-05-30T05:54:47, Critical path event 19,78,3
2005-05-30T06:08:07, Critical path event 44,35,4
