--------------------------------------------------
datetime,message,random_int_1,random_int_2
--------------------------------------------------
2005-02-28T23:57:10, Misc. noise event 0,39,1
2005-03-01T00:00, Critical path event 1,96,8
2005-03-01T00:09:21, Critical path event 2,62,7
2005-03-01T00:17:51, Critical path event 3,90,4
2005-03-01T00:24:16, Misc. noise event 1,90,9
2005-03-01T00:25:06, Critical path event 4,51,9
2005-03-01T00:36:15, Misc. noise event 2,44,7
2005-03-01T00:40:15, Critical path event 5,40,7
2005-03-01T00:47:37, Critical path event 6,4,1
2005-03-01T00:57:09, Critical path event 7,62,9
2005-03-01T01:00:46, Critical path event 8,76,1
2005-03-01T01:03:27, Misc. noise event 3,79,4
2005-03-01T01:07:59, Critical path event 9,87,5
2005-03-01T01:15:52, Critical path event 9,8,3
2005-03-01T01:26:13, Critical path event 9,34,6
2005-03-01T01:33:27, Critical path event 9,34,1
2005-03-01T01:41:02, Critical path event 13,47,0
2005-03-01T01:50:01, Critical path event 14,37,6
2005-03-01T01:59:22, Critical path event 15,12,9
2005-03-01T02:07:52, Critical path event 16,42,8
2005-03-01T02:13:43, Misc. noise event 4,5,10
2005-03-01T02:15:07, Critical path event 17,30,2
2005-03-01T02:30:16, Critical path event 18,80,3
2005-03-01T02:37:38, Critical path event 19,17,5
2005-03-01T02:45:37, Misc. noise event 5,45,5
2005-03-01T02:47:10, Critical path event 19,31,8
2005-03-01T02:50:47, Critical path event 19,78,2
2005-03-01T02:58:00, Critical path event 19,56,6
2005-03-01T03:02:41, Misc. noise event 6,27,4
2005-03-01T03:05:53, Critical path event 23,62,2
2005-03-01T03:16:14, Critical path event 24,52,1
2005-03-01T03:23:28, Critical path event 25,97,1
2005-03-01T03:30:29, Misc. noise event 7,83,1
2005-03-01T03:31:03, Critical path event 26,37,2
2005-03-01T03:40:02, Critical path event 27,74,2
2005-03-01T03:49:23, Critical path event 28,75,2
2005-03-01T03:57:53, Critical path event 29,71,5
2005-03-01T04:05:08, Critical path event 29,64,1
2005-03-01T04:17:44, Misc. noise event 8,61,0
2005-03-01T04:20:17, Critical path event 29,43,1
2005-03-01T04:27:39, Critical path event 29,59,7
2005-03-01T04:37:11, Critical path event 33,100,0
2005-03-01T04:39:18, Misc. noise event 9,91,6
2005-03-01T04:40:48, Critical path event 34,33,8
2005-03-01T04:48:01, Critical path event 35,59,4
2005-03-01T04:55:54, Critical path event 36,89,8
2005-03-01T05:04:41, Misc. noise event 10,22,1
2005-03-01T05:06:15, Critical path event 37,24,6
2005-03-01T05:13:29, Critical path event 38,89,7
2005-03-01T05:21:04, Critical path event 39,20,3
2005-03-01T05:30:03, Critical path event 19,81,9
2005-03-01T05:39:24, Critical path event 19,40,6
2005-03-01T05:47:54, Critical path event 19,25,6
2005-03-01T05:55:09, Critical path event 19,30,3
2005-03-01T06:10:18, Critical path event 44,1,8
