--------------------------------------------------
datetime,message,random_int_1,random_int_2
--------------------------------------------------
2005-05-02T00:00, Critical path event 1,100,3
2005-05-02T00:08:24, Misc. noise event 0,56,7
2005-05-02T00:09:14, Critical path event 2,79,8
2005-05-02T00:17:06, Critical path event 3,73,8
2005-05-02T00:22:46, Misc. noise event 1,98,3
2005-05-02T00:25:36, Critical path event 4,22,1
2005-05-02T00:38:54, Critical path event 5,95,9
2005-05-02T00:47:03, Critical path event 6,33,10
2005-05-02T00:56:00, Critical path event 7,50,3
2005-05-02T01:00:58, Critical path event 8,86,6
2005-05-02T01:06:53, Misc. noise event 2,29,0
2005-05-02T01:09:36, Critical path event 9,22,2
2005-05-02T01:16:52, Critical path event 9,33,8
2005-05-02T01:25:46, Misc. noise event 3,44,9
2005-05-02T01:28:15, Critical path event 9,10,0
2005-05-02T01:36:30, Critical path event 9,27,9
2005-05-02T01:38:49, Misc. noise event 4,5,6
2005-05-02T01:42:46, Critical path event 13,88,7
2005-05-02T01:51:11, Critical path event 14,58,10
2005-05-02T02:00:25, Critical path event 15,59,3
2005-05-02T02:08:17, Critical path event 16,4,1
2005-05-02T02:16:47, Critical path event 17,85,0
2005-05-02T02:30:05, Critical path event 18,38,6
2005-05-02T02:38:14, Critical path event 19,10,0
2005-05-02T02:42:26, Misc. noise event 5,91,2
2005-05-02T02:47:11, Critical path event 19,5,1
2005-05-02T02:50:20, Misc. noise event 6,79,4
2005-05-02T02:52:09, Critical path event 19,54,5

    ----------------some other thing --------------
    filesize :1024k
    alert-level : FATAL
    description: thing with pid 34345 died because 
        random java stacktrace 
        that is super noisy with numbers and datetimes 
Exception in thread "main" java.lang.NullPointerException
    at AnotherClassLoader.loadClass(test.java:58)
    at test.main(test.java:30)
    at Main.main(Main.java:68)
    -------------------------------------------- 
    2005-05-02T03:00:47, Critical path event 19,30,2
2005-05-02T03:08:03, Critical path event 23,6,5
2005-05-02T03:19:26, Critical path event 24,30,6
2005-05-02T03:27:41, Critical path event 25,37,0
2005-05-02T03:33:57, Critical path event 26,40,10
2005-05-02T03:42:22, Critical path event 27,77,2
2005-05-02T03:51:36, Critical path event 28,54,7
2005-05-02T03:59:28, Critical path event 29,5,8
2005-05-02T04:07:58, Critical path event 29,72,6
2005-05-02T04:21:16, Critical path event 29,59,7
2005-05-02T04:25:42, Misc. noise event 7,75,8
2005-05-02T04:29:25, Critical path event 29,58,2
2005-05-02T04:36:25, Misc. noise event 8,94,9
2005-05-02T04:38:22, Critical path event 33,73,3
2005-05-02T04:43:20, Critical path event 34,96,8
2005-05-02T04:51:58, Critical path event 35,27,9
2005-05-02T04:59:14, Critical path event 36,65,2
2005-05-02T05:07:24, Misc. noise event 9,94,1
2005-05-02T05:10:37, Critical path event 37,59,8
2005-05-02T05:18:52, Critical path event 38,9,5
2005-05-02T05:25:08, Critical path event 39,3,6
2005-05-02T05:28:54, Misc. noise event 10,100,10
2005-05-02T05:33:33, Critical path event 19,84,3
2005-05-02T05:42:47, Critical path event 19,91,10
2005-05-02T05:50:39, Critical path event 19,62,3
2005-05-02T05:59:09, Critical path event 19,10,10
2005-05-02T06:12:27, Critical path event 44,53,10
