--------------------------------------------------
datetime,message,random_int_1,random_int_2
--------------------------------------------------
2005-11-06T23:55:55, Misc. noise event 0,5,8
2005-11-07T00:00, Critical path event 1,88,0
2005-11-07T00:07:15, Critical path event 2,38,7
2005-11-07T00:16:46, Critical path event 3,52,0
2005-11-07T00:20:58, Misc. noise event 1,1,4
2005-11-07T00:24:04, Critical path event 4,81,6
2005-11-07T00:39:29, Critical path event 5,48,9
2005-11-07T00:48:17, Critical path event 6,7,4
2005-11-07T00:55:43, Misc. noise event 2,33,10
2005-11-07T00:56:02, Critical path event 7,89,1
2005-11-07T00:57:10, Misc. noise event 3,57,6
2005-11-07T01:00:33, Critical path event 8,74,6
2005-11-07T01:10:06, Critical path event 9,1,2
2005-11-07T01:17:22, Critical path event 9,18,5
2005-11-07T01:27:06, Critical path event 9,83,3
2005-11-07T01:34:20, Critical path event 9,46,9
2005-11-07T01:41:52, Critical path event 13,57,1
2005-11-07T01:51:22, Critical path event 14,91,8
2005-11-07T01:58:37, Critical path event 15,11,9
2005-11-07T02:08:08, Critical path event 16,6,2
2005-11-07T02:11:35, Misc. noise event 4,32,3
2005-11-07T02:15:26, Critical path event 17,52,10
2005-11-07T02:30:51, Critical path event 18,15,10
2005-11-07T02:39:39, Critical path event 19,20,9
2005-11-07T02:47:24, Critical path event 19,40,2
2005-11-07T02:51:55, Critical path event 19,19,8
2005-11-07T03:01:28, Critical path event 19,2,5
2005-11-07T03:07:11, Misc. noise event 5,71,6

    ----------------some other thing --------------
    filesize :1024k
    alert-level : FATAL
    description: thing with pid 34345 died because 
        random java stacktrace 
        that is super noisy with numbers and datetimes 
Exception in thread "main" java.lang.NullPointerException
    at AnotherClassLoader.loadClass(test.java:58)
    at test.main(test.java:30)
    at Main.main(Main.java:68)
    -------------------------------------------- 
    2005-11-07T03:08:44, Critical path event 23,7,5
2005-11-07T03:16:18, Misc. noise event 6,52,10
2005-11-07T03:18:28, Critical path event 24,63,4
2005-11-07T03:25:42, Critical path event 25,26,10
2005-11-07T03:33:14, Critical path event 26,19,1
2005-11-07T03:42:44, Critical path event 27,82,3
2005-11-07T03:49:59, Critical path event 28,59,3
2005-11-07T03:58:21, Misc. noise event 7,62,4
2005-11-07T03:59:30, Critical path event 29,21,1
2005-11-07T04:06:48, Critical path event 29,76,10
2005-11-07T04:22:13, Critical path event 29,33,1
2005-11-07T04:31:01, Critical path event 29,61,4
2005-11-07T04:38:46, Critical path event 33,30,10
2005-11-07T04:43:17, Critical path event 34,22,4
2005-11-07T04:52:50, Critical path event 35,76,6
2005-11-07T05:00:06, Critical path event 36,9,6
2005-11-07T05:05:01, Misc. noise event 8,4,3
2005-11-07T05:09:50, Critical path event 37,11,3
2005-11-07T05:15:37, Misc. noise event 9,1,0
2005-11-07T05:17:04, Critical path event 38,94,1
2005-11-07T05:24:36, Critical path event 39,51,3
2005-11-07T05:34:06, Critical path event 19,67,7
2005-11-07T05:41:21, Critical path event 19,17,2
2005-11-07T05:50:52, Critical path event 19,88,8
2005-11-07T05:54:21, Misc. noise event 10,74,4
2005-11-07T05:58:10, Critical path event 19,24,1
2005-11-07T06:13:35, Critical path event 44,12,1
