--------------------------------------------------
datetime,message,random_int_1,random_int_2
--------------------------------------------------
2005-09-26T23:58:38, Misc. noise event 0,50,0
2005-09-27T00:00, Critical path event 1,74,7
2005-09-27T00:05:39, Misc. noise event 1,50,7
2005-09-27T00:09:30, Critical path event 2,96,8
2005-09-27T00:17:58, Critical path event 3,79,1
2005-09-27T00:25:58, Critical path event 4,82,3
2005-09-27T00:40:29, Critical path event 5,11,3
2005-09-27T00:43:48, Misc. noise event 2,28,1
2005-09-27T00:47:42, Critical path event 6,56,5
2005-09-27T00:57:08, Critical path event 7,79,3
2005-09-27T01:02:22, Critical path event 8,24,7
2005-09-27T01:10:27, Critical path event 9,23,5
2005-09-27T01:14:28, Misc. noise event 3,29,5
2005-09-27T01:18:56, Critical path event 9,25,1
2005-09-27T01:29:07, Critical path event 9,100,2
2005-09-27T01:35:21, Critical path event 9,57,5
2005-09-27T01:38:07, Misc. noise event 4,31,8
2005-09-27T01:43:02, Critical path event 13,51,3
2005-09-27T01:51:10, Critical path event 14,63,5
2005-09-27T02:00:40, Critical path event 15,3,3
2005-09-27T02:09:08, Critical path event 16,1,0
2005-09-27T02:17:08, Critical path event 17,26,5
2005-09-27T02:31:39, Critical path event 18,22,10
2005-09-27T02:38:52, Critical path event 19,30,6
2005-09-27T02:48:18, Critical path event 19,20,8
2005-09-27T02:51:35, Misc. noise event 5,48,9
2005-09-27T02:53:32, Critical path event 19,44,7
2005-09-27T02:57:27, Misc. noise event 6,81,2
2005-09-27T03:01:37, Critical path event 19,94,3
2005-09-27T03:10:06, Critical path event 23,97,7
2005-09-27T03:20:17, Critical path event 24,3,1
2005-09-27T03:24:30, Misc. noise event 7,87,10
2005-09-27T03:26:31, Critical path event 25,23,1
2005-09-27T03:34:12, Critical path event 26,73,4
2005-09-27T03:42:20, Critical path event 27,85,1
2005-09-27T03:51:50, Critical path event 28,96,0
2005-09-27T04:00:18, Critical path event 29,30,0
2005-09-27T04:03:37, Misc. noise event 8,79,5
2005-09-27T04:08:18, Critical path event 29,72,9
2005-09-27T04:22:49, Critical path event 29,25,7
2005-09-27T04:30:02, Critical path event 29,19,8
2005-09-27T04:39:28, Critical path event 33,47,4
2005-09-27T04:44:42, Critical path event 34,94,8
2005-09-27T04:48:27, Misc. noise event 9,74,0
2005-09-27T04:52:47, Critical path event 35,53,4
2005-09-27T05:01:16, Critical path event 36,73,3
2005-09-27T05:11:27, Critical path event 37,76,9
2005-09-27T05:17:41, Critical path event 38,80,0
2005-09-27T05:25:22, Critical path event 39,3,3
2005-09-27T05:33:30, Critical path event 19,61,2
2005-09-27T05:43:00, Critical path event 19,68,4
2005-09-27T05:51:28, Critical path event 19,88,2
2005-09-27T05:55:26, Misc. noise event 10,7,6
2005-09-27T05:59:28, Critical path event 19,100,4
2005-09-27T06:13:59, Critical path event 44,64,1
