--------------------------------------------------
datetime,message,random_int_1,random_int_2
--------------------------------------------------
2005-03-25T00:00, Critical path event 1,13,3
2005-03-25T00:08:51, Critical path event 2,12,5
2005-03-25T00:17:31, Critical path event 3,36,9
2005-03-25T00:20:46, Misc. noise event 0,69,10
2005-03-25T00:25:13, Critical path event 4,30,8
2005-03-25T00:38:31, Critical path event 5,5,1
2005-03-25T00:45:44, Critical path event 6,74,6
2005-03-25T00:53:54, Critical path event 7,34,8
2005-03-25T00:57:49, Critical path event 8,97,10
2005-03-25T01:06:59, Critical path event 9,9,3
2005-03-25T01:15:48, Critical path event 9,14,4
2005-03-25T01:27:12, Critical path event 9,68,6
2005-03-25T01:33:45, Critical path event 9,50,2
2005-03-25T01:40:01, Critical path event 13,61,2
2005-03-25T01:47:53, Critical path event 14,20,9
2005-03-25T01:56:44, Critical path event 15,49,3
2005-03-25T02:05:24, Critical path event 16,5,8
2005-03-25T02:09:22, Misc. noise event 1,52,7
2005-03-25T02:13:06, Critical path event 17,52,4
2005-03-25T02:23:39, Misc. noise event 2,52,6
2005-03-25T02:26:24, Critical path event 18,10,4
2005-03-25T02:33:37, Critical path event 19,16,4
2005-03-25T02:41:47, Critical path event 19,96,0
2005-03-25T02:45:42, Critical path event 19,70,1
2005-03-25T02:52:43, Misc. noise event 3,29,4
2005-03-25T02:54:52, Critical path event 19,50,5
2005-03-25T03:03:41, Critical path event 23,100,8
2005-03-25T03:15:05, Critical path event 24,57,5
2005-03-25T03:21:38, Critical path event 25,24,7
2005-03-25T03:24:30, Misc. noise event 4,87,1
2005-03-25T03:27:54, Critical path event 26,96,2
2005-03-25T03:31:09, Misc. noise event 5,29,9
2005-03-25T03:35:46, Critical path event 27,88,2
2005-03-25T03:44:37, Critical path event 28,18,5
2005-03-25T03:52:23, Misc. noise event 6,65,8
2005-03-25T03:53:17, Critical path event 29,14,9
2005-03-25T04:00:59, Critical path event 29,11,10
2005-03-25T04:09:18, Misc. noise event 7,1,7
2005-03-25T04:14:17, Critical path event 29,0,8
2005-03-25T04:19:39, Misc. noise event 8,28,10
2005-03-25T04:21:30, Critical path event 29,11,8
2005-03-25T04:29:40, Critical path event 33,8,7
2005-03-25T04:28:48, Misc. noise event 9,78,9
2005-03-25T04:33:35, Critical path event 34,58,2
2005-03-25T04:42:45, Critical path event 35,28,7
2005-03-25T04:51:34, Critical path event 36,82,1
2005-03-25T05:02:58, Critical path event 37,82,4
2005-03-25T05:09:31, Critical path event 38,25,7
2005-03-25T05:15:47, Critical path event 39,71,2
2005-03-25T05:23:39, Critical path event 19,82,9
2005-03-25T05:32:30, Critical path event 19,24,0
2005-03-25T05:40:24, Misc. noise event 10,84,6
2005-03-25T05:41:10, Critical path event 19,70,9
2005-03-25T05:48:52, Critical path event 19,72,2
2005-03-25T06:02:10, Critical path event 44,27,8
