--------------------------------------------------
datetime,message,random_int_1,random_int_2
--------------------------------------------------
2005-02-17T23:56:37, Misc. noise event 0,71,8
2005-02-18T00:00, Critical path event 1,35,6
2005-02-18T00:08:34, Critical path event 2,12,9
2005-02-18T00:17:38, Critical path event 3,7,5
2005-02-18T00:26:13, Critical path event 4,71,7
2005-02-18T00:40:26, Critical path event 5,44,8
2005-02-18T00:46:36, Misc. noise event 1,3,7
2005-02-18T00:48:40, Critical path event 6,96,4
2005-02-18T00:56:38, Critical path event 7,34,1
2005-02-18T01:00:55, Critical path event 8,71,5
2005-02-18T01:07:10, Misc. noise event 2,70,7
2005-02-18T01:08:28, Critical path event 9,45,2
2005-02-18T01:14:47, Misc. noise event 3,32,1
2005-02-18T01:17:48, Critical path event 9,75,2
2005-02-18T01:26:06, Misc. noise event 4,36,10
2005-02-18T01:29:22, Critical path event 9,1,2
2005-02-18T01:36:23, Critical path event 9,71,7
2005-02-18T01:42:30, Critical path event 13,83,4
2005-02-18T01:50:33, Critical path event 14,55,2
2005-02-18T01:59:07, Critical path event 15,77,3
2005-02-18T02:07:16, Misc. noise event 5,20,7
2005-02-18T02:08:11, Critical path event 16,59,9
2005-02-18T02:16:46, Critical path event 17,65,7
2005-02-18T02:26:19, Misc. noise event 6,37,10
2005-02-18T02:30:59, Critical path event 18,23,5
2005-02-18T02:39:13, Critical path event 19,88,4
2005-02-18T02:43:29, Misc. noise event 7,41,2
2005-02-18T02:47:11, Critical path event 19,11,9
2005-02-18T02:51:28, Critical path event 19,10,7
2005-02-18T02:59:01, Critical path event 19,21,9
2005-02-18T03:08:21, Critical path event 23,85,10
2005-02-18T03:19:55, Critical path event 24,43,6
2005-02-18T03:26:56, Critical path event 25,75,2
2005-02-18T03:33:03, Critical path event 26,80,0
2005-02-18T03:41:06, Critical path event 27,65,6
2005-02-18T03:49:40, Critical path event 28,100,5
2005-02-18T03:58:44, Critical path event 29,44,1
2005-02-18T04:07:19, Critical path event 29,11,2
2005-02-18T04:21:32, Critical path event 29,77,3
2005-02-18T04:29:46, Critical path event 29,63,5
2005-02-18T04:37:44, Critical path event 33,31,10
2005-02-18T04:37:52, Misc. noise event 8,67,5
2005-02-18T04:42:01, Critical path event 34,3,1
2005-02-18T04:49:34, Critical path event 35,10,7
2005-02-18T04:58:54, Critical path event 36,32,5
2005-02-18T05:10:28, Critical path event 37,86,2
2005-02-18T05:17:29, Critical path event 38,23,5
2005-02-18T05:23:36, Critical path event 39,48,9
2005-02-18T05:31:39, Critical path event 19,46,2
2005-02-18T05:40:13, Critical path event 19,98,10
2005-02-18T05:49:17, Critical path event 19,86,6
2005-02-18T05:54:45, Misc. noise event 9,40,9
2005-02-18T05:57:52, Critical path event 19,82,8
2005-02-18T06:11:59, Misc. noise event 10,19,0
2005-02-18T06:12:05, Critical path event 44,3,3
