--------------------------------------------------
datetime,message,random_int_1,random_int_2
--------------------------------------------------
2005-01-02T23:59:04, Misc. noise event 0,46,1
2005-01-03T00:00, Critical path event 1,63,7
2005-01-03T00:09:29, Critical path event 2,87,10
2005-01-03T00:17:01, Critical path event 3,82,7
2005-01-03T00:24:30, Misc. noise event 1,83,9
2005-01-03T00:24:34, Critical path event 4,41,0
2005-01-03T00:38:55, Misc. noise event 2,33,3
2005-01-03T00:40:05, Critical path event 5,0,7
2005-01-03T00:48:42, Critical path event 6,26,1
2005-01-03T00:56:30, Critical path event 7,63,8
2005-01-03T01:02:21, Critical path event 8,87,3
2005-01-03T01:14:27, Misc. noise event 3,35,5
2005-01-03T01:16:19, Critical path event 9,71,7
2005-01-03T01:24:00, Critical path event 9,47,6
2005-01-03T01:35:44, Critical path event 9,47,0
2005-01-03T01:43:58, Critical path event 9,90,1
2005-01-03T01:51:10, Critical path event 13,3,8
2005-01-03T02:02:12, Critical path event 14,37,3
2005-01-03T02:12:35, Misc. noise event 4,6,9
2005-01-03T02:16:19, Critical path event 15,8,4
2005-01-03T02:23:51, Critical path event 16,6,1
2005-01-03T02:31:24, Critical path event 17,55,6
2005-01-03T02:46:55, Critical path event 18,26,2
2005-01-03T02:53:17, Misc. noise event 5,1,8
2005-01-03T02:55:32, Critical path event 19,42,9
2005-01-03T03:08:02, Critical path event 19,58,4
2005-01-03T03:13:53, Critical path event 19,77,3
2005-01-03T03:23:20, Critical path event 19,18,9

    ----------------some other thing --------------
    filesize :1024k
    alert-level : FATAL
    description: thing with pid 34345 died because 
        random java stacktrace 
        that is super noisy with numbers and datetimes 
Exception in thread "main" java.lang.NullPointerException
    at AnotherClassLoader.loadClass(test.java:58)
    at test.main(test.java:30)
    at Main.main(Main.java:68)
    -------------------------------------------- 
    2005-01-03T03:26:23, Misc. noise event 6,59,3
2005-01-03T03:31:01, Critical path event 23,22,4
2005-01-03T03:42:45, Critical path event 24,91,8
2005-01-03T03:50:59, Critical path event 25,32,4
2005-01-03T03:58:11, Critical path event 26,0,2
2005-01-03T04:07:38, Critical path event 27,16,0
2005-01-03T04:17:07, Critical path event 28,9,10
2005-01-03T04:24:39, Critical path event 29,65,1
2005-01-03T04:46:36, Critical path event 29,47,2
2005-01-03T05:02:07, Critical path event 29,9,3
2005-01-03T05:10:44, Critical path event 29,32,9
2005-01-03T05:18:32, Critical path event 33,71,9
2005-01-03T05:22:31, Misc. noise event 7,0,8
2005-01-03T05:24:23, Critical path event 34,51,3
2005-01-03T05:33:50, Critical path event 35,79,1
2005-01-03T05:39:36, Misc. noise event 8,41,6
2005-01-03T05:41:31, Critical path event 36,74,2
2005-01-03T06:03:31, Misc. noise event 9,68,8
2005-01-03T06:03:35, Critical path event 37,93,7
2005-01-03T06:11:49, Critical path event 38,36,9
2005-01-03T06:14:34, Misc. noise event 10,41,8
2005-01-03T06:19:01, Critical path event 39,83,10
2005-01-03T06:34:29, Critical path event 19,7,0
2005-01-03T06:43:58, Critical path event 19,8,8
2005-01-03T06:51:30, Critical path event 19,59,4
2005-01-03T06:59:03, Critical path event 19,14,7
2005-01-03T07:14:34, Critical path event 44,52,0
