--------------------------------------------------
datetime,message,random_int_1,random_int_2
--------------------------------------------------
2005-09-29T23:55:58, Misc. noise event 0,78,8
2005-09-30T00:00, Critical path event 1,35,1
2005-09-30T00:04:56, Misc. noise event 1,89,9
2005-09-30T00:09:11, Critical path event 2,43,4
2005-09-30T00:16:33, Critical path event 3,79,2
2005-09-30T00:26:07, Critical path event 4,7,8
2005-09-30T00:39:20, Critical path event 5,43,6
2005-09-30T00:46:50, Critical path event 6,100,8
2005-09-30T00:55:35, Critical path event 7,3,3
2005-09-30T01:00:36, Critical path event 8,54,9
2005-09-30T01:06:52, Misc. noise event 2,51,1
2005-09-30T01:10:07, Critical path event 9,16,5
2005-09-30T01:17:41, Critical path event 9,50,6
2005-09-30T01:27:48, Critical path event 9,66,5
2005-09-30T01:36:02, Critical path event 9,89,5
2005-09-30T01:42:28, Critical path event 13,5,9
2005-09-30T01:51:53, Critical path event 14,70,6
2005-09-30T02:01:04, Critical path event 15,78,0
2005-09-30T02:03:36, Misc. noise event 3,35,2
2005-09-30T02:08:26, Critical path event 16,98,8
2005-09-30T02:15:28, Misc. noise event 4,60,8
2005-09-30T02:18:00, Critical path event 17,58,0
2005-09-30T02:28:21, Misc. noise event 5,11,4
2005-09-30T02:31:13, Critical path event 18,84,0
2005-09-30T02:38:43, Critical path event 19,90,6
2005-09-30T02:47:28, Critical path event 19,97,8
2005-09-30T02:52:29, Critical path event 19,20,2
2005-09-30T03:02:00, Critical path event 19,68,9
2005-09-30T03:09:34, Critical path event 23,99,5
2005-09-30T03:19:41, Critical path event 24,42,5
2005-09-30T03:27:55, Critical path event 25,37,1
2005-09-30T03:34:21, Critical path event 26,51,7
2005-09-30T03:43:46, Critical path event 27,45,5
2005-09-30T03:52:57, Critical path event 28,92,1
2005-09-30T04:00:19, Critical path event 29,9,10
2005-09-30T04:06:04, Misc. noise event 6,8,2
2005-09-30T04:09:53, Critical path event 29,53,2
2005-09-30T04:23:02, Misc. noise event 7,45,5
2005-09-30T04:23:06, Critical path event 29,78,9
2005-09-30T04:30:36, Critical path event 29,15,3
2005-09-30T04:39:21, Critical path event 33,20,7
2005-09-30T04:44:22, Critical path event 34,0,7
2005-09-30T04:53:53, Critical path event 35,28,5
2005-09-30T05:01:27, Critical path event 36,69,7
2005-09-30T05:11:34, Critical path event 37,11,0
2005-09-30T05:15:26, Misc. noise event 8,28,9
2005-09-30T05:19:48, Critical path event 38,89,10
2005-09-30T05:26:14, Critical path event 39,23,8
2005-09-30T05:35:39, Critical path event 19,17,10
2005-09-30T05:44:50, Critical path event 19,85,7
2005-09-30T05:48:17, Misc. noise event 9,38,5
2005-09-30T05:52:12, Critical path event 19,64,1
2005-09-30T06:01:46, Critical path event 19,65,9
2005-09-30T06:11:26, Misc. noise event 10,72,6
2005-09-30T06:14:59, Critical path event 44,33,10
