--------------------------------------------------
datetime,message,random_int_1,random_int_2
--------------------------------------------------
2005-10-01T23:58:46, Misc. noise event 0,2,3
2005-10-02T00:00, Critical path event 1,97,6
2005-10-02T00:06:57, Critical path event 2,73,9
2005-10-02T00:14:53, Critical path event 3,36,4
2005-10-02T00:22:34, Critical path event 4,22,2
2005-10-02T00:33:56, Critical path event 5,8,8
2005-10-02T00:37:44, Misc. noise event 1,13,5
2005-10-02T00:41:28, Critical path event 6,75,5
2005-10-02T00:48:47, Critical path event 7,59,3
2005-10-02T00:47:30, Misc. noise event 2,66,8
2005-10-02T00:51:50, Critical path event 8,14,1
2005-10-02T00:58:13, Critical path event 9,100,6
2005-10-02T01:03:14, Misc. noise event 3,42,7
2005-10-02T01:05:30, Critical path event 9,9,0
2005-10-02T01:15:19, Critical path event 9,24,0
2005-10-02T01:17:04, Misc. noise event 4,48,10
2005-10-02T01:21:59, Critical path event 9,14,3
2005-10-02T01:28:40, Critical path event 13,88,8
2005-10-02T01:36:39, Critical path event 14,89,6
2005-10-02T01:42:58, Misc. noise event 5,68,2
2005-10-02T01:43:36, Critical path event 15,31,6
2005-10-02T01:48:14, Misc. noise event 6,15,4
2005-10-02T01:51:32, Critical path event 16,78,7
2005-10-02T01:59:13, Critical path event 17,40,3
2005-10-02T02:10:35, Critical path event 18,9,7
2005-10-02T02:18:07, Critical path event 19,12,7
2005-10-02T02:25:26, Critical path event 19,67,0
2005-10-02T02:28:29, Critical path event 19,77,6
2005-10-02T02:34:52, Critical path event 19,77,9
2005-10-02T02:42:09, Critical path event 23,76,7
2005-10-02T02:51:58, Critical path event 24,34,9
2005-10-02T02:58:38, Critical path event 25,48,7
2005-10-02T03:05:19, Critical path event 26,74,6
2005-10-02T03:13:18, Critical path event 27,100,7
2005-10-02T03:20:15, Critical path event 28,31,3
2005-10-02T03:27:57, Misc. noise event 7,69,4
2005-10-02T03:28:11, Critical path event 29,49,10
2005-10-02T03:35:52, Critical path event 29,12,9
2005-10-02T03:47:14, Critical path event 29,100,7
2005-10-02T03:54:46, Critical path event 29,17,10
2005-10-02T04:00:19, Misc. noise event 8,29,10
2005-10-02T04:02:05, Critical path event 33,84,8
2005-10-02T04:05:08, Critical path event 34,11,1
2005-10-02T04:08:59, Misc. noise event 9,68,7
2005-10-02T04:11:31, Critical path event 35,63,4
2005-10-02T04:18:48, Critical path event 36,74,8
2005-10-02T04:28:37, Critical path event 37,71,4
2005-10-02T04:35:17, Critical path event 38,4,0
2005-10-02T04:41:58, Critical path event 39,64,0
2005-10-02T04:49:57, Critical path event 19,81,0
2005-10-02T04:56:54, Critical path event 19,90,9
2005-10-02T05:04:24, Misc. noise event 10,4,2
2005-10-02T05:04:50, Critical path event 19,21,4
2005-10-02T05:12:31, Critical path event 19,96,8
2005-10-02T05:23:53, Critical path event 44,52,9
