--------------------------------------------------
datetime,message,random_int_1,random_int_2
--------------------------------------------------
2005-07-13T23:55:43, Misc. noise event 0,92,0
2005-07-14T00:00, Critical path event 1,40,0
2005-07-14T00:09:32, Critical path event 2,29,2
2005-07-14T00:17:49, Misc. noise event 1,27,1
2005-07-14T00:18:01, Critical path event 3,63,7
2005-07-14T00:34:20, Misc. noise event 2,0,7
2005-07-14T00:37:14, Critical path event 4,37,9
2005-07-14T00:51:58, Critical path event 5,1,1
2005-07-14T00:59:20, Critical path event 6,14,0
2005-07-14T01:09:55, Critical path event 7,22,5
2005-07-14T01:15:52, Critical path event 8,63,10
2005-07-14T01:25:21, Critical path event 9,42,0
2005-07-14T01:51:21, Critical path event 9,29,3
2005-07-14T02:10:52, Critical path event 9,48,9
2005-07-14T02:16:53, Misc. noise event 3,14,10
2005-07-14T02:18:37, Critical path event 9,26,10
2005-07-14T02:25:14, Critical path event 13,71,7
2005-07-14T02:40:20, Critical path event 14,67,1
2005-07-14T02:49:52, Critical path event 15,9,4
2005-07-14T02:58:21, Critical path event 16,94,7
2005-07-14T03:06:28, Critical path event 17,69,4
2005-07-14T03:21:12, Critical path event 18,80,6
2005-07-14T03:28:34, Critical path event 19,93,8
2005-07-14T03:35:32, Misc. noise event 4,90,2
2005-07-14T03:37:54, Critical path event 19,97,6
2005-07-14T03:43:51, Critical path event 19,37,9
2005-07-14T03:53:20, Critical path event 19,99,10
2005-07-14T03:59:33, Misc. noise event 5,59,1
2005-07-14T04:02:02, Critical path event 23,82,3
2005-07-14T04:13:09, Critical path event 24,77,8
2005-07-14T04:20:00, Misc. noise event 6,7,9
2005-07-14T04:20:54, Critical path event 25,11,1
2005-07-14T04:27:31, Critical path event 26,50,4
2005-07-14T04:34:55, Critical path event 27,95,9
2005-07-14T04:50:09, Critical path event 28,6,8
2005-07-14T04:58:38, Critical path event 29,62,6
2005-07-14T05:19:59, Critical path event 29,16,6
2005-07-14T05:34:43, Critical path event 29,83,8
2005-07-14T05:42:05, Critical path event 29,63,10
2005-07-14T05:51:25, Critical path event 33,78,9
2005-07-14T05:57:22, Critical path event 34,9,10
2005-07-14T06:06:51, Critical path event 35,22,0
2005-07-14T06:21:19, Critical path event 36,6,0
2005-07-14T06:32:26, Critical path event 37,48,2
2005-07-14T06:40:11, Critical path event 38,63,5
2005-07-14T06:44:03, Misc. noise event 7,22,1
2005-07-14T06:46:48, Critical path event 39,3,10
2005-07-14T06:50:53, Misc. noise event 8,98,1
2005-07-14T06:54:12, Critical path event 19,52,2
2005-07-14T07:03:44, Critical path event 19,18,3
2005-07-14T07:08:05, Misc. noise event 9,2,6
2005-07-14T07:12:13, Critical path event 19,26,6
2005-07-14T07:19:22, Misc. noise event 10,68,2
2005-07-14T07:20:20, Critical path event 19,97,7
2005-07-14T07:35:04, Critical path event 44,69,8
