--------------------------------------------------
datetime,message,random_int_1,random_int_2
--------------------------------------------------
2005-09-25T23:59:21, Misc. noise event 0,42,3
2005-09-26T00:00, Critical path event 1,96,10
2005-09-26T00:07:24, Misc. noise event 1,87,9
2005-09-26T00:08:55, Critical path event 2,47,4
2005-09-26T00:28:35, Critical path event 3,92,4
2005-09-26T00:49:41, Critical path event 4,8,0
2005-09-26T01:03:45, Critical path event 5,29,5
2005-09-26T01:08:38, Misc. noise event 2,31,10
2005-09-26T01:11:52, Critical path event 6,58,1
2005-09-26T01:19:18, Critical path event 7,94,8
2005-09-26T01:23:55, Critical path event 8,70,8
2005-09-26T01:32:36, Critical path event 9,53,7
2005-09-26T01:42:07, Critical path event 9,71,4
2005-09-26T01:53:29, Critical path event 9,53,5
2005-09-26T01:59:43, Critical path event 9,97,7
2005-09-26T02:05:45, Critical path event 13,72,9
2005-09-26T02:11:38, Misc. noise event 3,40,3
2005-09-26T02:13:08, Critical path event 14,64,9
2005-09-26T02:21:00, Misc. noise event 4,20,1
2005-09-26T02:22:03, Critical path event 15,95,0
2005-09-26T02:40:23, Misc. noise event 5,25,7
2005-09-26T02:41:33, Critical path event 16,9,1
2005-09-26T02:50:58, Critical path event 17,58,4
2005-09-26T03:05:02, Critical path event 18,23,7
2005-09-26T03:16:02, Critical path event 19,86,8
2005-09-26T03:22:49, Misc. noise event 6,43,7
2005-09-26T03:23:28, Critical path event 19,34,2
2005-09-26T03:25:59, Misc. noise event 7,4,8

    ----------------some other thing --------------
    filesize :1024k
    alert-level : FATAL
    description: thing with pid 34345 died because 
        random java stacktrace 
        that is super noisy with numbers and datetimes 
Exception in thread "main" java.lang.NullPointerException
    at AnotherClassLoader.loadClass(test.java:58)
    at test.main(test.java:30)
    at Main.main(Main.java:68)
    -------------------------------------------- 
    2005-09-26T03:28:05, Critical path event 19,100,7
2005-09-26T03:40:46, Critical path event 19,20,10
2005-09-26T03:50:17, Critical path event 23,52,0
2005-09-26T04:01:39, Critical path event 24,85,2
2005-09-26T04:06:04, Misc. noise event 8,62,4
2005-09-26T04:07:53, Critical path event 25,90,1
2005-09-26T04:13:55, Critical path event 26,24,6
2005-09-26T04:29:18, Critical path event 27,9,3
2005-09-26T04:42:52, Critical path event 28,41,9
2005-09-26T04:51:17, Critical path event 29,1,9
2005-09-26T05:00:42, Critical path event 29,37,2
2005-09-26T05:29:54, Critical path event 29,23,3
2005-09-26T05:38:01, Critical path event 29,88,5
2005-09-26T05:45:19, Misc. noise event 9,14,1
2005-09-26T05:45:27, Critical path event 33,72,0
2005-09-26T05:50:04, Critical path event 34,74,9
2005-09-26T05:58:45, Critical path event 35,3,10
2005-09-26T06:08:16, Critical path event 36,54,4
2005-09-26T06:19:38, Critical path event 37,95,9
2005-09-26T06:25:52, Critical path event 38,16,0
2005-09-26T06:31:54, Critical path event 39,4,7
2005-09-26T06:37:37, Misc. noise event 10,21,7
2005-09-26T06:39:17, Critical path event 19,62,4
2005-09-26T06:48:12, Critical path event 19,95,5
2005-09-26T06:56:37, Critical path event 19,55,3
2005-09-26T07:06:02, Critical path event 19,81,2
2005-09-26T07:20:06, Critical path event 44,56,3
