--------------------------------------------------
datetime,message,random_int_1,random_int_2
--------------------------------------------------
2005-05-15T23:58:42, Misc. noise event 0,52,9
2005-05-16T00:00, Critical path event 1,24,2
2005-05-16T00:08:12, Critical path event 2,80,2
2005-05-16T00:15:41, Critical path event 3,95,10
2005-05-16T00:21:11, Misc. noise event 1,73,8
2005-05-16T00:23:04, Critical path event 4,40,6
2005-05-16T00:38:32, Critical path event 5,41,7
2005-05-16T00:54:40, Misc. noise event 2,72,3
2005-05-16T00:55:28, Critical path event 6,63,6
2005-05-16T01:04:46, Critical path event 7,34,1
2005-05-16T01:05:55, Misc. noise event 3,35,4
2005-05-16T01:10:30, Critical path event 8,36,4
2005-05-16T01:31:40, Critical path event 9,71,2
2005-05-16T01:39:26, Critical path event 9,51,3
2005-05-16T01:49:21, Critical path event 9,29,7
2005-05-16T02:10:42, Critical path event 9,14,2
2005-05-16T02:22:25, Critical path event 13,11,9
2005-05-16T02:25:28, Misc. noise event 4,71,9
2005-05-16T02:29:51, Critical path event 14,62,5
2005-05-16T02:38:03, Critical path event 15,14,9
2005-05-16T02:45:32, Critical path event 16,29,8
2005-05-16T02:52:55, Critical path event 17,44,0
2005-05-16T03:08:23, Critical path event 18,42,10
2005-05-16T03:15:59, Critical path event 19,88,4
2005-05-16T03:25:17, Critical path event 19,95,6
2005-05-16T03:31:01, Critical path event 19,24,8
2005-05-16T03:39:24, Critical path event 19,100,6
2005-05-16T03:47:10, Critical path event 23,28,0

    ----------------some other thing --------------
    filesize :1024k
    alert-level : FATAL
    description: thing with pid 34345 died because 
        random java stacktrace 
        that is super noisy with numbers and datetimes 
Exception in thread "main" java.lang.NullPointerException
    at AnotherClassLoader.loadClass(test.java:58)
    at test.main(test.java:30)
    at Main.main(Main.java:68)
    -------------------------------------------- 
    2005-05-16T03:52:15, Misc. noise event 5,62,5
2005-05-16T03:57:05, Critical path event 24,25,6
2005-05-16T04:06:56, Critical path event 25,61,2
2005-05-16T04:13:33, Critical path event 26,73,1
2005-05-16T04:20:59, Critical path event 27,8,1
2005-05-16T04:25:07, Misc. noise event 6,35,0
2005-05-16T04:29:11, Critical path event 28,85,5
2005-05-16T04:36:40, Critical path event 29,20,6
2005-05-16T04:44:03, Critical path event 29,19,3
2005-05-16T05:13:54, Misc. noise event 7,57,6
2005-05-16T05:14:09, Critical path event 29,72,5
2005-05-16T05:21:45, Critical path event 29,97,1
2005-05-16T05:31:03, Critical path event 33,42,10
2005-05-16T05:34:38, Misc. noise event 8,55,4
2005-05-16T05:36:47, Critical path event 34,54,0
2005-05-16T05:44:08, Misc. noise event 9,41,9
2005-05-16T05:45:10, Critical path event 35,84,7
2005-05-16T05:52:56, Critical path event 36,63,7
2005-05-16T06:02:51, Critical path event 37,70,10
2005-05-16T06:10:32, Critical path event 38,81,10
2005-05-16T06:17:09, Critical path event 39,99,1
2005-05-16T06:24:35, Critical path event 19,18,7
2005-05-16T06:28:28, Misc. noise event 10,84,0
2005-05-16T06:32:47, Critical path event 19,46,4
2005-05-16T06:40:16, Critical path event 19,47,5
2005-05-16T06:47:39, Critical path event 19,65,6
2005-05-16T07:03:07, Critical path event 44,35,7
