--------------------------------------------------
datetime,message,random_int_1,random_int_2
--------------------------------------------------
2005-08-12T23:55:59, Misc. noise event 0,56,8
2005-08-13T00:00, Critical path event 1,79,4
2005-08-13T00:05:11, Misc. noise event 1,71,6
2005-08-13T00:07:11, Critical path event 2,82,9
2005-08-13T00:15:05, Critical path event 3,72,7
2005-08-13T00:21:05, Critical path event 4,11,3
2005-08-13T00:33:35, Critical path event 5,78,7
2005-08-13T00:39:52, Critical path event 6,32,0
2005-08-13T00:47:37, Critical path event 7,31,3
2005-08-13T00:51:06, Misc. noise event 2,1,1
2005-08-13T00:52:24, Critical path event 8,38,5
2005-08-13T00:59:16, Critical path event 9,28,7
2005-08-13T01:06:52, Critical path event 9,27,9
2005-08-13T01:16:22, Critical path event 9,79,10
2005-08-13T01:22:18, Critical path event 9,80,10
2005-08-13T01:27:24, Critical path event 13,58,0
2005-08-13T01:33:30, Critical path event 14,80,9
2005-08-13T01:40:41, Critical path event 15,20,7
2005-08-13T01:48:35, Critical path event 16,63,6
2005-08-13T01:54:34, Misc. noise event 3,9,2
2005-08-13T01:54:35, Critical path event 17,47,10
2005-08-13T02:07:05, Critical path event 18,87,0
2005-08-13T02:08:34, Misc. noise event 4,88,6
2005-08-13T02:13:22, Critical path event 19,94,0
2005-08-13T02:21:07, Critical path event 19,80,2
2005-08-13T02:23:22, Misc. noise event 5,11,6
2005-08-13T02:25:54, Critical path event 19,53,0
2005-08-13T02:32:46, Critical path event 19,32,1
2005-08-13T02:38:06, Misc. noise event 6,25,7
2005-08-13T02:40:22, Critical path event 23,40,7
2005-08-13T02:49:52, Critical path event 24,94,3
2005-08-13T02:55:48, Critical path event 25,17,1
2005-08-13T02:59:52, Misc. noise event 7,20,3
2005-08-13T03:00:54, Critical path event 26,66,5
2005-08-13T03:07:00, Critical path event 27,36,6
2005-08-13T03:14:11, Critical path event 28,79,0
2005-08-13T03:22:05, Critical path event 29,7,6
2005-08-13T03:28:05, Critical path event 29,100,4
2005-08-13T03:40:35, Critical path event 29,17,0
2005-08-13T03:46:52, Critical path event 29,50,3
2005-08-13T03:54:37, Critical path event 33,3,1
2005-08-13T03:58:40, Misc. noise event 8,99,6
2005-08-13T03:59:24, Critical path event 34,15,9
2005-08-13T04:02:18, Misc. noise event 9,35,4
2005-08-13T04:06:16, Critical path event 35,0,8
2005-08-13T04:13:52, Critical path event 36,43,3
2005-08-13T04:23:22, Critical path event 37,21,5
2005-08-13T04:28:42, Misc. noise event 10,3,7
2005-08-13T04:29:18, Critical path event 38,15,5
2005-08-13T04:34:24, Critical path event 39,70,7
2005-08-13T04:40:30, Critical path event 19,55,6
2005-08-13T04:47:41, Critical path event 19,74,8
2005-08-13T04:55:35, Critical path event 19,29,4
2005-08-13T05:01:35, Critical path event 19,45,2
2005-08-13T05:14:05, Critical path event 44,4,8
