--------------------------------------------------
datetime,message,random_int_1,random_int_2
--------------------------------------------------
2005-11-21T00:00, Critical path event 1,5,5
2005-11-21T00:09:05, Critical path event 2,54,2
2005-11-21T00:16:35, Critical path event 3,9,9
2005-11-21T00:36:53, Critical path event 4,95,0
2005-11-21T00:50:53, Critical path event 5,57,8
2005-11-21T01:00:06, Critical path event 6,30,4
2005-11-21T01:11:01, Critical path event 7,77,5
2005-11-21T01:15:56, Critical path event 8,97,2
2005-11-21T01:24:45, Misc. noise event 0,17,9
2005-11-21T01:24:48, Critical path event 9,9,4
2005-11-21T01:42:22, Misc. noise event 1,45,8
2005-11-21T01:46:15, Critical path event 9,47,9
2005-11-21T01:53:47, Misc. noise event 2,27,10
2005-11-21T01:56:44, Critical path event 9,82,4
2005-11-21T02:03:47, Critical path event 9,28,10
2005-11-21T02:09:59, Critical path event 13,41,7
2005-11-21T02:19:13, Critical path event 14,57,6
2005-11-21T02:28:18, Critical path event 15,5,1
2005-11-21T02:42:09, Critical path event 16,49,3
2005-11-21T02:58:33, Critical path event 17,87,7
2005-11-21T03:12:33, Critical path event 18,42,7
2005-11-21T03:17:48, Misc. noise event 3,53,2
2005-11-21T03:21:46, Critical path event 19,93,0
2005-11-21T03:27:04, Misc. noise event 4,26,6
2005-11-21T03:30:32, Critical path event 19,49,5
2005-11-21T03:33:58, Misc. noise event 5,78,1
2005-11-21T03:35:27, Critical path event 19,0,6
2005-11-21T03:46:18, Critical path event 19,56,5

    ----------------some other thing --------------
    filesize :1024k
    alert-level : FATAL
    description: thing with pid 34345 died because 
        random java stacktrace 
        that is super noisy with numbers and datetimes 
Exception in thread "main" java.lang.NullPointerException
    at AnotherClassLoader.loadClass(test.java:58)
    at test.main(test.java:30)
    at Main.main(Main.java:68)
    -------------------------------------------- 
    2005-11-21T03:58:29, Critical path event 23,23,3
2005-11-21T04:23:18, Critical path event 24,10,1
2005-11-21T04:30:21, Critical path event 25,58,10
2005-11-21T04:36:33, Critical path event 26,26,0
2005-11-21T04:59:20, Critical path event 27,18,3
2005-11-21T05:08:25, Critical path event 28,93,10
2005-11-21T05:20:42, Misc. noise event 6,34,0
2005-11-21T05:23:00, Critical path event 29,22,1
2005-11-21T05:31:30, Critical path event 29,49,2
2005-11-21T05:45:30, Critical path event 29,92,2
2005-11-21T05:54:43, Critical path event 29,47,7
2005-11-21T06:03:29, Critical path event 33,76,1
2005-11-21T06:06:24, Misc. noise event 7,23,0
2005-11-21T06:08:24, Critical path event 34,82,5
2005-11-21T06:17:16, Critical path event 35,71,1
2005-11-21T06:23:45, Misc. noise event 8,31,8
2005-11-21T06:25:07, Critical path event 36,50,9
2005-11-21T06:35:36, Critical path event 37,21,2
2005-11-21T06:42:39, Critical path event 38,75,2
2005-11-21T06:48:51, Critical path event 39,49,7
2005-11-21T06:58:05, Critical path event 19,87,6
2005-11-21T07:07:01, Misc. noise event 9,21,5
2005-11-21T07:07:10, Critical path event 19,35,5
2005-11-21T07:14:40, Critical path event 19,73,8
2005-11-21T07:23:10, Critical path event 19,20,3
2005-11-21T07:41:33, Misc. noise event 10,53,2
2005-11-21T07:42:02, Critical path event 44,6,8
