--------------------------------------------------
datetime,message,random_int_1,random_int_2
--------------------------------------------------
2005-04-25T00:00, Critical path event 1,53,2
2005-04-25T00:08:54, Critical path event 2,31,10
2005-04-25T00:16:20, Critical path event 3,62,0
2005-04-25T00:22:13, Misc. noise event 0,26,7
2005-04-25T00:25:17, Critical path event 4,45,2
2005-04-25T00:39:37, Critical path event 5,77,9
2005-04-25T00:49:04, Critical path event 6,87,8
2005-04-25T00:55:23, Misc. noise event 1,13,1
2005-04-25T00:56:24, Critical path event 7,38,2
2005-04-25T01:01:38, Critical path event 8,53,10
2005-04-25T01:10:22, Critical path event 9,9,1
2005-04-25T01:18:02, Critical path event 9,2,8
2005-04-25T01:28:12, Critical path event 9,33,0
2005-04-25T01:34:40, Critical path event 9,56,4
2005-04-25T01:41:21, Critical path event 13,10,8
2005-04-25T01:49:31, Critical path event 14,65,2
2005-04-25T01:58:25, Critical path event 15,32,8
2005-04-25T02:05:51, Critical path event 16,42,4
2005-04-25T02:14:48, Critical path event 17,21,7
2005-04-25T02:25:29, Misc. noise event 2,62,8
2005-04-25T02:29:08, Critical path event 18,66,4
2005-04-25T02:38:35, Critical path event 19,63,0
2005-04-25T02:42:11, Misc. noise event 3,22,10
2005-04-25T02:45:55, Critical path event 19,62,7
2005-04-25T02:51:09, Critical path event 19,13,6
2005-04-25T02:59:53, Critical path event 19,0,1
2005-04-25T03:07:33, Critical path event 23,44,4
2005-04-25T03:17:43, Critical path event 24,95,4

    ----------------some other thing --------------
    filesize :1024k
    alert-level : FATAL
    description: thing with pid 34345 died because 
        random java stacktrace 
        that is super noisy with numbers and datetimes 
Exception in thread "main" java.lang.NullPointerException
    at AnotherClassLoader.loadClass(test.java:58)
    at test.main(test.java:30)
    at Main.main(Main.java:68)
    -------------------------------------------- 
    2005-04-25T03:24:11, Critical path event 25,40,10
2005-04-25T03:30:52, Critical path event 26,98,4
2005-04-25T03:39:02, Critical path event 27,50,0
2005-04-25T03:43:54, Misc. noise event 4,33,1
2005-04-25T03:47:56, Critical path event 28,7,1
2005-04-25T03:55:22, Critical path event 29,17,7
2005-04-25T04:04:19, Critical path event 29,44,9
2005-04-25T04:18:39, Critical path event 29,19,0
2005-04-25T04:28:06, Critical path event 29,74,7
2005-04-25T04:35:26, Critical path event 33,46,8
2005-04-25T04:40:40, Critical path event 34,88,7
2005-04-25T04:47:23, Misc. noise event 5,26,4
2005-04-25T04:49:24, Critical path event 35,83,10
2005-04-25T04:56:00, Misc. noise event 6,76,3
2005-04-25T04:57:04, Critical path event 36,12,0
2005-04-25T05:06:45, Misc. noise event 7,35,4
2005-04-25T05:07:14, Critical path event 37,12,3
2005-04-25T05:13:42, Critical path event 38,17,2
2005-04-25T05:20:23, Critical path event 39,82,7
2005-04-25T05:24:01, Misc. noise event 8,67,3
2005-04-25T05:28:33, Critical path event 19,89,6
2005-04-25T05:36:10, Misc. noise event 9,97,5
2005-04-25T05:37:27, Critical path event 19,11,2
2005-04-25T05:44:53, Critical path event 19,97,3
2005-04-25T05:53:50, Critical path event 19,66,9
2005-04-25T06:07:35, Misc. noise event 10,13,5
2005-04-25T06:08:10, Critical path event 44,22,3
