--------------------------------------------------
datetime,message,random_int_1,random_int_2
--------------------------------------------------
2005-04-15T23:56:35, Misc. noise event 0,76,3
2005-04-16T00:00, Critical path event 1,34,7
2005-04-16T00:07:18, Misc. noise event 1,11,10
2005-04-16T00:07:35, Critical path event 2,31,7
2005-04-16T00:15:11, Critical path event 3,24,1
2005-04-16T00:21:22, Critical path event 4,34,3
2005-04-16T00:34:14, Critical path event 5,31,8
2005-04-16T00:37:49, Misc. noise event 2,63,5
2005-04-16T00:41:59, Critical path event 6,37,7
2005-04-16T00:48:49, Critical path event 7,29,9
2005-04-16T00:52:38, Critical path event 8,13,5
2005-04-16T00:58:40, Critical path event 9,75,8
2005-04-16T01:03:58, Misc. noise event 3,45,8
2005-04-16T01:06:29, Critical path event 9,25,6
2005-04-16T01:15:40, Critical path event 9,40,0
2005-04-16T01:20:51, Critical path event 9,80,1
2005-04-16T01:26:31, Critical path event 13,46,8
2005-04-16T01:34:10, Critical path event 14,42,9
2005-04-16T01:41:45, Critical path event 15,32,8
2005-04-16T01:49:21, Critical path event 16,77,8
2005-04-16T01:55:32, Critical path event 17,91,2
2005-04-16T02:08:24, Critical path event 18,28,7
2005-04-16T02:16:09, Critical path event 19,61,1
2005-04-16T02:22:59, Critical path event 19,92,2
2005-04-16T02:25:07, Misc. noise event 4,22,6
2005-04-16T02:26:48, Critical path event 19,7,1
2005-04-16T02:32:50, Critical path event 19,89,10
2005-04-16T02:40:39, Critical path event 23,69,6
2005-04-16T02:49:50, Critical path event 24,55,1
2005-04-16T02:55:01, Critical path event 25,28,3
2005-04-16T03:00:41, Critical path event 26,81,3
2005-04-16T03:08:20, Critical path event 27,33,2
2005-04-16T03:15:55, Critical path event 28,18,7
2005-04-16T03:23:31, Critical path event 29,57,2
2005-04-16T03:27:39, Misc. noise event 5,7,10
2005-04-16T03:29:42, Critical path event 29,68,8
2005-04-16T03:39:41, Misc. noise event 6,44,8
2005-04-16T03:42:34, Critical path event 29,94,1
2005-04-16T03:50:19, Critical path event 29,48,4
2005-04-16T03:57:09, Critical path event 33,59,0
2005-04-16T04:00:39, Misc. noise event 7,46,3
2005-04-16T04:00:58, Critical path event 34,63,10
2005-04-16T04:07:00, Critical path event 35,28,0
2005-04-16T04:14:49, Critical path event 36,89,5
2005-04-16T04:24:00, Critical path event 37,17,7
2005-04-16T04:29:11, Critical path event 38,14,1
2005-04-16T04:30:19, Misc. noise event 8,28,4
2005-04-16T04:34:51, Critical path event 39,33,10
2005-04-16T04:40:00, Misc. noise event 9,93,2
2005-04-16T04:42:30, Critical path event 19,10,3
2005-04-16T04:50:05, Critical path event 19,81,0
2005-04-16T04:57:41, Critical path event 19,97,0
2005-04-16T05:03:52, Critical path event 19,100,9
2005-04-16T05:16:26, Misc. noise event 10,89,1
2005-04-16T05:16:44, Critical path event 44,14,1
