--------------------------------------------------
datetime,message,random_int_1,random_int_2
--------------------------------------------------
2005-05-27T23:59:25, Misc. noise event 0,91,7
2005-05-28T00:00, Critical path event 1,24,1
2005-05-28T00:04:45, Misc. noise event 1,80,2
2005-05-28T00:07:14, Critical path event 2,62,2
2005-05-28T00:10:58, Misc. noise event 2,32,4
2005-05-28T00:13:18, Critical path event 3,58,9
2005-05-28T00:20:25, Critical path event 4,11,2
2005-05-28T00:31:44, Critical path event 5,39,1
2005-05-28T00:39:30, Critical path event 6,79,4
2005-05-28T00:46:11, Critical path event 7,58,6
2005-05-28T00:50:30, Critical path event 8,64,6
2005-05-28T00:55:09, Misc. noise event 3,37,4
2005-05-28T00:57:30, Critical path event 9,99,0
2005-05-28T01:01:14, Misc. noise event 4,88,9
2005-05-28T01:05:10, Critical path event 9,76,1
2005-05-28T01:09:23, Misc. noise event 5,71,1
2005-05-28T01:13:25, Critical path event 9,70,5
2005-05-28T01:18:58, Critical path event 9,92,6
2005-05-28T01:24:46, Critical path event 13,78,9
2005-05-28T01:31:12, Critical path event 14,9,5
2005-05-28T01:38:26, Critical path event 15,23,1
2005-05-28T01:44:30, Critical path event 16,19,4
2005-05-28T01:51:37, Critical path event 17,48,0
2005-05-28T02:01:25, Misc. noise event 6,86,6
2005-05-28T02:02:56, Critical path event 18,49,8
2005-05-28T02:09:57, Misc. noise event 7,83,3
2005-05-28T02:10:42, Critical path event 19,44,3
2005-05-28T02:17:23, Critical path event 19,1,0
2005-05-28T02:21:42, Critical path event 19,3,10
2005-05-28T02:28:42, Critical path event 19,59,7
2005-05-28T02:36:22, Critical path event 23,20,2
2005-05-28T02:44:37, Critical path event 24,94,10
2005-05-28T02:50:10, Critical path event 25,23,2
2005-05-28T02:55:58, Critical path event 26,44,1
2005-05-28T03:02:24, Critical path event 27,2,8
2005-05-28T03:09:38, Critical path event 28,57,10
2005-05-28T03:15:42, Critical path event 29,64,8
2005-05-28T03:22:49, Critical path event 29,6,2
2005-05-28T03:34:08, Critical path event 29,36,8
2005-05-28T03:40:50, Misc. noise event 8,78,0
2005-05-28T03:41:54, Critical path event 29,94,1
2005-05-28T03:48:35, Critical path event 33,53,7
2005-05-28T03:52:54, Critical path event 34,44,6
2005-05-28T03:59:54, Critical path event 35,92,8
2005-05-28T04:07:34, Critical path event 36,46,5
2005-05-28T04:15:49, Critical path event 37,15,6
2005-05-28T04:21:22, Critical path event 38,77,10
2005-05-28T04:26:37, Misc. noise event 9,27,1
2005-05-28T04:27:10, Critical path event 39,51,8
2005-05-28T04:33:36, Critical path event 19,89,1
2005-05-28T04:40:50, Critical path event 19,44,10
2005-05-28T04:46:54, Critical path event 19,21,5
2005-05-28T04:53:36, Misc. noise event 10,39,7
2005-05-28T04:54:01, Critical path event 19,97,0
2005-05-28T05:05:20, Critical path event 44,73,6
