--------------------------------------------------
datetime,message,random_int_1,random_int_2
--------------------------------------------------
2005-04-29T23:55:00, Misc. noise event 0,2,9
2005-04-30T00:00, Critical path event 1,74,5
2005-04-30T00:06:05, Critical path event 2,94,8
2005-04-30T00:12:21, Critical path event 3,50,5
2005-04-30T00:17:16, Misc. noise event 1,48,8
2005-04-30T00:18:52, Critical path event 4,54,10
2005-04-30T00:31:19, Critical path event 5,84,1
2005-04-30T00:39:11, Critical path event 6,77,9
2005-04-30T00:47:05, Critical path event 7,85,0
2005-04-30T00:47:22, Misc. noise event 2,76,9
2005-04-30T00:50:44, Critical path event 8,37,1
2005-04-30T00:56:54, Critical path event 9,1,0
2005-04-30T01:03:26, Critical path event 9,96,5
2005-04-30T01:06:53, Misc. noise event 3,30,7
2005-04-30T01:11:48, Critical path event 9,50,1
2005-04-30T01:18:36, Critical path event 9,14,8
2005-04-30T01:20:48, Misc. noise event 4,48,1
2005-04-30T01:24:23, Critical path event 13,49,3
2005-04-30T01:26:55, Misc. noise event 5,60,5
2005-04-30T01:31:24, Critical path event 14,45,10
2005-04-30T01:37:29, Critical path event 15,75,2
2005-04-30T01:43:45, Critical path event 16,25,5
2005-04-30T01:50:16, Critical path event 17,98,9
2005-04-30T02:02:43, Critical path event 18,82,5
2005-04-30T02:10:25, Misc. noise event 6,20,6
2005-04-30T02:10:35, Critical path event 19,90,0
2005-04-30T02:18:29, Critical path event 19,87,0
2005-04-30T02:22:08, Critical path event 19,28,7
2005-04-30T02:28:18, Critical path event 19,30,6
2005-04-30T02:34:50, Critical path event 23,30,1
2005-04-30T02:43:12, Critical path event 24,94,0
2005-04-30T02:50:00, Critical path event 25,59,10
2005-04-30T02:55:47, Critical path event 26,32,1
2005-04-30T03:01:25, Misc. noise event 7,8,6
2005-04-30T03:02:48, Critical path event 27,3,2
2005-04-30T03:08:53, Critical path event 28,16,1
2005-04-30T03:15:09, Critical path event 29,99,10
2005-04-30T03:21:40, Critical path event 29,65,2
2005-04-30T03:29:28, Misc. noise event 8,27,5
2005-04-30T03:34:07, Critical path event 29,77,9
2005-04-30T03:41:59, Critical path event 29,65,3
2005-04-30T03:49:53, Critical path event 33,64,0
2005-04-30T03:49:06, Misc. noise event 9,98,1
2005-04-30T03:53:32, Critical path event 34,26,9
2005-04-30T03:59:42, Critical path event 35,67,4
2005-04-30T04:05:25, Misc. noise event 10,9,9
2005-04-30T04:06:14, Critical path event 36,88,0
2005-04-30T04:14:36, Critical path event 37,74,6
2005-04-30T04:21:24, Critical path event 38,17,6
2005-04-30T04:27:11, Critical path event 39,87,4
2005-04-30T04:34:12, Critical path event 19,35,2
2005-04-30T04:40:17, Critical path event 19,62,1
2005-04-30T04:46:33, Critical path event 19,45,0
2005-04-30T04:53:04, Critical path event 19,23,2
2005-04-30T05:05:31, Critical path event 44,80,6
