--------------------------------------------------
datetime,message,random_int_1,random_int_2
--------------------------------------------------
2005-10-03T00:00, Critical path event 1,17,5
2005-10-03T00:08:33, Critical path event 2,77,7
2005-10-03T00:18:04, Critical path event 3,0,7
2005-10-03T00:26:16, Critical path event 4,97,6
2005-10-03T00:40:38, Critical path event 5,45,4
2005-10-03T00:50:08, Critical path event 6,18,4
2005-10-03T00:58:58, Critical path event 7,30,2
2005-10-03T01:01:05, Misc. noise event 0,62,10
2005-10-03T01:02:34, Critical path event 8,70,6
2005-10-03T01:10:04, Critical path event 9,70,2
2005-10-03T01:18:09, Critical path event 9,74,1
2005-10-03T01:29:09, Critical path event 9,13,10
2005-10-03T01:34:42, Misc. noise event 1,39,9
2005-10-03T01:36:06, Critical path event 9,97,10
2005-10-03T01:42:42, Critical path event 13,73,10
2005-10-03T01:51:49, Critical path event 14,83,10
2005-10-03T02:00:22, Critical path event 15,86,0
2005-10-03T02:09:53, Critical path event 16,23,9
2005-10-03T02:18:05, Critical path event 17,12,3
2005-10-03T02:32:27, Critical path event 18,95,10
2005-10-03T02:41:57, Critical path event 19,2,9
2005-10-03T02:49:43, Misc. noise event 2,47,0
2005-10-03T02:50:47, Critical path event 19,78,3
2005-10-03T02:54:23, Critical path event 19,29,4
2005-10-03T03:01:53, Misc. noise event 3,26,6
2005-10-03T03:01:53, Critical path event 19,92,7
2005-10-03T03:08:48, Misc. noise event 4,11,6
2005-10-03T03:09:58, Critical path event 23,36,0

    ----------------some other thing --------------
    filesize :1024k
    alert-level : FATAL
    description: thing with pid 34345 died because 
        random java stacktrace 
        that is super noisy with numbers and datetimes 
Exception in thread "main" java.lang.NullPointerException
    at AnotherClassLoader.loadClass(test.java:58)
    at test.main(test.java:30)
    at Main.main(Main.java:68)
    -------------------------------------------- 
    2005-10-03T03:20:58, Critical path event 24,65,4
2005-10-03T03:26:31, Misc. noise event 5,7,7
2005-10-03T03:27:55, Critical path event 25,29,10
2005-10-03T03:34:31, Critical path event 26,38,0
2005-10-03T03:43:38, Critical path event 27,96,7
2005-10-03T03:52:11, Critical path event 28,19,10
2005-10-03T04:01:27, Misc. noise event 6,63,6
2005-10-03T04:01:42, Critical path event 29,36,7
2005-10-03T04:09:54, Critical path event 29,57,10
2005-10-03T04:21:11, Misc. noise event 7,14,0
2005-10-03T04:24:16, Critical path event 29,26,3
2005-10-03T04:33:46, Critical path event 29,60,10
2005-10-03T04:42:36, Critical path event 33,16,8
2005-10-03T04:46:12, Critical path event 34,64,7
2005-10-03T04:49:09, Misc. noise event 8,96,9
2005-10-03T04:53:42, Critical path event 35,17,0
2005-10-03T05:01:47, Critical path event 36,19,6
2005-10-03T05:12:47, Critical path event 37,89,2
2005-10-03T05:19:44, Critical path event 38,10,8
2005-10-03T05:26:20, Critical path event 39,74,10
2005-10-03T05:33:03, Misc. noise event 9,93,3
2005-10-03T05:35:27, Critical path event 19,33,5
2005-10-03T05:44:00, Critical path event 19,70,4
2005-10-03T05:50:34, Misc. noise event 10,55,0
2005-10-03T05:53:31, Critical path event 19,3,3
2005-10-03T06:01:43, Critical path event 19,84,1
2005-10-03T06:16:05, Critical path event 44,22,3
