--------------------------------------------------
datetime,message,random_int_1,random_int_2
--------------------------------------------------
2005-06-10T23:56:11, Misc. noise event 0,49,8
2005-06-11T00:00, Critical path event 1,87,6
2005-06-11T00:06:44, Critical path event 2,35,6
2005-06-11T00:12:19, Misc. noise event 1,82,4
2005-06-11T00:13:56, Critical path event 3,41,5
2005-06-11T00:20:25, Critical path event 4,55,10
2005-06-11T00:32:30, Critical path event 5,33,7
2005-06-11T00:39:19, Critical path event 6,59,3
2005-06-11T00:45:23, Misc. noise event 2,29,6
2005-06-11T00:45:26, Critical path event 7,42,9
2005-06-11T00:50:11, Critical path event 8,75,3
2005-06-11T00:56:18, Critical path event 9,41,9
2005-06-11T01:02:28, Critical path event 9,40,0
2005-06-11T01:10:38, Critical path event 9,12,8
2005-06-11T01:16:24, Critical path event 9,42,7
2005-06-11T01:23:00, Critical path event 13,28,3
2005-06-11T01:26:34, Misc. noise event 3,60,4
2005-06-11T01:29:54, Critical path event 14,26,0
2005-06-11T01:36:38, Critical path event 15,47,3
2005-06-11T01:43:50, Critical path event 16,54,0
2005-06-11T01:50:19, Critical path event 17,72,8
2005-06-11T02:02:24, Critical path event 18,100,1
2005-06-11T02:06:12, Misc. noise event 4,5,4
2005-06-11T02:09:13, Critical path event 19,53,6
2005-06-11T02:15:20, Critical path event 19,47,4
2005-06-11T02:20:05, Critical path event 19,48,8
2005-06-11T02:26:12, Critical path event 19,72,6
2005-06-11T02:32:22, Critical path event 23,55,2
2005-06-11T02:40:32, Critical path event 24,5,4
2005-06-11T02:46:18, Critical path event 25,62,10
2005-06-11T02:52:54, Critical path event 26,1,6
2005-06-11T02:59:40, Misc. noise event 5,47,4
2005-06-11T02:59:48, Critical path event 27,78,8
2005-06-11T03:06:32, Critical path event 28,46,10
2005-06-11T03:13:44, Critical path event 29,89,2
2005-06-11T03:20:13, Critical path event 29,82,5
2005-06-11T03:32:18, Critical path event 29,87,10
2005-06-11T03:39:07, Critical path event 29,89,5
2005-06-11T03:42:06, Misc. noise event 6,84,6
2005-06-11T03:45:14, Critical path event 33,75,0
2005-06-11T03:45:58, Misc. noise event 7,19,7
2005-06-11T03:49:59, Critical path event 34,40,8
2005-06-11T03:56:06, Critical path event 35,69,0
2005-06-11T04:02:16, Critical path event 36,89,2
2005-06-11T04:10:26, Critical path event 37,39,1
2005-06-11T04:16:12, Critical path event 38,63,10
2005-06-11T04:22:48, Critical path event 39,69,5
2005-06-11T04:27:08, Misc. noise event 8,34,7
2005-06-11T04:29:42, Critical path event 19,6,7
2005-06-11T04:36:26, Critical path event 19,87,7
2005-06-11T04:41:45, Misc. noise event 9,75,4
2005-06-11T04:43:38, Critical path event 19,28,9
2005-06-11T04:50:07, Critical path event 19,21,5
2005-06-11T04:58:07, Misc. noise event 10,66,5
2005-06-11T05:02:12, Critical path event 44,98,5
