--------------------------------------------------
datetime,message,random_int_1,random_int_2
--------------------------------------------------
2005-04-03T23:55:51, Misc. noise event 0,47,1
2005-04-04T00:00, Critical path event 1,96,1
2005-04-04T00:08:19, Critical path event 2,31,4
2005-04-04T00:16:01, Critical path event 3,34,3
2005-04-04T00:25:16, Critical path event 4,61,7
2005-04-04T00:40:06, Critical path event 5,88,3
2005-04-04T00:51:03, Critical path event 6,19,3
2005-04-04T00:59:52, Critical path event 7,74,4
2005-04-04T01:06:25, Misc. noise event 1,72,3
2005-04-04T01:08:26, Critical path event 8,18,6
2005-04-04T01:11:30, Misc. noise event 2,6,1
2005-04-04T01:16:13, Critical path event 9,73,0
2005-04-04T01:20:50, Misc. noise event 3,47,5
2005-04-04T01:24:19, Critical path event 9,24,7
2005-04-04T01:52:07, Misc. noise event 4,34,2
2005-04-04T01:56:03, Critical path event 9,98,7
2005-04-04T02:02:20, Critical path event 9,88,0
2005-04-04T02:08:37, Critical path event 13,37,0
2005-04-04T02:16:54, Critical path event 14,74,5
2005-04-04T02:25:13, Critical path event 15,56,2
2005-04-04T02:32:55, Critical path event 16,37,10
2005-04-04T02:48:17, Critical path event 17,59,9
2005-04-04T03:03:07, Critical path event 18,62,0
2005-04-04T03:11:33, Critical path event 19,16,1
2005-04-04T03:30:20, Misc. noise event 5,76,4
2005-04-04T03:31:30, Critical path event 19,45,1
2005-04-04T03:37:15, Critical path event 19,50,5
2005-04-04T03:45:02, Critical path event 19,100,4

    ----------------some other thing --------------
    filesize :1024k
    alert-level : FATAL
    description: thing with pid 34345 died because 
        random java stacktrace 
        that is super noisy with numbers and datetimes 
Exception in thread "main" java.lang.NullPointerException
    at AnotherClassLoader.loadClass(test.java:58)
    at test.main(test.java:30)
    at Main.main(Main.java:68)
    -------------------------------------------- 
    2005-04-04T03:54:09, Misc. noise event 6,14,1
2005-04-04T03:55:39, Critical path event 23,64,3
2005-04-04T04:06:50, Critical path event 24,15,2
2005-04-04T04:08:48, Misc. noise event 7,77,3
2005-04-04T04:13:07, Critical path event 25,34,5
2005-04-04T04:19:24, Critical path event 26,22,8
2005-04-04T04:27:41, Critical path event 27,38,6
2005-04-04T04:36:00, Critical path event 28,0,7
2005-04-04T04:43:42, Critical path event 29,0,6
2005-04-04T04:50:32, Misc. noise event 8,77,1
2005-04-04T04:52:57, Critical path event 29,38,0
2005-04-04T05:17:47, Critical path event 29,11,0
2005-04-04T05:26:13, Critical path event 29,32,10
2005-04-04T05:35:02, Critical path event 33,86,3
2005-04-04T05:40:47, Critical path event 34,9,6
2005-04-04T05:44:05, Misc. noise event 9,30,8
2005-04-04T05:48:34, Critical path event 35,22,9
2005-04-04T05:56:40, Critical path event 36,88,1
2005-04-04T06:23:10, Critical path event 37,46,4
2005-04-04T06:29:27, Critical path event 38,66,2
2005-04-04T06:31:24, Misc. noise event 10,19,0
2005-04-04T06:35:44, Critical path event 39,61,6
2005-04-04T06:44:01, Critical path event 19,93,8
2005-04-04T06:52:20, Critical path event 19,91,9
2005-04-04T07:00:02, Critical path event 19,49,1
2005-04-04T07:09:17, Critical path event 19,26,6
2005-04-04T07:24:07, Critical path event 44,20,5
