--------------------------------------------------
datetime,message,random_int_1,random_int_2
--------------------------------------------------
2005-10-17T00:00, Critical path event 1,65,10
2005-10-17T00:09:10, Critical path event 2,25,0
2005-10-17T00:16:02, Misc. noise event 0,12,3
2005-10-17T00:18:27, Critical path event 3,27,0
2005-10-17T00:26:04, Critical path event 4,90,2
2005-10-17T00:36:37, Misc. noise event 1,37,1
2005-10-17T00:40:32, Critical path event 5,69,5
2005-10-17T00:48:30, Critical path event 6,91,1
2005-10-17T00:57:28, Critical path event 7,86,10
2005-10-17T01:03:11, Critical path event 8,89,6
2005-10-17T01:12:32, Critical path event 9,17,3
2005-10-17T01:17:33, Misc. noise event 2,29,7
2005-10-17T01:21:42, Critical path event 9,100,1
2005-10-17T01:30:44, Misc. noise event 3,42,3
2005-10-17T01:32:22, Critical path event 9,39,1
2005-10-17T01:40:23, Critical path event 9,20,6
2005-10-17T01:44:31, Misc. noise event 4,68,8
2005-10-17T01:46:28, Critical path event 13,47,7
2005-10-17T01:55:06, Critical path event 14,77,10
2005-10-17T02:02:40, Misc. noise event 5,90,2
2005-10-17T02:04:16, Critical path event 15,10,5
2005-10-17T02:13:33, Critical path event 16,21,9
2005-10-17T02:21:10, Critical path event 17,37,5
2005-10-17T02:35:38, Critical path event 18,63,9
2005-10-17T02:43:36, Critical path event 19,97,3
2005-10-17T02:48:23, Misc. noise event 6,72,9
2005-10-17T02:52:34, Critical path event 19,12,9
2005-10-17T02:58:17, Critical path event 19,82,1

    ----------------some other thing --------------
    filesize :1024k
    alert-level : FATAL
    description: thing with pid 34345 died because 
        random java stacktrace 
        that is super noisy with numbers and datetimes 
Exception in thread "main" java.lang.NullPointerException
    at AnotherClassLoader.loadClass(test.java:58)
    at test.main(test.java:30)
    at Main.main(Main.java:68)
    -------------------------------------------- 
    2005-10-17T03:07:38, Critical path event 19,76,6
2005-10-17T03:16:48, Critical path event 23,28,3
2005-10-17T03:27:28, Critical path event 24,53,3
2005-10-17T03:35:29, Critical path event 25,15,3
2005-10-17T03:41:34, Critical path event 26,30,6
2005-10-17T03:50:12, Critical path event 27,86,4
2005-10-17T03:59:22, Critical path event 28,58,0
2005-10-17T04:08:39, Critical path event 29,99,8
2005-10-17T04:16:16, Critical path event 29,81,10
2005-10-17T04:30:44, Critical path event 29,34,2
2005-10-17T04:38:42, Critical path event 29,46,0
2005-10-17T04:42:42, Misc. noise event 7,4,9
2005-10-17T04:47:40, Critical path event 33,8,3
2005-10-17T04:53:23, Critical path event 34,56,2
2005-10-17T05:02:44, Critical path event 35,45,3
2005-10-17T05:11:54, Critical path event 36,34,5
2005-10-17T05:22:34, Critical path event 37,92,5
2005-10-17T05:30:35, Critical path event 38,60,0
2005-10-17T05:36:40, Critical path event 39,40,6
2005-10-17T05:45:18, Critical path event 19,51,0
2005-10-17T05:54:28, Critical path event 19,52,1
2005-10-17T06:00:16, Misc. noise event 8,92,9
2005-10-17T06:03:45, Critical path event 19,46,1
2005-10-17T06:10:56, Misc. noise event 9,69,0
2005-10-17T06:11:22, Critical path event 19,72,0
2005-10-17T06:23:59, Misc. noise event 10,53,4
2005-10-17T06:25:50, Critical path event 44,54,10
