--------------------------------------------------
datetime,message,random_int_1,random_int_2
--------------------------------------------------
2005-10-24T00:00, Critical path event 1,60,1
2005-10-24T00:23:57, Critical path event 2,43,3
2005-10-24T00:46:11, Critical path event 3,27,2
2005-10-24T01:06:43, Critical path event 4,16,7
2005-10-24T01:19:14, Misc. noise event 0,19,6
2005-10-24T01:21:34, Critical path event 5,90,8
2005-10-24T01:29:43, Critical path event 6,36,7
2005-10-24T01:41:43, Misc. noise event 1,31,7
2005-10-24T01:43:27, Critical path event 7,94,4
2005-10-24T01:53:44, Critical path event 8,77,7
2005-10-24T02:09:46, Misc. noise event 2,34,5
2005-10-24T02:11:17, Critical path event 9,25,0
2005-10-24T02:18:41, Critical path event 9,65,10
2005-10-24T02:28:31, Critical path event 9,46,2
2005-10-24T02:36:17, Critical path event 9,83,8
2005-10-24T02:53:21, Misc. noise event 3,99,6
2005-10-24T02:54:25, Critical path event 13,31,0
2005-10-24T03:00:02, Misc. noise event 4,57,2
2005-10-24T03:03:25, Critical path event 14,3,1
2005-10-24T03:11:53, Critical path event 15,90,0
2005-10-24T03:19:18, Critical path event 16,86,5
2005-10-24T03:23:37, Misc. noise event 5,14,9
2005-10-24T03:27:11, Critical path event 17,66,8
2005-10-24T03:42:02, Critical path event 18,85,7
2005-10-24T03:48:07, Misc. noise event 6,81,2
2005-10-24T03:50:11, Critical path event 19,11,0
2005-10-24T03:58:40, Critical path event 19,26,6
2005-10-24T04:08:00, Critical path event 19,65,6

    ----------------some other thing --------------
    filesize :1024k
    alert-level : FATAL
    description: thing with pid 34345 died because 
        random java stacktrace 
        that is super noisy with numbers and datetimes 
Exception in thread "main" java.lang.NullPointerException
    at AnotherClassLoader.loadClass(test.java:58)
    at test.main(test.java:30)
    at Main.main(Main.java:68)
    -------------------------------------------- 
    2005-10-24T04:33:14, Misc. noise event 7,96,10
2005-10-24T04:36:02, Critical path event 19,31,6
2005-10-24T04:43:26, Critical path event 23,76,6
2005-10-24T05:10:07, Critical path event 24,36,5
2005-10-24T05:17:53, Critical path event 25,68,2
2005-10-24T05:26:15, Critical path event 26,90,9
2005-10-24T05:35:15, Critical path event 27,87,8
2005-10-24T05:43:43, Critical path event 28,47,10
2005-10-24T05:51:08, Critical path event 29,94,3
2005-10-24T05:55:36, Misc. noise event 8,41,3
2005-10-24T05:59:01, Critical path event 29,53,10
2005-10-24T06:35:45, Misc. noise event 9,79,3
2005-10-24T06:38:25, Critical path event 29,41,7
2005-10-24T06:46:34, Critical path event 29,13,6
2005-10-24T06:58:18, Critical path event 33,45,8
2005-10-24T07:02:04, Critical path event 34,72,9
2005-10-24T07:11:30, Critical path event 35,81,1
2005-10-24T07:25:58, Critical path event 36,35,4
2005-10-24T07:35:48, Critical path event 37,68,2
2005-10-24T07:43:34, Critical path event 38,1,7
2005-10-24T07:59:23, Critical path event 39,0,4
2005-10-24T08:08:23, Critical path event 19,97,6
2005-10-24T08:16:51, Critical path event 19,47,6
2005-10-24T08:25:27, Critical path event 19,61,0
2005-10-24T08:30:12, Misc. noise event 10,35,7
2005-10-24T08:33:20, Critical path event 19,7,7
2005-10-24T09:13:32, Critical path event 44,15,10
