--------------------------------------------------
datetime,message,random_int_1,random_int_2
--------------------------------------------------
2005-04-06T23:58:30, Misc. noise event 0,69,7
2005-04-07T00:00, Critical path event 1,90,3
2005-04-07T00:09:34, Critical path event 2,8,1
2005-04-07T00:18:06, Critical path event 3,20,6
2005-04-07T00:25:37, Critical path event 4,92,8
2005-04-07T00:37:12, Misc. noise event 1,66,5
2005-04-07T00:39:25, Critical path event 5,10,10
2005-04-07T00:44:37, Misc. noise event 2,41,0
2005-04-07T00:48:26, Critical path event 6,43,3
2005-04-07T00:57:47, Critical path event 7,8,3
2005-04-07T01:01:04, Misc. noise event 3,48,8
2005-04-07T01:03:43, Critical path event 8,4,3
2005-04-07T01:10:55, Critical path event 9,12,7
2005-04-07T01:19:10, Critical path event 9,51,8
2005-04-07T01:28:47, Misc. noise event 4,5,7
2005-04-07T01:28:47, Critical path event 9,59,6
2005-04-07T01:36:43, Critical path event 9,62,4
2005-04-07T01:44:46, Critical path event 13,85,3
2005-04-07T01:52:21, Critical path event 14,6,3
2005-04-07T02:01:55, Critical path event 15,77,8
2005-04-07T02:10:27, Critical path event 16,72,7
2005-04-07T02:17:58, Critical path event 17,46,8
2005-04-07T02:31:46, Critical path event 18,53,3
2005-04-07T02:40:47, Critical path event 19,33,4
2005-04-07T02:50:08, Critical path event 19,26,10
2005-04-07T02:56:04, Critical path event 19,83,5
2005-04-07T03:03:16, Critical path event 19,9,3
2005-04-07T03:11:14, Misc. noise event 5,21,1
2005-04-07T03:11:31, Critical path event 23,88,0
2005-04-07T03:17:26, Misc. noise event 6,78,8
2005-04-07T03:21:08, Critical path event 24,39,1
2005-04-07T03:29:04, Critical path event 25,85,8
2005-04-07T03:37:07, Critical path event 26,0,10
2005-04-07T03:44:42, Critical path event 27,11,5
2005-04-07T03:54:16, Critical path event 28,19,4
2005-04-07T04:02:31, Misc. noise event 7,28,0
2005-04-07T04:02:48, Critical path event 29,92,9
2005-04-07T04:10:19, Critical path event 29,6,2
2005-04-07T04:24:07, Critical path event 29,58,8
2005-04-07T04:30:31, Misc. noise event 8,92,7
2005-04-07T04:33:08, Critical path event 29,32,1
2005-04-07T04:42:29, Critical path event 33,57,4
2005-04-07T04:48:25, Critical path event 34,38,1
2005-04-07T04:55:37, Critical path event 35,68,7
2005-04-07T05:03:52, Critical path event 36,75,7
2005-04-07T05:13:29, Critical path event 37,18,4
2005-04-07T05:21:25, Critical path event 38,34,4
2005-04-07T05:28:24, Misc. noise event 9,91,0
2005-04-07T05:29:28, Critical path event 39,24,6
2005-04-07T05:36:38, Misc. noise event 10,53,7
2005-04-07T05:37:03, Critical path event 19,9,10
2005-04-07T05:46:37, Critical path event 19,43,6
2005-04-07T05:55:09, Critical path event 19,40,6
2005-04-07T06:02:40, Critical path event 19,9,0
2005-04-07T06:16:28, Critical path event 44,72,1
