--------------------------------------------------
datetime,message,random_int_1,random_int_2
--------------------------------------------------
2005-06-19T23:57:31, Misc. noise event 0,83,10
2005-06-20T00:00, Critical path event 1,58,4
2005-06-20T00:09:35, Critical path event 2,86,8
2005-06-20T00:18:51, Critical path event 3,65,7
2005-06-20T00:24:09, Misc. noise event 1,8,1
2005-06-20T00:26:45, Critical path event 4,34,0
2005-06-20T00:42:17, Critical path event 5,31,10
2005-06-20T00:50:33, Critical path event 6,50,7
2005-06-20T01:00:05, Critical path event 7,28,3
2005-06-20T01:03:46, Critical path event 8,12,1
2005-06-20T01:11:59, Critical path event 9,9,3
2005-06-20T01:21:31, Critical path event 9,41,3
2005-06-20T01:50:19, Misc. noise event 2,91,7
2005-06-20T01:50:56, Critical path event 9,66,3
2005-06-20T01:58:22, Critical path event 9,56,1
2005-06-20T02:10:01, Misc. noise event 3,27,3
2005-06-20T02:14:40, Critical path event 13,62,10
2005-06-20T02:22:56, Critical path event 14,87,10
2005-06-20T02:45:27, Critical path event 15,57,6
2005-06-20T03:01:04, Critical path event 16,42,9
2005-06-20T03:05:19, Misc. noise event 4,58,1
2005-06-20T03:08:58, Critical path event 17,68,3
2005-06-20T03:24:30, Critical path event 18,95,1
2005-06-20T03:32:46, Critical path event 19,26,9
2005-06-20T03:39:15, Misc. noise event 5,90,2
2005-06-20T03:42:18, Critical path event 19,26,9
2005-06-20T03:45:59, Critical path event 19,49,8
2005-06-20T03:59:43, Critical path event 19,72,6

    ----------------some other thing --------------
    filesize :1024k
    alert-level : FATAL
    description: thing with pid 34345 died because 
        random java stacktrace 
        that is super noisy with numbers and datetimes 
Exception in thread "main" java.lang.NullPointerException
    at AnotherClassLoader.loadClass(test.java:58)
    at test.main(test.java:30)
    at Main.main(Main.java:68)
    -------------------------------------------- 
    2005-06-20T04:09:15, Critical path event 23,8,0
2005-06-20T04:21:08, Critical path event 24,17,6
2005-06-20T04:28:34, Critical path event 25,8,0
2005-06-20T04:51:14, Critical path event 26,60,10
2005-06-20T04:59:30, Critical path event 27,10,9
2005-06-20T05:09:05, Critical path event 28,91,9
2005-06-20T05:18:21, Critical path event 29,92,2
2005-06-20T05:26:15, Critical path event 29,90,5
2005-06-20T05:41:47, Critical path event 29,22,8
2005-06-20T05:49:39, Misc. noise event 6,27,0
2005-06-20T05:50:03, Critical path event 29,62,9
2005-06-20T06:13:37, Critical path event 33,1,6
2005-06-20T06:20:27, Critical path event 34,85,10
2005-06-20T06:24:36, Misc. noise event 7,34,5
2005-06-20T06:28:40, Critical path event 35,57,5
2005-06-20T06:38:12, Critical path event 36,11,4
2005-06-20T06:50:05, Critical path event 37,43,3
2005-06-20T06:53:10, Misc. noise event 8,78,9
2005-06-20T06:57:31, Critical path event 38,20,0
2005-06-20T07:05:42, Critical path event 39,10,3
2005-06-20T07:13:58, Critical path event 19,32,9
2005-06-20T07:23:33, Critical path event 19,33,3
2005-06-20T07:31:00, Misc. noise event 9,1,0
2005-06-20T07:32:49, Critical path event 19,1,3
2005-06-20T07:51:50, Critical path event 19,60,7
2005-06-20T08:03:43, Misc. noise event 10,22,0
2005-06-20T08:07:22, Critical path event 44,73,5
