--------------------------------------------------
datetime,message,random_int_1,random_int_2
--------------------------------------------------
2005-02-14T00:00, Critical path event 1,98,7
2005-02-14T00:07:26, Critical path event 2,67,1
2005-02-14T00:14:45, Critical path event 3,19,8
2005-02-14T00:22:16, Critical path event 4,11,1
2005-02-14T00:37:02, Critical path event 5,1,6
2005-02-14T00:40:36, Misc. noise event 0,16,6
2005-02-14T00:45:01, Critical path event 6,18,2
2005-02-14T00:53:01, Critical path event 7,69,3
2005-02-14T00:57:57, Critical path event 8,71,2
2005-02-14T01:07:31, Critical path event 9,30,9
2005-02-14T01:17:03, Critical path event 9,89,3
2005-02-14T01:22:47, Misc. noise event 1,32,1
2005-02-14T01:27:44, Critical path event 9,40,6
2005-02-14T01:36:04, Critical path event 9,43,2
2005-02-14T01:43:41, Critical path event 13,77,1
2005-02-14T01:51:51, Critical path event 14,17,1
2005-02-14T01:59:17, Critical path event 15,24,4
2005-02-14T02:06:36, Critical path event 16,32,4
2005-02-14T02:13:13, Misc. noise event 2,94,3
2005-02-14T02:14:07, Critical path event 17,47,8
2005-02-14T02:28:53, Critical path event 18,93,7
2005-02-14T02:34:24, Misc. noise event 3,79,7
2005-02-14T02:36:52, Critical path event 19,62,0
2005-02-14T02:43:32, Misc. noise event 4,88,0
2005-02-14T02:44:52, Critical path event 19,33,9
2005-02-14T02:49:48, Critical path event 19,81,4
2005-02-14T02:59:22, Critical path event 19,82,3
2005-02-14T03:05:47, Misc. noise event 5,27,7

    ----------------some other thing --------------
    filesize :1024k
    alert-level : FATAL
    description: thing with pid 34345 died because 
        random java stacktrace 
        that is super noisy with numbers and datetimes 
Exception in thread "main" java.lang.NullPointerException
    at AnotherClassLoader.loadClass(test.java:58)
    at test.main(test.java:30)
    at Main.main(Main.java:68)
    -------------------------------------------- 
    2005-02-14T03:08:54, Critical path event 23,85,7
2005-02-14T03:19:35, Critical path event 24,83,6
2005-02-14T03:27:55, Critical path event 25,82,1
2005-02-14T03:35:32, Critical path event 26,10,5
2005-02-14T03:43:42, Critical path event 27,32,0
2005-02-14T03:51:08, Critical path event 28,37,1
2005-02-14T03:55:42, Misc. noise event 6,1,4
2005-02-14T03:58:27, Critical path event 29,96,9
2005-02-14T04:01:04, Misc. noise event 7,37,8
2005-02-14T04:05:58, Critical path event 29,1,2
2005-02-14T04:20:44, Critical path event 29,38,0
2005-02-14T04:28:43, Critical path event 29,84,3
2005-02-14T04:36:02, Misc. noise event 8,29,1
2005-02-14T04:36:43, Critical path event 33,89,4
2005-02-14T04:41:39, Critical path event 34,38,8
2005-02-14T04:48:57, Misc. noise event 9,3,6
2005-02-14T04:51:13, Critical path event 35,81,1
2005-02-14T05:00:45, Critical path event 36,60,2
2005-02-14T05:11:26, Critical path event 37,77,4
2005-02-14T05:19:46, Critical path event 38,29,10
2005-02-14T05:27:23, Critical path event 39,99,4
2005-02-14T05:35:33, Critical path event 19,10,9
2005-02-14T05:38:18, Misc. noise event 10,90,2
2005-02-14T05:42:59, Critical path event 19,93,10
2005-02-14T05:50:18, Critical path event 19,35,4
2005-02-14T05:57:49, Critical path event 19,96,2
2005-02-14T06:12:35, Critical path event 44,46,6
