--------------------------------------------------
datetime,message,random_int_1,random_int_2
--------------------------------------------------
2005-11-14T00:00, Critical path event 1,77,2
2005-11-14T00:07:15, Critical path event 2,60,6
2005-11-14T00:14:32, Critical path event 3,30,8
2005-11-14T00:23:35, Critical path event 4,76,4
2005-11-14T00:32:32, Misc. noise event 0,96,1
2005-11-14T00:36:48, Critical path event 5,42,9
2005-11-14T00:45:09, Critical path event 6,90,3
2005-11-14T00:53:15, Critical path event 7,32,6
2005-11-14T00:59:08, Critical path event 8,0,6
2005-11-14T01:07:17, Critical path event 9,40,8
2005-11-14T01:15:27, Critical path event 9,59,9
2005-11-14T01:25:34, Critical path event 9,23,7
2005-11-14T01:32:50, Critical path event 9,25,10
2005-11-14T01:40:01, Critical path event 13,12,1
2005-11-14T01:47:56, Critical path event 14,81,2
2005-11-14T01:55:11, Critical path event 15,93,10
2005-11-14T02:02:28, Critical path event 16,86,5
2005-11-14T02:11:31, Critical path event 17,83,0
2005-11-14T02:24:44, Critical path event 18,92,2
2005-11-14T02:33:05, Critical path event 19,80,5
2005-11-14T02:41:11, Critical path event 19,49,0
2005-11-14T02:42:27, Misc. noise event 1,20,7
2005-11-14T02:47:04, Critical path event 19,33,8
2005-11-14T02:51:10, Misc. noise event 2,5,2
2005-11-14T02:55:13, Critical path event 19,4,3
2005-11-14T03:03:23, Critical path event 23,50,7
2005-11-14T03:13:30, Critical path event 24,62,7
2005-11-14T03:20:46, Critical path event 25,70,2

    ----------------some other thing --------------
    filesize :1024k
    alert-level : FATAL
    description: thing with pid 34345 died because 
        random java stacktrace 
        that is super noisy with numbers and datetimes 
Exception in thread "main" java.lang.NullPointerException
    at AnotherClassLoader.loadClass(test.java:58)
    at test.main(test.java:30)
    at Main.main(Main.java:68)
    -------------------------------------------- 
    2005-11-14T03:27:57, Critical path event 26,28,4
2005-11-14T03:33:51, Misc. noise event 3,60,4
2005-11-14T03:35:52, Critical path event 27,31,4
2005-11-14T03:38:26, Misc. noise event 4,40,3
2005-11-14T03:43:07, Critical path event 28,67,6
2005-11-14T03:50:24, Critical path event 29,9,3
2005-11-14T03:59:27, Critical path event 29,21,8
2005-11-14T04:07:40, Misc. noise event 5,63,9
2005-11-14T04:12:40, Critical path event 29,22,0
2005-11-14T04:21:01, Critical path event 29,99,10
2005-11-14T04:24:29, Misc. noise event 6,0,3
2005-11-14T04:29:07, Critical path event 33,34,2
2005-11-14T04:35:00, Critical path event 34,91,4
2005-11-14T04:40:56, Misc. noise event 7,75,6
2005-11-14T04:43:09, Critical path event 35,6,3
2005-11-14T04:51:19, Critical path event 36,6,4
2005-11-14T05:01:26, Critical path event 37,34,2
2005-11-14T05:08:42, Critical path event 38,78,9
2005-11-14T05:13:10, Misc. noise event 8,74,2
2005-11-14T05:15:53, Critical path event 39,99,7
2005-11-14T05:23:25, Misc. noise event 9,15,4
2005-11-14T05:23:48, Critical path event 19,15,3
2005-11-14T05:31:03, Critical path event 19,88,3
2005-11-14T05:38:20, Critical path event 19,56,2
2005-11-14T05:47:09, Misc. noise event 10,87,8
2005-11-14T05:47:23, Critical path event 19,49,1
2005-11-14T06:00:36, Critical path event 44,93,9
