--------------------------------------------------
datetime,message,random_int_1,random_int_2
--------------------------------------------------
2005-02-14T23:55:31, Misc. noise event 0,51,0
2005-02-15T00:00, Critical path event 1,78,4
2005-02-15T00:07:50, Critical path event 2,29,2
2005-02-15T00:17:12, Critical path event 3,66,3
2005-02-15T00:25:42, Critical path event 4,38,7
2005-02-15T00:40:46, Critical path event 5,55,3
2005-02-15T00:48:04, Critical path event 6,67,8
2005-02-15T00:56:22, Misc. noise event 1,19,10
2005-02-15T00:56:23, Critical path event 7,54,7
2005-02-15T01:00:56, Critical path event 8,78,6
2005-02-15T01:09:04, Misc. noise event 2,78,0
2005-02-15T01:09:46, Critical path event 9,42,3
2005-02-15T01:19:01, Critical path event 9,80,2
2005-02-15T01:30:54, Critical path event 9,42,0
2005-02-15T01:33:51, Misc. noise event 3,99,5
2005-02-15T01:37:48, Critical path event 9,27,9
2005-02-15T01:45:14, Critical path event 13,56,1
2005-02-15T01:54:41, Critical path event 14,63,5
2005-02-15T02:02:31, Critical path event 15,53,3
2005-02-15T02:07:25, Misc. noise event 4,37,7
2005-02-15T02:11:53, Critical path event 16,12,7
2005-02-15T02:20:23, Critical path event 17,65,6
2005-02-15T02:31:39, Misc. noise event 5,7,6
2005-02-15T02:35:27, Critical path event 18,74,0
2005-02-15T02:42:45, Critical path event 19,16,5
2005-02-15T02:51:04, Critical path event 19,55,0
2005-02-15T02:55:37, Critical path event 19,100,0
2005-02-15T03:04:27, Critical path event 19,61,4
2005-02-15T03:13:42, Critical path event 23,38,2
2005-02-15T03:21:03, Misc. noise event 6,71,0
2005-02-15T03:25:35, Critical path event 24,5,1
2005-02-15T03:32:29, Critical path event 25,18,5
2005-02-15T03:39:55, Critical path event 26,74,9
2005-02-15T03:49:22, Critical path event 27,46,10
2005-02-15T03:57:12, Critical path event 28,30,9
2005-02-15T04:01:47, Misc. noise event 7,100,9
2005-02-15T04:06:34, Critical path event 29,22,8
2005-02-15T04:15:04, Critical path event 29,94,4
2005-02-15T04:30:08, Critical path event 29,88,8
2005-02-15T04:37:26, Critical path event 29,69,8
2005-02-15T04:45:45, Critical path event 33,73,3
2005-02-15T04:49:07, Misc. noise event 8,29,5
2005-02-15T04:50:18, Critical path event 34,42,0
2005-02-15T04:59:08, Critical path event 35,53,4
2005-02-15T05:08:23, Critical path event 36,33,3
2005-02-15T05:18:56, Misc. noise event 9,33,0
2005-02-15T05:20:16, Critical path event 37,23,0
2005-02-15T05:27:10, Critical path event 38,62,3
2005-02-15T05:34:36, Critical path event 39,41,0
2005-02-15T05:44:03, Critical path event 19,90,8
2005-02-15T05:51:53, Critical path event 19,75,8
2005-02-15T06:01:15, Critical path event 19,93,3
2005-02-15T06:09:45, Critical path event 19,85,8
2005-02-15T06:22:01, Misc. noise event 10,45,2
2005-02-15T06:24:49, Critical path event 44,45,4
