--------------------------------------------------
datetime,message,random_int_1,random_int_2
--------------------------------------------------
2005-09-04T23:57:29, Misc. noise event 0,34,10
2005-09-05T00:00, Critical path event 1,72,10
2005-09-05T00:06:57, Misc. noise event 1,44,4
2005-09-05T00:07:25, Critical path event 2,72,4
2005-09-05T00:14:39, Critical path event 3,66,8
2005-09-05T00:24:05, Critical path event 4,5,1
2005-09-05T00:38:47, Critical path event 5,44,10
2005-09-05T00:46:36, Critical path event 6,74,4
2005-09-05T00:56:06, Critical path event 7,71,4
2005-09-05T01:01:19, Critical path event 8,57,0
2005-09-05T01:09:16, Critical path event 9,92,2
2005-09-05T01:16:51, Critical path event 9,42,9
2005-09-05T01:27:49, Critical path event 9,56,6
2005-09-05T01:33:56, Critical path event 9,81,8
2005-09-05T01:39:17, Misc. noise event 2,87,6
2005-09-05T01:41:16, Critical path event 13,90,4
2005-09-05T01:49:48, Critical path event 14,0,5
2005-09-05T02:01:21, Misc. noise event 3,47,1
2005-09-05T02:04:06, Critical path event 15,79,9
2005-09-05T02:11:20, Critical path event 16,30,8
2005-09-05T02:18:31, Misc. noise event 4,78,10
2005-09-05T02:20:46, Critical path event 17,10,4
2005-09-05T03:02:16, Critical path event 18,70,2
2005-09-05T03:10:05, Critical path event 19,53,5
2005-09-05T03:19:35, Critical path event 19,5,9
2005-09-05T03:24:48, Critical path event 19,52,6
2005-09-05T03:29:02, Misc. noise event 5,63,0
2005-09-05T03:32:45, Critical path event 19,66,5

    ----------------some other thing --------------
    filesize :1024k
    alert-level : FATAL
    description: thing with pid 34345 died because 
        random java stacktrace 
        that is super noisy with numbers and datetimes 
Exception in thread "main" java.lang.NullPointerException
    at AnotherClassLoader.loadClass(test.java:58)
    at test.main(test.java:30)
    at Main.main(Main.java:68)
    -------------------------------------------- 
    2005-09-05T03:40:20, Critical path event 23,32,9
2005-09-05T03:49:57, Misc. noise event 6,89,0
2005-09-05T03:51:18, Critical path event 24,28,3
2005-09-05T04:08:01, Critical path event 25,38,9
2005-09-05T04:15:21, Critical path event 26,54,3
2005-09-05T04:23:53, Critical path event 27,99,4
2005-09-05T04:31:18, Critical path event 28,88,0
2005-09-05T04:38:32, Critical path event 29,37,4
2005-09-05T04:52:38, Misc. noise event 7,30,7
2005-09-05T04:54:34, Critical path event 29,68,10
2005-09-05T05:09:16, Critical path event 29,7,6
2005-09-05T05:29:00, Critical path event 29,54,8
2005-09-05T05:37:41, Misc. noise event 8,87,8
2005-09-05T05:38:30, Critical path event 33,23,4
2005-09-05T05:42:10, Misc. noise event 9,41,6
2005-09-05T05:43:43, Critical path event 34,19,4
2005-09-05T05:52:39, Critical path event 35,17,5
2005-09-05T06:00:14, Critical path event 36,25,4
2005-09-05T06:11:12, Critical path event 37,48,0
2005-09-05T06:20:58, Critical path event 38,53,2
2005-09-05T06:28:18, Critical path event 39,97,7
2005-09-05T06:36:50, Critical path event 19,64,5
2005-09-05T06:44:15, Critical path event 19,86,10
2005-09-05T06:51:29, Critical path event 19,97,9
2005-09-05T07:00:55, Critical path event 19,26,1
2005-09-05T07:13:19, Misc. noise event 10,1,2
2005-09-05T07:17:21, Critical path event 44,1,8
