--------------------------------------------------
datetime,message,random_int_1,random_int_2
--------------------------------------------------
2005-04-28T23:56:44, Misc. noise event 0,69,4
2005-04-29T00:00, Critical path event 1,72,0
2005-04-29T00:08:58, Critical path event 2,54,3
2005-04-29T00:17:25, Critical path event 3,16,5
2005-04-29T00:24:40, Critical path event 4,18,9
2005-04-29T00:37:36, Misc. noise event 1,52,0
2005-04-29T00:38:48, Critical path event 5,94,0
2005-04-29T00:47:52, Critical path event 6,60,6
2005-04-29T00:52:06, Misc. noise event 2,17,2
2005-04-29T00:57:05, Critical path event 7,67,10
2005-04-29T01:01:55, Critical path event 8,82,7
2005-04-29T01:09:14, Critical path event 9,79,5
2005-04-29T01:16:59, Critical path event 9,69,4
2005-04-29T01:27:10, Critical path event 9,7,2
2005-04-29T01:34:00, Critical path event 9,92,8
2005-04-29T01:41:50, Critical path event 13,85,3
2005-04-29T01:48:40, Misc. noise event 3,15,3
2005-04-29T01:50:13, Critical path event 14,5,8
2005-04-29T01:59:11, Critical path event 15,31,4
2005-04-29T02:07:38, Critical path event 16,33,10
2005-04-29T02:14:53, Critical path event 17,4,8
2005-04-29T02:29:01, Critical path event 18,65,7
2005-04-29T02:38:05, Critical path event 19,26,2
2005-04-29T02:47:18, Critical path event 19,83,7
2005-04-29T02:52:08, Critical path event 19,98,3
2005-04-29T02:59:27, Critical path event 19,15,6
2005-04-29T03:05:52, Misc. noise event 4,24,7
2005-04-29T03:07:12, Critical path event 23,98,0
2005-04-29T03:15:23, Misc. noise event 5,87,9
2005-04-29T03:17:23, Critical path event 24,83,9
2005-04-29T03:24:13, Critical path event 25,81,7
2005-04-29T03:32:03, Critical path event 26,16,2
2005-04-29T03:40:26, Critical path event 27,5,9
2005-04-29T03:49:24, Critical path event 28,14,7
2005-04-29T03:54:41, Misc. noise event 6,24,7
2005-04-29T03:57:51, Critical path event 29,55,5
2005-04-29T04:00:59, Misc. noise event 7,20,10
2005-04-29T04:05:06, Critical path event 29,39,5
2005-04-29T04:19:14, Critical path event 29,71,5
2005-04-29T04:28:18, Critical path event 29,19,2
2005-04-29T04:37:31, Critical path event 33,0,4
2005-04-29T04:42:21, Critical path event 34,94,4
2005-04-29T04:49:40, Critical path event 35,10,4
2005-04-29T04:55:58, Misc. noise event 8,70,0
2005-04-29T04:57:25, Critical path event 36,55,2
2005-04-29T05:03:06, Misc. noise event 9,86,3
2005-04-29T05:07:36, Critical path event 37,16,7
2005-04-29T05:14:26, Critical path event 38,53,7
2005-04-29T05:22:16, Critical path event 39,57,4
2005-04-29T05:30:39, Critical path event 19,89,4
2005-04-29T05:39:37, Critical path event 19,63,9
2005-04-29T05:44:11, Misc. noise event 10,23,7
2005-04-29T05:48:04, Critical path event 19,23,5
2005-04-29T05:55:19, Critical path event 19,22,10
2005-04-29T06:09:27, Critical path event 44,39,2
