--------------------------------------------------
datetime,message,random_int_1,random_int_2
--------------------------------------------------
2005-09-19T00:00, Critical path event 1,58,4
2005-09-19T00:07:37, Critical path event 2,9,9
2005-09-19T00:14:40, Misc. noise event 0,32,3
2005-09-19T00:14:53, Critical path event 3,88,5
2005-09-19T00:24:23, Critical path event 4,63,5
2005-09-19T00:37:50, Critical path event 5,52,8
2005-09-19T00:42:36, Misc. noise event 1,23,7
2005-09-19T00:47:02, Critical path event 6,92,7
2005-09-19T00:54:32, Critical path event 7,42,2
2005-09-19T00:58:59, Critical path event 8,46,2
2005-09-19T01:07:05, Misc. noise event 2,95,3
2005-09-19T01:08:28, Critical path event 9,63,7
2005-09-19T01:15:59, Critical path event 9,90,6
2005-09-19T01:26:33, Critical path event 9,27,8
2005-09-19T01:32:04, Misc. noise event 3,1,5
2005-09-19T01:33:02, Critical path event 9,36,7
2005-09-19T01:41:06, Critical path event 13,69,4
2005-09-19T01:49:35, Critical path event 14,55,9
2005-09-19T01:57:12, Critical path event 15,99,3
2005-09-19T02:04:28, Critical path event 16,57,0
2005-09-19T02:13:58, Critical path event 17,35,7
2005-09-19T02:27:25, Critical path event 18,41,0
2005-09-19T02:36:37, Critical path event 19,88,8
2005-09-19T02:44:07, Critical path event 19,48,7
2005-09-19T02:48:34, Critical path event 19,98,5
2005-09-19T02:56:51, Misc. noise event 4,87,7
2005-09-19T02:58:03, Critical path event 19,31,6
2005-09-19T03:05:34, Critical path event 23,37,10

    ----------------some other thing --------------
    filesize :1024k
    alert-level : FATAL
    description: thing with pid 34345 died because 
        random java stacktrace 
        that is super noisy with numbers and datetimes 
Exception in thread "main" java.lang.NullPointerException
    at AnotherClassLoader.loadClass(test.java:58)
    at test.main(test.java:30)
    at Main.main(Main.java:68)
    -------------------------------------------- 
    2005-09-19T03:16:08, Critical path event 24,16,4
2005-09-19T03:22:37, Critical path event 25,52,2
2005-09-19T03:30:41, Critical path event 26,74,7
2005-09-19T03:39:10, Critical path event 27,28,1
2005-09-19T03:45:19, Misc. noise event 5,84,0
2005-09-19T03:46:47, Critical path event 28,72,4
2005-09-19T03:54:03, Critical path event 29,18,9
2005-09-19T04:03:33, Critical path event 29,12,0
2005-09-19T04:17:00, Critical path event 29,74,0
2005-09-19T04:26:12, Critical path event 29,38,5
2005-09-19T04:33:42, Critical path event 33,88,6
2005-09-19T04:38:09, Critical path event 34,58,10
2005-09-19T04:44:54, Misc. noise event 6,95,5
2005-09-19T04:47:38, Critical path event 35,85,6
2005-09-19T04:55:09, Critical path event 36,86,4
2005-09-19T05:05:43, Critical path event 37,47,5
2005-09-19T05:12:12, Critical path event 38,18,1
2005-09-19T05:15:41, Misc. noise event 7,21,3
2005-09-19T05:20:16, Critical path event 39,3,9
2005-09-19T05:27:07, Misc. noise event 8,73,10
2005-09-19T05:28:45, Critical path event 19,69,3
2005-09-19T05:36:22, Critical path event 19,6,4
2005-09-19T05:43:38, Critical path event 19,22,8
2005-09-19T05:49:06, Misc. noise event 9,99,5
2005-09-19T05:53:08, Critical path event 19,2,1
2005-09-19T06:04:36, Misc. noise event 10,99,8
2005-09-19T06:06:35, Critical path event 44,39,0
