--------------------------------------------------
datetime,message,random_int_1,random_int_2
--------------------------------------------------
2005-03-13T23:56:11, Misc. noise event 0,1,0
2005-03-14T00:00, Critical path event 1,81,4
2005-03-14T00:09:14, Critical path event 2,72,0
2005-03-14T00:28:47, Critical path event 3,25,7
2005-03-14T00:38:10, Critical path event 4,29,7
2005-03-14T00:49:35, Misc. noise event 1,60,1
2005-03-14T00:53:00, Critical path event 5,51,0
2005-03-14T01:00:59, Critical path event 6,2,10
2005-03-14T01:08:12, Critical path event 7,98,6
2005-03-14T01:10:53, Misc. noise event 2,32,1
2005-03-14T01:12:41, Critical path event 8,47,4
2005-03-14T01:18:22, Misc. noise event 3,63,2
2005-03-14T01:21:23, Critical path event 9,62,5
2005-03-14T01:28:49, Critical path event 9,52,7
2005-03-14T01:39:28, Critical path event 9,40,1
2005-03-14T01:44:17, Misc. noise event 4,19,0
2005-03-14T01:47:02, Critical path event 9,54,3
2005-03-14T01:53:51, Critical path event 13,64,2
2005-03-14T02:01:36, Critical path event 14,22,7
2005-03-14T02:28:51, Critical path event 15,44,4
2005-03-14T02:37:43, Critical path event 16,85,7
2005-03-14T02:44:15, Misc. noise event 5,46,10
2005-03-14T02:47:06, Critical path event 17,8,10
2005-03-14T03:19:37, Critical path event 18,62,0
2005-03-14T03:27:36, Critical path event 19,92,7
2005-03-14T03:34:49, Critical path event 19,41,4
2005-03-14T03:40:50, Misc. noise event 6,76,6
2005-03-14T03:41:50, Critical path event 19,57,1

    ----------------some other thing --------------
    filesize :1024k
    alert-level : FATAL
    description: thing with pid 34345 died because 
        random java stacktrace 
        that is super noisy with numbers and datetimes 
Exception in thread "main" java.lang.NullPointerException
    at AnotherClassLoader.loadClass(test.java:58)
    at test.main(test.java:30)
    at Main.main(Main.java:68)
    -------------------------------------------- 
    2005-03-14T03:50:32, Critical path event 19,11,8
2005-03-14T03:53:59, Misc. noise event 7,53,6
2005-03-14T03:57:58, Critical path event 23,74,10
2005-03-14T04:08:37, Critical path event 24,16,2
2005-03-14T04:16:11, Critical path event 25,39,8
2005-03-14T04:22:22, Misc. noise event 8,38,8
2005-03-14T04:26:41, Critical path event 26,12,7
2005-03-14T04:34:26, Critical path event 27,55,0
2005-03-14T04:40:54, Misc. noise event 9,59,5
2005-03-14T04:43:40, Critical path event 28,3,2
2005-03-14T04:52:32, Critical path event 29,4,9
2005-03-14T05:01:55, Critical path event 29,95,2
2005-03-14T05:21:30, Critical path event 29,37,8
2005-03-14T05:29:29, Critical path event 29,32,3
2005-03-14T05:36:42, Critical path event 33,30,8
2005-03-14T05:41:11, Critical path event 34,40,4
2005-03-14T05:45:13, Misc. noise event 10,67,5
2005-03-14T05:49:53, Critical path event 35,10,5
2005-03-14T05:57:31, Critical path event 36,56,5
2005-03-14T06:08:10, Critical path event 37,78,7
2005-03-14T06:15:44, Critical path event 38,56,1
2005-03-14T06:25:39, Critical path event 39,90,1
2005-03-14T06:33:24, Critical path event 19,65,8
2005-03-14T06:58:21, Critical path event 19,55,10
2005-03-14T07:07:13, Critical path event 19,94,3
2005-03-14T07:19:06, Critical path event 19,6,8
2005-03-14T07:33:56, Critical path event 44,87,9
