--------------------------------------------------
datetime,message,random_int_1,random_int_2
--------------------------------------------------
2005-06-11T23:59:42, Misc. noise event 0,59,2
2005-06-12T00:00, Critical path event 1,82,0
2005-06-12T00:06:15, Critical path event 2,77,6
2005-06-12T00:12:19, Misc. noise event 1,82,8
2005-06-12T00:12:33, Critical path event 3,73,9
2005-06-12T00:20:26, Critical path event 4,15,6
2005-06-12T00:32:44, Critical path event 5,26,3
2005-06-12T00:40:19, Critical path event 6,60,6
2005-06-12T00:43:30, Misc. noise event 2,34,10
2005-06-12T00:46:41, Critical path event 7,87,7
2005-06-12T00:51:39, Critical path event 8,84,9
2005-06-12T00:59:17, Critical path event 9,26,0
2005-06-12T01:05:24, Critical path event 9,80,3
2005-06-12T01:14:19, Critical path event 9,30,5
2005-06-12T01:18:44, Misc. noise event 3,100,2
2005-06-12T01:20:20, Critical path event 9,28,4
2005-06-12T01:25:28, Critical path event 13,98,3
2005-06-12T01:30:09, Misc. noise event 4,89,10
2005-06-12T01:33:15, Critical path event 14,79,4
2005-06-12T01:39:30, Critical path event 15,22,7
2005-06-12T01:45:48, Critical path event 16,2,8
2005-06-12T01:53:41, Critical path event 17,81,2
2005-06-12T02:05:59, Critical path event 18,60,1
2005-06-12T02:13:34, Critical path event 19,39,5
2005-06-12T02:15:20, Misc. noise event 5,56,2
2005-06-12T02:19:56, Critical path event 19,52,4
2005-06-12T02:24:54, Critical path event 19,80,3
2005-06-12T02:32:32, Critical path event 19,58,2
2005-06-12T02:38:39, Critical path event 23,17,2
2005-06-12T02:47:34, Critical path event 24,19,5
2005-06-12T02:50:19, Misc. noise event 6,79,7
2005-06-12T02:53:35, Critical path event 25,0,8
2005-06-12T02:58:43, Critical path event 26,54,2
2005-06-12T03:04:26, Misc. noise event 7,62,2
2005-06-12T03:06:30, Critical path event 27,35,2
2005-06-12T03:12:45, Critical path event 28,22,9
2005-06-12T03:19:03, Critical path event 29,2,9
2005-06-12T03:26:56, Critical path event 29,3,8
2005-06-12T03:39:14, Critical path event 29,20,10
2005-06-12T03:46:49, Critical path event 29,94,4
2005-06-12T03:53:11, Critical path event 33,83,8
2005-06-12T03:58:09, Critical path event 34,69,9
2005-06-12T04:02:44, Misc. noise event 8,92,10
2005-06-12T04:05:47, Critical path event 35,56,4
2005-06-12T04:11:54, Critical path event 36,93,9
2005-06-12T04:20:49, Critical path event 37,25,1
2005-06-12T04:25:59, Misc. noise event 9,65,9
2005-06-12T04:26:50, Critical path event 38,92,2
2005-06-12T04:31:58, Critical path event 39,71,6
2005-06-12T04:39:45, Critical path event 19,45,10
2005-06-12T04:41:26, Misc. noise event 10,33,7
2005-06-12T04:46:00, Critical path event 19,49,2
2005-06-12T04:52:18, Critical path event 19,86,7
2005-06-12T05:00:11, Critical path event 19,51,2
2005-06-12T05:12:29, Critical path event 44,5,10
