--------------------------------------------------
datetime,message,random_int_1,random_int_2
--------------------------------------------------
2005-10-10T00:00, Critical path event 1,32,3
2005-10-10T00:08:08, Critical path event 2,52,4
2005-10-10T00:16:30, Critical path event 3,56,3
2005-10-10T00:24:38, Critical path event 4,27,10
2005-10-10T00:37:54, Misc. noise event 0,58,9
2005-10-10T00:37:58, Critical path event 5,83,6
2005-10-10T00:45:24, Critical path event 6,41,0
2005-10-10T00:54:59, Critical path event 7,42,8
2005-10-10T01:00:35, Critical path event 8,41,9
2005-10-10T01:08:09, Critical path event 9,61,4
2005-10-10T01:14:21, Misc. noise event 1,40,2
2005-10-10T01:17:36, Critical path event 9,11,7
2005-10-10T01:27:38, Critical path event 9,31,9
2005-10-10T01:33:47, Misc. noise event 2,24,8
2005-10-10T01:35:40, Critical path event 9,67,3
2005-10-10T01:43:48, Critical path event 13,61,8
2005-10-10T01:51:59, Critical path event 14,26,6
2005-10-10T02:00:07, Critical path event 15,91,4
2005-10-10T02:03:36, Misc. noise event 3,47,10
2005-10-10T02:08:29, Critical path event 16,85,2
2005-10-10T02:16:37, Critical path event 17,92,4
2005-10-10T02:29:57, Critical path event 18,6,10
2005-10-10T02:33:35, Misc. noise event 4,10,0
2005-10-10T02:37:23, Critical path event 19,41,2
2005-10-10T02:46:58, Critical path event 19,35,8
2005-10-10T02:52:34, Critical path event 19,41,5
2005-10-10T03:00:08, Critical path event 19,87,1
2005-10-10T03:04:57, Misc. noise event 5,4,2

    ----------------some other thing --------------
    filesize :1024k
    alert-level : FATAL
    description: thing with pid 34345 died because 
        random java stacktrace 
        that is super noisy with numbers and datetimes 
Exception in thread "main" java.lang.NullPointerException
    at AnotherClassLoader.loadClass(test.java:58)
    at test.main(test.java:30)
    at Main.main(Main.java:68)
    -------------------------------------------- 
    2005-10-10T03:09:35, Critical path event 23,1,4
2005-10-10T03:18:48, Misc. noise event 6,27,5
2005-10-10T03:19:37, Critical path event 24,99,5
2005-10-10T03:24:12, Misc. noise event 7,20,4
2005-10-10T03:27:39, Critical path event 25,8,7
2005-10-10T03:35:47, Critical path event 26,84,2
2005-10-10T03:43:58, Critical path event 27,18,4
2005-10-10T03:50:02, Misc. noise event 8,80,5
2005-10-10T03:52:06, Critical path event 28,70,10
2005-10-10T04:00:28, Critical path event 29,55,8
2005-10-10T04:08:36, Critical path event 29,28,6
2005-10-10T04:21:56, Critical path event 29,59,10
2005-10-10T04:29:22, Critical path event 29,85,8
2005-10-10T04:38:57, Critical path event 33,28,7
2005-10-10T04:44:33, Critical path event 34,72,10
2005-10-10T04:52:07, Critical path event 35,43,10
2005-10-10T05:01:34, Critical path event 36,33,7
2005-10-10T05:11:36, Critical path event 37,60,1
2005-10-10T05:19:38, Critical path event 38,16,5
2005-10-10T05:27:46, Critical path event 39,23,6
2005-10-10T05:35:57, Critical path event 19,75,8
2005-10-10T05:44:05, Critical path event 19,77,7
2005-10-10T05:52:18, Misc. noise event 9,1,9
2005-10-10T05:52:27, Critical path event 19,56,0
2005-10-10T05:59:45, Misc. noise event 10,37,5
2005-10-10T06:00:35, Critical path event 19,53,9
2005-10-10T06:13:55, Critical path event 44,20,9
