--------------------------------------------------
datetime,message,random_int_1,random_int_2
--------------------------------------------------
2005-03-31T23:55:13, Misc. noise event 0,71,7
2005-04-01T00:00, Critical path event 1,99,7
2005-04-01T00:09:03, Critical path event 2,1,7
2005-04-01T00:18:18, Misc. noise event 1,59,9
2005-04-01T00:18:31, Critical path event 3,57,6
2005-04-01T00:26:29, Critical path event 4,96,3
2005-04-01T00:41:57, Critical path event 5,36,4
2005-04-01T00:49:44, Critical path event 6,28,6
2005-04-01T01:01:16, Critical path event 7,6,5
2005-04-01T01:04:59, Critical path event 8,94,10
2005-04-01T01:29:46, Critical path event 9,18,9
2005-04-01T01:37:13, Critical path event 9,23,2
2005-04-01T01:49:07, Critical path event 9,93,2
2005-04-01T01:52:12, Misc. noise event 2,39,4
2005-04-01T01:55:09, Critical path event 9,14,7
2005-04-01T02:01:34, Misc. noise event 3,78,9
2005-04-01T02:02:58, Critical path event 13,82,7
2005-04-01T02:21:04, Misc. noise event 4,84,8
2005-04-01T02:25:53, Critical path event 14,40,8
2005-04-01T02:34:56, Critical path event 15,48,7
2005-04-01T02:44:24, Critical path event 16,86,6
2005-04-01T02:52:22, Critical path event 17,40,10
2005-04-01T03:07:50, Critical path event 18,74,7
2005-04-01T03:15:37, Critical path event 19,39,3
2005-04-01T03:22:15, Misc. noise event 5,60,8
2005-04-01T03:23:38, Critical path event 19,76,7
2005-04-01T03:27:21, Critical path event 19,36,5
2005-04-01T03:35:51, Misc. noise event 6,46,6
2005-04-01T03:35:54, Critical path event 19,25,3
2005-04-01T03:45:58, Critical path event 23,50,5
2005-04-01T04:14:51, Critical path event 24,44,2
2005-04-01T04:16:30, Misc. noise event 7,23,6
2005-04-01T04:20:53, Critical path event 25,53,0
2005-04-01T04:28:42, Critical path event 26,32,3
2005-04-01T04:37:04, Critical path event 27,49,10
2005-04-01T04:46:07, Critical path event 28,84,9
2005-04-01T04:55:35, Critical path event 29,92,1
2005-04-01T05:01:46, Misc. noise event 8,28,9
2005-04-01T05:03:33, Critical path event 29,95,10
2005-04-01T05:17:26, Misc. noise event 9,44,5
2005-04-01T05:19:01, Critical path event 29,52,3
2005-04-01T05:38:52, Critical path event 29,93,0
2005-04-01T05:46:53, Critical path event 33,50,7
2005-04-01T05:50:36, Critical path event 34,50,10
2005-04-01T05:59:09, Critical path event 35,45,3
2005-04-01T06:06:36, Critical path event 36,2,8
2005-04-01T06:18:30, Critical path event 37,99,1
2005-04-01T06:35:30, Critical path event 38,13,6
2005-04-01T06:54:07, Critical path event 39,43,5
2005-04-01T07:02:29, Critical path event 19,2,5
2005-04-01T07:11:32, Critical path event 19,28,10
2005-04-01T07:38:56, Misc. noise event 10,5,4
2005-04-01T07:39:37, Critical path event 19,80,6
2005-04-01T07:52:02, Critical path event 19,15,9
2005-04-01T08:07:30, Critical path event 44,48,7
