--------------------------------------------------
datetime,message,random_int_1,random_int_2
--------------------------------------------------
2005-03-14T23:58:01, Misc. noise event 0,79,8
2005-03-15T00:00, Critical path event 1,14,4
2005-03-15T00:08:56, Critical path event 2,15,7
2005-03-15T00:18:21, Critical path event 3,98,6
2005-03-15T00:27:10, Critical path event 4,20,8
2005-03-15T00:40:42, Critical path event 5,9,5
2005-03-15T00:49:23, Critical path event 6,62,6
2005-03-15T00:58:36, Critical path event 7,23,4
2005-03-15T01:04:11, Critical path event 8,63,1
2005-03-15T01:12:31, Critical path event 9,49,1
2005-03-15T01:19:51, Critical path event 9,63,9
2005-03-15T01:25:23, Misc. noise event 1,41,10
2005-03-15T01:29:59, Critical path event 9,52,7
2005-03-15T01:37:14, Critical path event 9,92,7
2005-03-15T01:43:49, Critical path event 13,85,6
2005-03-15T01:52:07, Critical path event 14,35,6
2005-03-15T02:01:03, Critical path event 15,88,1
2005-03-15T02:10:28, Critical path event 16,24,7
2005-03-15T02:19:17, Critical path event 17,0,1
2005-03-15T02:30:20, Misc. noise event 2,11,9
2005-03-15T02:32:49, Critical path event 18,40,7
2005-03-15T02:41:30, Critical path event 19,74,10
2005-03-15T02:50:43, Critical path event 19,23,9
2005-03-15T02:56:18, Critical path event 19,84,5
2005-03-15T03:00:31, Misc. noise event 3,43,3
2005-03-15T03:04:38, Critical path event 19,57,2
2005-03-15T03:08:24, Misc. noise event 4,76,6
2005-03-15T03:11:58, Critical path event 23,76,3
2005-03-15T03:19:54, Misc. noise event 5,56,4
2005-03-15T03:22:06, Critical path event 24,69,0
2005-03-15T03:29:21, Critical path event 25,23,9
2005-03-15T03:35:56, Critical path event 26,65,5
2005-03-15T03:44:14, Critical path event 27,89,4
2005-03-15T03:53:10, Critical path event 28,27,10
2005-03-15T04:00:39, Misc. noise event 6,7,3
2005-03-15T04:02:35, Critical path event 29,62,10
2005-03-15T04:11:24, Critical path event 29,58,10
2005-03-15T04:24:56, Critical path event 29,60,6
2005-03-15T04:29:18, Misc. noise event 7,82,10
2005-03-15T04:33:37, Critical path event 29,25,3
2005-03-15T04:42:50, Critical path event 33,6,6
2005-03-15T04:43:30, Misc. noise event 8,6,5
2005-03-15T04:48:25, Critical path event 34,50,6
2005-03-15T04:56:45, Critical path event 35,17,6
2005-03-15T05:03:40, Misc. noise event 9,92,3
2005-03-15T05:04:05, Critical path event 36,50,9
2005-03-15T05:14:13, Critical path event 37,11,10
2005-03-15T05:21:28, Critical path event 38,8,2
2005-03-15T05:28:03, Critical path event 39,83,2
2005-03-15T05:36:21, Critical path event 19,50,1
2005-03-15T05:45:17, Critical path event 19,46,0
2005-03-15T05:50:36, Misc. noise event 10,30,10
2005-03-15T05:54:42, Critical path event 19,84,10
2005-03-15T06:03:31, Critical path event 19,20,0
2005-03-15T06:17:03, Critical path event 44,12,5
