--------------------------------------------------
datetime,message,random_int_1,random_int_2
--------------------------------------------------
2005-08-19T23:57:44, Misc. noise event 0,69,5
2005-08-20T00:00, Critical path event 1,30,4
2005-08-20T00:03:08, Misc. noise event 1,87,3
2005-08-20T00:07:10, Critical path event 2,20,2
2005-08-20T00:14:59, Critical path event 3,58,4
2005-08-20T00:22:55, Critical path event 4,29,1
2005-08-20T00:31:04, Misc. noise event 2,55,5
2005-08-20T00:35:30, Critical path event 5,56,0
2005-08-20T00:43:17, Critical path event 6,45,9
2005-08-20T00:50:22, Critical path event 7,70,4
2005-08-20T00:53:22, Critical path event 8,5,2
2005-08-20T01:01:20, Critical path event 9,49,3
2005-08-20T01:09:00, Critical path event 9,17,5
2005-08-20T01:15:38, Misc. noise event 3,63,6
2005-08-20T01:17:20, Critical path event 9,14,7
2005-08-20T01:24:18, Critical path event 9,65,3
2005-08-20T01:30:49, Critical path event 13,19,2
2005-08-20T01:36:37, Misc. noise event 4,79,4
2005-08-20T01:38:32, Critical path event 14,29,5
2005-08-20T01:45:42, Critical path event 15,68,7
2005-08-20T01:53:31, Critical path event 16,52,4
2005-08-20T02:01:27, Critical path event 17,67,8
2005-08-20T02:14:02, Critical path event 18,82,10
2005-08-20T02:19:26, Misc. noise event 5,71,2
2005-08-20T02:21:49, Critical path event 19,4,10
2005-08-20T02:28:54, Critical path event 19,21,5
2005-08-20T02:31:54, Critical path event 19,15,7
2005-08-20T02:39:52, Critical path event 19,49,7
2005-08-20T02:47:32, Critical path event 23,84,8
2005-08-20T02:55:52, Critical path event 24,56,0
2005-08-20T03:02:50, Critical path event 25,20,9
2005-08-20T03:06:26, Misc. noise event 6,93,5
2005-08-20T03:09:21, Critical path event 26,82,3
2005-08-20T03:17:04, Critical path event 27,66,2
2005-08-20T03:24:14, Critical path event 28,84,3
2005-08-20T03:32:00, Misc. noise event 7,22,9
2005-08-20T03:32:03, Critical path event 29,40,8
2005-08-20T03:39:59, Critical path event 29,66,10
2005-08-20T03:52:34, Critical path event 29,53,10
2005-08-20T04:00:21, Critical path event 29,4,2
2005-08-20T04:07:26, Critical path event 33,39,0
2005-08-20T04:10:26, Critical path event 34,27,1
2005-08-20T04:18:24, Critical path event 35,23,4
2005-08-20T04:26:04, Critical path event 36,46,1
2005-08-20T04:34:24, Critical path event 37,79,2
2005-08-20T04:36:53, Misc. noise event 8,65,0
2005-08-20T04:41:22, Critical path event 38,6,3
2005-08-20T04:47:53, Critical path event 39,66,4
2005-08-20T04:55:36, Critical path event 19,91,8
2005-08-20T05:02:17, Misc. noise event 9,89,7
2005-08-20T05:02:46, Critical path event 19,77,8
2005-08-20T05:10:35, Critical path event 19,22,10
2005-08-20T05:16:56, Misc. noise event 10,30,2
2005-08-20T05:18:31, Critical path event 19,72,6
2005-08-20T05:31:06, Critical path event 44,32,2
