--------------------------------------------------
datetime,message,random_int_1,random_int_2
--------------------------------------------------
2005-08-30T23:56:17, Misc. noise event 0,99,10
2005-08-31T00:00, Critical path event 1,36,5
2005-08-31T00:02:59, Misc. noise event 1,94,1
2005-08-31T00:07:55, Critical path event 2,83,4
2005-08-31T00:15:33, Critical path event 3,60,6
2005-08-31T00:21:07, Misc. noise event 2,48,8
2005-08-31T00:23:11, Critical path event 4,90,8
2005-08-31T00:38:03, Critical path event 5,50,4
2005-08-31T00:45:16, Critical path event 6,21,1
2005-08-31T00:53:50, Critical path event 7,88,10
2005-08-31T00:58:16, Critical path event 8,63,4
2005-08-31T01:07:22, Critical path event 9,52,7
2005-08-31T01:15:12, Critical path event 9,24,10
2005-08-31T01:26:59, Critical path event 9,0,9
2005-08-31T01:33:48, Critical path event 9,18,2
2005-08-31T01:40:21, Critical path event 13,79,0
2005-08-31T01:48:32, Critical path event 14,89,1
2005-08-31T01:56:27, Critical path event 15,38,0
2005-08-31T02:04:05, Critical path event 16,7,10
2005-08-31T02:09:57, Misc. noise event 3,64,10
2005-08-31T02:11:43, Critical path event 17,65,9
2005-08-31T02:26:35, Critical path event 18,99,5
2005-08-31T02:31:28, Misc. noise event 4,99,5
2005-08-31T02:33:48, Critical path event 19,97,2
2005-08-31T02:42:22, Critical path event 19,33,2
2005-08-31T02:46:48, Critical path event 19,20,2
2005-08-31T02:55:54, Critical path event 19,8,2
2005-08-31T03:03:44, Critical path event 23,89,8
2005-08-31T03:10:34, Misc. noise event 5,65,2
2005-08-31T03:15:31, Critical path event 24,38,2
2005-08-31T03:21:02, Misc. noise event 6,1,1
2005-08-31T03:22:20, Critical path event 25,95,5
2005-08-31T03:28:45, Misc. noise event 7,11,0
2005-08-31T03:28:53, Critical path event 26,36,10
2005-08-31T03:37:04, Critical path event 27,38,8
2005-08-31T03:44:59, Critical path event 28,77,1
2005-08-31T03:52:37, Critical path event 29,15,8
2005-08-31T04:00:15, Critical path event 29,49,5
2005-08-31T04:15:07, Critical path event 29,67,5
2005-08-31T04:22:20, Critical path event 29,41,5
2005-08-31T04:30:01, Misc. noise event 8,41,4
2005-08-31T04:30:54, Critical path event 33,19,3
2005-08-31T04:35:20, Critical path event 34,28,4
2005-08-31T04:44:26, Critical path event 35,2,1
2005-08-31T04:52:16, Critical path event 36,49,5
2005-08-31T05:04:03, Critical path event 37,100,4
2005-08-31T05:10:33, Misc. noise event 9,71,3
2005-08-31T05:10:52, Critical path event 38,31,1
2005-08-31T05:16:38, Misc. noise event 10,43,9
2005-08-31T05:17:25, Critical path event 39,28,9
2005-08-31T05:25:36, Critical path event 19,80,4
2005-08-31T05:33:31, Critical path event 19,46,5
2005-08-31T05:41:09, Critical path event 19,76,2
2005-08-31T05:48:47, Critical path event 19,58,4
2005-08-31T06:03:39, Critical path event 44,65,1
