--------------------------------------------------
datetime,message,random_int_1,random_int_2
--------------------------------------------------
2005-04-30T23:58:25, Misc. noise event 0,96,4
2005-05-01T00:00, Critical path event 1,31,4
2005-05-01T00:07:50, Critical path event 2,1,3
2005-05-01T00:11:16, Misc. noise event 1,32,0
2005-05-01T00:14:11, Critical path event 3,59,2
2005-05-01T00:22:06, Critical path event 4,98,9
2005-05-01T00:33:19, Critical path event 5,82,9
2005-05-01T00:40:07, Critical path event 6,30,7
2005-05-01T00:46:18, Misc. noise event 2,79,8
2005-05-01T00:48:00, Critical path event 7,53,3
2005-05-01T00:51:22, Critical path event 8,86,2
2005-05-01T00:54:01, Misc. noise event 3,31,4
2005-05-01T00:57:25, Critical path event 9,69,2
2005-05-01T01:03:36, Critical path event 9,58,8
2005-05-01T01:11:44, Critical path event 9,49,1
2005-05-01T01:17:47, Critical path event 9,13,1
2005-05-01T01:23:04, Critical path event 13,88,6
2005-05-01T01:30:29, Critical path event 14,82,2
2005-05-01T01:37:56, Misc. noise event 4,84,10
2005-05-01T01:38:19, Critical path event 15,52,7
2005-05-01T01:44:40, Critical path event 16,93,7
2005-05-01T01:47:59, Misc. noise event 5,5,6
2005-05-01T01:52:35, Critical path event 17,72,1
2005-05-01T02:03:48, Critical path event 18,83,4
2005-05-01T02:10:36, Critical path event 19,3,6
2005-05-01T02:18:29, Critical path event 19,38,8
2005-05-01T02:21:51, Critical path event 19,75,8
2005-05-01T02:27:54, Critical path event 19,14,2
2005-05-01T02:34:05, Critical path event 23,49,1
2005-05-01T02:39:34, Misc. noise event 6,32,1
2005-05-01T02:42:13, Critical path event 24,38,2
2005-05-01T02:48:16, Critical path event 25,49,5
2005-05-01T02:53:33, Critical path event 26,36,3
2005-05-01T03:00:58, Critical path event 27,22,1
2005-05-01T03:06:46, Misc. noise event 7,18,9
2005-05-01T03:08:48, Critical path event 28,22,1
2005-05-01T03:14:11, Misc. noise event 8,81,1
2005-05-01T03:15:09, Critical path event 29,31,8
2005-05-01T03:19:23, Misc. noise event 9,31,3
2005-05-01T03:23:04, Critical path event 29,54,8
2005-05-01T03:34:17, Critical path event 29,89,3
2005-05-01T03:37:31, Misc. noise event 10,6,0
2005-05-01T03:41:05, Critical path event 29,79,6
2005-05-01T03:48:58, Critical path event 33,53,10
2005-05-01T03:52:20, Critical path event 34,92,5
2005-05-01T03:58:23, Critical path event 35,55,3
2005-05-01T04:04:34, Critical path event 36,49,0
2005-05-01T04:12:42, Critical path event 37,45,0
2005-05-01T04:18:45, Critical path event 38,64,4
2005-05-01T04:24:02, Critical path event 39,26,5
2005-05-01T04:31:27, Critical path event 19,96,3
2005-05-01T04:39:17, Critical path event 19,48,5
2005-05-01T04:45:38, Critical path event 19,27,9
2005-05-01T04:53:33, Critical path event 19,89,9
2005-05-01T05:04:46, Critical path event 44,70,5
