--------------------------------------------------
datetime,message,random_int_1,random_int_2
--------------------------------------------------
2005-05-04T23:56:57, Misc. noise event 0,63,0
2005-05-05T00:00, Critical path event 1,96,9
2005-05-05T00:04:29, Misc. noise event 1,85,7
2005-05-05T00:09:15, Critical path event 2,16,8
2005-05-05T00:17:41, Critical path event 3,31,1
2005-05-05T00:27:13, Critical path event 4,91,6
2005-05-05T00:40:05, Misc. noise event 2,67,10
2005-05-05T00:41:08, Critical path event 5,69,9
2005-05-05T00:46:50, Misc. noise event 3,62,1
2005-05-05T00:49:16, Critical path event 6,50,10
2005-05-05T00:57:03, Critical path event 7,78,5
2005-05-05T01:01:14, Critical path event 8,99,0
2005-05-05T01:13:17, Critical path event 9,41,6
2005-05-05T01:30:27, Critical path event 9,69,4
2005-05-05T01:41:04, Misc. noise event 4,22,8
2005-05-05T01:41:25, Critical path event 9,68,2
2005-05-05T01:49:47, Critical path event 9,52,5
2005-05-05T01:54:21, Misc. noise event 5,50,8
2005-05-05T01:58:09, Critical path event 13,89,3
2005-05-05T02:18:37, Critical path event 14,21,8
2005-05-05T02:27:52, Critical path event 15,71,7
2005-05-05T02:36:18, Critical path event 16,87,9
2005-05-05T02:45:50, Critical path event 17,49,1
2005-05-05T02:59:45, Critical path event 18,30,6
2005-05-05T03:07:53, Critical path event 19,35,0
2005-05-05T03:15:40, Critical path event 19,64,6
2005-05-05T03:19:51, Critical path event 19,88,8
2005-05-05T03:26:20, Misc. noise event 6,29,6
2005-05-05T03:27:12, Critical path event 19,98,5
2005-05-05T03:34:37, Critical path event 23,38,10
2005-05-05T03:45:35, Critical path event 24,96,9
2005-05-05T03:53:57, Critical path event 25,63,4
2005-05-05T04:04:30, Critical path event 26,92,3
2005-05-05T04:17:13, Critical path event 27,67,2
2005-05-05T04:26:28, Critical path event 28,35,9
2005-05-05T04:45:09, Critical path event 29,66,10
2005-05-05T04:54:41, Critical path event 29,38,10
2005-05-05T05:08:36, Critical path event 29,70,6
2005-05-05T05:16:44, Critical path event 29,50,7
2005-05-05T05:24:31, Critical path event 33,85,8
2005-05-05T05:30:41, Critical path event 34,34,6
2005-05-05T05:34:26, Misc. noise event 7,100,3
2005-05-05T05:38:02, Critical path event 35,88,6
2005-05-05T05:45:27, Critical path event 36,17,0
2005-05-05T05:54:46, Misc. noise event 8,6,6
2005-05-05T05:56:25, Critical path event 37,14,8
2005-05-05T06:15:10, Critical path event 38,52,5
2005-05-05T06:24:58, Critical path event 39,25,4
2005-05-05T06:32:59, Critical path event 19,53,5
2005-05-05T06:50:05, Critical path event 19,41,1
2005-05-05T06:54:26, Misc. noise event 9,59,2
2005-05-05T06:58:31, Critical path event 19,26,6
2005-05-05T07:10:24, Critical path event 19,13,4
2005-05-05T07:23:30, Misc. noise event 10,41,9
2005-05-05T07:24:19, Critical path event 44,12,5
