--------------------------------------------------
datetime,message,random_int_1,random_int_2
--------------------------------------------------
2005-11-11T00:00, Critical path event 1,22,2
2005-11-11T00:09:33, Critical path event 2,47,8
2005-11-11T00:18:33, Critical path event 3,49,1
2005-11-11T00:26:21, Critical path event 4,21,10
2005-11-11T00:40:18, Critical path event 5,59,3
2005-11-11T00:44:42, Misc. noise event 0,20,8
2005-11-11T00:49:37, Critical path event 6,82,4
2005-11-11T00:58:54, Critical path event 7,15,0
2005-11-11T01:03:27, Critical path event 8,100,6
2005-11-11T01:10:41, Critical path event 9,62,10
2005-11-11T01:20:04, Critical path event 9,11,1
2005-11-11T01:31:28, Critical path event 9,60,6
2005-11-11T01:38:09, Critical path event 9,6,9
2005-11-11T01:45:26, Critical path event 13,96,1
2005-11-11T01:51:32, Misc. noise event 1,31,1
2005-11-11T01:53:31, Critical path event 14,46,3
2005-11-11T02:03:04, Critical path event 15,92,7
2005-11-11T02:10:15, Misc. noise event 2,26,3
2005-11-11T02:12:04, Critical path event 16,5,1
2005-11-11T02:15:16, Misc. noise event 3,99,3
2005-11-11T02:19:52, Critical path event 17,36,1
2005-11-11T02:33:49, Critical path event 18,60,8
2005-11-11T02:43:08, Critical path event 19,96,10
2005-11-11T02:48:34, Misc. noise event 4,11,7
2005-11-11T02:52:25, Critical path event 19,39,3
2005-11-11T02:53:45, Misc. noise event 5,62,6
2005-11-11T02:56:58, Critical path event 19,13,10
2005-11-11T02:59:47, Misc. noise event 6,100,8
2005-11-11T03:04:12, Critical path event 19,62,1
2005-11-11T03:11:43, Misc. noise event 7,99,0
2005-11-11T03:13:35, Critical path event 23,25,6
2005-11-11T03:24:59, Critical path event 24,57,5
2005-11-11T03:31:40, Critical path event 25,97,3
2005-11-11T03:38:57, Critical path event 26,45,4
2005-11-11T03:43:10, Misc. noise event 8,55,5
2005-11-11T03:47:02, Critical path event 27,58,8
2005-11-11T03:56:35, Critical path event 28,77,1
2005-11-11T04:05:35, Critical path event 29,33,7
2005-11-11T04:13:23, Critical path event 29,66,0
2005-11-11T04:27:20, Critical path event 29,33,8
2005-11-11T04:33:03, Misc. noise event 9,78,3
2005-11-11T04:36:39, Critical path event 29,23,1
2005-11-11T04:45:56, Critical path event 33,84,7
2005-11-11T04:50:29, Critical path event 34,98,0
2005-11-11T04:57:43, Critical path event 35,10,5
2005-11-11T05:05:08, Misc. noise event 10,24,3
2005-11-11T05:07:06, Critical path event 36,67,6
2005-11-11T05:18:30, Critical path event 37,30,5
2005-11-11T05:25:11, Critical path event 38,40,10
2005-11-11T05:32:28, Critical path event 39,32,2
2005-11-11T05:40:33, Critical path event 19,31,4
2005-11-11T05:50:06, Critical path event 19,22,5
2005-11-11T05:59:06, Critical path event 19,25,5
2005-11-11T06:06:54, Critical path event 19,53,0
2005-11-11T06:20:51, Critical path event 44,40,3
