--------------------------------------------------
datetime,message,random_int_1,random_int_2
--------------------------------------------------
2005-03-30T00:00, Critical path event 1,94,1
2005-03-30T00:16:02, Critical path event 2,97,1
2005-03-30T00:22:29, Misc. noise event 0,8,7
2005-03-30T00:25:25, Critical path event 3,12,5
2005-03-30T00:51:04, Critical path event 4,86,0
2005-03-30T01:11:44, Critical path event 5,58,7
2005-03-30T01:19:02, Critical path event 6,51,2
2005-03-30T01:26:39, Critical path event 7,22,10
2005-03-30T01:27:23, Misc. noise event 1,79,4
2005-03-30T01:32:05, Critical path event 8,28,9
2005-03-30T01:39:59, Critical path event 9,85,9
2005-03-30T01:47:12, Critical path event 9,61,5
2005-03-30T01:58:12, Critical path event 9,21,10
2005-03-30T02:14:57, Critical path event 9,7,10
2005-03-30T02:17:40, Misc. noise event 2,4,5
2005-03-30T02:22:38, Critical path event 13,87,0
2005-03-30T02:30:13, Critical path event 14,32,7
2005-03-30T02:37:45, Critical path event 15,90,1
2005-03-30T02:47:08, Critical path event 16,2,9
2005-03-30T02:56:12, Critical path event 17,73,8
2005-03-30T03:10:23, Critical path event 18,71,1
2005-03-30T03:17:41, Critical path event 19,62,9
2005-03-30T03:25:18, Critical path event 19,67,7
2005-03-30T03:27:49, Misc. noise event 3,60,9
2005-03-30T03:30:44, Critical path event 19,37,8
2005-03-30T03:38:38, Critical path event 19,65,2
2005-03-30T03:51:12, Critical path event 23,69,1
2005-03-30T04:02:12, Critical path event 24,74,2
2005-03-30T04:09:26, Critical path event 25,17,1
2005-03-30T04:15:13, Misc. noise event 4,77,8
2005-03-30T04:17:07, Critical path event 26,79,8
2005-03-30T04:24:13, Misc. noise event 5,83,4
2005-03-30T04:24:42, Critical path event 27,0,1
2005-03-30T04:32:14, Critical path event 28,55,7
2005-03-30T04:40:20, Misc. noise event 6,48,9
2005-03-30T04:41:37, Critical path event 29,22,9
2005-03-30T04:46:07, Misc. noise event 7,28,6
2005-03-30T04:50:41, Critical path event 29,9,6
2005-03-30T05:21:20, Misc. noise event 8,59,1
2005-03-30T05:23:07, Critical path event 29,75,2
2005-03-30T05:30:25, Critical path event 29,30,9
2005-03-30T05:36:01, Misc. noise event 9,7,8
2005-03-30T05:38:02, Critical path event 33,29,5
2005-03-30T05:43:28, Critical path event 34,63,6
2005-03-30T05:51:22, Critical path event 35,6,8
2005-03-30T05:58:35, Critical path event 36,14,6
2005-03-30T06:08:45, Misc. noise event 10,83,9
2005-03-30T06:09:35, Critical path event 37,4,5
2005-03-30T06:16:49, Critical path event 38,55,4
2005-03-30T06:37:08, Critical path event 39,33,2
2005-03-30T06:44:43, Critical path event 19,41,2
2005-03-30T06:52:15, Critical path event 19,97,10
2005-03-30T07:18:56, Critical path event 19,75,0
2005-03-30T07:28:00, Critical path event 19,51,5
2005-03-30T07:42:11, Critical path event 44,14,2
