--------------------------------------------------
datetime,message,random_int_1,random_int_2
--------------------------------------------------
2005-04-23T23:55:05, Misc. noise event 0,33,3
2005-04-24T00:00, Critical path event 1,58,9
2005-04-24T00:06:14, Critical path event 2,53,6
2005-04-24T00:13:30, Critical path event 3,88,3
2005-04-24T00:20:18, Critical path event 4,47,9
2005-04-24T00:32:07, Critical path event 5,87,9
2005-04-24T00:40:05, Critical path event 6,18,5
2005-04-24T00:46:06, Critical path event 7,71,5
2005-04-24T00:50:55, Critical path event 8,19,4
2005-04-24T00:58:45, Critical path event 9,34,10
2005-04-24T01:06:20, Critical path event 9,6,10
2005-04-24T01:14:25, Critical path event 9,44,9
2005-04-24T01:21:18, Critical path event 9,31,10
2005-04-24T01:26:19, Critical path event 13,41,4
2005-04-24T01:32:37, Critical path event 14,86,4
2005-04-24T01:38:51, Critical path event 15,41,8
2005-04-24T01:46:07, Critical path event 16,55,1
2005-04-24T01:52:55, Critical path event 17,45,2
2005-04-24T02:04:44, Critical path event 18,11,0
2005-04-24T02:12:42, Critical path event 19,46,9
2005-04-24T02:18:43, Critical path event 19,48,5
2005-04-24T02:18:34, Misc. noise event 1,78,1
2005-04-24T02:23:32, Critical path event 19,82,0
2005-04-24T02:28:25, Misc. noise event 2,63,6
2005-04-24T02:31:22, Critical path event 19,50,7
2005-04-24T02:38:57, Critical path event 23,6,7
2005-04-24T02:47:02, Critical path event 24,20,7
2005-04-24T02:51:12, Misc. noise event 3,46,0
2005-04-24T02:53:55, Critical path event 25,38,0
2005-04-24T02:58:56, Critical path event 26,93,4
2005-04-24T03:05:14, Critical path event 27,77,5
2005-04-24T03:11:28, Critical path event 28,11,0
2005-04-24T03:18:44, Critical path event 29,100,0
2005-04-24T03:25:32, Critical path event 29,71,9
2005-04-24T03:33:35, Misc. noise event 4,96,1
2005-04-24T03:37:21, Critical path event 29,76,2
2005-04-24T03:45:19, Critical path event 29,86,6
2005-04-24T03:51:20, Critical path event 33,77,5
2005-04-24T03:56:09, Critical path event 34,24,9
2005-04-24T04:03:59, Critical path event 35,3,6
2005-04-24T04:10:38, Misc. noise event 5,28,7
2005-04-24T04:11:34, Critical path event 36,23,1
2005-04-24T04:19:39, Critical path event 37,19,5
2005-04-24T04:25:07, Misc. noise event 6,74,1
2005-04-24T04:26:32, Critical path event 38,49,5
2005-04-24T04:27:57, Misc. noise event 7,10,1
2005-04-24T04:31:33, Critical path event 39,66,10
2005-04-24T04:36:49, Misc. noise event 8,43,0
2005-04-24T04:37:51, Critical path event 19,83,0
2005-04-24T04:44:05, Critical path event 19,59,8
2005-04-24T04:49:27, Misc. noise event 9,58,1
2005-04-24T04:51:21, Critical path event 19,58,7
2005-04-24T04:57:25, Misc. noise event 10,99,6
2005-04-24T04:58:09, Critical path event 19,14,8
2005-04-24T05:09:58, Critical path event 44,59,5
