--------------------------------------------------
datetime,message,random_int_1,random_int_2
--------------------------------------------------
2005-08-08T00:00, Critical path event 1,38,9
2005-08-08T00:07:35, Critical path event 2,50,3
2005-08-08T00:11:31, Misc. noise event 0,71,6
2005-08-08T00:16:19, Critical path event 3,20,4
2005-08-08T00:24:39, Critical path event 4,69,7
2005-08-08T00:37:24, Misc. noise event 1,14,10
2005-08-08T00:40:03, Critical path event 5,53,1
2005-08-08T00:47:26, Critical path event 6,53,7
2005-08-08T00:55:46, Critical path event 7,36,1
2005-08-08T01:00:08, Critical path event 8,86,1
2005-08-08T01:05:15, Misc. noise event 2,92,7
2005-08-08T01:09:12, Critical path event 9,25,9
2005-08-08T01:17:44, Critical path event 9,46,0
2005-08-08T01:29:40, Critical path event 9,85,6
2005-08-08T01:37:00, Critical path event 9,17,9
2005-08-08T01:40:30, Misc. noise event 3,86,0
2005-08-08T01:44:56, Critical path event 13,22,4
2005-08-08T01:54:14, Critical path event 14,65,0
2005-08-08T02:00:53, Misc. noise event 4,71,10
2005-08-08T02:01:49, Critical path event 15,23,8
2005-08-08T02:10:33, Critical path event 16,38,10
2005-08-08T02:18:53, Critical path event 17,6,7
2005-08-08T02:34:17, Critical path event 18,91,1
2005-08-08T02:39:30, Misc. noise event 5,87,3
2005-08-08T02:41:40, Critical path event 19,84,2
2005-08-08T02:50:00, Critical path event 19,48,8
2005-08-08T02:54:22, Critical path event 19,52,7
2005-08-08T03:03:26, Critical path event 19,94,10

    ----------------some other thing --------------
    filesize :1024k
    alert-level : FATAL
    description: thing with pid 34345 died because 
        random java stacktrace 
        that is super noisy with numbers and datetimes 
Exception in thread "main" java.lang.NullPointerException
    at AnotherClassLoader.loadClass(test.java:58)
    at test.main(test.java:30)
    at Main.main(Main.java:68)
    -------------------------------------------- 
    2005-08-08T03:11:58, Critical path event 23,24,2
2005-08-08T03:23:54, Critical path event 24,81,0
2005-08-08T03:31:14, Critical path event 25,85,1
2005-08-08T03:39:10, Critical path event 26,49,8
2005-08-08T03:44:06, Misc. noise event 6,61,8
2005-08-08T03:48:28, Critical path event 27,12,6
2005-08-08T03:56:03, Critical path event 28,86,2
2005-08-08T04:04:47, Critical path event 29,25,8
2005-08-08T04:08:24, Misc. noise event 7,18,4
2005-08-08T04:13:07, Critical path event 29,92,3
2005-08-08T04:28:31, Critical path event 29,88,9
2005-08-08T04:35:54, Critical path event 29,1,6
2005-08-08T04:44:14, Critical path event 33,31,5
2005-08-08T04:47:35, Misc. noise event 8,87,3
2005-08-08T04:48:36, Critical path event 34,9,10
2005-08-08T04:57:40, Critical path event 35,84,4
2005-08-08T05:06:12, Critical path event 36,21,7
2005-08-08T05:18:08, Critical path event 37,96,4
2005-08-08T05:25:28, Critical path event 38,90,3
2005-08-08T05:33:24, Critical path event 39,21,9
2005-08-08T05:37:55, Misc. noise event 9,62,9
2005-08-08T05:42:42, Critical path event 19,79,4
2005-08-08T05:50:17, Critical path event 19,97,0
2005-08-08T05:57:24, Misc. noise event 10,39,8
2005-08-08T05:59:01, Critical path event 19,44,4
2005-08-08T06:07:21, Critical path event 19,1,9
2005-08-08T06:22:45, Critical path event 44,24,3
