--------------------------------------------------
datetime,message,random_int_1,random_int_2
--------------------------------------------------
2005-06-30T00:00, Critical path event 1,25,6
2005-06-30T00:07:49, Critical path event 2,73,5
2005-06-30T00:12:07, Misc. noise event 0,17,4
2005-06-30T00:16:29, Critical path event 3,45,3
2005-06-30T00:24:33, Critical path event 4,48,7
2005-06-30T00:39:18, Critical path event 5,52,1
2005-06-30T00:48:53, Critical path event 6,40,6
2005-06-30T00:57:14, Misc. noise event 1,10,5
2005-06-30T00:57:35, Critical path event 7,100,5
2005-06-30T01:03:29, Critical path event 8,13,2
2005-06-30T01:11:18, Misc. noise event 2,79,3
2005-06-30T01:12:51, Critical path event 9,77,7
2005-06-30T01:17:52, Misc. noise event 3,45,4
2005-06-30T01:22:06, Critical path event 9,56,8
2005-06-30T01:34:02, Critical path event 9,71,10
2005-06-30T01:40:02, Critical path event 9,65,2
2005-06-30T01:46:07, Critical path event 13,26,7
2005-06-30T01:55:11, Critical path event 14,14,10
2005-06-30T01:59:23, Misc. noise event 4,31,9
2005-06-30T02:03:00, Critical path event 15,55,0
2005-06-30T02:06:43, Misc. noise event 5,67,6
2005-06-30T02:11:40, Critical path event 16,37,7
2005-06-30T02:19:44, Critical path event 17,32,1
2005-06-30T02:34:29, Critical path event 18,88,4
2005-06-30T02:44:04, Critical path event 19,65,8
2005-06-30T02:52:46, Critical path event 19,61,0
2005-06-30T02:58:40, Critical path event 19,90,10
2005-06-30T03:08:02, Critical path event 19,84,10
2005-06-30T03:17:17, Critical path event 23,62,8
2005-06-30T03:29:13, Critical path event 24,25,3
2005-06-30T03:35:13, Critical path event 25,4,6
2005-06-30T03:41:18, Critical path event 26,81,3
2005-06-30T03:50:22, Critical path event 27,97,6
2005-06-30T03:58:11, Critical path event 28,92,2
2005-06-30T04:06:51, Critical path event 29,35,4
2005-06-30T04:09:58, Misc. noise event 6,26,9
2005-06-30T04:14:55, Critical path event 29,76,9
2005-06-30T04:29:40, Critical path event 29,30,6
2005-06-30T04:35:37, Misc. noise event 7,91,9
2005-06-30T04:39:15, Critical path event 29,49,2
2005-06-30T04:47:57, Critical path event 33,36,2
2005-06-30T04:49:38, Misc. noise event 8,79,9
2005-06-30T04:53:51, Critical path event 34,10,3
2005-06-30T05:03:13, Critical path event 35,61,7
2005-06-30T05:07:29, Misc. noise event 9,99,7
2005-06-30T05:12:28, Critical path event 36,33,7
2005-06-30T05:24:24, Critical path event 37,1,2
2005-06-30T05:30:24, Critical path event 38,63,4
2005-06-30T05:36:29, Critical path event 39,17,5
2005-06-30T05:45:33, Critical path event 19,55,7
2005-06-30T05:53:22, Critical path event 19,29,8
2005-06-30T06:02:01, Misc. noise event 10,93,3
2005-06-30T06:02:02, Critical path event 19,50,1
2005-06-30T06:10:06, Critical path event 19,1,5
2005-06-30T06:24:51, Critical path event 44,87,10
