--------------------------------------------------
datetime,message,random_int_1,random_int_2
--------------------------------------------------
2005-06-07T23:56:32, Misc. noise event 0,88,3
2005-06-08T00:00, Critical path event 1,46,8
2005-06-08T00:07:22, Misc. noise event 1,100,8
2005-06-08T00:07:42, Critical path event 2,95,4
2005-06-08T00:15:20, Critical path event 3,34,4
2005-06-08T00:22:44, Critical path event 4,48,9
2005-06-08T00:36:11, Critical path event 5,27,6
2005-06-08T00:43:43, Misc. noise event 2,60,9
2005-06-08T00:45:29, Critical path event 6,84,10
2005-06-08T00:49:29, Misc. noise event 3,8,2
2005-06-08T00:53:27, Critical path event 7,58,9
2005-06-08T00:57:23, Critical path event 8,26,10
2005-06-08T01:05:44, Critical path event 9,20,0
2005-06-08T01:14:30, Critical path event 9,88,4
2005-06-08T01:25:30, Critical path event 9,20,2
2005-06-08T01:31:06, Misc. noise event 4,61,2
2005-06-08T01:33:43, Critical path event 9,79,5
2005-06-08T01:40:13, Critical path event 13,40,1
2005-06-08T01:49:19, Critical path event 14,83,8
2005-06-08T01:57:01, Critical path event 15,95,8
2005-06-08T02:04:39, Critical path event 16,48,3
2005-06-08T02:12:03, Critical path event 17,41,5
2005-06-08T02:24:20, Misc. noise event 5,52,9
2005-06-08T02:25:30, Critical path event 18,36,2
2005-06-08T02:34:48, Critical path event 19,38,3
2005-06-08T02:42:46, Critical path event 19,53,8
2005-06-08T02:46:42, Critical path event 19,30,0
2005-06-08T02:55:03, Critical path event 19,4,6
2005-06-08T03:03:49, Critical path event 23,58,1
2005-06-08T03:14:49, Critical path event 24,34,4
2005-06-08T03:23:02, Critical path event 25,83,9
2005-06-08T03:29:32, Critical path event 26,96,5
2005-06-08T03:38:38, Critical path event 27,67,10
2005-06-08T03:46:20, Critical path event 28,94,2
2005-06-08T03:53:58, Critical path event 29,19,1
2005-06-08T04:01:22, Critical path event 29,32,7
2005-06-08T04:12:30, Misc. noise event 6,18,7
2005-06-08T04:14:49, Critical path event 29,56,5
2005-06-08T04:24:07, Critical path event 29,73,10
2005-06-08T04:31:18, Misc. noise event 7,63,6
2005-06-08T04:32:05, Critical path event 33,95,3
2005-06-08T04:36:01, Critical path event 34,4,3
2005-06-08T04:44:22, Critical path event 35,13,3
2005-06-08T04:53:08, Critical path event 36,56,0
2005-06-08T05:04:08, Critical path event 37,83,8
2005-06-08T05:12:21, Critical path event 38,48,2
2005-06-08T05:15:23, Misc. noise event 8,15,3
2005-06-08T05:18:51, Critical path event 39,1,5
2005-06-08T05:27:57, Critical path event 19,65,0
2005-06-08T05:35:39, Critical path event 19,48,9
2005-06-08T05:40:42, Misc. noise event 9,77,3
2005-06-08T05:43:17, Critical path event 19,65,7
2005-06-08T05:50:41, Critical path event 19,66,5
2005-06-08T06:03:45, Misc. noise event 10,48,5
2005-06-08T06:04:08, Critical path event 44,80,10
