--------------------------------------------------
datetime,message,random_int_1,random_int_2
--------------------------------------------------
2005-01-24T00:00, Critical path event 1,0,8
2005-01-24T00:07:54, Critical path event 2,96,2
2005-01-24T00:17:22, Critical path event 3,38,0
2005-01-24T00:22:50, Misc. noise event 0,26,9
2005-01-24T00:25:39, Critical path event 4,93,3
2005-01-24T00:39:50, Critical path event 5,92,9
2005-01-24T00:48:42, Critical path event 6,82,8
2005-01-24T00:58:14, Critical path event 7,3,6
2005-01-24T01:02:42, Critical path event 8,92,2
2005-01-24T01:07:19, Misc. noise event 1,7,1
2005-01-24T01:11:46, Critical path event 9,51,4
2005-01-24T01:19:49, Critical path event 9,49,10
2005-01-24T01:28:44, Misc. noise event 2,63,8
2005-01-24T01:31:29, Critical path event 9,46,1
2005-01-24T01:38:52, Critical path event 9,32,1
2005-01-24T01:44:08, Misc. noise event 3,91,7
2005-01-24T01:45:44, Critical path event 13,57,6
2005-01-24T01:54:18, Critical path event 14,65,9
2005-01-24T02:02:12, Critical path event 15,67,10
2005-01-24T02:11:40, Critical path event 16,85,2
2005-01-24T02:16:14, Misc. noise event 4,10,3
2005-01-24T02:19:57, Critical path event 17,23,8
2005-01-24T02:34:08, Critical path event 18,12,7
2005-01-24T02:43:00, Critical path event 19,86,1
2005-01-24T02:52:32, Critical path event 19,75,5
2005-01-24T02:57:00, Critical path event 19,91,8
2005-01-24T03:06:04, Critical path event 19,26,1
2005-01-24T03:10:41, Misc. noise event 5,0,1

    ----------------some other thing --------------
    filesize :1024k
    alert-level : FATAL
    description: thing with pid 34345 died because 
        random java stacktrace 
        that is super noisy with numbers and datetimes 
Exception in thread "main" java.lang.NullPointerException
    at AnotherClassLoader.loadClass(test.java:58)
    at test.main(test.java:30)
    at Main.main(Main.java:68)
    -------------------------------------------- 
    2005-01-24T03:14:07, Critical path event 23,83,5
2005-01-24T03:25:45, Misc. noise event 6,64,1
2005-01-24T03:25:47, Critical path event 24,82,6
2005-01-24T03:33:10, Critical path event 25,15,9
2005-01-24T03:38:55, Misc. noise event 7,82,1
2005-01-24T03:40:02, Critical path event 26,52,8
2005-01-24T03:48:36, Critical path event 27,85,5
2005-01-24T03:56:30, Critical path event 28,3,2
2005-01-24T04:05:58, Critical path event 29,49,8
2005-01-24T04:12:42, Misc. noise event 8,43,7
2005-01-24T04:14:15, Critical path event 29,5,0
2005-01-24T04:28:26, Critical path event 29,34,6
2005-01-24T04:37:18, Critical path event 29,100,5
2005-01-24T04:46:50, Critical path event 33,7,5
2005-01-24T04:51:18, Critical path event 34,7,9
2005-01-24T05:00:22, Critical path event 35,9,1
2005-01-24T05:08:04, Misc. noise event 9,31,4
2005-01-24T05:08:25, Critical path event 36,64,0
2005-01-24T05:20:05, Critical path event 37,2,5
2005-01-24T05:27:28, Critical path event 38,89,9
2005-01-24T05:34:20, Critical path event 39,6,0
2005-01-24T05:38:35, Misc. noise event 10,95,0
2005-01-24T05:42:54, Critical path event 19,15,4
2005-01-24T05:50:48, Critical path event 19,16,9
2005-01-24T06:00:16, Critical path event 19,12,2
2005-01-24T06:08:33, Critical path event 19,58,5
2005-01-24T06:22:44, Critical path event 44,65,10
