--------------------------------------------------
datetime,message,random_int_1,random_int_2
--------------------------------------------------
2005-03-12T00:00, Critical path event 1,21,1
2005-03-12T00:06:26, Misc. noise event 0,37,2
2005-03-12T00:07:45, Critical path event 2,25,3
2005-03-12T00:12:56, Misc. noise event 1,33,0
2005-03-12T00:14:29, Critical path event 3,100,9
2005-03-12T00:21:50, Critical path event 4,93,8
2005-03-12T00:32:52, Critical path event 5,51,1
2005-03-12T00:39:25, Critical path event 6,30,4
2005-03-12T00:45:58, Critical path event 7,50,6
2005-03-12T00:49:31, Critical path event 8,16,7
2005-03-12T00:55:52, Critical path event 9,63,10
2005-03-12T01:02:38, Critical path event 9,40,9
2005-03-12T01:11:52, Critical path event 9,0,2
2005-03-12T01:18:08, Critical path event 9,44,4
2005-03-12T01:23:39, Critical path event 13,45,0
2005-03-12T01:28:43, Misc. noise event 2,97,3
2005-03-12T01:31:35, Critical path event 14,86,2
2005-03-12T01:39:20, Critical path event 15,62,1
2005-03-12T01:46:04, Critical path event 16,46,1
2005-03-12T01:51:16, Misc. noise event 3,44,3
2005-03-12T01:53:25, Critical path event 17,17,9
2005-03-12T02:04:27, Critical path event 18,35,6
2005-03-12T02:06:00, Misc. noise event 4,71,0
2005-03-12T02:11:00, Critical path event 19,36,4
2005-03-12T02:17:33, Critical path event 19,92,6
2005-03-12T02:21:06, Critical path event 19,58,1
2005-03-12T02:27:27, Critical path event 19,48,6
2005-03-12T02:34:13, Critical path event 23,74,8
2005-03-12T02:43:27, Critical path event 24,97,8
2005-03-12T02:49:43, Critical path event 25,16,6
2005-03-12T02:55:14, Critical path event 26,78,3
2005-03-12T03:03:10, Critical path event 27,5,6
2005-03-12T03:10:55, Critical path event 28,59,8
2005-03-12T03:12:40, Misc. noise event 5,93,8
2005-03-12T03:17:39, Critical path event 29,74,7
2005-03-12T03:25:00, Critical path event 29,14,10
2005-03-12T03:36:02, Critical path event 29,16,6
2005-03-12T03:42:35, Critical path event 29,57,7
2005-03-12T03:46:15, Misc. noise event 6,76,9
2005-03-12T03:49:08, Critical path event 33,39,10
2005-03-12T03:52:41, Critical path event 34,79,4
2005-03-12T03:59:02, Critical path event 35,29,4
2005-03-12T04:05:48, Critical path event 36,0,10
2005-03-12T04:15:02, Critical path event 37,22,8
2005-03-12T04:21:18, Critical path event 38,51,10
2005-03-12T04:26:49, Critical path event 39,47,0
2005-03-12T04:30:10, Misc. noise event 7,74,9
2005-03-12T04:34:45, Critical path event 19,36,4
2005-03-12T04:42:30, Critical path event 19,67,9
2005-03-12T04:49:01, Misc. noise event 8,26,10
2005-03-12T04:49:14, Critical path event 19,51,2
2005-03-12T04:51:48, Misc. noise event 9,100,6
2005-03-12T04:56:35, Critical path event 19,89,8
2005-03-12T05:03:44, Misc. noise event 10,10,10
2005-03-12T05:07:37, Critical path event 44,73,7
