--------------------------------------------------
datetime,message,random_int_1,random_int_2
--------------------------------------------------
2005-04-25T23:59:08, Misc. noise event 0,78,9
2005-04-26T00:00, Critical path event 1,14,1
2005-04-26T00:08:03, Misc. noise event 1,98,2
2005-04-26T00:09:07, Critical path event 2,19,9
2005-04-26T00:18:40, Critical path event 3,88,0
2005-04-26T00:24:58, Misc. noise event 2,85,3
2005-04-26T00:26:39, Critical path event 4,44,8
2005-04-26T00:40:22, Critical path event 5,84,0
2005-04-26T00:47:55, Critical path event 6,54,0
2005-04-26T00:53:00, Misc. noise event 3,46,0
2005-04-26T00:55:07, Critical path event 7,12,9
2005-04-26T01:00:40, Critical path event 8,22,3
2005-04-26T01:09:28, Critical path event 9,34,2
2005-04-26T01:13:12, Misc. noise event 4,96,5
2005-04-26T01:17:52, Critical path event 9,21,9
2005-04-26T01:29:41, Critical path event 9,53,5
2005-04-26T01:41:58, Critical path event 9,13,4
2005-04-26T01:48:35, Critical path event 13,74,8
2005-04-26T01:56:12, Critical path event 14,35,7
2005-04-26T02:05:19, Critical path event 15,78,8
2005-04-26T02:10:35, Misc. noise event 5,47,3
2005-04-26T02:14:52, Critical path event 16,77,3
2005-04-26T02:22:51, Critical path event 17,23,9
2005-04-26T02:36:34, Critical path event 18,69,0
2005-04-26T02:44:07, Critical path event 19,17,10
2005-04-26T02:51:19, Critical path event 19,25,7
2005-04-26T02:56:52, Critical path event 19,79,8
2005-04-26T03:02:09, Misc. noise event 6,77,7
2005-04-26T03:05:40, Critical path event 19,69,4
2005-04-26T03:14:04, Critical path event 23,35,6
2005-04-26T03:25:53, Critical path event 24,92,2
2005-04-26T03:33:31, Critical path event 25,46,2
2005-04-26T03:40:08, Critical path event 26,50,9
2005-04-26T03:47:45, Critical path event 27,61,10
2005-04-26T03:56:52, Critical path event 28,39,1
2005-04-26T04:20:37, Misc. noise event 7,82,6
2005-04-26T04:21:08, Critical path event 29,53,9
2005-04-26T04:26:10, Misc. noise event 8,87,3
2005-04-26T04:29:07, Critical path event 29,71,5
2005-04-26T04:42:50, Critical path event 29,38,4
2005-04-26T04:50:23, Critical path event 29,34,1
2005-04-26T04:57:35, Critical path event 33,99,10
2005-04-26T05:02:00, Misc. noise event 9,45,1
2005-04-26T05:03:08, Critical path event 34,65,9
2005-04-26T05:29:18, Critical path event 35,41,10
2005-04-26T05:37:42, Critical path event 36,18,7
2005-04-26T05:49:31, Critical path event 37,25,6
2005-04-26T05:57:09, Critical path event 38,3,3
2005-04-26T06:03:46, Critical path event 39,14,7
2005-04-26T06:11:23, Critical path event 19,96,4
2005-04-26T06:17:24, Misc. noise event 10,82,9
2005-04-26T06:20:30, Critical path event 19,4,1
2005-04-26T06:30:03, Critical path event 19,59,5
2005-04-26T06:38:02, Critical path event 19,91,2
2005-04-26T06:51:45, Critical path event 44,47,0
