--------------------------------------------------
datetime,message,random_int_1,random_int_2
--------------------------------------------------
2005-11-13T00:00, Critical path event 1,8,5
2005-11-13T00:07:44, Critical path event 2,34,3
2005-11-13T00:11:33, Misc. noise event 0,50,6
2005-11-13T00:14:07, Critical path event 3,93,4
2005-11-13T00:20:22, Critical path event 4,19,3
2005-11-13T00:31:32, Critical path event 5,28,3
2005-11-13T00:37:40, Critical path event 6,10,5
2005-11-13T00:42:59, Misc. noise event 1,41,8
2005-11-13T00:43:42, Critical path event 7,1,7
2005-11-13T00:47:25, Critical path event 8,89,0
2005-11-13T00:54:15, Critical path event 9,34,7
2005-11-13T01:00:30, Critical path event 9,99,0
2005-11-13T01:09:51, Critical path event 9,54,0
2005-11-13T01:16:48, Critical path event 9,48,2
2005-11-13T01:23:36, Critical path event 13,64,8
2005-11-13T01:29:59, Critical path event 14,86,8
2005-11-13T01:37:43, Critical path event 15,63,5
2005-11-13T01:44:06, Critical path event 16,17,1
2005-11-13T01:50:21, Critical path event 17,98,7
2005-11-13T01:59:03, Misc. noise event 2,69,0
2005-11-13T02:01:31, Critical path event 18,67,2
2005-11-13T02:07:39, Critical path event 19,9,1
2005-11-13T02:13:41, Critical path event 19,21,0
2005-11-13T02:15:55, Misc. noise event 3,16,4
2005-11-13T02:17:24, Critical path event 19,86,10
2005-11-13T02:24:14, Critical path event 19,39,7
2005-11-13T02:30:29, Critical path event 23,44,5
2005-11-13T02:39:50, Critical path event 24,62,7
2005-11-13T02:43:42, Misc. noise event 4,8,3
2005-11-13T02:46:47, Critical path event 25,80,7
2005-11-13T02:53:35, Critical path event 26,63,10
2005-11-13T02:55:05, Misc. noise event 5,78,3
2005-11-13T02:59:58, Critical path event 27,42,10
2005-11-13T03:07:42, Critical path event 28,48,9
2005-11-13T03:12:53, Misc. noise event 6,95,1
2005-11-13T03:14:05, Critical path event 29,9,7
2005-11-13T03:20:20, Critical path event 29,95,6
2005-11-13T03:31:30, Critical path event 29,84,0
2005-11-13T03:37:38, Critical path event 29,37,6
2005-11-13T03:43:40, Critical path event 33,89,8
2005-11-13T03:43:35, Misc. noise event 7,71,10
2005-11-13T03:47:23, Critical path event 34,8,8
2005-11-13T03:54:13, Critical path event 35,20,8
2005-11-13T03:58:37, Misc. noise event 8,29,3
2005-11-13T04:00:28, Critical path event 36,34,0
2005-11-13T04:09:49, Critical path event 37,87,10
2005-11-13T04:16:46, Critical path event 38,11,2
2005-11-13T04:23:34, Critical path event 39,37,7
2005-11-13T04:26:56, Misc. noise event 9,59,5
2005-11-13T04:29:57, Critical path event 19,96,10
2005-11-13T04:37:41, Critical path event 19,44,7
2005-11-13T04:44:04, Critical path event 19,76,2
2005-11-13T04:50:19, Critical path event 19,28,7
2005-11-13T04:58:15, Misc. noise event 10,81,3
2005-11-13T05:01:29, Critical path event 44,29,2
