--------------------------------------------------
datetime,message,random_int_1,random_int_2
--------------------------------------------------
2005-06-09T23:59:44, Misc. noise event 0,84,3
2005-06-10T00:00, Critical path event 1,75,8
2005-06-10T00:08:21, Critical path event 2,1,5
2005-06-10T00:17:09, Critical path event 3,89,5
2005-06-10T00:26:17, Critical path event 4,1,9
2005-06-10T00:40:29, Critical path event 5,74,7
2005-06-10T00:48:58, Critical path event 6,63,5
2005-06-10T00:57:51, Critical path event 7,22,1
2005-06-10T01:02:34, Critical path event 8,59,10
2005-06-10T01:10:52, Critical path event 9,21,2
2005-06-10T01:18:52, Critical path event 9,100,7
2005-06-10T01:29:46, Critical path event 9,71,2
2005-06-10T01:37:07, Critical path event 9,62,5
2005-06-10T01:44:49, Critical path event 13,4,7
2005-06-10T01:54:12, Critical path event 14,52,3
2005-06-10T02:02:33, Critical path event 15,25,3
2005-06-10T02:11:04, Misc. noise event 1,48,6
2005-06-10T02:11:21, Critical path event 16,96,2
2005-06-10T02:20:29, Critical path event 17,54,0
2005-06-10T02:34:41, Critical path event 18,5,10
2005-06-10T02:43:10, Critical path event 19,96,10
2005-06-10T02:52:03, Critical path event 19,22,4
2005-06-10T02:54:57, Misc. noise event 2,56,5
2005-06-10T02:56:46, Critical path event 19,94,5
2005-06-10T03:05:04, Critical path event 19,33,1
2005-06-10T03:13:04, Critical path event 23,57,7
2005-06-10T03:23:58, Critical path event 24,28,7
2005-06-10T03:26:37, Misc. noise event 3,14,5
2005-06-10T03:31:19, Critical path event 25,91,7
2005-06-10T03:38:46, Misc. noise event 4,81,0
2005-06-10T03:39:01, Critical path event 26,72,6
2005-06-10T03:48:24, Critical path event 27,84,0
2005-06-10T03:53:52, Misc. noise event 5,83,3
2005-06-10T03:56:45, Critical path event 28,43,9
2005-06-10T04:05:33, Critical path event 29,89,4
2005-06-10T04:14:41, Critical path event 29,52,5
2005-06-10T04:28:53, Critical path event 29,42,5
2005-06-10T04:37:22, Critical path event 29,22,7
2005-06-10T04:46:15, Critical path event 33,84,1
2005-06-10T04:50:58, Critical path event 34,66,9
2005-06-10T04:56:10, Misc. noise event 6,15,10
2005-06-10T04:59:16, Critical path event 35,83,7
2005-06-10T05:07:16, Critical path event 36,8,2
2005-06-10T05:18:10, Critical path event 37,50,8
2005-06-10T05:25:31, Critical path event 38,1,9
2005-06-10T05:31:55, Misc. noise event 7,38,7
2005-06-10T05:33:13, Critical path event 39,45,9
2005-06-10T05:42:36, Critical path event 19,0,6
2005-06-10T05:46:56, Misc. noise event 8,49,5
2005-06-10T05:50:57, Critical path event 19,73,9
2005-06-10T05:56:22, Misc. noise event 9,38,5
2005-06-10T05:59:45, Critical path event 19,56,2
2005-06-10T06:04:39, Misc. noise event 10,26,0
2005-06-10T06:08:53, Critical path event 19,38,3
2005-06-10T06:23:05, Critical path event 44,48,4
