--------------------------------------------------
datetime,message,random_int_1,random_int_2
--------------------------------------------------
2005-03-19T23:59:08, Misc. noise event 0,55,0
2005-03-20T00:00, Critical path event 1,34,8
2005-03-20T00:16:53, Critical path event 2,93,5
2005-03-20T00:20:55, Misc. noise event 1,23,6
2005-03-20T00:24:51, Critical path event 3,70,8
2005-03-20T00:32:31, Critical path event 4,93,7
2005-03-20T00:45:08, Critical path event 5,69,7
2005-03-20T00:51:25, Critical path event 6,14,8
2005-03-20T00:59:20, Critical path event 7,20,0
2005-03-20T01:02:27, Critical path event 8,57,6
2005-03-20T01:05:17, Misc. noise event 2,63,3
2005-03-20T01:10:10, Critical path event 9,46,10
2005-03-20T01:17:24, Critical path event 9,27,1
2005-03-20T01:24:57, Misc. noise event 3,77,2
2005-03-20T01:25:43, Critical path event 9,53,4
2005-03-20T01:29:26, Misc. noise event 4,10,5
2005-03-20T01:32:36, Critical path event 9,18,3
2005-03-20T01:37:39, Critical path event 13,30,4
2005-03-20T01:45:35, Critical path event 14,48,10
2005-03-20T01:55:05, Critical path event 15,69,7
2005-03-20T02:03:03, Critical path event 16,17,5
2005-03-20T02:10:43, Critical path event 17,28,2
2005-03-20T02:23:20, Critical path event 18,26,6
2005-03-20T02:29:37, Critical path event 19,97,0
2005-03-20T02:37:32, Critical path event 19,99,9
2005-03-20T02:40:03, Misc. noise event 5,59,5
2005-03-20T02:40:39, Critical path event 19,86,2
2005-03-20T02:48:22, Critical path event 19,70,9
2005-03-20T02:54:54, Critical path event 23,57,2
2005-03-20T03:03:13, Critical path event 24,78,8
2005-03-20T03:10:06, Critical path event 25,92,7
2005-03-20T03:13:50, Misc. noise event 6,13,9
2005-03-20T03:15:09, Critical path event 26,2,4
2005-03-20T03:23:05, Critical path event 27,79,6
2005-03-20T03:30:06, Critical path event 28,44,2
2005-03-20T03:38:04, Critical path event 29,100,6
2005-03-20T03:45:44, Critical path event 29,15,4
2005-03-20T03:58:21, Critical path event 29,22,2
2005-03-20T04:04:38, Critical path event 29,47,4
2005-03-20T04:08:28, Misc. noise event 7,99,6
2005-03-20T04:12:33, Critical path event 33,30,7
2005-03-20T04:15:40, Critical path event 34,89,1
2005-03-20T04:33:22, Critical path event 35,46,10
2005-03-20T04:39:54, Critical path event 36,67,6
2005-03-20T04:44:42, Misc. noise event 8,1,7
2005-03-20T04:48:13, Critical path event 37,71,8
2005-03-20T04:55:06, Critical path event 38,11,6
2005-03-20T05:08:05, Critical path event 39,7,10
2005-03-20T05:18:36, Critical path event 19,12,0
2005-03-20T05:23:09, Misc. noise event 9,91,3
2005-03-20T05:25:37, Critical path event 19,52,0
2005-03-20T05:33:35, Critical path event 19,75,7
2005-03-20T05:41:15, Critical path event 19,50,9
2005-03-20T05:49:33, Misc. noise event 10,78,5
2005-03-20T05:53:52, Critical path event 44,9,10
