--------------------------------------------------
datetime,message,random_int_1,random_int_2
--------------------------------------------------
2005-10-30T23:57:43, Misc. noise event 0,40,4
2005-10-31T00:00, Critical path event 1,28,4
2005-10-31T00:07:20, Critical path event 2,72,3
2005-10-31T00:16:29, Critical path event 3,33,0
2005-10-31T00:24:00, Critical path event 4,31,8
2005-10-31T00:37:56, Critical path event 5,91,7
2005-10-31T00:45:48, Critical path event 6,17,3
2005-10-31T00:55:04, Misc. noise event 1,15,7
2005-10-31T00:55:13, Critical path event 7,30,1
2005-10-31T00:59:53, Critical path event 8,14,3
2005-10-31T01:08:51, Critical path event 9,99,0
2005-10-31T01:16:05, Critical path event 9,98,3
2005-10-31T01:26:00, Critical path event 9,7,0
2005-10-31T01:34:04, Critical path event 9,97,0
2005-10-31T01:38:20, Misc. noise event 2,17,0
2005-10-31T01:40:57, Critical path event 13,16,1
2005-10-31T01:50:26, Critical path event 14,29,0
2005-10-31T01:54:59, Misc. noise event 3,26,6
2005-10-31T01:57:46, Critical path event 15,57,3
2005-10-31T02:06:55, Critical path event 16,15,5
2005-10-31T02:11:26, Misc. noise event 4,41,2
2005-10-31T02:14:26, Critical path event 17,11,5
2005-10-31T02:28:22, Critical path event 18,18,10
2005-10-31T02:33:05, Misc. noise event 5,77,10
2005-10-31T02:36:14, Critical path event 19,57,2
2005-10-31T02:45:39, Critical path event 19,48,10
2005-10-31T02:50:19, Critical path event 19,90,2
2005-10-31T02:59:17, Critical path event 19,2,10

    ----------------some other thing --------------
    filesize :1024k
    alert-level : FATAL
    description: thing with pid 34345 died because 
        random java stacktrace 
        that is super noisy with numbers and datetimes 
Exception in thread "main" java.lang.NullPointerException
    at AnotherClassLoader.loadClass(test.java:58)
    at test.main(test.java:30)
    at Main.main(Main.java:68)
    -------------------------------------------- 
    2005-10-31T03:06:31, Critical path event 23,36,8
2005-10-31T03:16:26, Critical path event 24,12,2
2005-10-31T03:24:30, Critical path event 25,11,7
2005-10-31T03:30:31, Misc. noise event 6,5,3
2005-10-31T03:31:23, Critical path event 26,37,5
2005-10-31T03:40:52, Critical path event 27,64,0
2005-10-31T03:48:12, Critical path event 28,40,9
2005-10-31T03:57:21, Critical path event 29,70,10
2005-10-31T04:04:52, Critical path event 29,36,7
2005-10-31T04:18:48, Critical path event 29,76,8
2005-10-31T04:21:54, Misc. noise event 7,2,2
2005-10-31T04:26:40, Critical path event 29,74,4
2005-10-31T04:36:05, Critical path event 33,91,9
2005-10-31T04:40:45, Critical path event 34,59,7
2005-10-31T04:49:43, Critical path event 35,36,1
2005-10-31T04:56:57, Critical path event 36,80,5
2005-10-31T05:06:52, Critical path event 37,41,5
2005-10-31T05:14:56, Critical path event 38,27,6
2005-10-31T05:19:51, Misc. noise event 8,51,8
2005-10-31T05:21:49, Critical path event 39,31,0
2005-10-31T05:30:05, Misc. noise event 9,84,5
2005-10-31T05:31:18, Critical path event 19,97,2
2005-10-31T05:38:38, Critical path event 19,89,8
2005-10-31T05:47:47, Critical path event 19,29,4
2005-10-31T05:55:18, Critical path event 19,64,10
2005-10-31T06:06:08, Misc. noise event 10,48,1
2005-10-31T06:09:14, Critical path event 44,55,3
