--------------------------------------------------
datetime,message,random_int_1,random_int_2
--------------------------------------------------
2005-02-19T23:58:46, Misc. noise event 0,95,9
2005-02-20T00:00, Critical path event 1,67,3
2005-02-20T00:07:29, Critical path event 2,43,6
2005-02-20T00:14:28, Critical path event 3,10,5
2005-02-20T00:20:28, Critical path event 4,47,6
2005-02-20T00:32:57, Critical path event 5,72,6
2005-02-20T00:40:38, Critical path event 6,56,1
2005-02-20T00:47:15, Misc. noise event 1,71,10
2005-02-20T00:48:07, Critical path event 7,70,4
2005-02-20T00:52:39, Critical path event 8,12,6
2005-02-20T00:58:39, Critical path event 9,35,8
2005-02-20T01:06:04, Critical path event 9,88,4
2005-02-20T01:12:10, Misc. noise event 2,93,3
2005-02-20T01:14:51, Critical path event 9,60,0
2005-02-20T01:20:59, Critical path event 9,82,1
2005-02-20T01:26:25, Critical path event 13,87,10
2005-02-20T01:32:56, Critical path event 14,79,1
2005-02-20T01:40:25, Critical path event 15,97,1
2005-02-20T01:43:56, Misc. noise event 3,72,7
2005-02-20T01:47:24, Critical path event 16,57,5
2005-02-20T01:53:24, Critical path event 17,26,7
2005-02-20T02:01:34, Misc. noise event 4,22,6
2005-02-20T02:05:53, Critical path event 18,0,2
2005-02-20T02:13:34, Critical path event 19,6,5
2005-02-20T02:21:03, Critical path event 19,85,10
2005-02-20T02:25:35, Critical path event 19,21,8
2005-02-20T02:31:35, Critical path event 19,9,4
2005-02-20T02:39:00, Critical path event 23,56,7
2005-02-20T02:43:39, Misc. noise event 5,54,8
2005-02-20T02:47:47, Critical path event 24,77,0
2005-02-20T02:53:55, Critical path event 25,96,5
2005-02-20T02:58:33, Misc. noise event 6,65,7
2005-02-20T02:59:21, Critical path event 26,77,6
2005-02-20T03:03:22, Misc. noise event 7,42,8
2005-02-20T03:05:52, Critical path event 27,54,5
2005-02-20T03:13:21, Critical path event 28,38,2
2005-02-20T03:20:20, Critical path event 29,73,1
2005-02-20T03:26:20, Critical path event 29,81,4
2005-02-20T03:38:49, Critical path event 29,28,2
2005-02-20T03:46:30, Critical path event 29,18,4
2005-02-20T03:50:38, Misc. noise event 8,3,0
2005-02-20T03:53:59, Critical path event 33,62,2
2005-02-20T03:58:31, Critical path event 34,48,3
2005-02-20T04:04:31, Critical path event 35,14,1
2005-02-20T04:11:56, Critical path event 36,20,10
2005-02-20T04:20:43, Critical path event 37,29,1
2005-02-20T04:26:51, Critical path event 38,92,8
2005-02-20T04:32:17, Critical path event 39,19,9
2005-02-20T04:38:48, Critical path event 19,9,3
2005-02-20T04:46:17, Critical path event 19,86,4
2005-02-20T04:53:16, Critical path event 19,56,2
2005-02-20T04:54:17, Misc. noise event 9,100,1
2005-02-20T04:59:16, Critical path event 19,79,7
2005-02-20T05:10:04, Misc. noise event 10,87,0
2005-02-20T05:11:45, Critical path event 44,97,6
