--------------------------------------------------
datetime,message,random_int_1,random_int_2
--------------------------------------------------
2005-06-13T00:00, Critical path event 1,50,0
2005-06-13T00:04:55, Misc. noise event 0,27,4
2005-06-13T00:08:52, Critical path event 2,21,1
2005-06-13T00:14:17, Misc. noise event 1,9,1
2005-06-13T00:18:21, Critical path event 3,20,1
2005-06-13T00:27:52, Critical path event 4,78,3
2005-06-13T00:43:24, Critical path event 5,88,7
2005-06-13T00:49:21, Misc. noise event 2,19,4
2005-06-13T00:51:24, Critical path event 6,30,9
2005-06-13T00:59:15, Critical path event 7,32,10
2005-06-13T01:03:54, Critical path event 8,52,3
2005-06-13T01:12:38, Critical path event 9,53,2
2005-06-13T01:20:03, Critical path event 9,95,3
2005-06-13T01:31:43, Critical path event 9,60,7
2005-06-13T01:46:19, Critical path event 9,5,7
2005-06-13T01:54:07, Critical path event 13,25,6
2005-06-13T02:00:05, Misc. noise event 3,38,4
2005-06-13T02:01:36, Critical path event 14,26,9
2005-06-13T02:10:28, Critical path event 15,84,5
2005-06-13T02:19:57, Critical path event 16,25,4
2005-06-13T02:29:28, Critical path event 17,30,3
2005-06-13T02:44:43, Misc. noise event 4,48,0
2005-06-13T02:45:00, Critical path event 18,22,6
2005-06-13T03:02:33, Misc. noise event 5,42,6
2005-06-13T03:05:18, Critical path event 19,22,7
2005-06-13T03:13:09, Critical path event 19,70,2
2005-06-13T03:17:48, Critical path event 19,18,2
2005-06-13T03:38:32, Critical path event 19,52,5

    ----------------some other thing --------------
    filesize :1024k
    alert-level : FATAL
    description: thing with pid 34345 died because 
        random java stacktrace 
        that is super noisy with numbers and datetimes 
Exception in thread "main" java.lang.NullPointerException
    at AnotherClassLoader.loadClass(test.java:58)
    at test.main(test.java:30)
    at Main.main(Main.java:68)
    -------------------------------------------- 
    2005-06-13T03:45:57, Critical path event 23,82,4
2005-06-13T03:57:37, Critical path event 24,41,8
2005-06-13T04:04:04, Critical path event 25,55,0
2005-06-13T04:11:52, Critical path event 26,16,9
2005-06-13T04:19:21, Critical path event 27,76,1
2005-06-13T04:28:13, Critical path event 28,90,9
2005-06-13T04:35:31, Misc. noise event 6,95,9
2005-06-13T04:37:42, Critical path event 29,8,10
2005-06-13T04:47:13, Critical path event 29,21,5
2005-06-13T05:15:22, Misc. noise event 7,25,10
2005-06-13T05:20:17, Critical path event 29,41,4
2005-06-13T05:28:17, Critical path event 29,88,9
2005-06-13T05:36:08, Critical path event 33,41,0
2005-06-13T05:40:47, Critical path event 34,3,4
2005-06-13T05:49:31, Critical path event 35,14,5
2005-06-13T05:56:56, Critical path event 36,96,4
2005-06-13T06:12:28, Critical path event 37,32,3
2005-06-13T06:18:55, Critical path event 38,56,0
2005-06-13T06:26:43, Critical path event 39,21,5
2005-06-13T06:42:43, Critical path event 19,85,4
2005-06-13T06:47:56, Misc. noise event 8,38,10
2005-06-13T06:51:35, Critical path event 19,97,5
2005-06-13T07:01:04, Critical path event 19,91,6
2005-06-13T07:07:50, Misc. noise event 9,35,5
2005-06-13T07:10:35, Critical path event 19,95,9
2005-06-13T07:23:09, Misc. noise event 10,0,9
2005-06-13T07:26:07, Critical path event 44,60,7
