--------------------------------------------------
datetime,message,random_int_1,random_int_2
--------------------------------------------------
2005-11-09T23:57:40, Misc. noise event 0,30,10
2005-11-10T00:00, Critical path event 1,15,6
2005-11-10T00:08:42, Critical path event 2,37,2
2005-11-10T00:16:31, Critical path event 3,74,10
2005-11-10T00:25:18, Critical path event 4,56,10
2005-11-10T00:39:11, Critical path event 5,35,3
2005-11-10T00:46:55, Critical path event 6,1,9
2005-11-10T00:50:52, Misc. noise event 1,64,10
2005-11-10T00:54:36, Critical path event 7,78,9
2005-11-10T01:00:30, Critical path event 8,69,5
2005-11-10T01:08:38, Critical path event 9,23,5
2005-11-10T01:18:03, Critical path event 9,5,9
2005-11-10T01:27:52, Critical path event 9,22,7
2005-11-10T01:35:30, Critical path event 9,63,3
2005-11-10T01:42:14, Misc. noise event 2,0,10
2005-11-10T01:43:41, Critical path event 13,91,10
2005-11-10T01:50:50, Misc. noise event 3,43,8
2005-11-10T01:53:01, Critical path event 14,22,2
2005-11-10T02:01:43, Critical path event 15,89,3
2005-11-10T02:09:32, Critical path event 16,69,4
2005-11-10T02:15:02, Misc. noise event 4,29,9
2005-11-10T02:18:19, Critical path event 17,40,4
2005-11-10T02:31:46, Misc. noise event 5,59,5
2005-11-10T02:32:12, Critical path event 18,75,8
2005-11-10T02:39:56, Critical path event 19,88,8
2005-11-10T02:45:25, Misc. noise event 6,35,5
2005-11-10T02:47:37, Critical path event 19,54,1
2005-11-10T02:53:31, Critical path event 19,19,6
2005-11-10T03:01:39, Critical path event 19,3,8
2005-11-10T03:11:04, Critical path event 23,40,4
2005-11-10T03:20:53, Critical path event 24,5,8
2005-11-10T03:25:19, Misc. noise event 7,66,1
2005-11-10T03:28:31, Critical path event 25,70,4
2005-11-10T03:36:42, Critical path event 26,64,0
2005-11-10T03:46:02, Critical path event 27,82,1
2005-11-10T03:54:44, Critical path event 28,48,10
2005-11-10T04:00:27, Misc. noise event 8,100,10
2005-11-10T04:02:33, Critical path event 29,83,4
2005-11-10T04:11:20, Critical path event 29,18,9
2005-11-10T04:25:13, Critical path event 29,62,9
2005-11-10T04:32:57, Critical path event 29,1,2
2005-11-10T04:40:38, Critical path event 33,78,0
2005-11-10T04:46:32, Critical path event 34,26,6
2005-11-10T04:54:40, Critical path event 35,73,9
2005-11-10T05:03:57, Misc. noise event 9,28,9
2005-11-10T05:04:05, Critical path event 36,88,5
2005-11-10T05:13:54, Critical path event 37,67,9
2005-11-10T05:21:32, Critical path event 38,16,5
2005-11-10T05:24:59, Misc. noise event 10,79,8
2005-11-10T05:29:43, Critical path event 39,91,2
2005-11-10T05:39:03, Critical path event 19,82,10
2005-11-10T05:47:45, Critical path event 19,61,10
2005-11-10T05:55:34, Critical path event 19,47,9
2005-11-10T06:04:21, Critical path event 19,95,6
2005-11-10T06:18:14, Critical path event 44,85,7
