--------------------------------------------------
datetime,message,random_int_1,random_int_2
--------------------------------------------------
2005-01-17T00:00, Critical path event 1,46,6
2005-01-17T00:09:25, Critical path event 2,48,8
2005-01-17T00:27:34, Critical path event 3,44,9
2005-01-17T00:36:52, Critical path event 4,69,5
2005-01-17T00:50:11, Critical path event 5,23,8
2005-01-17T00:53:03, Misc. noise event 0,1,5
2005-01-17T00:57:45, Critical path event 6,47,7
2005-01-17T01:16:43, Misc. noise event 1,14,4
2005-01-17T01:18:33, Critical path event 7,38,4
2005-01-17T01:24:22, Critical path event 8,80,2
2005-01-17T01:30:50, Misc. noise event 2,61,9
2005-01-17T01:31:39, Critical path event 9,81,1
2005-01-17T01:51:03, Critical path event 9,0,4
2005-01-17T02:02:48, Critical path event 9,20,8
2005-01-17T02:11:08, Critical path event 9,98,5
2005-01-17T02:19:59, Critical path event 13,71,10
2005-01-17T02:27:54, Critical path event 14,51,2
2005-01-17T02:37:19, Critical path event 15,15,7
2005-01-17T02:44:53, Critical path event 16,95,0
2005-01-17T02:53:25, Critical path event 17,13,0
2005-01-17T03:21:45, Critical path event 18,9,0
2005-01-17T03:28:18, Misc. noise event 3,71,1
2005-01-17T03:29:19, Critical path event 19,73,3
2005-01-17T03:48:38, Critical path event 19,62,5
2005-01-17T03:54:31, Critical path event 19,40,7
2005-01-17T04:00:43, Misc. noise event 4,77,3
2005-01-17T04:01:50, Critical path event 19,27,9
2005-01-17T04:10:07, Critical path event 23,58,4

    ----------------some other thing --------------
    filesize :1024k
    alert-level : FATAL
    description: thing with pid 34345 died because 
        random java stacktrace 
        that is super noisy with numbers and datetimes 
Exception in thread "main" java.lang.NullPointerException
    at AnotherClassLoader.loadClass(test.java:58)
    at test.main(test.java:30)
    at Main.main(Main.java:68)
    -------------------------------------------- 
    2005-01-17T04:20:49, Misc. noise event 5,42,1
2005-01-17T04:21:52, Critical path event 24,100,6
2005-01-17T04:26:37, Misc. noise event 6,68,2
2005-01-17T04:30:12, Critical path event 25,82,10
2005-01-17T04:36:51, Critical path event 26,69,6
2005-01-17T04:44:46, Critical path event 27,64,8
2005-01-17T04:53:23, Misc. noise event 7,85,6
2005-01-17T04:54:11, Critical path event 28,5,8
2005-01-17T05:01:45, Critical path event 29,46,3
2005-01-17T05:09:39, Critical path event 29,11,8
2005-01-17T05:22:58, Critical path event 29,97,10
2005-01-17T05:30:32, Critical path event 29,63,5
2005-01-17T05:58:21, Critical path event 33,52,7
2005-01-17T06:04:10, Critical path event 34,27,10
2005-01-17T06:11:27, Critical path event 35,100,2
2005-01-17T06:17:08, Misc. noise event 8,6,10
2005-01-17T06:19:50, Critical path event 36,85,9
2005-01-17T06:31:35, Critical path event 37,32,4
2005-01-17T06:39:55, Critical path event 38,55,1
2005-01-17T06:44:59, Misc. noise event 9,1,7
2005-01-17T06:46:34, Critical path event 39,96,4
2005-01-17T06:54:29, Critical path event 19,55,10
2005-01-17T07:03:54, Critical path event 19,59,0
2005-01-17T07:11:28, Critical path event 19,1,1
2005-01-17T07:17:44, Misc. noise event 10,34,3
2005-01-17T07:19:22, Critical path event 19,39,5
2005-01-17T07:32:41, Critical path event 44,32,0
