--------------------------------------------------
datetime,message,random_int_1,random_int_2
--------------------------------------------------
2005-03-07T00:00, Critical path event 1,83,9
2005-03-07T00:08:37, Critical path event 2,66,0
2005-03-07T00:14:17, Misc. noise event 0,45,9
2005-03-07T00:15:52, Critical path event 3,16,1
2005-03-07T00:23:48, Critical path event 4,57,0
2005-03-07T00:35:32, Misc. noise event 1,54,6
2005-03-07T00:39:06, Critical path event 5,45,5
2005-03-07T00:46:32, Critical path event 6,77,4
2005-03-07T00:56:05, Critical path event 7,61,10
2005-03-07T01:01:14, Critical path event 8,25,5
2005-03-07T01:10:20, Critical path event 9,50,8
2005-03-07T01:18:40, Critical path event 9,40,6
2005-03-07T01:30:20, Critical path event 9,54,8
2005-03-07T01:37:05, Critical path event 9,27,4
2005-03-07T01:40:09, Misc. noise event 2,53,3
2005-03-07T01:44:59, Critical path event 13,83,8
2005-03-07T01:48:20, Misc. noise event 3,39,7
2005-03-07T01:52:48, Critical path event 14,95,4
2005-03-07T02:01:25, Critical path event 15,43,0
2005-03-07T02:08:40, Critical path event 16,23,9
2005-03-07T02:16:36, Critical path event 17,85,9
2005-03-07T02:29:25, Misc. noise event 4,87,0
2005-03-07T02:31:54, Critical path event 18,9,9
2005-03-07T02:39:20, Critical path event 19,73,7
2005-03-07T02:48:53, Critical path event 19,14,4
2005-03-07T02:54:02, Critical path event 19,76,10
2005-03-07T02:59:26, Misc. noise event 5,77,4
2005-03-07T03:03:08, Critical path event 19,76,5

    ----------------some other thing --------------
    filesize :1024k
    alert-level : FATAL
    description: thing with pid 34345 died because 
        random java stacktrace 
        that is super noisy with numbers and datetimes 
Exception in thread "main" java.lang.NullPointerException
    at AnotherClassLoader.loadClass(test.java:58)
    at test.main(test.java:30)
    at Main.main(Main.java:68)
    -------------------------------------------- 
    2005-03-07T03:09:43, Misc. noise event 6,2,10
2005-03-07T03:11:28, Critical path event 23,46,1
2005-03-07T03:23:08, Critical path event 24,16,3
2005-03-07T03:29:53, Critical path event 25,51,1
2005-03-07T03:33:08, Misc. noise event 7,94,1
2005-03-07T03:37:47, Critical path event 26,18,6
2005-03-07T03:45:36, Critical path event 27,62,9
2005-03-07T03:54:13, Critical path event 28,83,10
2005-03-07T03:59:05, Misc. noise event 8,96,5
2005-03-07T04:01:28, Critical path event 29,100,7
2005-03-07T04:09:24, Critical path event 29,30,2
2005-03-07T04:24:42, Critical path event 29,57,1
2005-03-07T04:32:08, Critical path event 29,35,5
2005-03-07T04:41:41, Critical path event 33,24,9
2005-03-07T04:46:50, Critical path event 34,74,8
2005-03-07T04:55:56, Critical path event 35,76,9
2005-03-07T05:04:16, Critical path event 36,58,4
2005-03-07T05:15:56, Critical path event 37,11,2
2005-03-07T05:19:24, Misc. noise event 9,31,10
2005-03-07T05:22:41, Critical path event 38,38,10
2005-03-07T05:30:35, Critical path event 39,4,8
2005-03-07T05:38:24, Critical path event 19,34,7
2005-03-07T05:46:47, Misc. noise event 10,13,8
2005-03-07T05:47:01, Critical path event 19,48,6
2005-03-07T05:54:16, Critical path event 19,67,4
2005-03-07T06:02:12, Critical path event 19,20,8
2005-03-07T06:17:30, Critical path event 44,50,2
