--------------------------------------------------
datetime,message,random_int_1,random_int_2
--------------------------------------------------
2005-02-22T23:56:44, Misc. noise event 0,85,6
2005-02-23T00:00, Critical path event 1,75,0
2005-02-23T00:07:53, Critical path event 2,53,0
2005-02-23T00:16:15, Critical path event 3,70,3
2005-02-23T00:25:43, Critical path event 4,40,7
2005-02-23T00:40:15, Critical path event 5,99,9
2005-02-23T00:48:08, Misc. noise event 1,73,2
2005-02-23T00:48:34, Critical path event 6,86,3
2005-02-23T00:57:09, Critical path event 7,28,6
2005-02-23T01:02:00, Critical path event 8,40,10
2005-02-23T01:11:07, Critical path event 9,1,0
2005-02-23T01:18:17, Misc. noise event 2,16,9
2005-02-23T01:18:21, Critical path event 9,69,9
2005-02-23T01:28:54, Critical path event 9,63,0
2005-02-23T01:36:53, Critical path event 9,53,0
2005-02-23T01:44:41, Critical path event 13,11,6
2005-02-23T01:52:53, Critical path event 14,69,8
2005-02-23T02:00:46, Critical path event 15,65,1
2005-02-23T02:09:08, Critical path event 16,40,4
2005-02-23T02:18:36, Critical path event 17,50,1
2005-02-23T02:33:08, Critical path event 18,100,10
2005-02-23T02:41:27, Critical path event 19,36,9
2005-02-23T02:46:57, Misc. noise event 3,8,6
2005-02-23T02:50:02, Critical path event 19,63,7
2005-02-23T02:54:53, Critical path event 19,25,2
2005-02-23T03:04:00, Critical path event 19,7,2
2005-02-23T03:10:31, Misc. noise event 4,57,5
2005-02-23T03:11:14, Critical path event 23,21,9
2005-02-23T03:21:47, Critical path event 24,69,10
2005-02-23T03:29:46, Critical path event 25,54,1
2005-02-23T03:37:34, Critical path event 26,86,9
2005-02-23T03:45:29, Misc. noise event 5,27,6
2005-02-23T03:45:46, Critical path event 27,92,1
2005-02-23T03:53:39, Critical path event 28,86,6
2005-02-23T03:59:17, Misc. noise event 6,85,1
2005-02-23T04:02:01, Critical path event 29,38,2
2005-02-23T04:11:29, Critical path event 29,73,6
2005-02-23T04:26:01, Critical path event 29,42,8
2005-02-23T04:34:20, Critical path event 29,40,2
2005-02-23T04:42:55, Critical path event 33,52,5
2005-02-23T04:47:46, Critical path event 34,59,5
2005-02-23T04:56:53, Critical path event 35,9,7
2005-02-23T05:02:25, Misc. noise event 7,12,7
2005-02-23T05:04:07, Critical path event 36,49,7
2005-02-23T05:10:07, Misc. noise event 8,14,5
2005-02-23T05:14:40, Critical path event 37,34,10
2005-02-23T05:21:54, Misc. noise event 9,70,7
2005-02-23T05:22:39, Critical path event 38,33,2
2005-02-23T05:30:27, Critical path event 39,4,0
2005-02-23T05:38:39, Critical path event 19,82,4
2005-02-23T05:46:32, Critical path event 19,15,10
2005-02-23T05:54:54, Critical path event 19,54,0
2005-02-23T06:00:42, Misc. noise event 10,86,10
2005-02-23T06:04:22, Critical path event 19,90,4
2005-02-23T06:18:54, Critical path event 44,72,1
