--------------------------------------------------
datetime,message,random_int_1,random_int_2
--------------------------------------------------
2005-01-22T23:59:35, Misc. noise event 0,32,1
2005-01-23T00:00, Critical path event 1,56,4
2005-01-23T00:06:01, Critical path event 2,100,8
2005-01-23T00:13:48, Critical path event 3,46,1
2005-01-23T00:19:48, Critical path event 4,98,5
2005-01-23T00:30:52, Critical path event 5,86,8
2005-01-23T00:37:30, Critical path event 6,6,4
2005-01-23T00:44:44, Critical path event 7,37,2
2005-01-23T00:48:56, Critical path event 8,54,1
2005-01-23T00:52:37, Misc. noise event 1,45,9
2005-01-23T00:55:19, Critical path event 9,51,9
2005-01-23T00:59:23, Misc. noise event 2,38,5
2005-01-23T01:01:50, Critical path event 9,49,3
2005-01-23T01:08:31, Misc. noise event 3,22,9
2005-01-23T01:11:01, Critical path event 9,19,0
2005-01-23T01:16:06, Critical path event 9,31,0
2005-01-23T01:19:37, Misc. noise event 4,96,5
2005-01-23T01:21:38, Critical path event 13,14,2
2005-01-23T01:28:52, Critical path event 14,70,8
2005-01-23T01:34:53, Critical path event 15,73,0
2005-01-23T01:42:40, Critical path event 16,41,6
2005-01-23T01:44:49, Misc. noise event 5,28,2
2005-01-23T01:48:40, Critical path event 17,13,6
2005-01-23T01:59:44, Critical path event 18,37,4
2005-01-23T02:06:22, Critical path event 19,1,10
2005-01-23T02:13:36, Critical path event 19,36,10
2005-01-23T02:17:48, Critical path event 19,45,1
2005-01-23T02:24:11, Critical path event 19,9,8
2005-01-23T02:30:42, Critical path event 23,72,7
2005-01-23T02:39:53, Critical path event 24,52,9
2005-01-23T02:44:58, Critical path event 25,94,8
2005-01-23T02:50:30, Critical path event 26,4,3
2005-01-23T02:57:44, Critical path event 27,66,9
2005-01-23T03:03:45, Critical path event 28,38,7
2005-01-23T03:11:32, Critical path event 29,98,3
2005-01-23T03:17:32, Critical path event 29,10,5
2005-01-23T03:23:52, Misc. noise event 6,54,7
2005-01-23T03:28:36, Critical path event 29,18,6
2005-01-23T03:35:14, Critical path event 29,60,5
2005-01-23T03:42:28, Critical path event 33,14,2
2005-01-23T03:46:40, Critical path event 34,20,5
2005-01-23T03:53:03, Critical path event 35,98,10
2005-01-23T03:54:59, Misc. noise event 7,12,4
2005-01-23T03:59:34, Critical path event 36,21,3
2005-01-23T04:07:39, Misc. noise event 8,25,5
2005-01-23T04:08:45, Critical path event 37,17,3
2005-01-23T04:13:50, Critical path event 38,70,8
2005-01-23T04:18:09, Misc. noise event 9,76,7
2005-01-23T04:19:22, Critical path event 39,64,9
2005-01-23T04:26:36, Critical path event 19,74,7
2005-01-23T04:28:23, Misc. noise event 10,77,5
2005-01-23T04:32:37, Critical path event 19,17,4
2005-01-23T04:40:24, Critical path event 19,48,6
2005-01-23T04:46:24, Critical path event 19,87,0
2005-01-23T04:57:28, Critical path event 44,76,5
