--------------------------------------------------
datetime,message,random_int_1,random_int_2
--------------------------------------------------
2005-06-27T00:00, Critical path event 1,63,9
2005-06-27T00:08:05, Critical path event 2,5,6
2005-06-27T00:17:39, Critical path event 3,42,9
2005-06-27T00:25:31, Critical path event 4,67,1
2005-06-27T00:41:04, Critical path event 5,63,1
2005-06-27T00:45:05, Misc. noise event 0,4,4
2005-06-27T00:48:30, Critical path event 6,73,6
2005-06-27T00:52:59, Misc. noise event 1,25,5
2005-06-27T00:56:52, Critical path event 7,29,6
2005-06-27T01:01:10, Critical path event 8,35,10
2005-06-27T01:21:02, Critical path event 9,76,2
2005-06-27T01:30:15, Critical path event 9,51,7
2005-06-27T01:41:01, Critical path event 9,34,10
2005-06-27T01:47:53, Critical path event 9,73,10
2005-06-27T02:07:53, Critical path event 13,19,1
2005-06-27T02:17:18, Critical path event 14,84,2
2005-06-27T02:25:23, Critical path event 15,36,4
2005-06-27T02:39:35, Critical path event 16,79,1
2005-06-27T02:47:27, Critical path event 17,91,0
2005-06-27T03:03:00, Critical path event 18,90,0
2005-06-27T03:10:26, Critical path event 19,29,4
2005-06-27T03:18:48, Critical path event 19,5,5
2005-06-27T03:19:58, Misc. noise event 2,64,7
2005-06-27T03:23:06, Critical path event 19,99,4
2005-06-27T03:31:06, Misc. noise event 3,12,2
2005-06-27T03:32:34, Critical path event 19,65,8
2005-06-27T03:37:07, Misc. noise event 4,6,9
2005-06-27T03:41:47, Critical path event 23,21,2

    ----------------some other thing --------------
    filesize :1024k
    alert-level : FATAL
    description: thing with pid 34345 died because 
        random java stacktrace 
        that is super noisy with numbers and datetimes 
Exception in thread "main" java.lang.NullPointerException
    at AnotherClassLoader.loadClass(test.java:58)
    at test.main(test.java:30)
    at Main.main(Main.java:68)
    -------------------------------------------- 
    2005-06-27T04:08:06, Critical path event 24,40,5
2005-06-27T04:14:58, Critical path event 25,88,0
2005-06-27T04:22:22, Critical path event 26,59,6
2005-06-27T04:31:47, Critical path event 27,54,8
2005-06-27T04:36:40, Misc. noise event 5,17,1
2005-06-27T04:39:52, Critical path event 28,25,3
2005-06-27T04:48:07, Misc. noise event 6,57,6
2005-06-27T04:49:26, Critical path event 29,14,9
2005-06-27T04:57:18, Critical path event 29,17,10
2005-06-27T05:11:25, Misc. noise event 7,49,4
2005-06-27T05:12:51, Critical path event 29,30,5
2005-06-27T05:30:33, Critical path event 29,46,2
2005-06-27T05:38:55, Critical path event 33,83,2
2005-06-27T05:43:03, Misc. noise event 8,2,0
2005-06-27T05:43:13, Critical path event 34,1,1
2005-06-27T05:53:30, Critical path event 35,73,5
2005-06-27T06:17:44, Critical path event 36,33,1
2005-06-27T06:27:34, Misc. noise event 9,99,8
2005-06-27T06:28:30, Critical path event 37,73,1
2005-06-27T06:35:22, Critical path event 38,84,1
2005-06-27T06:42:46, Critical path event 39,28,3
2005-06-27T06:52:11, Critical path event 19,70,7
2005-06-27T07:00:16, Critical path event 19,54,7
2005-06-27T07:13:50, Critical path event 19,14,5
2005-06-27T07:21:42, Critical path event 19,48,2
2005-06-27T07:32:59, Misc. noise event 10,46,5
2005-06-27T07:37:15, Critical path event 44,7,9
