--------------------------------------------------
datetime,message,random_int_1,random_int_2
--------------------------------------------------
2005-04-04T23:56:07, Misc. noise event 0,48,8
2005-04-05T00:00, Critical path event 1,97,7
2005-04-05T00:09:16, Critical path event 2,58,0
2005-04-05T00:16:48, Critical path event 3,6,7
2005-04-05T00:25:13, Critical path event 4,35,8
2005-04-05T00:40:28, Critical path event 5,26,9
2005-04-05T00:49:34, Critical path event 6,24,2
2005-04-05T00:56:54, Critical path event 7,38,0
2005-04-05T01:00:35, Critical path event 8,8,0
2005-04-05T01:08:30, Critical path event 9,6,4
2005-04-05T01:16:02, Critical path event 9,67,3
2005-04-05T01:26:35, Critical path event 9,20,3
2005-04-05T01:32:37, Critical path event 9,91,4
2005-04-05T01:38:44, Critical path event 13,64,10
2005-04-05T01:48:13, Critical path event 14,95,9
2005-04-05T01:54:15, Misc. noise event 1,42,8
2005-04-05T01:57:29, Critical path event 15,45,0
2005-04-05T02:05:01, Critical path event 16,41,8
2005-04-05T02:09:18, Misc. noise event 2,95,9
2005-04-05T02:13:26, Critical path event 17,49,4
2005-04-05T02:28:41, Critical path event 18,73,1
2005-04-05T02:37:47, Critical path event 19,69,7
2005-04-05T02:45:07, Critical path event 19,23,4
2005-04-05T02:48:48, Critical path event 19,81,3
2005-04-05T02:56:43, Critical path event 19,1,2
2005-04-05T03:04:15, Critical path event 23,2,10
2005-04-05T03:12:48, Misc. noise event 3,51,5
2005-04-05T03:14:48, Critical path event 24,84,6
2005-04-05T03:20:50, Critical path event 25,16,0
2005-04-05T03:26:57, Critical path event 26,82,9
2005-04-05T03:34:58, Misc. noise event 4,27,9
2005-04-05T03:36:26, Critical path event 27,76,1
2005-04-05T03:45:42, Critical path event 28,35,2
2005-04-05T03:53:14, Critical path event 29,40,0
2005-04-05T03:57:56, Misc. noise event 5,28,4
2005-04-05T04:01:39, Critical path event 29,66,1
2005-04-05T04:12:25, Misc. noise event 6,46,7
2005-04-05T04:16:54, Critical path event 29,7,0
2005-04-05T04:26:00, Critical path event 29,15,0
2005-04-05T04:28:50, Misc. noise event 7,76,7
2005-04-05T04:33:20, Critical path event 33,6,5
2005-04-05T04:37:01, Critical path event 34,96,6
2005-04-05T04:44:56, Critical path event 35,36,0
2005-04-05T04:52:28, Critical path event 36,52,7
2005-04-05T05:03:01, Critical path event 37,91,6
2005-04-05T05:09:03, Critical path event 38,75,9
2005-04-05T05:13:28, Misc. noise event 8,14,3
2005-04-05T05:15:10, Critical path event 39,2,0
2005-04-05T05:24:39, Critical path event 19,41,7
2005-04-05T05:31:47, Misc. noise event 9,82,0
2005-04-05T05:33:55, Critical path event 19,30,7
2005-04-05T05:41:27, Critical path event 19,32,8
2005-04-05T05:48:50, Misc. noise event 10,68,3
2005-04-05T05:49:52, Critical path event 19,97,10
2005-04-05T06:05:07, Critical path event 44,45,5
