--------------------------------------------------
datetime,message,random_int_1,random_int_2
--------------------------------------------------
2005-11-29T00:00, Critical path event 1,60,5
2005-11-29T00:02:55, Misc. noise event 0,46,1
2005-11-29T00:07:15, Critical path event 2,76,6
2005-11-29T00:13:46, Misc. noise event 1,75,3
2005-11-29T00:15:20, Critical path event 3,75,5
2005-11-29T00:24:44, Critical path event 4,49,7
2005-11-29T00:34:57, Misc. noise event 2,66,10
2005-11-29T00:39:37, Critical path event 5,28,6
2005-11-29T00:49:02, Critical path event 6,46,4
2005-11-29T00:58:17, Critical path event 7,11,8
2005-11-29T01:02:19, Critical path event 8,17,4
2005-11-29T01:11:43, Critical path event 9,5,6
2005-11-29T01:19:11, Critical path event 9,44,8
2005-11-29T01:30:21, Critical path event 9,58,0
2005-11-29T01:38:20, Critical path event 9,86,5
2005-11-29T01:45:41, Critical path event 13,94,5
2005-11-29T01:53:27, Critical path event 14,19,7
2005-11-29T02:00:42, Critical path event 15,89,8
2005-11-29T02:08:47, Critical path event 16,3,3
2005-11-29T02:13:22, Misc. noise event 3,54,0
2005-11-29T02:18:11, Critical path event 17,25,7
2005-11-29T02:33:04, Critical path event 18,10,10
2005-11-29T02:39:46, Misc. noise event 4,96,8
2005-11-29T02:42:29, Critical path event 19,64,1
2005-11-29T02:51:44, Critical path event 19,71,7
2005-11-29T02:55:46, Critical path event 19,63,2
2005-11-29T03:04:21, Misc. noise event 5,1,7
2005-11-29T03:05:10, Critical path event 19,46,4
2005-11-29T03:12:38, Critical path event 23,45,0
2005-11-29T03:21:26, Misc. noise event 6,13,8
2005-11-29T03:23:48, Critical path event 24,64,2
2005-11-29T03:31:47, Critical path event 25,45,4
2005-11-29T03:39:08, Critical path event 26,4,7
2005-11-29T03:46:54, Critical path event 27,56,7
2005-11-29T03:54:09, Critical path event 28,23,3
2005-11-29T03:58:35, Misc. noise event 7,2,9
2005-11-29T04:02:14, Critical path event 29,35,10
2005-11-29T04:11:38, Critical path event 29,3,0
2005-11-29T04:26:31, Critical path event 29,84,9
2005-11-29T04:35:56, Critical path event 29,75,5
2005-11-29T04:45:11, Critical path event 33,100,0
2005-11-29T04:49:13, Critical path event 34,18,9
2005-11-29T04:58:37, Critical path event 35,76,9
2005-11-29T05:06:05, Critical path event 36,11,5
2005-11-29T05:17:15, Critical path event 37,28,2
2005-11-29T05:24:08, Misc. noise event 8,49,4
2005-11-29T05:25:14, Critical path event 38,84,2
2005-11-29T05:32:35, Critical path event 39,12,3
2005-11-29T05:40:21, Critical path event 19,80,1
2005-11-29T05:47:36, Critical path event 19,64,1
2005-11-29T05:55:41, Critical path event 19,77,9
2005-11-29T06:01:36, Misc. noise event 9,95,10
2005-11-29T06:05:05, Critical path event 19,31,6
2005-11-29T06:16:23, Misc. noise event 10,62,9
2005-11-29T06:19:58, Critical path event 44,0,1
