--------------------------------------------------
datetime,message,random_int_1,random_int_2
--------------------------------------------------
2005-09-12T00:00, Critical path event 1,72,5
2005-09-12T00:09:03, Critical path event 2,24,7
2005-09-12T00:17:16, Critical path event 3,65,7
2005-09-12T00:25:04, Critical path event 4,19,10
2005-09-12T00:40:30, Critical path event 5,28,3
2005-09-12T00:49:48, Critical path event 6,86,5
2005-09-12T00:58:06, Critical path event 7,83,1
2005-09-12T01:01:21, Misc. noise event 0,0,2
2005-09-12T01:02:24, Critical path event 8,75,3
2005-09-12T01:10:27, Misc. noise event 1,19,0
2005-09-12T01:11:19, Critical path event 9,17,2
2005-09-12T01:20:33, Critical path event 9,35,2
2005-09-12T01:30:22, Critical path event 9,58,4
2005-09-12T01:38:36, Critical path event 9,94,6
2005-09-12T01:45:31, Misc. noise event 2,84,6
2005-09-12T01:46:46, Critical path event 13,38,0
2005-09-12T01:54:47, Misc. noise event 3,22,8
2005-09-12T01:54:49, Critical path event 14,12,3
2005-09-12T02:03:52, Critical path event 15,33,7
2005-09-12T02:12:05, Critical path event 16,44,4
2005-09-12T02:19:53, Critical path event 17,16,4
2005-09-12T02:35:19, Critical path event 18,46,6
2005-09-12T02:44:37, Critical path event 19,19,3
2005-09-12T02:52:55, Critical path event 19,98,5
2005-09-12T02:57:13, Critical path event 19,18,10
2005-09-12T03:05:34, Misc. noise event 4,73,1
2005-09-12T03:06:08, Critical path event 19,32,8
2005-09-12T03:15:22, Critical path event 23,13,6

    ----------------some other thing --------------
    filesize :1024k
    alert-level : FATAL
    description: thing with pid 34345 died because 
        random java stacktrace 
        that is super noisy with numbers and datetimes 
Exception in thread "main" java.lang.NullPointerException
    at AnotherClassLoader.loadClass(test.java:58)
    at test.main(test.java:30)
    at Main.main(Main.java:68)
    -------------------------------------------- 
    2005-09-12T03:23:05, Misc. noise event 5,64,7
2005-09-12T03:25:11, Critical path event 24,19,1
2005-09-12T03:29:46, Misc. noise event 6,88,10
2005-09-12T03:33:25, Critical path event 25,55,10
2005-09-12T03:41:35, Critical path event 26,25,5
2005-09-12T03:49:38, Critical path event 27,29,7
2005-09-12T03:58:41, Critical path event 28,87,3
2005-09-12T04:06:54, Critical path event 29,75,1
2005-09-12T04:14:42, Critical path event 29,52,5
2005-09-12T04:30:08, Critical path event 29,10,6
2005-09-12T04:39:26, Critical path event 29,65,9
2005-09-12T04:47:44, Critical path event 33,51,4
2005-09-12T04:52:02, Critical path event 34,28,1
2005-09-12T05:00:57, Critical path event 35,1,8
2005-09-12T05:05:23, Misc. noise event 7,6,5
2005-09-12T05:10:11, Critical path event 36,60,1
2005-09-12T05:20:00, Critical path event 37,60,5
2005-09-12T05:26:52, Misc. noise event 8,34,1
2005-09-12T05:28:14, Critical path event 38,37,10
2005-09-12T05:33:14, Misc. noise event 9,69,1
2005-09-12T05:36:24, Critical path event 39,8,0
2005-09-12T05:44:27, Critical path event 19,70,0
2005-09-12T05:53:30, Critical path event 19,26,0
2005-09-12T06:00:08, Misc. noise event 10,27,5
2005-09-12T06:01:43, Critical path event 19,22,4
2005-09-12T06:09:31, Critical path event 19,18,0
2005-09-12T06:24:57, Critical path event 44,68,3
