--------------------------------------------------
datetime,message,random_int_1,random_int_2
--------------------------------------------------
2005-02-06T23:55:31, Misc. noise event 0,10,6
2005-02-07T00:00, Critical path event 1,37,3
2005-02-07T00:08:19, Critical path event 2,1,0
2005-02-07T00:12:21, Misc. noise event 1,58,7
2005-02-07T00:17:14, Critical path event 3,34,4
2005-02-07T00:25:52, Critical path event 4,3,3
2005-02-07T00:40:32, Critical path event 5,16,8
2005-02-07T00:48:25, Critical path event 6,4,5
2005-02-07T00:54:05, Misc. noise event 2,80,0
2005-02-07T00:57:41, Critical path event 7,14,5
2005-02-07T00:59:13, Misc. noise event 3,16,8
2005-02-07T01:03:02, Critical path event 8,69,3
2005-02-07T01:05:55, Misc. noise event 4,88,1
2005-02-07T01:10:51, Critical path event 9,35,9
2005-02-07T01:18:17, Critical path event 9,4,3
2005-02-07T01:28:36, Critical path event 9,26,2
2005-02-07T01:36:06, Critical path event 9,35,9
2005-02-07T01:43:05, Critical path event 13,84,6
2005-02-07T01:52:31, Critical path event 14,2,8
2005-02-07T02:00:50, Critical path event 15,27,1
2005-02-07T02:09:45, Critical path event 16,67,7
2005-02-07T02:18:23, Critical path event 17,91,9
2005-02-07T02:33:03, Critical path event 18,78,3
2005-02-07T02:40:56, Critical path event 19,36,4
2005-02-07T02:47:00, Misc. noise event 5,93,3
2005-02-07T02:50:12, Critical path event 19,94,3
2005-02-07T02:55:33, Critical path event 19,53,2
2005-02-07T03:03:22, Critical path event 19,25,3

    ----------------some other thing --------------
    filesize :1024k
    alert-level : FATAL
    description: thing with pid 34345 died because 
        random java stacktrace 
        that is super noisy with numbers and datetimes 
Exception in thread "main" java.lang.NullPointerException
    at AnotherClassLoader.loadClass(test.java:58)
    at test.main(test.java:30)
    at Main.main(Main.java:68)
    -------------------------------------------- 
    2005-02-07T03:10:48, Critical path event 23,91,6
2005-02-07T03:21:07, Critical path event 24,54,9
2005-02-07T03:24:41, Misc. noise event 6,14,1
2005-02-07T03:28:37, Critical path event 25,22,2
2005-02-07T03:35:36, Critical path event 26,67,9
2005-02-07T03:45:02, Critical path event 27,88,4
2005-02-07T03:50:11, Misc. noise event 7,37,2
2005-02-07T03:53:21, Critical path event 28,60,10
2005-02-07T04:02:16, Critical path event 29,93,5
2005-02-07T04:10:54, Critical path event 29,49,10
2005-02-07T04:25:34, Critical path event 29,81,8
2005-02-07T04:33:27, Critical path event 29,61,5
2005-02-07T04:42:43, Critical path event 33,100,2
2005-02-07T04:48:04, Critical path event 34,39,10
2005-02-07T04:55:53, Critical path event 35,28,0
2005-02-07T05:03:19, Critical path event 36,43,1
2005-02-07T05:12:33, Misc. noise event 8,41,0
2005-02-07T05:13:38, Critical path event 37,42,0
2005-02-07T05:21:08, Critical path event 38,53,4
2005-02-07T05:28:07, Critical path event 39,11,2
2005-02-07T05:34:31, Misc. noise event 9,6,4
2005-02-07T05:37:33, Critical path event 19,61,6
2005-02-07T05:43:37, Misc. noise event 10,50,9
2005-02-07T05:45:52, Critical path event 19,15,0
2005-02-07T05:54:47, Critical path event 19,96,4
2005-02-07T06:03:25, Critical path event 19,36,10
2005-02-07T06:18:05, Critical path event 44,29,8
