--------------------------------------------------
datetime,message,random_int_1,random_int_2
--------------------------------------------------
2005-11-29T23:57:01, Misc. noise event 0,36,2
2005-11-30T00:00, Critical path event 1,5,7
2005-11-30T00:07:44, Critical path event 2,0,6
2005-11-30T00:15:45, Critical path event 3,44,10
2005-11-30T00:23:37, Critical path event 4,85,9
2005-11-30T00:38:13, Critical path event 5,51,5
2005-11-30T00:47:44, Critical path event 6,30,2
2005-11-30T00:54:45, Misc. noise event 1,51,4
2005-11-30T00:55:11, Critical path event 7,94,4
2005-11-30T01:00:59, Critical path event 8,100,1
2005-11-30T01:05:57, Misc. noise event 2,12,2
2005-11-30T01:09:52, Critical path event 9,94,9
2005-11-30T01:17:33, Critical path event 9,90,3
2005-11-30T01:29:26, Critical path event 9,81,6
2005-11-30T01:36:07, Critical path event 9,90,3
2005-11-30T01:42:44, Critical path event 13,48,9
2005-11-30T01:52:02, Critical path event 14,99,9
2005-11-30T01:59:46, Critical path event 15,17,4
2005-11-30T02:07:43, Misc. noise event 3,88,1
2005-11-30T02:07:47, Critical path event 16,63,0
2005-11-30T02:15:39, Critical path event 17,31,7
2005-11-30T02:30:15, Critical path event 18,9,4
2005-11-30T02:39:46, Critical path event 19,23,5
2005-11-30T02:47:13, Critical path event 19,50,3
2005-11-30T02:53:01, Critical path event 19,50,0
2005-11-30T03:01:54, Critical path event 19,34,3
2005-11-30T03:09:35, Critical path event 23,99,6
2005-11-30T03:17:28, Misc. noise event 4,16,5
2005-11-30T03:21:28, Critical path event 24,31,6
2005-11-30T03:28:09, Critical path event 25,86,9
2005-11-30T03:34:46, Critical path event 26,56,0
2005-11-30T03:42:32, Misc. noise event 5,33,0
2005-11-30T03:44:04, Critical path event 27,27,9
2005-11-30T03:51:48, Critical path event 28,22,5
2005-11-30T03:59:49, Critical path event 29,2,8
2005-11-30T04:03:11, Misc. noise event 6,84,9
2005-11-30T04:07:41, Critical path event 29,23,4
2005-11-30T04:22:17, Critical path event 29,96,1
2005-11-30T04:31:01, Misc. noise event 7,69,3
2005-11-30T04:31:48, Critical path event 29,70,7
2005-11-30T04:39:15, Critical path event 33,24,5
2005-11-30T04:44:12, Misc. noise event 8,36,2
2005-11-30T04:45:03, Critical path event 34,18,6
2005-11-30T04:53:56, Critical path event 35,62,3
2005-11-30T05:01:37, Critical path event 36,16,1
2005-11-30T05:13:30, Critical path event 37,72,8
2005-11-30T05:20:11, Critical path event 38,17,1
2005-11-30T05:26:48, Critical path event 39,54,9
2005-11-30T05:35:06, Misc. noise event 9,47,3
2005-11-30T05:36:06, Critical path event 19,82,6
2005-11-30T05:43:50, Critical path event 19,77,9
2005-11-30T05:51:51, Critical path event 19,79,2
2005-11-30T05:59:43, Critical path event 19,34,5
2005-11-30T06:13:56, Misc. noise event 10,44,8
2005-11-30T06:14:19, Critical path event 44,90,10
