--------------------------------------------------
datetime,message,random_int_1,random_int_2
--------------------------------------------------
2005-08-25T23:55:22, Misc. noise event 0,24,5
2005-08-26T00:00, Critical path event 1,24,8
2005-08-26T00:04:29, Misc. noise event 1,7,5
2005-08-26T00:08:46, Critical path event 2,67,7
2005-08-26T00:18:19, Critical path event 3,17,4
2005-08-26T00:27:41, Critical path event 4,10,9
2005-08-26T00:42:12, Misc. noise event 2,74,6
2005-08-26T00:43:05, Critical path event 5,79,9
2005-08-26T00:51:31, Critical path event 6,76,7
2005-08-26T00:59:05, Misc. noise event 3,90,0
2005-08-26T01:01:03, Critical path event 7,93,6
2005-08-26T01:04:13, Misc. noise event 4,13,9
2005-08-26T01:05:25, Critical path event 8,23,1
2005-08-26T01:14:37, Critical path event 9,6,2
2005-08-26T01:22:38, Critical path event 9,94,10
2005-08-26T01:32:47, Misc. noise event 5,73,9
2005-08-26T01:34:29, Critical path event 9,98,8
2005-08-26T01:41:00, Critical path event 9,20,6
2005-08-26T01:48:45, Critical path event 13,12,3
2005-08-26T01:53:58, Misc. noise event 6,5,2
2005-08-26T01:57:57, Critical path event 14,62,0
2005-08-26T02:06:43, Critical path event 15,3,1
2005-08-26T02:16:16, Critical path event 16,38,2
2005-08-26T02:25:38, Critical path event 17,30,0
2005-08-26T02:41:02, Critical path event 18,86,7
2005-08-26T02:49:28, Critical path event 19,80,7
2005-08-26T02:55:59, Misc. noise event 7,42,6
2005-08-26T02:59:00, Critical path event 19,54,2
2005-08-26T03:03:22, Critical path event 19,50,6
2005-08-26T03:12:34, Critical path event 19,24,8
2005-08-26T03:20:35, Critical path event 23,82,5
2005-08-26T03:32:26, Critical path event 24,86,0
2005-08-26T03:38:57, Critical path event 25,18,8
2005-08-26T03:43:16, Misc. noise event 8,21,3
2005-08-26T03:46:42, Critical path event 26,6,1
2005-08-26T03:55:54, Critical path event 27,54,0
2005-08-26T04:04:40, Critical path event 28,56,1
2005-08-26T04:14:13, Critical path event 29,95,0
2005-08-26T04:20:45, Misc. noise event 9,17,5
2005-08-26T04:23:35, Critical path event 29,44,8
2005-08-26T04:38:59, Critical path event 29,39,2
2005-08-26T04:47:25, Critical path event 29,50,8
2005-08-26T04:56:57, Critical path event 33,11,7
2005-08-26T05:01:19, Critical path event 34,0,9
2005-08-26T05:10:31, Critical path event 35,28,7
2005-08-26T05:18:32, Critical path event 36,98,8
2005-08-26T05:29:04, Misc. noise event 10,45,8
2005-08-26T05:30:23, Critical path event 37,2,5
2005-08-26T05:36:54, Critical path event 38,74,0
2005-08-26T05:44:39, Critical path event 39,0,6
2005-08-26T05:53:51, Critical path event 19,30,5
2005-08-26T06:02:37, Critical path event 19,56,1
2005-08-26T06:12:10, Critical path event 19,28,3
2005-08-26T06:21:32, Critical path event 19,34,7
2005-08-26T06:36:56, Critical path event 44,20,1
