--------------------------------------------------
datetime,message,random_int_1,random_int_2
--------------------------------------------------
2004-08-02T00:00:00, Critical path event 1,16,5
2004-08-02T00:08:34, Critical path event 2,71,9
2004-08-02T00:17:17, Critical path event 3,3,5
2004-08-02T00:32:21, Critical path event 4,34,2
2004-08-02T00:46:22, Critical path event 5,90,1
2004-08-02T00:52:56, Misc. noise event 0,68,9
2004-08-02T00:54:27, Critical path event 6,17,0
2004-08-02T01:02:48, Critical path event 7,76,2
2004-08-02T01:08:01, Critical path event 8,72,9
2004-08-02T01:20:25, Critical path event 9,2,4
2004-08-02T01:28:14, Critical path event 9,99,6
2004-08-02T01:35:46, Misc. noise event 1,74,5
2004-08-02T01:40:13, Critical path event 9,49,7
2004-08-02T01:49:38, Critical path event 9,61,10
2004-08-02T01:56:23, Critical path event 13,61,10
2004-08-02T02:03:38, Critical path event 14,80,2
2004-08-02T02:12:12, Critical path event 15,64,10
2004-08-02T02:20:55, Critical path event 16,26,0
2004-08-02T02:30:25, Critical path event 17,9,10
2004-08-02T02:44:26, Critical path event 18,21,4
2004-08-02T02:52:31, Critical path event 19,23,10
2004-08-02T02:59:05, Misc. noise event 2,97,2
2004-08-02T03:00:52, Critical path event 19,49,4
2004-08-02T03:06:05, Critical path event 19,76,5
2004-08-02T03:14:57, Critical path event 19,32,5
2004-08-02T03:22:46, Critical path event 23,36,0
2004-08-02T03:34:45, Critical path event 24,1,7
2004-08-02T03:39:25, Misc. noise event 3,100,9

    ----------------some other thing --------------
    filesize :1024k
    alert-level : FATAL
    description: thing with pid 34345 died because 
        random java stacktrace 
        that is super noisy with numbers and datetimes 
Exception in thread "main" java.lang.NullPointerException
    at AnotherClassLoader.loadClass(test.java:58)
    at test.main(test.java:30)
    at Main.main(Main.java:68)
    -------------------------------------------- 
    2004-08-02T03:41:58, Critical path event 25,53,2
2004-08-02T03:48:12, Misc. noise event 4,58,7
2004-08-02T03:48:43, Critical path event 26,88,10
2004-08-02T04:09:20, Critical path event 27,7,2
2004-08-02T04:27:45, Critical path event 28,68,10
2004-08-02T04:51:39, Critical path event 29,77,6
2004-08-02T05:08:05, Critical path event 29,79,4
2004-08-02T05:36:36, Misc. noise event 5,3,8
2004-08-02T05:36:44, Critical path event 29,64,9
2004-08-02T05:44:49, Critical path event 29,30,5
2004-08-02T05:53:10, Critical path event 33,34,2
2004-08-02T06:05:22, Misc. noise event 6,36,10
2004-08-02T06:06:02, Critical path event 34,75,9
2004-08-02T06:12:20, Misc. noise event 7,97,1
2004-08-02T06:14:54, Critical path event 35,87,6
2004-08-02T06:22:43, Critical path event 36,96,7
2004-08-02T06:33:07, Misc. noise event 8,34,4
2004-08-02T06:35:34, Critical path event 37,19,2
2004-08-02T06:45:10, Critical path event 38,81,9
2004-08-02T06:58:03, Misc. noise event 9,28,8
2004-08-02T06:58:46, Critical path event 39,79,3
2004-08-02T07:01:39, Misc. noise event 10,86,10
2004-08-02T07:06:01, Critical path event 19,21,8
2004-08-02T07:14:35, Critical path event 19,72,10
2004-08-02T07:30:13, Critical path event 19,31,3
2004-08-02T07:47:36, Critical path event 19,95,4
2004-08-02T08:01:37, Critical path event 44,57,2
