--------------------------------------------------
datetime,message,random_int_1,random_int_2
--------------------------------------------------
2004-03-21T23:57:16, Misc. noise event 0,59,6
2004-03-22T00:00:00, Critical path event 1,10,6
2004-03-22T00:07:22, Critical path event 2,15,10
2004-03-22T00:14:41, Critical path event 3,51,1
2004-03-22T00:21:15, Misc. noise event 1,54,7
2004-03-22T00:22:32, Critical path event 4,97,2
2004-03-22T00:36:29, Critical path event 5,10,9
2004-03-22T00:45:36, Critical path event 6,96,9
2004-03-22T00:53:20, Critical path event 7,72,2
2004-03-22T00:58:46, Critical path event 8,1,7
2004-03-22T01:03:59, Misc. noise event 2,56,7
2004-03-22T01:07:59, Critical path event 9,99,10
2004-03-22T01:15:00, Misc. noise event 3,21,2
2004-03-22T01:16:03, Critical path event 9,92,4
2004-03-22T01:26:03, Critical path event 9,30,2
2004-03-22T01:32:27, Critical path event 9,24,0
2004-03-22T01:38:38, Critical path event 13,95,10
2004-03-22T01:45:59, Misc. noise event 4,94,0
2004-03-22T01:46:04, Critical path event 14,1,6
2004-03-22T01:51:42, Misc. noise event 5,68,9
2004-03-22T01:53:26, Critical path event 15,71,5
2004-03-22T02:00:45, Critical path event 16,12,4
2004-03-22T02:08:36, Critical path event 17,94,1
2004-03-22T02:22:33, Critical path event 18,47,9
2004-03-22T02:31:40, Critical path event 19,34,1
2004-03-22T02:35:30, Misc. noise event 6,88,10
2004-03-22T02:39:24, Critical path event 19,58,4
2004-03-22T02:44:50, Critical path event 19,47,7

    ----------------some other thing --------------
    filesize :1024k
    alert-level : FATAL
    description: thing with pid 34345 died because 
        random java stacktrace 
        that is super noisy with numbers and datetimes 
Exception in thread "main" java.lang.NullPointerException
    at AnotherClassLoader.loadClass(test.java:58)
    at test.main(test.java:30)
    at Main.main(Main.java:68)
    -------------------------------------------- 
    2004-03-22T02:54:03, Critical path event 19,90,7
2004-03-22T03:02:07, Critical path event 23,100,2
2004-03-22T03:12:07, Critical path event 24,79,7
2004-03-22T03:18:31, Critical path event 25,57,4
2004-03-22T03:24:42, Critical path event 26,59,0
2004-03-22T03:32:08, Critical path event 27,54,8
2004-03-22T03:39:30, Critical path event 28,18,4
2004-03-22T03:46:49, Critical path event 29,73,10
2004-03-22T03:50:57, Misc. noise event 7,50,8
2004-03-22T03:54:40, Critical path event 29,79,9
2004-03-22T04:08:20, Misc. noise event 8,8,4
2004-03-22T04:08:37, Critical path event 29,37,3
2004-03-22T04:17:44, Critical path event 29,24,6
2004-03-22T04:24:47, Misc. noise event 9,53,6
2004-03-22T04:25:28, Critical path event 33,71,0
2004-03-22T04:30:54, Critical path event 34,99,9
2004-03-22T04:40:07, Critical path event 35,18,6
2004-03-22T04:48:11, Critical path event 36,70,2
2004-03-22T04:58:11, Critical path event 37,77,3
2004-03-22T05:04:35, Critical path event 38,70,10
2004-03-22T05:10:46, Critical path event 39,63,3
2004-03-22T05:18:12, Critical path event 19,47,4
2004-03-22T05:25:34, Critical path event 19,47,6
2004-03-22T05:32:53, Critical path event 19,42,9
2004-03-22T05:40:44, Critical path event 19,75,3
2004-03-22T05:51:49, Misc. noise event 10,84,2
2004-03-22T05:54:41, Critical path event 44,8,7
