--------------------------------------------------
datetime,message,random_int_1,random_int_2
--------------------------------------------------
2004-12-20T00:00:00, Critical path event 1,84,10
2004-12-20T00:07:57, Critical path event 2,54,8
2004-12-20T00:16:09, Critical path event 3,17,3
2004-12-20T00:36:19, Critical path event 4,87,2
2004-12-20T00:50:43, Critical path event 5,92,4
2004-12-20T00:58:50, Critical path event 6,11,1
2004-12-20T01:07:10, Critical path event 7,87,10
2004-12-20T01:10:51, Critical path event 8,3,7
2004-12-20T01:14:50, Misc. noise event 0,9,7
2004-12-20T01:19:11, Critical path event 9,100,0
2004-12-20T01:27:06, Critical path event 9,72,7
2004-12-20T01:36:31, Misc. noise event 1,23,0
2004-12-20T01:37:51, Critical path event 9,5,8
2004-12-20T01:45:59, Critical path event 9,47,4
2004-12-20T01:52:09, Critical path event 13,15,2
2004-12-20T01:59:47, Critical path event 14,24,0
2004-12-20T02:07:44, Critical path event 15,72,10
2004-12-20T02:22:45, Critical path event 16,42,10
2004-12-20T02:30:56, Critical path event 17,4,3
2004-12-20T03:00:25, Critical path event 18,16,5
2004-12-20T03:12:06, Critical path event 19,14,1
2004-12-20T03:29:59, Critical path event 19,0,6
2004-12-20T03:30:34, Misc. noise event 2,56,7
2004-12-20T03:33:40, Critical path event 19,86,4
2004-12-20T03:51:42, Critical path event 19,32,2
2004-12-20T03:59:37, Critical path event 23,81,9
2004-12-20T04:05:47, Misc. noise event 3,81,3
2004-12-20T04:10:22, Critical path event 24,53,0

    ----------------some other thing --------------
    filesize :1024k
    alert-level : FATAL
    description: thing with pid 34345 died because 
        random java stacktrace 
        that is super noisy with numbers and datetimes 
Exception in thread "main" java.lang.NullPointerException
    at AnotherClassLoader.loadClass(test.java:58)
    at test.main(test.java:30)
    at Main.main(Main.java:68)
    -------------------------------------------- 
    2004-12-20T04:18:30, Critical path event 25,26,2
2004-12-20T04:20:56, Misc. noise event 4,44,8
2004-12-20T04:24:40, Critical path event 26,14,1
2004-12-20T04:31:10, Misc. noise event 5,61,10
2004-12-20T04:32:18, Critical path event 27,39,9
2004-12-20T04:54:05, Critical path event 28,96,1
2004-12-20T05:02:17, Critical path event 29,28,5
2004-12-20T05:13:10, Critical path event 29,31,10
2004-12-20T05:27:34, Critical path event 29,19,2
2004-12-20T05:35:41, Critical path event 29,81,9
2004-12-20T05:39:59, Misc. noise event 6,13,2
2004-12-20T05:44:01, Critical path event 33,93,9
2004-12-20T05:43:51, Misc. noise event 7,23,8
2004-12-20T05:47:42, Critical path event 34,27,7
2004-12-20T05:54:21, Misc. noise event 8,45,8
2004-12-20T05:56:02, Critical path event 35,25,3
2004-12-20T06:03:57, Critical path event 36,58,10
2004-12-20T06:23:07, Critical path event 37,71,7
2004-12-20T06:30:50, Misc. noise event 9,12,4
2004-12-20T06:31:15, Critical path event 38,40,7
2004-12-20T06:32:59, Misc. noise event 10,50,7
2004-12-20T06:37:25, Critical path event 39,83,10
2004-12-20T06:45:03, Critical path event 19,69,7
2004-12-20T06:53:00, Critical path event 19,100,4
2004-12-20T07:01:12, Critical path event 19,100,0
2004-12-20T07:09:23, Critical path event 19,55,1
2004-12-20T07:23:47, Critical path event 44,37,2
