--------------------------------------------------
datetime,message,random_int_1,random_int_2
--------------------------------------------------
2004-04-12T00:00:00, Critical path event 1,78,0
2004-04-12T00:08:24, Critical path event 2,40,4
2004-04-12T00:16:24, Critical path event 3,100,9
2004-04-12T00:24:10, Critical path event 4,16,0
2004-04-12T00:38:11, Critical path event 5,58,9
2004-04-12T00:46:02, Critical path event 6,9,9
2004-04-12T00:54:05, Critical path event 7,50,10
2004-04-12T00:59:55, Critical path event 8,59,0
2004-04-12T01:09:14, Critical path event 9,60,6
2004-04-12T01:17:15, Critical path event 9,48,5
2004-04-12T01:26:58, Critical path event 9,72,2
2004-04-12T01:34:02, Critical path event 9,87,3
2004-04-12T01:40:07, Critical path event 13,9,4
2004-04-12T01:44:15, Misc. noise event 0,27,3
2004-04-12T01:47:53, Critical path event 14,7,7
2004-04-12T01:56:17, Critical path event 15,59,6
2004-04-12T01:59:32, Misc. noise event 1,79,5
2004-04-12T02:04:17, Critical path event 16,29,1
2004-04-12T02:12:03, Critical path event 17,2,4
2004-04-12T02:26:04, Critical path event 18,83,1
2004-04-12T02:33:55, Critical path event 19,27,8
2004-04-12T02:41:58, Critical path event 19,5,3
2004-04-12T02:47:48, Critical path event 19,48,8
2004-04-12T02:56:41, Misc. noise event 2,54,8
2004-04-12T02:57:07, Critical path event 19,8,6
2004-04-12T03:05:08, Critical path event 23,75,3
2004-04-12T03:14:00, Misc. noise event 3,78,5
2004-04-12T03:14:51, Critical path event 24,10,4

    ----------------some other thing --------------
    filesize :1024k
    alert-level : FATAL
    description: thing with pid 34345 died because 
        random java stacktrace 
        that is super noisy with numbers and datetimes 
Exception in thread "main" java.lang.NullPointerException
    at AnotherClassLoader.loadClass(test.java:58)
    at test.main(test.java:30)
    at Main.main(Main.java:68)
    -------------------------------------------- 
    2004-04-12T03:18:58, Misc. noise event 4,80,6
2004-04-12T03:21:55, Critical path event 25,47,10
2004-04-12T03:28:00, Critical path event 26,72,1
2004-04-12T03:31:14, Misc. noise event 5,10,4
2004-04-12T03:35:46, Critical path event 27,67,7
2004-04-12T03:44:10, Critical path event 28,24,10
2004-04-12T03:52:10, Critical path event 29,50,5
2004-04-12T03:58:31, Misc. noise event 6,79,6
2004-04-12T03:59:56, Critical path event 29,32,8
2004-04-12T04:13:57, Critical path event 29,63,2
2004-04-12T04:16:57, Misc. noise event 7,51,0
2004-04-12T04:21:48, Critical path event 29,95,8
2004-04-12T04:26:07, Misc. noise event 8,77,4
2004-04-12T04:29:51, Critical path event 33,97,5
2004-04-12T04:35:41, Critical path event 34,30,5
2004-04-12T04:45:00, Critical path event 35,39,5
2004-04-12T04:53:01, Critical path event 36,64,9
2004-04-12T05:02:44, Critical path event 37,18,2
2004-04-12T05:09:48, Critical path event 38,89,6
2004-04-12T05:15:53, Critical path event 39,8,5
2004-04-12T05:23:39, Critical path event 19,62,9
2004-04-12T05:30:42, Misc. noise event 9,90,6
2004-04-12T05:32:03, Critical path event 19,26,0
2004-04-12T05:35:57, Misc. noise event 10,50,0
2004-04-12T05:40:03, Critical path event 19,3,5
2004-04-12T05:47:49, Critical path event 19,41,3
2004-04-12T06:01:50, Critical path event 44,41,6
