--------------------------------------------------
datetime,message,random_int_1,random_int_2
--------------------------------------------------
2004-03-15T00:00:00, Critical path event 1,74,10
2004-03-15T00:10:30, Critical path event 2,58,0
2004-03-15T00:20:56, Misc. noise event 0,84,6
2004-03-15T00:25:37, Critical path event 3,47,8
2004-03-15T00:32:56, Critical path event 4,50,10
2004-03-15T01:17:37, Critical path event 5,16,8
2004-03-15T01:27:06, Critical path event 6,76,7
2004-03-15T01:42:31, Critical path event 7,30,4
2004-03-15T01:44:11, Misc. noise event 1,78,2
2004-03-15T01:46:17, Critical path event 8,13,6
2004-03-15T01:59:00, Critical path event 9,78,6
2004-03-15T02:06:17, Misc. noise event 2,5,2
2004-03-15T02:07:39, Critical path event 9,94,10
2004-03-15T02:39:45, Critical path event 9,95,8
2004-03-15T02:47:52, Critical path event 9,77,2
2004-03-15T02:55:10, Misc. noise event 3,3,2
2004-03-15T02:55:19, Critical path event 13,65,8
2004-03-15T03:03:19, Critical path event 14,57,2
2004-03-15T03:11:23, Critical path event 15,91,7
2004-03-15T03:14:16, Misc. noise event 4,16,2
2004-03-15T03:19:10, Critical path event 16,71,0
2004-03-15T03:26:29, Critical path event 17,87,5
2004-03-15T03:40:22, Misc. noise event 5,48,10
2004-03-15T03:41:56, Critical path event 18,89,7
2004-03-15T03:51:25, Critical path event 19,5,9
2004-03-15T03:59:18, Critical path event 19,1,4
2004-03-15T04:03:04, Critical path event 19,62,8
2004-03-15T04:12:23, Critical path event 19,11,4

    ----------------some other thing --------------
    filesize :1024k
    alert-level : FATAL
    description: thing with pid 34345 died because 
        random java stacktrace 
        that is super noisy with numbers and datetimes 
Exception in thread "main" java.lang.NullPointerException
    at AnotherClassLoader.loadClass(test.java:58)
    at test.main(test.java:30)
    at Main.main(Main.java:68)
    -------------------------------------------- 
    2004-03-15T04:21:02, Critical path event 23,94,1
2004-03-15T04:28:03, Misc. noise event 6,42,10
2004-03-15T04:32:58, Critical path event 24,58,2
2004-03-15T04:41:05, Critical path event 25,2,2
2004-03-15T04:48:32, Critical path event 26,6,8
2004-03-15T04:56:32, Critical path event 27,36,1
2004-03-15T05:04:36, Critical path event 28,11,10
2004-03-15T05:12:23, Critical path event 29,15,3
2004-03-15T05:19:42, Critical path event 29,2,1
2004-03-15T05:35:09, Critical path event 29,18,5
2004-03-15T05:44:38, Critical path event 29,71,10
2004-03-15T05:52:31, Critical path event 33,30,1
2004-03-15T05:55:39, Misc. noise event 7,0,5
2004-03-15T05:56:17, Critical path event 34,23,1
2004-03-15T06:05:36, Critical path event 35,67,4
2004-03-15T06:10:52, Misc. noise event 8,98,2
2004-03-15T06:14:15, Critical path event 36,66,1
2004-03-15T06:22:01, Misc. noise event 9,11,3
2004-03-15T06:26:11, Critical path event 37,76,0
2004-03-15T06:49:51, Critical path event 38,31,5
2004-03-15T07:04:51, Critical path event 39,12,2
2004-03-15T07:11:12, Misc. noise event 10,49,4
2004-03-15T07:12:51, Critical path event 19,75,7
2004-03-15T07:20:55, Critical path event 19,3,4
2004-03-15T07:28:42, Critical path event 19,55,1
2004-03-15T07:38:21, Critical path event 19,58,10
2004-03-15T07:53:48, Critical path event 44,73,0
