--------------------------------------------------
datetime,message,random_int_1,random_int_2
--------------------------------------------------
2004-01-05T00:00:00, Critical path event 1,41,4
2004-01-05T00:07:59, Critical path event 2,96,7
2004-01-05T00:16:13, Misc. noise event 0,25,1
2004-01-05T00:17:27, Critical path event 3,57,8
2004-01-05T00:24:20, Misc. noise event 1,22,7
2004-01-05T00:25:19, Critical path event 4,72,7
2004-01-05T00:39:43, Critical path event 5,56,1
2004-01-05T00:45:41, Misc. noise event 2,65,10
2004-01-05T00:47:13, Critical path event 6,77,7
2004-01-05T00:51:45, Misc. noise event 3,28,5
2004-01-05T00:54:44, Critical path event 7,54,3
2004-01-05T00:59:40, Critical path event 8,64,8
2004-01-05T01:07:22, Critical path event 9,43,9
2004-01-05T01:15:23, Critical path event 9,73,9
2004-01-05T01:25:09, Critical path event 9,69,4
2004-01-05T01:33:29, Critical path event 9,2,0
2004-01-05T01:38:10, Misc. noise event 4,50,7
2004-01-05T01:39:53, Critical path event 13,81,0
2004-01-05T01:47:12, Critical path event 14,44,6
2004-01-05T01:55:11, Critical path event 15,18,5
2004-01-05T02:04:39, Critical path event 16,45,3
2004-01-05T02:12:31, Critical path event 17,31,9
2004-01-05T02:26:55, Critical path event 18,83,3
2004-01-05T02:34:25, Critical path event 19,49,2
2004-01-05T02:41:56, Critical path event 19,8,0
2004-01-05T02:45:41, Misc. noise event 5,13,5
2004-01-05T02:46:52, Critical path event 19,47,5
2004-01-05T02:54:34, Critical path event 19,78,2

    ----------------some other thing --------------
    filesize :1024k
    alert-level : FATAL
    description: thing with pid 34345 died because 
        random java stacktrace 
        that is super noisy with numbers and datetimes 
Exception in thread "main" java.lang.NullPointerException
    at AnotherClassLoader.loadClass(test.java:58)
    at test.main(test.java:30)
    at Main.main(Main.java:68)
    -------------------------------------------- 
    2004-01-05T03:02:35, Critical path event 23,72,3
2004-01-05T03:12:21, Critical path event 24,31,8
2004-01-05T03:19:11, Misc. noise event 6,57,3
2004-01-05T03:20:41, Critical path event 25,75,6
2004-01-05T03:27:05, Critical path event 26,70,6
2004-01-05T03:34:24, Critical path event 27,12,1
2004-01-05T03:42:23, Critical path event 28,75,8
2004-01-05T03:51:51, Critical path event 29,33,6
2004-01-05T03:59:43, Critical path event 29,23,8
2004-01-05T04:14:07, Critical path event 29,60,0
2004-01-05T04:21:37, Critical path event 29,66,0
2004-01-05T04:28:26, Misc. noise event 7,50,1
2004-01-05T04:29:08, Critical path event 33,14,0
2004-01-05T04:34:04, Critical path event 34,58,9
2004-01-05T04:41:30, Misc. noise event 8,78,4
2004-01-05T04:41:46, Critical path event 35,27,5
2004-01-05T04:49:47, Critical path event 36,85,2
2004-01-05T04:57:53, Misc. noise event 9,26,4
2004-01-05T04:59:33, Critical path event 37,70,10
2004-01-05T05:07:53, Critical path event 38,2,4
2004-01-05T05:10:25, Misc. noise event 10,5,1
2004-01-05T05:14:17, Critical path event 39,96,8
2004-01-05T05:21:36, Critical path event 19,62,6
2004-01-05T05:29:35, Critical path event 19,0,5
2004-01-05T05:39:03, Critical path event 19,64,3
2004-01-05T05:46:55, Critical path event 19,98,6
2004-01-05T06:01:19, Critical path event 44,99,6
