--------------------------------------------------
datetime,message,random_int_1,random_int_2
--------------------------------------------------
2004-01-11T23:56:23, Misc. noise event 0,44,8
2004-01-12T00:00:00, Critical path event 1,2,5
2004-01-12T00:08:05, Critical path event 2,57,3
2004-01-12T00:16:52, Critical path event 3,77,3
2004-01-12T00:22:14, Misc. noise event 1,19,1
2004-01-12T00:24:13, Critical path event 4,14,7
2004-01-12T00:37:28, Critical path event 5,86,2
2004-01-12T00:46:19, Critical path event 6,46,8
2004-01-12T00:50:54, Misc. noise event 2,45,1
2004-01-12T00:55:47, Critical path event 7,47,7
2004-01-12T01:01:36, Critical path event 8,99,10
2004-01-12T01:09:40, Critical path event 9,93,1
2004-01-12T01:17:01, Critical path event 9,43,0
2004-01-12T01:27:20, Critical path event 9,70,9
2004-01-12T01:35:33, Critical path event 9,47,1
2004-01-12T01:43:32, Critical path event 13,88,4
2004-01-12T01:51:28, Critical path event 14,9,3
2004-01-12T01:59:33, Critical path event 15,88,9
2004-01-12T02:08:20, Critical path event 16,14,5
2004-01-12T02:15:41, Critical path event 17,29,0
2004-01-12T02:28:56, Critical path event 18,88,7
2004-01-12T02:37:47, Critical path event 19,90,6
2004-01-12T02:47:15, Critical path event 19,43,3
2004-01-12T02:51:07, Misc. noise event 3,48,2
2004-01-12T02:53:04, Critical path event 19,71,1
2004-01-12T03:01:08, Critical path event 19,35,1
2004-01-12T03:04:04, Misc. noise event 4,2,4
2004-01-12T03:08:29, Critical path event 23,39,5

    ----------------some other thing --------------
    filesize :1024k
    alert-level : FATAL
    description: thing with pid 34345 died because 
        random java stacktrace 
        that is super noisy with numbers and datetimes 
Exception in thread "main" java.lang.NullPointerException
    at AnotherClassLoader.loadClass(test.java:58)
    at test.main(test.java:30)
    at Main.main(Main.java:68)
    -------------------------------------------- 
    2004-01-12T03:18:48, Critical path event 24,81,8
2004-01-12T03:27:01, Critical path event 25,70,9
2004-01-12T03:35:00, Critical path event 26,59,1
2004-01-12T03:41:46, Misc. noise event 5,9,7
2004-01-12T03:42:56, Critical path event 27,30,3
2004-01-12T03:51:01, Critical path event 28,55,8
2004-01-12T03:59:48, Critical path event 29,72,2
2004-01-12T04:05:31, Misc. noise event 6,23,7
2004-01-12T04:07:09, Critical path event 29,67,0
2004-01-12T04:20:24, Critical path event 29,74,10
2004-01-12T04:29:15, Critical path event 29,11,5
2004-01-12T04:38:43, Critical path event 33,63,9
2004-01-12T04:42:19, Misc. noise event 7,64,3
2004-01-12T04:44:32, Critical path event 34,12,10
2004-01-12T04:52:28, Misc. noise event 8,11,10
2004-01-12T04:52:36, Critical path event 35,66,3
2004-01-12T04:59:57, Critical path event 36,98,3
2004-01-12T05:06:40, Misc. noise event 9,74,10
2004-01-12T05:10:16, Critical path event 37,29,3
2004-01-12T05:18:29, Critical path event 38,51,1
2004-01-12T05:26:28, Critical path event 39,58,2
2004-01-12T05:34:24, Critical path event 19,42,3
2004-01-12T05:39:23, Misc. noise event 10,70,8
2004-01-12T05:42:29, Critical path event 19,26,10
2004-01-12T05:51:16, Critical path event 19,46,5
2004-01-12T05:58:37, Critical path event 19,80,3
2004-01-12T06:11:52, Critical path event 44,41,10
