--------------------------------------------------
datetime,message,random_int_1,random_int_2
--------------------------------------------------
2004-09-20T00:00:00, Critical path event 1,99,10
2004-09-20T00:07:21, Misc. noise event 0,73,1
2004-09-20T00:09:28, Critical path event 2,17,7
2004-09-20T00:18:40, Critical path event 3,68,10
2004-09-20T00:27:06, Critical path event 4,43,1
2004-09-20T00:41:14, Critical path event 5,11,5
2004-09-20T00:50:10, Critical path event 6,39,8
2004-09-20T00:57:38, Misc. noise event 1,41,1
2004-09-20T00:57:59, Critical path event 7,37,1
2004-09-20T01:03:50, Critical path event 8,10,0
2004-09-20T01:13:08, Critical path event 9,63,3
2004-09-20T01:21:24, Critical path event 9,30,4
2004-09-20T01:31:53, Critical path event 9,93,9
2004-09-20T01:37:29, Misc. noise event 2,99,10
2004-09-20T01:40:15, Critical path event 9,35,6
2004-09-20T01:46:34, Critical path event 13,96,4
2004-09-20T01:54:06, Critical path event 14,35,4
2004-09-20T02:03:04, Misc. noise event 3,76,5
2004-09-20T02:03:34, Critical path event 15,94,10
2004-09-20T02:12:46, Critical path event 16,89,5
2004-09-20T02:21:12, Critical path event 17,32,9
2004-09-20T02:35:20, Critical path event 18,63,1
2004-09-20T02:44:16, Critical path event 19,78,4
2004-09-20T02:51:01, Misc. noise event 4,8,3
2004-09-20T02:52:05, Critical path event 19,35,0
2004-09-20T02:57:56, Critical path event 19,4,4
2004-09-20T03:07:14, Critical path event 19,13,9
2004-09-20T03:11:07, Misc. noise event 5,55,10

    ----------------some other thing --------------
    filesize :1024k
    alert-level : FATAL
    description: thing with pid 34345 died because 
        random java stacktrace 
        that is super noisy with numbers and datetimes 
Exception in thread "main" java.lang.NullPointerException
    at AnotherClassLoader.loadClass(test.java:58)
    at test.main(test.java:30)
    at Main.main(Main.java:68)
    -------------------------------------------- 
    2004-09-20T03:15:30, Critical path event 23,39,0
2004-09-20T03:25:59, Critical path event 24,32,1
2004-09-20T03:34:21, Critical path event 25,80,0
2004-09-20T03:40:40, Critical path event 26,96,4
2004-09-20T03:48:12, Critical path event 27,61,0
2004-09-20T03:57:40, Critical path event 28,13,1
2004-09-20T04:06:52, Misc. noise event 6,77,0
2004-09-20T04:06:52, Critical path event 29,35,0
2004-09-20T04:11:15, Misc. noise event 7,89,0
2004-09-20T04:15:18, Critical path event 29,99,2
2004-09-20T04:29:26, Critical path event 29,100,7
2004-09-20T04:38:22, Critical path event 29,53,6
2004-09-20T04:41:28, Misc. noise event 8,3,9
2004-09-20T04:46:11, Critical path event 33,81,3
2004-09-20T04:52:02, Critical path event 34,41,1
2004-09-20T05:01:20, Critical path event 35,6,8
2004-09-20T05:09:36, Critical path event 36,68,2
2004-09-20T05:19:00, Misc. noise event 9,91,7
2004-09-20T05:20:05, Critical path event 37,24,3
2004-09-20T05:28:27, Critical path event 38,80,10
2004-09-20T05:34:46, Critical path event 39,11,7
2004-09-20T05:42:18, Critical path event 19,3,2
2004-09-20T05:51:46, Critical path event 19,92,0
2004-09-20T05:55:58, Misc. noise event 10,5,6
2004-09-20T06:00:58, Critical path event 19,47,1
2004-09-20T06:09:24, Critical path event 19,7,5
2004-09-20T06:23:32, Critical path event 44,48,5
