--------------------------------------------------
datetime,message,random_int_1,random_int_2
--------------------------------------------------
2004-11-15T00:00:00, Critical path event 1,9,5
2004-11-15T00:08:09, Critical path event 2,67,6
2004-11-15T00:13:36, Misc. noise event 0,54,6
2004-11-15T00:16:15, Critical path event 3,45,0
2004-11-15T00:24:43, Critical path event 4,32,8
2004-11-15T00:38:50, Critical path event 5,11,0
2004-11-15T00:48:11, Critical path event 6,15,8
2004-11-15T00:57:38, Critical path event 7,86,9
2004-11-15T01:03:32, Critical path event 8,82,7
2004-11-15T01:12:50, Critical path event 9,34,4
2004-11-15T01:22:14, Critical path event 9,1,1
2004-11-15T01:32:00, Misc. noise event 1,64,6
2004-11-15T01:32:24, Critical path event 9,61,5
2004-11-15T01:40:38, Critical path event 9,81,4
2004-11-15T01:46:30, Misc. noise event 2,53,3
2004-11-15T01:47:58, Critical path event 13,100,10
2004-11-15T01:52:11, Misc. noise event 3,0,2
2004-11-15T01:55:58, Critical path event 14,47,6
2004-11-15T02:04:07, Critical path event 15,19,1
2004-11-15T02:12:13, Critical path event 16,96,1
2004-11-15T02:20:41, Critical path event 17,77,9
2004-11-15T02:33:12, Misc. noise event 4,51,4
2004-11-15T02:34:48, Critical path event 18,20,10
2004-11-15T02:44:09, Critical path event 19,36,1
2004-11-15T02:53:36, Critical path event 19,62,0
2004-11-15T02:59:30, Critical path event 19,28,7
2004-11-15T03:07:10, Misc. noise event 5,45,0
2004-11-15T03:08:48, Critical path event 19,83,0

    ----------------some other thing --------------
    filesize :1024k
    alert-level : FATAL
    description: thing with pid 34345 died because 
        random java stacktrace 
        that is super noisy with numbers and datetimes 
Exception in thread "main" java.lang.NullPointerException
    at AnotherClassLoader.loadClass(test.java:58)
    at test.main(test.java:30)
    at Main.main(Main.java:68)
    -------------------------------------------- 
    2004-11-15T03:18:12, Critical path event 23,51,2
2004-11-15T03:28:22, Critical path event 24,80,6
2004-11-15T03:36:36, Critical path event 25,0,8
2004-11-15T03:41:15, Misc. noise event 6,97,0
2004-11-15T03:43:56, Critical path event 26,13,7
2004-11-15T03:51:56, Critical path event 27,70,9
2004-11-15T03:59:07, Misc. noise event 7,66,3
2004-11-15T04:00:05, Critical path event 28,42,4
2004-11-15T04:08:11, Critical path event 29,56,6
2004-11-15T04:16:39, Critical path event 29,48,4
2004-11-15T04:30:46, Critical path event 29,0,5
2004-11-15T04:39:03, Misc. noise event 8,17,9
2004-11-15T04:40:07, Critical path event 29,95,3
2004-11-15T04:49:34, Critical path event 33,98,5
2004-11-15T04:52:14, Misc. noise event 9,7,9
2004-11-15T04:55:28, Critical path event 34,40,8
2004-11-15T05:04:46, Critical path event 35,19,9
2004-11-15T05:14:10, Critical path event 36,35,4
2004-11-15T05:24:20, Critical path event 37,87,9
2004-11-15T05:32:34, Critical path event 38,49,4
2004-11-15T05:36:58, Misc. noise event 10,80,6
2004-11-15T05:39:54, Critical path event 39,3,5
2004-11-15T05:47:54, Critical path event 19,13,1
2004-11-15T05:56:03, Critical path event 19,38,10
2004-11-15T06:04:09, Critical path event 19,64,10
2004-11-15T06:12:37, Critical path event 19,6,0
2004-11-15T06:26:44, Critical path event 44,38,10
