--------------------------------------------------
datetime,message,random_int_1,random_int_2
--------------------------------------------------
2004-04-19T00:00:00, Critical path event 1,70,0
2004-04-19T00:18:03, Misc. noise event 0,72,1
2004-04-19T00:22:32, Critical path event 2,27,10
2004-04-19T00:30:10, Critical path event 3,53,9
2004-04-19T00:34:25, Misc. noise event 1,58,8
2004-04-19T00:38:54, Critical path event 4,81,2
2004-04-19T00:59:48, Critical path event 5,59,0
2004-04-19T01:07:19, Critical path event 6,100,6
2004-04-19T01:24:51, Misc. noise event 2,62,1
2004-04-19T01:27:48, Critical path event 7,65,6
2004-04-19T01:32:49, Critical path event 8,66,7
2004-04-19T01:41:13, Critical path event 9,96,3
2004-04-19T01:48:39, Critical path event 9,39,8
2004-04-19T01:58:39, Misc. noise event 3,9,1
2004-04-19T02:00:00, Critical path event 9,92,7
2004-04-19T02:02:40, Misc. noise event 4,52,0
2004-04-19T02:06:02, Critical path event 9,10,4
2004-04-19T02:13:40, Critical path event 13,93,6
2004-04-19T02:21:48, Critical path event 14,66,7
2004-04-19T02:31:21, Critical path event 15,38,1
2004-04-19T02:52:42, Critical path event 16,93,2
2004-04-19T02:59:48, Misc. noise event 5,0,5
2004-04-19T03:01:26, Critical path event 17,36,9
2004-04-19T03:14:41, Critical path event 18,33,4
2004-04-19T03:21:57, Misc. noise event 6,44,0
2004-04-19T03:22:12, Critical path event 19,22,0
2004-04-19T03:30:00, Critical path event 19,21,4
2004-04-19T03:33:44, Critical path event 19,59,6

    ----------------some other thing --------------
    filesize :1024k
    alert-level : FATAL
    description: thing with pid 34345 died because 
        random java stacktrace 
        that is super noisy with numbers and datetimes 
Exception in thread "main" java.lang.NullPointerException
    at AnotherClassLoader.loadClass(test.java:58)
    at test.main(test.java:30)
    at Main.main(Main.java:68)
    -------------------------------------------- 
    2004-04-19T03:53:36, Critical path event 19,74,7
2004-04-19T04:14:08, Critical path event 23,36,5
2004-04-19T04:25:29, Critical path event 24,25,9
2004-04-19T04:31:31, Critical path event 25,43,9
2004-04-19T04:39:09, Critical path event 26,2,9
2004-04-19T04:47:17, Critical path event 27,32,8
2004-04-19T04:56:50, Critical path event 28,6,7
2004-04-19T05:04:53, Critical path event 29,20,4
2004-04-19T05:18:08, Critical path event 29,56,9
2004-04-19T05:31:23, Critical path event 29,47,1
2004-04-19T05:38:54, Critical path event 29,28,3
2004-04-19T05:46:42, Critical path event 33,61,2
2004-04-19T05:46:28, Misc. noise event 7,60,5
2004-04-19T05:50:26, Critical path event 34,100,1
2004-04-19T05:58:50, Critical path event 35,35,0
2004-04-19T06:02:22, Misc. noise event 8,41,4
2004-04-19T06:06:16, Critical path event 36,63,5
2004-04-19T06:17:37, Critical path event 37,55,9
2004-04-19T06:23:39, Critical path event 38,13,9
2004-04-19T06:43:13, Critical path event 39,76,4
2004-04-19T06:54:44, Misc. noise event 9,10,10
2004-04-19T06:56:27, Critical path event 19,14,10
2004-04-19T07:06:00, Critical path event 19,72,0
2004-04-19T07:24:06, Critical path event 19,76,8
2004-04-19T07:32:32, Misc. noise event 10,63,2
2004-04-19T07:32:50, Critical path event 19,13,4
2004-04-19T07:46:05, Critical path event 44,7,7
