--------------------------------------------------
datetime,message,random_int_1,random_int_2
--------------------------------------------------
2004-08-23T00:00:00, Critical path event 1,69,4
2004-08-23T00:09:28, Critical path event 2,10,8
2004-08-23T00:17:02, Critical path event 3,80,6
2004-08-23T00:24:25, Critical path event 4,55,0
2004-08-23T00:38:03, Critical path event 5,75,10
2004-08-23T00:43:07, Misc. noise event 0,3,7
2004-08-23T00:45:25, Critical path event 6,80,10
2004-08-23T00:54:34, Critical path event 7,1,9
2004-08-23T00:58:45, Critical path event 8,38,0
2004-08-23T01:06:19, Critical path event 9,69,8
2004-08-23T01:15:46, Critical path event 9,89,10
2004-08-23T01:24:11, Misc. noise event 1,46,4
2004-08-23T01:26:04, Critical path event 9,5,4
2004-08-23T01:32:21, Critical path event 9,51,5
2004-08-23T01:34:44, Misc. noise event 2,67,9
2004-08-23T01:38:29, Critical path event 13,66,4
2004-08-23T01:47:12, Critical path event 14,33,4
2004-08-23T01:56:40, Critical path event 15,27,5
2004-08-23T02:04:14, Critical path event 16,23,3
2004-08-23T02:11:37, Critical path event 17,97,2
2004-08-23T02:25:15, Critical path event 18,91,4
2004-08-23T02:29:08, Misc. noise event 3,13,0
2004-08-23T02:32:37, Critical path event 19,98,5
2004-08-23T02:39:02, Misc. noise event 4,69,9
2004-08-23T02:41:46, Critical path event 19,72,9
2004-08-23T02:45:57, Critical path event 19,29,3
2004-08-23T02:50:29, Misc. noise event 5,98,2
2004-08-23T02:53:31, Critical path event 19,51,3

    ----------------some other thing --------------
    filesize :1024k
    alert-level : FATAL
    description: thing with pid 34345 died because 
        random java stacktrace 
        that is super noisy with numbers and datetimes 
Exception in thread "main" java.lang.NullPointerException
    at AnotherClassLoader.loadClass(test.java:58)
    at test.main(test.java:30)
    at Main.main(Main.java:68)
    -------------------------------------------- 
    2004-08-23T03:02:58, Critical path event 23,89,9
2004-08-23T03:13:16, Critical path event 24,89,7
2004-08-23T03:19:33, Critical path event 25,87,0
2004-08-23T03:25:41, Critical path event 26,24,5
2004-08-23T03:30:34, Misc. noise event 6,45,10
2004-08-23T03:34:24, Critical path event 27,46,0
2004-08-23T03:43:52, Critical path event 28,46,4
2004-08-23T03:51:26, Critical path event 29,48,6
2004-08-23T03:58:49, Critical path event 29,93,0
2004-08-23T04:10:35, Misc. noise event 7,14,6
2004-08-23T04:12:27, Critical path event 29,90,5
2004-08-23T04:19:49, Critical path event 29,22,8
2004-08-23T04:28:58, Critical path event 33,98,4
2004-08-23T04:32:23, Misc. noise event 8,71,0
2004-08-23T04:33:09, Critical path event 34,66,2
2004-08-23T04:40:43, Critical path event 35,52,10
2004-08-23T04:47:29, Misc. noise event 9,33,1
2004-08-23T04:50:10, Critical path event 36,45,9
2004-08-23T05:00:28, Critical path event 37,34,6
2004-08-23T05:06:45, Critical path event 38,47,4
2004-08-23T05:12:53, Critical path event 39,34,6
2004-08-23T05:21:36, Critical path event 19,27,4
2004-08-23T05:31:04, Critical path event 19,40,9
2004-08-23T05:36:34, Misc. noise event 10,42,6
2004-08-23T05:38:38, Critical path event 19,84,8
2004-08-23T05:46:01, Critical path event 19,27,3
2004-08-23T05:59:39, Critical path event 44,71,9
