--------------------------------------------------
datetime,message,random_int_1,random_int_2
--------------------------------------------------
2004-10-04T00:00:00, Critical path event 1,43,0
2004-10-04T00:09:16, Critical path event 2,78,10
2004-10-04T00:16:43, Critical path event 3,33,0
2004-10-04T00:24:31, Critical path event 4,47,5
2004-10-04T00:38:03, Critical path event 5,3,2
2004-10-04T00:54:42, Critical path event 6,28,2
2004-10-04T01:02:20, Misc. noise event 0,48,10
2004-10-04T01:02:26, Critical path event 7,30,5
2004-10-04T01:04:40, Misc. noise event 1,71,8
2004-10-04T01:06:52, Critical path event 8,12,2
2004-10-04T01:15:56, Critical path event 9,41,2
2004-10-04T01:39:45, Critical path event 9,7,4
2004-10-04T01:56:14, Misc. noise event 2,78,8
2004-10-04T02:00:25, Critical path event 9,61,8
2004-10-04T02:11:03, Critical path event 9,16,9
2004-10-04T02:30:10, Misc. noise event 3,56,10
2004-10-04T02:32:51, Critical path event 13,60,7
2004-10-04T02:42:12, Critical path event 14,58,4
2004-10-04T03:09:54, Critical path event 15,43,1
2004-10-04T03:30:39, Critical path event 16,60,1
2004-10-04T03:38:27, Critical path event 17,91,6
2004-10-04T03:56:13, Misc. noise event 4,22,5
2004-10-04T04:00:25, Critical path event 18,31,0
2004-10-04T04:06:49, Misc. noise event 5,97,2
2004-10-04T04:08:17, Critical path event 19,2,5
2004-10-04T04:16:01, Critical path event 19,14,1
2004-10-04T04:20:27, Critical path event 19,86,10
2004-10-04T04:29:31, Critical path event 19,9,8

    ----------------some other thing --------------
    filesize :1024k
    alert-level : FATAL
    description: thing with pid 34345 died because 
        random java stacktrace 
        that is super noisy with numbers and datetimes 
Exception in thread "main" java.lang.NullPointerException
    at AnotherClassLoader.loadClass(test.java:58)
    at test.main(test.java:30)
    at Main.main(Main.java:68)
    -------------------------------------------- 
    2004-10-04T04:38:44, Critical path event 23,40,2
2004-10-04T04:49:52, Misc. noise event 6,26,0
2004-10-04T04:50:38, Critical path event 24,90,3
2004-10-04T05:08:12, Critical path event 25,5,4
2004-10-04T05:22:25, Misc. noise event 7,47,4
2004-10-04T05:26:44, Critical path event 26,32,10
2004-10-04T05:48:02, Critical path event 27,77,7
2004-10-04T05:57:18, Critical path event 28,78,0
2004-10-04T06:04:45, Critical path event 29,5,3
2004-10-04T06:12:33, Critical path event 29,28,9
2004-10-04T06:26:05, Critical path event 29,5,10
2004-10-04T06:29:46, Misc. noise event 8,31,8
2004-10-04T06:33:57, Critical path event 29,75,7
2004-10-04T06:41:41, Critical path event 33,0,4
2004-10-04T06:46:07, Critical path event 34,82,0
2004-10-04T06:55:11, Critical path event 35,47,10
2004-10-04T07:12:36, Critical path event 36,67,2
2004-10-04T07:24:30, Critical path event 37,16,3
2004-10-04T07:32:19, Misc. noise event 9,44,9
2004-10-04T07:32:33, Critical path event 38,96,2
2004-10-04T07:40:50, Critical path event 39,98,1
2004-10-04T07:59:53, Misc. noise event 10,85,2
2004-10-04T08:04:49, Critical path event 19,14,1
2004-10-04T08:14:05, Critical path event 19,22,6
2004-10-04T08:21:32, Critical path event 19,79,8
2004-10-04T08:29:20, Critical path event 19,55,4
2004-10-04T08:42:52, Critical path event 44,95,5
