--------------------------------------------------
datetime,message,random_int_1,random_int_2
--------------------------------------------------
2004-12-27T00:00:00, Critical path event 1,81,0
2004-12-27T00:07:35, Misc. noise event 0,98,7
2004-12-27T00:08:40, Critical path event 2,43,0
2004-12-27T00:12:47, Misc. noise event 1,98,5
2004-12-27T00:17:15, Critical path event 3,25,3
2004-12-27T00:35:39, Critical path event 4,36,7
2004-12-27T01:11:11, Critical path event 5,72,2
2004-12-27T01:15:19, Misc. noise event 2,5,5
2004-12-27T01:18:45, Critical path event 6,98,0
2004-12-27T01:28:05, Critical path event 7,5,9
2004-12-27T01:32:19, Critical path event 8,0,0
2004-12-27T01:40:14, Critical path event 9,30,6
2004-12-27T01:49:23, Critical path event 9,17,0
2004-12-27T01:57:27, Misc. noise event 3,30,6
2004-12-27T01:59:03, Critical path event 9,30,4
2004-12-27T02:06:08, Critical path event 9,88,10
2004-12-27T02:09:41, Misc. noise event 4,21,1
2004-12-27T02:12:21, Critical path event 13,64,9
2004-12-27T02:21:09, Critical path event 14,65,8
2004-12-27T02:29:49, Critical path event 15,97,0
2004-12-27T02:38:24, Critical path event 16,19,8
2004-12-27T02:45:52, Critical path event 17,4,7
2004-12-27T03:00:11, Critical path event 18,83,8
2004-12-27T03:07:45, Critical path event 19,97,9
2004-12-27T03:30:51, Critical path event 19,97,8
2004-12-27T03:37:38, Critical path event 19,80,2
2004-12-27T03:59:30, Critical path event 19,73,6
2004-12-27T04:20:27, Misc. noise event 5,63,10

    ----------------some other thing --------------
    filesize :1024k
    alert-level : FATAL
    description: thing with pid 34345 died because 
        random java stacktrace 
        that is super noisy with numbers and datetimes 
Exception in thread "main" java.lang.NullPointerException
    at AnotherClassLoader.loadClass(test.java:58)
    at test.main(test.java:30)
    at Main.main(Main.java:68)
    -------------------------------------------- 
    2004-12-27T04:25:11, Critical path event 23,7,2
2004-12-27T04:34:51, Critical path event 24,88,7
2004-12-27T04:38:25, Misc. noise event 6,60,6
2004-12-27T04:41:56, Critical path event 25,67,5
2004-12-27T04:48:09, Critical path event 26,73,1
2004-12-27T04:56:57, Critical path event 27,18,4
2004-12-27T05:05:37, Critical path event 28,91,5
2004-12-27T05:22:14, Critical path event 29,26,7
2004-12-27T05:29:42, Critical path event 29,0,7
2004-12-27T05:44:01, Critical path event 29,37,2
2004-12-27T05:51:35, Critical path event 29,28,6
2004-12-27T06:13:32, Critical path event 33,90,6
2004-12-27T06:17:18, Misc. noise event 7,86,2
2004-12-27T06:17:46, Critical path event 34,46,0
2004-12-27T06:25:41, Critical path event 35,74,0
2004-12-27T06:30:45, Misc. noise event 8,83,2
2004-12-27T06:34:50, Critical path event 36,30,0
2004-12-27T06:40:49, Misc. noise event 9,72,0
2004-12-27T06:44:30, Critical path event 37,90,8
2004-12-27T06:51:35, Critical path event 38,59,9
2004-12-27T07:05:39, Critical path event 39,41,3
2004-12-27T07:14:27, Critical path event 19,58,1
2004-12-27T07:23:07, Critical path event 19,22,5
2004-12-27T07:31:42, Critical path event 19,54,3
2004-12-27T07:39:10, Critical path event 19,88,10
2004-12-27T07:53:11, Misc. noise event 10,29,0
2004-12-27T07:53:29, Critical path event 44,42,3
