--------------------------------------------------
datetime,message,random_int_1,random_int_2
--------------------------------------------------
2004-09-13T00:00:00, Critical path event 1,39,1
2004-09-13T00:07:27, Critical path event 2,19,1
2004-09-13T00:16:00, Critical path event 3,75,2
2004-09-13T00:24:11, Critical path event 4,50,0
2004-09-13T00:39:07, Critical path event 5,11,3
2004-09-13T00:47:29, Critical path event 6,30,1
2004-09-13T00:56:13, Critical path event 7,65,6
2004-09-13T01:00:25, Critical path event 8,44,10
2004-09-13T01:08:33, Critical path event 9,76,10
2004-09-13T01:17:47, Critical path event 9,51,10
2004-09-13T01:34:35, Misc. noise event 0,67,8
2004-09-13T01:34:48, Critical path event 9,46,8
2004-09-13T01:52:35, Misc. noise event 1,85,5
2004-09-13T01:56:52, Critical path event 9,11,2
2004-09-13T02:08:57, Critical path event 13,30,1
2004-09-13T02:15:29, Misc. noise event 2,51,6
2004-09-13T02:16:31, Critical path event 14,97,0
2004-09-13T02:23:58, Critical path event 15,38,2
2004-09-13T02:32:31, Critical path event 16,62,8
2004-09-13T02:51:34, Misc. noise event 3,22,9
2004-09-13T02:52:43, Critical path event 17,32,6
2004-09-13T03:07:39, Critical path event 18,10,2
2004-09-13T03:13:07, Misc. noise event 4,68,5
2004-09-13T03:16:01, Critical path event 19,46,1
2004-09-13T03:20:28, Misc. noise event 5,5,10
2004-09-13T03:24:45, Critical path event 19,7,9
2004-09-13T03:34:36, Critical path event 19,69,8
2004-09-13T03:42:44, Critical path event 19,12,0

    ----------------some other thing --------------
    filesize :1024k
    alert-level : FATAL
    description: thing with pid 34345 died because 
        random java stacktrace 
        that is super noisy with numbers and datetimes 
Exception in thread "main" java.lang.NullPointerException
    at AnotherClassLoader.loadClass(test.java:58)
    at test.main(test.java:30)
    at Main.main(Main.java:68)
    -------------------------------------------- 
    2004-09-13T03:51:58, Critical path event 23,68,0
2004-09-13T04:09:36, Misc. noise event 6,75,7
2004-09-13T04:11:54, Critical path event 24,33,4
2004-09-13T04:21:15, Critical path event 25,62,3
2004-09-13T04:28:04, Critical path event 26,12,4
2004-09-13T04:35:25, Misc. noise event 7,51,6
2004-09-13T04:35:38, Critical path event 27,30,10
2004-09-13T04:43:05, Critical path event 28,8,8
2004-09-13T04:55:33, Critical path event 29,91,0
2004-09-13T05:08:51, Misc. noise event 8,85,2
2004-09-13T05:12:59, Critical path event 29,55,10
2004-09-13T05:47:43, Critical path event 29,18,5
2004-09-13T05:56:05, Critical path event 29,74,10
2004-09-13T06:04:49, Critical path event 33,58,10
2004-09-13T06:09:01, Critical path event 34,9,9
2004-09-13T06:14:53, Misc. noise event 9,8,1
2004-09-13T06:18:01, Critical path event 35,65,7
2004-09-13T06:27:15, Critical path event 36,89,10
2004-09-13T06:39:11, Critical path event 37,38,1
2004-09-13T07:00:48, Misc. noise event 10,97,7
2004-09-13T07:02:01, Critical path event 38,48,5
2004-09-13T07:08:50, Critical path event 39,50,1
2004-09-13T07:16:24, Critical path event 19,84,6
2004-09-13T07:23:51, Critical path event 19,65,1
2004-09-13T07:32:24, Critical path event 19,70,10
2004-09-13T07:40:35, Critical path event 19,27,8
2004-09-13T07:55:31, Critical path event 44,55,3
