--------------------------------------------------
datetime,message,random_int_1,random_int_2
--------------------------------------------------
2004-04-26T00:00:00, Critical path event 1,90,0
2004-04-26T00:09:22, Critical path event 2,54,1
2004-04-26T00:16:36, Critical path event 3,5,4
2004-04-26T00:24:48, Critical path event 4,72,1
2004-04-26T00:38:18, Critical path event 5,38,0
2004-04-26T00:45:52, Critical path event 6,79,9
2004-04-26T00:54:28, Critical path event 7,23,3
2004-04-26T00:59:32, Critical path event 8,0,1
2004-04-26T01:07:32, Critical path event 9,46,7
2004-04-26T01:15:27, Critical path event 9,9,1
2004-04-26T01:24:00, Misc. noise event 0,25,2
2004-04-26T01:26:51, Critical path event 9,17,1
2004-04-26T01:33:49, Critical path event 9,74,8
2004-04-26T01:41:50, Critical path event 13,69,10
2004-04-26T01:51:25, Critical path event 14,24,3
2004-04-26T01:58:02, Misc. noise event 1,77,9
2004-04-26T02:00:47, Critical path event 15,57,2
2004-04-26T02:04:29, Misc. noise event 2,64,0
2004-04-26T02:08:01, Critical path event 16,95,6
2004-04-26T02:16:13, Critical path event 17,84,4
2004-04-26T02:29:43, Critical path event 18,96,5
2004-04-26T02:37:17, Critical path event 19,64,9
2004-04-26T02:45:53, Critical path event 19,61,0
2004-04-26T02:50:57, Critical path event 19,0,4
2004-04-26T02:58:57, Critical path event 19,22,6
2004-04-26T03:05:32, Misc. noise event 3,45,10
2004-04-26T03:06:52, Critical path event 23,3,5
2004-04-26T03:16:36, Misc. noise event 4,47,0

    ----------------some other thing --------------
    filesize :1024k
    alert-level : FATAL
    description: thing with pid 34345 died because 
        random java stacktrace 
        that is super noisy with numbers and datetimes 
Exception in thread "main" java.lang.NullPointerException
    at AnotherClassLoader.loadClass(test.java:58)
    at test.main(test.java:30)
    at Main.main(Main.java:68)
    -------------------------------------------- 
    2004-04-26T03:18:16, Critical path event 24,92,6
2004-04-26T03:23:37, Misc. noise event 5,7,10
2004-04-26T03:25:14, Critical path event 25,32,2
2004-04-26T03:33:15, Critical path event 26,100,10
2004-04-26T03:42:50, Critical path event 27,90,3
2004-04-26T03:52:12, Critical path event 28,16,7
2004-04-26T03:59:26, Critical path event 29,48,6
2004-04-26T04:07:21, Misc. noise event 6,13,6
2004-04-26T04:07:38, Critical path event 29,96,4
2004-04-26T04:19:03, Misc. noise event 7,51,5
2004-04-26T04:21:08, Critical path event 29,51,8
2004-04-26T04:28:42, Critical path event 29,16,9
2004-04-26T04:37:04, Misc. noise event 8,85,8
2004-04-26T04:37:18, Critical path event 33,15,2
2004-04-26T04:42:22, Critical path event 34,51,5
2004-04-26T04:50:22, Critical path event 35,51,10
2004-04-26T04:58:17, Critical path event 36,23,6
2004-04-26T05:09:41, Critical path event 37,40,3
2004-04-26T05:14:59, Misc. noise event 9,31,2
2004-04-26T05:16:39, Critical path event 38,46,4
2004-04-26T05:24:40, Critical path event 39,43,2
2004-04-26T05:34:15, Critical path event 19,94,0
2004-04-26T05:43:37, Critical path event 19,69,7
2004-04-26T05:48:49, Misc. noise event 10,68,4
2004-04-26T05:50:51, Critical path event 19,67,5
2004-04-26T05:59:03, Critical path event 19,23,0
2004-04-26T06:12:33, Critical path event 44,74,9
