--------------------------------------------------
datetime,message,random_int_1,random_int_2
--------------------------------------------------
2004-06-28T00:00:00, Critical path event 1,81,7
2004-06-28T00:07:54, Misc. noise event 0,60,9
2004-06-28T00:09:12, Critical path event 2,37,8
2004-06-28T00:18:43, Critical path event 3,79,2
2004-06-28T00:28:03, Critical path event 4,42,1
2004-06-28T00:42:26, Misc. noise event 1,23,3
2004-06-28T00:42:40, Critical path event 5,17,5
2004-06-28T00:51:13, Critical path event 6,4,2
2004-06-28T00:54:02, Misc. noise event 2,19,6
2004-06-28T00:58:56, Critical path event 7,98,9
2004-06-28T01:03:07, Critical path event 8,86,4
2004-06-28T01:11:02, Critical path event 9,45,5
2004-06-28T01:20:01, Critical path event 9,18,5
2004-06-28T01:28:08, Misc. noise event 3,58,7
2004-06-28T01:29:56, Critical path event 9,18,7
2004-06-28T01:36:18, Critical path event 9,91,0
2004-06-28T01:43:07, Critical path event 13,99,6
2004-06-28T01:51:14, Critical path event 14,13,10
2004-06-28T01:56:10, Misc. noise event 4,71,9
2004-06-28T02:00:26, Critical path event 15,44,6
2004-06-28T02:09:57, Critical path event 16,74,10
2004-06-28T02:19:14, Misc. noise event 5,24,0
2004-06-28T02:19:17, Critical path event 17,32,4
2004-06-28T02:33:54, Critical path event 18,80,1
2004-06-28T02:42:27, Critical path event 19,70,5
2004-06-28T02:50:10, Critical path event 19,92,0
2004-06-28T02:54:21, Critical path event 19,86,1
2004-06-28T03:02:16, Critical path event 19,65,2

    ----------------some other thing --------------
    filesize :1024k
    alert-level : FATAL
    description: thing with pid 34345 died because 
        random java stacktrace 
        that is super noisy with numbers and datetimes 
Exception in thread "main" java.lang.NullPointerException
    at AnotherClassLoader.loadClass(test.java:58)
    at test.main(test.java:30)
    at Main.main(Main.java:68)
    -------------------------------------------- 
    2004-06-28T03:11:15, Critical path event 23,68,8
2004-06-28T03:21:10, Critical path event 24,93,6
2004-06-28T03:27:32, Critical path event 25,63,10
2004-06-28T03:32:52, Misc. noise event 6,67,8
2004-06-28T03:34:21, Critical path event 26,19,7
2004-06-28T03:42:28, Critical path event 27,86,4
2004-06-28T03:51:40, Critical path event 28,87,8
2004-06-28T04:01:11, Critical path event 29,59,8
2004-06-28T04:10:31, Critical path event 29,53,5
2004-06-28T04:23:15, Misc. noise event 7,59,10
2004-06-28T04:25:08, Critical path event 29,73,1
2004-06-28T04:33:41, Critical path event 29,51,6
2004-06-28T04:41:24, Critical path event 33,92,0
2004-06-28T04:45:35, Critical path event 34,94,6
2004-06-28T04:53:30, Critical path event 35,59,8
2004-06-28T05:00:44, Misc. noise event 8,65,0
2004-06-28T05:02:29, Critical path event 36,56,6
2004-06-28T05:12:24, Critical path event 37,13,10
2004-06-28T05:17:03, Misc. noise event 9,32,10
2004-06-28T05:18:46, Critical path event 38,99,4
2004-06-28T05:25:35, Critical path event 39,17,6
2004-06-28T05:33:42, Critical path event 19,32,7
2004-06-28T05:42:54, Critical path event 19,59,0
2004-06-28T05:52:25, Critical path event 19,79,2
2004-06-28T06:00:51, Misc. noise event 10,39,7
2004-06-28T06:01:45, Critical path event 19,51,4
2004-06-28T06:16:22, Critical path event 44,95,9
