--------------------------------------------------
datetime,message,random_int_1,random_int_2
--------------------------------------------------
2004-06-21T00:00:00, Critical path event 1,15,5
2004-06-21T00:07:21, Critical path event 2,60,7
2004-06-21T00:16:13, Critical path event 3,54,10
2004-06-21T00:25:46, Critical path event 4,19,10
2004-06-21T00:40:39, Critical path event 5,62,4
2004-06-21T00:50:04, Critical path event 6,39,4
2004-06-21T00:53:18, Misc. noise event 0,73,10
2004-06-21T00:58:07, Critical path event 7,99,4
2004-06-21T01:03:30, Critical path event 8,78,4
2004-06-21T01:10:43, Critical path event 9,97,6
2004-06-21T01:20:23, Critical path event 9,75,2
2004-06-21T01:27:26, Misc. noise event 1,42,8
2004-06-21T01:31:19, Critical path event 9,8,9
2004-06-21T01:46:58, Critical path event 9,100,3
2004-06-21T01:53:58, Critical path event 13,40,7
2004-06-21T02:01:12, Critical path event 14,61,0
2004-06-21T02:20:19, Misc. noise event 2,54,6
2004-06-21T02:22:40, Critical path event 15,32,7
2004-06-21T02:31:32, Critical path event 16,87,5
2004-06-21T02:41:05, Critical path event 17,7,9
2004-06-21T02:55:58, Critical path event 18,16,4
2004-06-21T03:05:23, Critical path event 19,52,4
2004-06-21T03:13:26, Critical path event 19,30,7
2004-06-21T03:18:49, Critical path event 19,15,3
2004-06-21T03:26:02, Critical path event 19,72,4
2004-06-21T03:33:47, Critical path event 23,88,8
2004-06-21T03:40:02, Misc. noise event 3,35,0
2004-06-21T03:44:43, Critical path event 24,64,9

    ----------------some other thing --------------
    filesize :1024k
    alert-level : FATAL
    description: thing with pid 34345 died because 
        random java stacktrace 
        that is super noisy with numbers and datetimes 
Exception in thread "main" java.lang.NullPointerException
    at AnotherClassLoader.loadClass(test.java:58)
    at test.main(test.java:30)
    at Main.main(Main.java:68)
    -------------------------------------------- 
    2004-06-21T03:54:40, Critical path event 25,9,9
2004-06-21T04:01:40, Critical path event 26,35,4
2004-06-21T04:08:54, Critical path event 27,78,4
2004-06-21T04:16:13, Misc. noise event 4,32,8
2004-06-21T04:16:15, Critical path event 28,93,8
2004-06-21T04:22:06, Misc. noise event 5,82,6
2004-06-21T04:25:07, Critical path event 29,14,9
2004-06-21T04:34:40, Critical path event 29,95,4
2004-06-21T04:45:09, Misc. noise event 6,36,10
2004-06-21T04:49:33, Critical path event 29,27,8
2004-06-21T04:55:51, Misc. noise event 7,3,4
2004-06-21T04:58:58, Critical path event 29,87,0
2004-06-21T05:09:53, Critical path event 33,26,9
2004-06-21T05:12:20, Misc. noise event 8,90,1
2004-06-21T05:15:53, Critical path event 34,42,0
2004-06-21T05:23:06, Critical path event 35,7,1
2004-06-21T05:30:51, Critical path event 36,10,1
2004-06-21T05:41:47, Critical path event 37,94,0
2004-06-21T06:06:44, Critical path event 38,14,7
2004-06-21T06:13:44, Critical path event 39,49,4
2004-06-21T06:32:24, Critical path event 19,94,2
2004-06-21T06:36:33, Misc. noise event 9,60,10
2004-06-21T06:39:45, Critical path event 19,33,9
2004-06-21T06:48:37, Critical path event 19,58,0
2004-06-21T06:58:10, Critical path event 19,42,10
2004-06-21T07:11:38, Misc. noise event 10,63,9
2004-06-21T07:13:03, Critical path event 44,5,4
