--------------------------------------------------
datetime,message,random_int_1,random_int_2
--------------------------------------------------
2004-10-17T23:57:55, Misc. noise event 0,90,0
2004-10-18T00:00:00, Critical path event 1,34,9
2004-10-18T00:04:59, Misc. noise event 1,10,7
2004-10-18T00:07:40, Critical path event 2,87,6
2004-10-18T00:15:06, Critical path event 3,69,10
2004-10-18T00:24:32, Critical path event 4,60,3
2004-10-18T00:39:17, Critical path event 5,99,9
2004-10-18T00:48:19, Critical path event 6,86,1
2004-10-18T00:54:35, Misc. noise event 2,56,9
2004-10-18T00:57:42, Critical path event 7,5,7
2004-10-18T01:01:44, Critical path event 8,54,3
2004-10-18T01:10:20, Critical path event 9,28,0
2004-10-18T01:23:53, Critical path event 9,50,5
2004-10-18T01:53:50, Critical path event 9,40,4
2004-10-18T02:14:05, Critical path event 9,82,9
2004-10-18T02:20:08, Critical path event 13,27,4
2004-10-18T02:27:30, Misc. noise event 3,38,1
2004-10-18T02:27:36, Critical path event 14,73,1
2004-10-18T02:35:16, Critical path event 15,75,3
2004-10-18T02:43:13, Critical path event 16,99,4
2004-10-18T02:52:39, Critical path event 17,56,7
2004-10-18T03:18:51, Critical path event 18,85,7
2004-10-18T03:27:53, Critical path event 19,54,2
2004-10-18T03:37:16, Critical path event 19,43,10
2004-10-18T03:41:18, Critical path event 19,34,9
2004-10-18T03:45:54, Misc. noise event 4,26,10
2004-10-18T03:50:06, Critical path event 19,30,6
2004-10-18T03:58:15, Critical path event 23,51,10

    ----------------some other thing --------------
    filesize :1024k
    alert-level : FATAL
    description: thing with pid 34345 died because 
        random java stacktrace 
        that is super noisy with numbers and datetimes 
Exception in thread "main" java.lang.NullPointerException
    at AnotherClassLoader.loadClass(test.java:58)
    at test.main(test.java:30)
    at Main.main(Main.java:68)
    -------------------------------------------- 
    2004-10-18T04:06:53, Misc. noise event 5,34,5
2004-10-18T04:11:48, Critical path event 24,42,0
2004-10-18T04:20:22, Critical path event 25,78,7
2004-10-18T04:27:25, Critical path event 26,38,1
2004-10-18T04:44:42, Critical path event 27,23,6
2004-10-18T04:52:22, Critical path event 28,100,2
2004-10-18T04:55:00, Misc. noise event 6,96,1
2004-10-18T04:59:48, Critical path event 29,37,9
2004-10-18T05:09:14, Critical path event 29,99,6
2004-10-18T05:23:59, Critical path event 29,97,10
2004-10-18T05:45:51, Critical path event 29,6,0
2004-10-18T05:55:14, Critical path event 33,6,4
2004-10-18T05:57:37, Misc. noise event 7,97,7
2004-10-18T05:59:39, Critical path event 34,10,3
2004-10-18T06:07:53, Misc. noise event 8,50,5
2004-10-18T06:08:15, Critical path event 35,49,2
2004-10-18T06:23:48, Critical path event 36,45,0
2004-10-18T06:57:25, Critical path event 37,78,2
2004-10-18T07:06:48, Misc. noise event 9,53,8
2004-10-18T07:10:11, Critical path event 38,18,7
2004-10-18T07:16:14, Critical path event 39,20,10
2004-10-18T07:23:42, Critical path event 19,32,1
2004-10-18T07:29:27, Misc. noise event 10,15,5
2004-10-18T07:31:22, Critical path event 19,30,0
2004-10-18T07:38:48, Critical path event 19,88,8
2004-10-18T07:48:14, Critical path event 19,83,1
2004-10-18T08:02:59, Critical path event 44,65,10
