--------------------------------------------------
datetime,message,random_int_1,random_int_2
--------------------------------------------------
2004-06-14T00:00:00, Critical path event 1,10,3
2004-06-14T00:08:05, Critical path event 2,24,2
2004-06-14T00:17:09, Critical path event 3,1,9
2004-06-14T00:24:32, Critical path event 4,3,6
2004-06-14T00:38:34, Critical path event 5,58,9
2004-06-14T00:47:07, Critical path event 6,34,8
2004-06-14T00:51:59, Misc. noise event 0,27,7
2004-06-14T00:54:29, Critical path event 7,28,3
2004-06-14T00:58:35, Critical path event 8,57,5
2004-06-14T01:07:11, Critical path event 9,87,1
2004-06-14T01:16:20, Critical path event 9,73,10
2004-06-14T01:27:54, Critical path event 9,62,8
2004-06-14T01:31:41, Misc. noise event 1,82,7
2004-06-14T01:35:38, Critical path event 9,11,9
2004-06-14T01:43:58, Critical path event 13,40,4
2004-06-14T01:51:26, Misc. noise event 2,94,5
2004-06-14T01:52:44, Critical path event 14,87,4
2004-06-14T02:00:49, Critical path event 15,21,5
2004-06-14T02:09:53, Critical path event 16,11,6
2004-06-14T02:15:24, Misc. noise event 3,65,2
2004-06-14T02:17:16, Critical path event 17,46,4
2004-06-14T02:30:03, Misc. noise event 4,17,4
2004-06-14T02:31:18, Critical path event 18,69,7
2004-06-14T02:37:20, Misc. noise event 5,94,3
2004-06-14T02:39:51, Critical path event 19,6,6
2004-06-14T02:47:13, Critical path event 19,7,6
2004-06-14T02:49:28, Misc. noise event 6,14,0
2004-06-14T02:51:19, Critical path event 19,29,9

    ----------------some other thing --------------
    filesize :1024k
    alert-level : FATAL
    description: thing with pid 34345 died because 
        random java stacktrace 
        that is super noisy with numbers and datetimes 
Exception in thread "main" java.lang.NullPointerException
    at AnotherClassLoader.loadClass(test.java:58)
    at test.main(test.java:30)
    at Main.main(Main.java:68)
    -------------------------------------------- 
    2004-06-14T02:59:55, Critical path event 19,43,4
2004-06-14T03:09:04, Critical path event 23,9,10
2004-06-14T03:20:38, Critical path event 24,55,6
2004-06-14T03:23:52, Misc. noise event 7,63,3
2004-06-14T03:28:22, Critical path event 25,84,5
2004-06-14T03:36:42, Critical path event 26,16,3
2004-06-14T03:45:28, Critical path event 27,57,4
2004-06-14T03:53:33, Critical path event 28,95,5
2004-06-14T04:02:37, Critical path event 29,32,3
2004-06-14T04:09:29, Misc. noise event 8,90,3
2004-06-14T04:10:00, Critical path event 29,96,2
2004-06-14T04:24:02, Critical path event 29,85,1
2004-06-14T04:32:35, Critical path event 29,87,6
2004-06-14T04:39:57, Critical path event 33,7,1
2004-06-14T04:44:03, Critical path event 34,28,6
2004-06-14T04:52:39, Critical path event 35,1,3
2004-06-14T05:01:48, Critical path event 36,27,1
2004-06-14T05:13:22, Critical path event 37,11,8
2004-06-14T05:17:50, Misc. noise event 9,58,2
2004-06-14T05:21:06, Critical path event 38,46,3
2004-06-14T05:28:20, Misc. noise event 10,12,2
2004-06-14T05:29:26, Critical path event 39,16,10
2004-06-14T05:38:12, Critical path event 19,76,6
2004-06-14T05:46:17, Critical path event 19,80,6
2004-06-14T05:55:21, Critical path event 19,92,8
2004-06-14T06:02:44, Critical path event 19,81,5
2004-06-14T06:16:46, Critical path event 44,29,7
