--------------------------------------------------
datetime,message,random_int_1,random_int_2
--------------------------------------------------
2004-05-31T00:00:00, Critical path event 1,37,5
2004-05-31T00:07:14, Critical path event 2,30,8
2004-05-31T00:16:04, Critical path event 3,45,3
2004-05-31T00:23:38, Critical path event 4,75,2
2004-05-31T00:51:36, Critical path event 5,54,0
2004-05-31T00:59:50, Critical path event 6,54,10
2004-05-31T01:19:49, Critical path event 7,99,2
2004-05-31T01:20:20, Misc. noise event 0,50,6
2004-05-31T01:24:51, Critical path event 8,46,2
2004-05-31T01:32:28, Critical path event 9,92,1
2004-05-31T01:40:18, Critical path event 9,86,2
2004-05-31T01:54:22, Critical path event 9,29,1
2004-05-31T02:04:14, Misc. noise event 1,98,10
2004-05-31T02:04:31, Critical path event 9,7,0
2004-05-31T02:10:38, Critical path event 13,37,7
2004-05-31T02:19:38, Critical path event 14,66,6
2004-05-31T02:33:08, Critical path event 15,98,1
2004-05-31T02:41:49, Misc. noise event 2,24,10
2004-05-31T02:41:58, Critical path event 16,23,3
2004-05-31T02:49:32, Critical path event 17,5,6
2004-05-31T03:03:34, Misc. noise event 3,4,9
2004-05-31T03:04:57, Critical path event 18,46,8
2004-05-31T03:13:11, Critical path event 19,63,1
2004-05-31T03:17:53, Misc. noise event 4,83,8
2004-05-31T03:21:58, Critical path event 19,88,8
2004-05-31T03:27:00, Critical path event 19,52,8
2004-05-31T03:34:37, Critical path event 19,58,2
2004-05-31T03:40:58, Misc. noise event 5,41,5

    ----------------some other thing --------------
    filesize :1024k
    alert-level : FATAL
    description: thing with pid 34345 died because 
        random java stacktrace 
        that is super noisy with numbers and datetimes 
Exception in thread "main" java.lang.NullPointerException
    at AnotherClassLoader.loadClass(test.java:58)
    at test.main(test.java:30)
    at Main.main(Main.java:68)
    -------------------------------------------- 
    2004-05-31T03:42:27, Critical path event 23,72,10
2004-05-31T03:53:22, Critical path event 24,79,6
2004-05-31T03:58:25, Misc. noise event 6,84,2
2004-05-31T04:01:34, Critical path event 25,72,7
2004-05-31T04:07:41, Critical path event 26,100,0
2004-05-31T04:16:41, Critical path event 27,42,4
2004-05-31T04:23:55, Critical path event 28,72,0
2004-05-31T04:32:45, Critical path event 29,45,10
2004-05-31T04:39:09, Misc. noise event 7,38,4
2004-05-31T04:40:19, Critical path event 29,34,9
2004-05-31T04:55:44, Critical path event 29,14,10
2004-05-31T05:03:58, Critical path event 29,27,4
2004-05-31T05:18:13, Critical path event 33,65,10
2004-05-31T05:30:15, Misc. noise event 8,88,3
2004-05-31T05:32:49, Critical path event 34,11,4
2004-05-31T05:40:26, Critical path event 35,8,8
2004-05-31T05:48:16, Critical path event 36,85,1
2004-05-31T05:57:41, Misc. noise event 9,4,4
2004-05-31T05:59:11, Critical path event 37,72,5
2004-05-31T06:05:53, Critical path event 38,35,6
2004-05-31T06:08:03, Misc. noise event 10,59,3
2004-05-31T06:12:00, Critical path event 39,60,4
2004-05-31T06:21:00, Critical path event 19,5,7
2004-05-31T06:28:14, Critical path event 19,41,1
2004-05-31T06:37:04, Critical path event 19,39,4
2004-05-31T06:44:38, Critical path event 19,70,9
2004-05-31T07:00:03, Critical path event 44,91,5
