--------------------------------------------------
datetime,message,random_int_1,random_int_2
--------------------------------------------------
2004-03-08T00:00:00, Critical path event 1,50,6
2004-03-08T00:08:24, Critical path event 2,100,5
2004-03-08T00:13:20, Misc. noise event 0,81,5
2004-03-08T00:17:14, Critical path event 3,37,4
2004-03-08T00:26:13, Critical path event 4,94,0
2004-03-08T00:37:30, Misc. noise event 1,10,2
2004-03-08T00:41:27, Critical path event 5,49,7
2004-03-08T00:48:40, Critical path event 6,38,0
2004-03-08T00:57:29, Critical path event 7,38,6
2004-03-08T01:02:07, Misc. noise event 2,29,7
2004-03-08T01:02:17, Critical path event 8,22,6
2004-03-08T01:09:55, Critical path event 9,80,7
2004-03-08T01:17:17, Critical path event 9,35,1
2004-03-08T01:28:29, Critical path event 9,100,8
2004-03-08T01:36:35, Critical path event 9,56,4
2004-03-08T01:43:37, Misc. noise event 3,19,7
2004-03-08T01:44:48, Critical path event 13,16,1
2004-03-08T01:53:02, Critical path event 14,79,10
2004-03-08T02:01:26, Critical path event 15,98,4
2004-03-08T02:10:16, Critical path event 16,93,6
2004-03-08T02:19:15, Critical path event 17,9,2
2004-03-08T02:34:29, Critical path event 18,42,8
2004-03-08T02:37:53, Misc. noise event 4,8,5
2004-03-08T02:41:42, Critical path event 19,20,0
2004-03-08T02:50:31, Critical path event 19,73,6
2004-03-08T02:55:19, Critical path event 19,71,2
2004-03-08T03:02:57, Critical path event 19,9,4
2004-03-08T03:10:19, Critical path event 23,75,1

    ----------------some other thing --------------
    filesize :1024k
    alert-level : FATAL
    description: thing with pid 34345 died because 
        random java stacktrace 
        that is super noisy with numbers and datetimes 
Exception in thread "main" java.lang.NullPointerException
    at AnotherClassLoader.loadClass(test.java:58)
    at test.main(test.java:30)
    at Main.main(Main.java:68)
    -------------------------------------------- 
    2004-03-08T03:21:31, Critical path event 24,17,7
2004-03-08T03:29:37, Critical path event 25,23,3
2004-03-08T03:37:50, Critical path event 26,49,2
2004-03-08T03:46:04, Critical path event 27,53,0
2004-03-08T03:52:27, Misc. noise event 5,71,7
2004-03-08T03:54:28, Critical path event 28,33,2
2004-03-08T04:03:18, Critical path event 29,65,1
2004-03-08T04:12:17, Critical path event 29,98,9
2004-03-08T04:27:31, Critical path event 29,97,7
2004-03-08T04:30:35, Misc. noise event 6,57,4
2004-03-08T04:34:44, Critical path event 29,28,10
2004-03-08T04:41:48, Misc. noise event 7,0,2
2004-03-08T04:43:33, Critical path event 33,88,7
2004-03-08T04:48:21, Critical path event 34,5,7
2004-03-08T04:55:59, Critical path event 35,24,3
2004-03-08T05:03:21, Critical path event 36,16,0
2004-03-08T05:13:11, Misc. noise event 8,47,2
2004-03-08T05:14:33, Critical path event 37,43,0
2004-03-08T05:22:39, Critical path event 38,20,4
2004-03-08T05:27:34, Misc. noise event 9,7,1
2004-03-08T05:30:52, Critical path event 39,64,9
2004-03-08T05:39:06, Critical path event 19,26,10
2004-03-08T05:47:30, Critical path event 19,67,5
2004-03-08T05:53:05, Misc. noise event 10,9,2
2004-03-08T05:56:20, Critical path event 19,99,1
2004-03-08T06:05:19, Critical path event 19,68,5
2004-03-08T06:20:33, Critical path event 44,3,1
