--------------------------------------------------
datetime,message,random_int_1,random_int_2
--------------------------------------------------
2004-02-23T00:00:00, Critical path event 1,60,4
2004-02-23T00:09:31, Critical path event 2,97,1
2004-02-23T00:27:58, Critical path event 3,97,7
2004-02-23T00:35:15, Critical path event 4,78,3
2004-02-23T00:49:08, Critical path event 5,11,4
2004-02-23T00:53:00, Misc. noise event 0,33,5
2004-02-23T00:57:51, Critical path event 6,19,2
2004-02-23T01:05:32, Critical path event 7,52,10
2004-02-23T01:11:13, Critical path event 8,41,10
2004-02-23T01:19:58, Critical path event 9,33,3
2004-02-23T01:24:06, Misc. noise event 1,70,7
2004-02-23T01:28:31, Critical path event 9,28,4
2004-02-23T01:40:08, Critical path event 9,59,3
2004-02-23T01:48:13, Critical path event 9,40,4
2004-02-23T01:56:13, Critical path event 13,47,2
2004-02-23T02:03:40, Critical path event 14,77,4
2004-02-23T02:13:11, Critical path event 15,53,1
2004-02-23T02:21:14, Critical path event 16,67,6
2004-02-23T02:28:31, Critical path event 17,20,6
2004-02-23T02:49:07, Critical path event 18,55,4
2004-02-23T02:57:50, Critical path event 19,55,8
2004-02-23T03:04:54, Misc. noise event 2,18,0
2004-02-23T03:05:31, Critical path event 19,75,4
2004-02-23T03:10:15, Misc. noise event 3,96,1
2004-02-23T03:11:12, Critical path event 19,83,2
2004-02-23T03:19:57, Critical path event 19,57,5
2004-02-23T03:28:17, Misc. noise event 4,65,6
2004-02-23T03:28:30, Critical path event 23,80,6

    ----------------some other thing --------------
    filesize :1024k
    alert-level : FATAL
    description: thing with pid 34345 died because 
        random java stacktrace 
        that is super noisy with numbers and datetimes 
Exception in thread "main" java.lang.NullPointerException
    at AnotherClassLoader.loadClass(test.java:58)
    at test.main(test.java:30)
    at Main.main(Main.java:68)
    -------------------------------------------- 
    2004-02-23T03:40:07, Critical path event 24,30,7
2004-02-23T04:00:25, Critical path event 25,52,7
2004-02-23T04:10:14, Misc. noise event 5,36,3
2004-02-23T04:11:35, Critical path event 26,23,3
2004-02-23T04:16:48, Misc. noise event 6,46,3
2004-02-23T04:19:02, Critical path event 27,37,4
2004-02-23T04:28:33, Critical path event 28,93,8
2004-02-23T04:31:42, Misc. noise event 7,10,5
2004-02-23T04:36:36, Critical path event 29,81,4
2004-02-23T04:54:13, Critical path event 29,61,6
2004-02-23T05:03:35, Misc. noise event 8,37,7
2004-02-23T05:08:06, Critical path event 29,60,9
2004-02-23T05:16:49, Critical path event 29,49,7
2004-02-23T05:36:22, Critical path event 33,69,1
2004-02-23T05:50:16, Critical path event 34,40,7
2004-02-23T05:56:56, Misc. noise event 9,33,10
2004-02-23T05:59:01, Critical path event 35,88,8
2004-02-23T06:06:25, Misc. noise event 10,29,8
2004-02-23T06:07:34, Critical path event 36,89,1
2004-02-23T06:19:11, Critical path event 37,5,8
2004-02-23T06:27:16, Critical path event 38,83,6
2004-02-23T06:43:17, Critical path event 39,62,3
2004-02-23T06:59:42, Critical path event 19,62,10
2004-02-23T07:09:13, Critical path event 19,92,7
2004-02-23T07:17:16, Critical path event 19,93,8
2004-02-23T07:24:33, Critical path event 19,19,3
2004-02-23T07:57:34, Critical path event 44,22,10
