--------------------------------------------------
datetime,message,random_int_1,random_int_2
--------------------------------------------------
2004-09-06T00:00:00, Critical path event 1,56,3
2004-09-06T00:10:37, Misc. noise event 0,47,3
2004-09-06T00:11:55, Critical path event 2,68,10
2004-09-06T00:21:02, Critical path event 3,16,6
2004-09-06T00:29:06, Critical path event 4,24,2
2004-09-06T00:42:30, Misc. noise event 1,24,5
2004-09-06T00:43:17, Critical path event 5,88,1
2004-09-06T00:50:32, Critical path event 6,76,7
2004-09-06T00:58:28, Critical path event 7,64,10
2004-09-06T00:59:18, Misc. noise event 2,80,4
2004-09-06T01:03:49, Critical path event 8,83,5
2004-09-06T01:11:48, Critical path event 9,26,1
2004-09-06T01:20:54, Critical path event 9,27,7
2004-09-06T01:32:35, Critical path event 9,59,1
2004-09-06T01:40:07, Critical path event 9,49,2
2004-09-06T01:47:19, Critical path event 13,43,9
2004-09-06T02:14:04, Critical path event 14,54,7
2004-09-06T02:23:10, Critical path event 15,2,10
2004-09-06T02:45:57, Critical path event 16,55,0
2004-09-06T02:54:01, Critical path event 17,9,1
2004-09-06T03:05:10, Misc. noise event 3,97,2
2004-09-06T03:08:12, Critical path event 18,59,8
2004-09-06T03:12:36, Misc. noise event 4,49,0
2004-09-06T03:15:27, Critical path event 19,35,2
2004-09-06T03:23:23, Critical path event 19,22,5
2004-09-06T03:28:44, Critical path event 19,61,8
2004-09-06T03:46:58, Critical path event 19,90,5
2004-09-06T03:55:21, Misc. noise event 5,49,4

    ----------------some other thing --------------
    filesize :1024k
    alert-level : FATAL
    description: thing with pid 34345 died because 
        random java stacktrace 
        that is super noisy with numbers and datetimes 
Exception in thread "main" java.lang.NullPointerException
    at AnotherClassLoader.loadClass(test.java:58)
    at test.main(test.java:30)
    at Main.main(Main.java:68)
    -------------------------------------------- 
    2004-09-06T03:56:04, Critical path event 23,14,2
2004-09-06T04:11:00, Misc. noise event 6,6,0
2004-09-06T04:15:11, Critical path event 24,89,7
2004-09-06T04:21:44, Misc. noise event 7,95,1
2004-09-06T04:22:43, Critical path event 25,61,5
2004-09-06T04:43:42, Misc. noise event 8,35,2
2004-09-06T04:43:48, Critical path event 26,6,9
2004-09-06T04:53:19, Critical path event 27,64,10
2004-09-06T05:19:23, Critical path event 28,68,4
2004-09-06T05:28:30, Critical path event 29,51,9
2004-09-06T05:34:10, Misc. noise event 9,94,9
2004-09-06T05:36:34, Critical path event 29,61,1
2004-09-06T05:53:14, Critical path event 29,24,10
2004-09-06T06:00:29, Critical path event 29,98,8
2004-09-06T06:08:25, Critical path event 33,49,4
2004-09-06T06:13:46, Critical path event 34,58,7
2004-09-06T06:21:45, Critical path event 35,92,0
2004-09-06T06:30:51, Critical path event 36,17,4
2004-09-06T06:42:32, Critical path event 37,17,10
2004-09-06T06:50:04, Critical path event 38,59,7
2004-09-06T07:02:40, Critical path event 39,66,5
2004-09-06T07:13:03, Critical path event 19,20,4
2004-09-06T07:22:09, Critical path event 19,57,3
2004-09-06T07:32:23, Critical path event 19,29,4
2004-09-06T07:39:07, Misc. noise event 10,74,2
2004-09-06T07:40:27, Critical path event 19,95,3
2004-09-06T08:20:45, Critical path event 44,82,2
