--------------------------------------------------
datetime,message,random_int_1,random_int_2
--------------------------------------------------
2004-04-05T00:00:00, Critical path event 1,24,10
2004-04-05T00:07:26, Critical path event 2,7,2
2004-04-05T00:11:21, Misc. noise event 0,75,0
2004-04-05T00:15:15, Critical path event 3,28,10
2004-04-05T00:19:44, Misc. noise event 1,42,7
2004-04-05T00:23:37, Critical path event 4,24,6
2004-04-05T00:35:32, Misc. noise event 2,45,2
2004-04-05T00:38:37, Critical path event 5,38,0
2004-04-05T00:47:50, Critical path event 6,89,10
2004-04-05T00:52:58, Misc. noise event 3,36,6
2004-04-05T00:55:30, Critical path event 7,17,3
2004-04-05T00:56:21, Misc. noise event 4,36,8
2004-04-05T00:59:22, Critical path event 8,1,0
2004-04-05T01:06:42, Critical path event 9,68,2
2004-04-05T01:15:08, Critical path event 9,22,4
2004-04-05T01:26:56, Critical path event 9,3,10
2004-04-05T01:33:15, Critical path event 9,41,7
2004-04-05T01:40:48, Critical path event 13,87,6
2004-04-05T01:49:44, Critical path event 14,87,9
2004-04-05T01:56:14, Misc. noise event 5,12,4
2004-04-05T01:57:10, Critical path event 15,19,0
2004-04-05T02:04:59, Critical path event 16,33,4
2004-04-05T02:13:21, Critical path event 17,51,9
2004-04-05T02:25:28, Misc. noise event 6,36,9
2004-04-05T02:28:21, Critical path event 18,33,10
2004-04-05T02:37:34, Critical path event 19,17,10
2004-04-05T02:45:14, Critical path event 19,20,2
2004-04-05T02:49:06, Critical path event 19,5,5

    ----------------some other thing --------------
    filesize :1024k
    alert-level : FATAL
    description: thing with pid 34345 died because 
        random java stacktrace 
        that is super noisy with numbers and datetimes 
Exception in thread "main" java.lang.NullPointerException
    at AnotherClassLoader.loadClass(test.java:58)
    at test.main(test.java:30)
    at Main.main(Main.java:68)
    -------------------------------------------- 
    2004-04-05T02:56:26, Critical path event 19,15,8
2004-04-05T03:04:52, Critical path event 23,12,5
2004-04-05T03:16:40, Critical path event 24,99,4
2004-04-05T03:22:59, Critical path event 25,10,4
2004-04-05T03:30:32, Critical path event 26,61,7
2004-04-05T03:37:31, Misc. noise event 7,27,4
2004-04-05T03:39:28, Critical path event 27,44,10
2004-04-05T03:46:54, Critical path event 28,36,9
2004-04-05T03:54:43, Critical path event 29,86,5
2004-04-05T04:03:05, Critical path event 29,30,8
2004-04-05T04:18:05, Critical path event 29,15,0
2004-04-05T04:27:18, Critical path event 29,16,4
2004-04-05T04:34:58, Critical path event 33,61,10
2004-04-05T04:38:50, Critical path event 34,41,4
2004-04-05T04:46:00, Misc. noise event 8,27,8
2004-04-05T04:46:10, Critical path event 35,76,8
2004-04-05T04:54:36, Critical path event 36,4,8
2004-04-05T05:06:24, Critical path event 37,60,0
2004-04-05T05:12:43, Critical path event 38,84,5
2004-04-05T05:20:16, Critical path event 39,52,7
2004-04-05T05:29:12, Critical path event 19,35,10
2004-04-05T05:36:38, Critical path event 19,1,6
2004-04-05T05:41:44, Misc. noise event 9,36,10
2004-04-05T05:44:27, Critical path event 19,78,8
2004-04-05T05:52:49, Critical path event 19,48,8
2004-04-05T06:03:08, Misc. noise event 10,12,1
2004-04-05T06:07:49, Critical path event 44,31,1
