--------------------------------------------------
datetime,message,random_int_1,random_int_2
--------------------------------------------------
2004-12-13T00:00:00, Critical path event 1,15,1
2004-12-13T00:08:03, Critical path event 2,49,4
2004-12-13T00:24:32, Misc. noise event 0,77,4
2004-12-13T00:25:34, Critical path event 3,82,6
2004-12-13T00:32:48, Critical path event 4,84,4
2004-12-13T00:46:21, Critical path event 5,16,0
2004-12-13T00:51:27, Misc. noise event 1,72,4
2004-12-13T00:54:52, Critical path event 6,5,7
2004-12-13T01:13:10, Misc. noise event 2,68,9
2004-12-13T01:16:45, Critical path event 7,89,10
2004-12-13T01:21:14, Misc. noise event 3,86,9
2004-12-13T01:22:44, Critical path event 8,68,7
2004-12-13T01:31:20, Critical path event 9,37,7
2004-12-13T01:50:26, Critical path event 9,64,2
2004-12-13T02:11:18, Critical path event 9,50,9
2004-12-13T02:34:12, Critical path event 9,36,3
2004-12-13T02:41:09, Critical path event 13,73,4
2004-12-13T03:05:05, Critical path event 14,33,7
2004-12-13T03:20:47, Critical path event 15,34,0
2004-12-13T03:28:40, Critical path event 16,0,2
2004-12-13T03:35:54, Critical path event 17,25,3
2004-12-13T03:49:38, Critical path event 18,98,2
2004-12-13T03:58:09, Critical path event 19,84,10
2004-12-13T04:07:40, Critical path event 19,39,7
2004-12-13T04:13:39, Critical path event 19,38,10
2004-12-13T04:22:15, Critical path event 19,15,1
2004-12-13T04:27:40, Misc. noise event 4,90,0
2004-12-13T04:30:26, Critical path event 23,73,4

    ----------------some other thing --------------
    filesize :1024k
    alert-level : FATAL
    description: thing with pid 34345 died because 
        random java stacktrace 
        that is super noisy with numbers and datetimes 
Exception in thread "main" java.lang.NullPointerException
    at AnotherClassLoader.loadClass(test.java:58)
    at test.main(test.java:30)
    at Main.main(Main.java:68)
    -------------------------------------------- 
    2004-12-13T04:40:19, Critical path event 24,53,5
2004-12-13T04:48:15, Critical path event 25,60,8
2004-12-13T04:55:12, Critical path event 26,7,1
2004-12-13T05:07:17, Misc. noise event 5,52,2
2004-12-13T05:08:41, Critical path event 27,92,0
2004-12-13T05:26:27, Critical path event 28,81,7
2004-12-13T05:34:20, Critical path event 29,35,1
2004-12-13T05:41:34, Critical path event 29,23,3
2004-12-13T05:53:46, Misc. noise event 6,23,5
2004-12-13T05:55:07, Critical path event 29,12,2
2004-12-13T06:03:38, Critical path event 29,81,5
2004-12-13T06:16:52, Misc. noise event 7,92,0
2004-12-13T06:17:36, Critical path event 33,68,0
2004-12-13T06:23:35, Critical path event 34,55,4
2004-12-13T06:44:40, Critical path event 35,41,3
2004-12-13T06:52:51, Critical path event 36,22,1
2004-12-13T07:02:44, Critical path event 37,66,0
2004-12-13T07:10:40, Critical path event 38,24,5
2004-12-13T07:16:16, Misc. noise event 8,91,10
2004-12-13T07:17:37, Critical path event 39,93,2
2004-12-13T07:25:41, Critical path event 19,76,4
2004-12-13T07:31:11, Misc. noise event 9,80,5
2004-12-13T07:33:44, Critical path event 19,88,3
2004-12-13T07:41:37, Critical path event 19,97,6
2004-12-13T07:48:51, Critical path event 19,13,5
2004-12-13T07:59:33, Misc. noise event 10,89,2
2004-12-13T08:02:24, Critical path event 44,7,5
