--------------------------------------------------
datetime,message,random_int_1,random_int_2
--------------------------------------------------
2004-07-26T00:00:00, Critical path event 1,23,7
2004-07-26T00:09:00, Critical path event 2,39,8
2004-07-26T00:17:55, Critical path event 3,1,10
2004-07-26T00:27:20, Critical path event 4,4,9
2004-07-26T00:41:20, Critical path event 5,56,5
2004-07-26T00:50:45, Critical path event 6,49,7
2004-07-26T00:58:18, Misc. noise event 0,27,0
2004-07-26T00:59:52, Critical path event 7,99,8
2004-07-26T01:04:51, Misc. noise event 1,83,2
2004-07-26T01:05:49, Critical path event 8,42,1
2004-07-26T01:13:18, Critical path event 9,66,7
2004-07-26T01:22:46, Critical path event 9,70,3
2004-07-26T01:34:23, Critical path event 9,67,0
2004-07-26T01:39:16, Misc. noise event 2,67,4
2004-07-26T01:40:52, Critical path event 9,40,1
2004-07-26T01:42:08, Misc. noise event 3,46,5
2004-07-26T01:46:58, Critical path event 13,73,6
2004-07-26T01:55:51, Critical path event 14,56,3
2004-07-26T02:04:51, Critical path event 15,28,7
2004-07-26T02:13:46, Critical path event 16,56,7
2004-07-26T02:23:11, Critical path event 17,84,5
2004-07-26T02:37:11, Critical path event 18,8,5
2004-07-26T02:43:02, Misc. noise event 4,34,1
2004-07-26T02:46:36, Critical path event 19,49,3
2004-07-26T02:55:43, Critical path event 19,39,2
2004-07-26T03:01:40, Critical path event 19,34,0
2004-07-26T03:09:01, Misc. noise event 5,12,9
2004-07-26T03:09:09, Critical path event 19,95,0

    ----------------some other thing --------------
    filesize :1024k
    alert-level : FATAL
    description: thing with pid 34345 died because 
        random java stacktrace 
        that is super noisy with numbers and datetimes 
Exception in thread "main" java.lang.NullPointerException
    at AnotherClassLoader.loadClass(test.java:58)
    at test.main(test.java:30)
    at Main.main(Main.java:68)
    -------------------------------------------- 
    2004-07-26T03:18:37, Critical path event 23,33,9
2004-07-26T03:30:14, Critical path event 24,72,3
2004-07-26T03:36:43, Critical path event 25,7,2
2004-07-26T03:42:49, Critical path event 26,79,0
2004-07-26T03:51:42, Critical path event 27,48,7
2004-07-26T04:00:42, Critical path event 28,66,5
2004-07-26T04:07:49, Misc. noise event 6,11,8
2004-07-26T04:09:37, Critical path event 29,67,6
2004-07-26T04:19:02, Critical path event 29,16,5
2004-07-26T04:29:41, Misc. noise event 7,30,6
2004-07-26T04:33:02, Critical path event 29,26,9
2004-07-26T04:42:27, Critical path event 29,59,8
2004-07-26T04:49:28, Misc. noise event 8,31,3
2004-07-26T04:51:34, Critical path event 33,27,8
2004-07-26T04:57:31, Critical path event 34,9,7
2004-07-26T05:05:00, Critical path event 35,80,1
2004-07-26T05:14:28, Critical path event 36,38,9
2004-07-26T05:23:27, Misc. noise event 9,49,8
2004-07-26T05:26:05, Critical path event 37,93,4
2004-07-26T05:32:34, Critical path event 38,44,8
2004-07-26T05:38:40, Critical path event 39,59,9
2004-07-26T05:47:33, Critical path event 19,35,0
2004-07-26T05:53:37, Misc. noise event 10,18,9
2004-07-26T05:56:33, Critical path event 19,35,10
2004-07-26T06:05:28, Critical path event 19,75,7
2004-07-26T06:14:53, Critical path event 19,42,8
2004-07-26T06:28:53, Critical path event 44,22,0
