--------------------------------------------------
datetime,message,random_int_1,random_int_2
--------------------------------------------------
2004-05-02T23:57:57, Misc. noise event 0,32,2
2004-05-03T00:00:00, Critical path event 1,85,1
2004-05-03T00:09:29, Critical path event 2,87,10
2004-05-03T00:14:59, Misc. noise event 1,84,5
2004-05-03T00:17:21, Critical path event 3,99,10
2004-05-03T00:24:43, Critical path event 4,36,4
2004-05-03T00:38:40, Critical path event 5,27,6
2004-05-03T00:43:20, Misc. noise event 2,70,9
2004-05-03T00:45:54, Critical path event 6,9,10
2004-05-03T00:55:27, Critical path event 7,25,3
2004-05-03T00:59:25, Critical path event 8,1,5
2004-05-03T01:08:08, Critical path event 9,62,8
2004-05-03T01:15:24, Critical path event 9,40,0
2004-05-03T01:25:12, Critical path event 9,33,4
2004-05-03T01:32:01, Critical path event 9,71,7
2004-05-03T01:37:52, Misc. noise event 3,90,3
2004-05-03T01:38:30, Critical path event 13,93,2
2004-05-03T01:45:52, Critical path event 14,11,2
2004-05-03T01:55:21, Critical path event 15,0,2
2004-05-03T02:03:13, Critical path event 16,81,10
2004-05-03T02:10:35, Critical path event 17,35,4
2004-05-03T02:24:32, Critical path event 18,61,3
2004-05-03T02:31:46, Critical path event 19,78,6
2004-05-03T02:39:07, Misc. noise event 4,36,4
2004-05-03T02:41:19, Critical path event 19,61,6
2004-05-03T02:43:50, Misc. noise event 5,78,10
2004-05-03T02:45:17, Critical path event 19,16,2
2004-05-03T02:54:00, Critical path event 19,16,3

    ----------------some other thing --------------
    filesize :1024k
    alert-level : FATAL
    description: thing with pid 34345 died because 
        random java stacktrace 
        that is super noisy with numbers and datetimes 
Exception in thread "main" java.lang.NullPointerException
    at AnotherClassLoader.loadClass(test.java:58)
    at test.main(test.java:30)
    at Main.main(Main.java:68)
    -------------------------------------------- 
    2004-05-03T03:01:16, Critical path event 23,10,1
2004-05-03T03:11:04, Critical path event 24,65,3
2004-05-03T03:17:53, Critical path event 25,92,8
2004-05-03T03:22:54, Misc. noise event 6,70,7
2004-05-03T03:24:22, Critical path event 26,73,5
2004-05-03T03:28:37, Misc. noise event 7,32,2
2004-05-03T03:31:44, Critical path event 27,84,1
2004-05-03T03:41:13, Critical path event 28,48,3
2004-05-03T03:49:05, Critical path event 29,42,6
2004-05-03T03:56:27, Critical path event 29,20,2
2004-05-03T04:10:24, Critical path event 29,70,2
2004-05-03T04:17:38, Critical path event 29,76,0
2004-05-03T04:27:11, Critical path event 33,58,3
2004-05-03T04:29:32, Misc. noise event 8,35,3
2004-05-03T04:31:09, Critical path event 34,46,6
2004-05-03T04:39:52, Critical path event 35,32,10
2004-05-03T04:47:08, Critical path event 36,27,3
2004-05-03T04:56:56, Critical path event 37,24,8
2004-05-03T05:01:37, Misc. noise event 9,24,6
2004-05-03T05:03:45, Critical path event 38,0,5
2004-05-03T05:10:14, Critical path event 39,3,6
2004-05-03T05:17:36, Critical path event 19,4,3
2004-05-03T05:23:40, Misc. noise event 10,61,0
2004-05-03T05:27:05, Critical path event 19,14,1
2004-05-03T05:34:57, Critical path event 19,51,0
2004-05-03T05:42:19, Critical path event 19,6,0
2004-05-03T05:56:16, Critical path event 44,23,7
