--------------------------------------------------
datetime,message,random_int_1,random_int_2
--------------------------------------------------
2004-05-10T00:00:00, Critical path event 1,8,3
2004-05-10T00:08:40, Critical path event 2,8,1
2004-05-10T00:16:19, Critical path event 3,35,5
2004-05-10T00:23:44, Critical path event 4,68,3
2004-05-10T00:36:02, Misc. noise event 0,33,1
2004-05-10T00:37:38, Critical path event 5,75,10
2004-05-10T00:43:19, Misc. noise event 1,21,2
2004-05-10T00:45:14, Critical path event 6,72,0
2004-05-10T00:52:54, Critical path event 7,8,0
2004-05-10T00:57:05, Critical path event 8,59,0
2004-05-10T01:05:36, Critical path event 9,97,6
2004-05-10T01:14:54, Critical path event 9,3,9
2004-05-10T01:24:59, Critical path event 9,61,3
2004-05-10T01:32:16, Critical path event 9,7,8
2004-05-10T01:38:55, Critical path event 13,14,2
2004-05-10T01:46:31, Critical path event 14,66,5
2004-05-10T01:55:11, Critical path event 15,83,8
2004-05-10T02:02:50, Critical path event 16,36,1
2004-05-10T02:10:15, Critical path event 17,14,1
2004-05-10T02:24:09, Critical path event 18,43,5
2004-05-10T02:31:45, Critical path event 19,82,9
2004-05-10T02:39:25, Critical path event 19,51,0
2004-05-10T02:43:36, Critical path event 19,85,3
2004-05-10T02:52:07, Critical path event 19,81,2
2004-05-10T03:01:25, Critical path event 23,21,5
2004-05-10T03:10:18, Misc. noise event 2,11,3
2004-05-10T03:11:30, Critical path event 24,36,9
2004-05-10T03:18:47, Critical path event 25,24,10

    ----------------some other thing --------------
    filesize :1024k
    alert-level : FATAL
    description: thing with pid 34345 died because 
        random java stacktrace 
        that is super noisy with numbers and datetimes 
Exception in thread "main" java.lang.NullPointerException
    at AnotherClassLoader.loadClass(test.java:58)
    at test.main(test.java:30)
    at Main.main(Main.java:68)
    -------------------------------------------- 
    2004-05-10T03:23:00, Misc. noise event 3,7,1
2004-05-10T03:25:26, Critical path event 26,97,10
2004-05-10T03:33:02, Critical path event 27,11,3
2004-05-10T03:41:42, Critical path event 28,77,8
2004-05-10T03:46:21, Misc. noise event 4,83,8
2004-05-10T03:49:21, Critical path event 29,10,5
2004-05-10T03:52:49, Misc. noise event 5,59,6
2004-05-10T03:56:46, Critical path event 29,63,9
2004-05-10T04:10:40, Critical path event 29,11,4
2004-05-10T04:16:48, Misc. noise event 6,95,0
2004-05-10T04:18:16, Critical path event 29,96,0
2004-05-10T04:25:56, Critical path event 33,42,3
2004-05-10T04:30:07, Critical path event 34,15,8
2004-05-10T04:36:18, Misc. noise event 7,75,4
2004-05-10T04:38:38, Critical path event 35,72,0
2004-05-10T04:46:16, Misc. noise event 8,100,10
2004-05-10T04:47:56, Critical path event 36,94,3
2004-05-10T04:58:01, Critical path event 37,86,10
2004-05-10T05:03:09, Misc. noise event 9,65,6
2004-05-10T05:05:18, Critical path event 38,7,0
2004-05-10T05:11:57, Critical path event 39,47,4
2004-05-10T05:19:33, Critical path event 19,37,5
2004-05-10T05:24:36, Misc. noise event 10,14,3
2004-05-10T05:28:13, Critical path event 19,9,0
2004-05-10T05:35:52, Critical path event 19,0,5
2004-05-10T05:43:17, Critical path event 19,37,8
2004-05-10T05:57:11, Critical path event 44,29,4
