--------------------------------------------------
datetime,message,random_int_1,random_int_2
--------------------------------------------------
2004-11-22T00:00:00, Critical path event 1,77,3
2004-11-22T00:07:24, Critical path event 2,51,7
2004-11-22T00:21:29, Critical path event 3,27,5
2004-11-22T00:31:03, Critical path event 4,12,2
2004-11-22T01:14:28, Misc. noise event 0,18,1
2004-11-22T01:17:08, Critical path event 5,11,4
2004-11-22T01:23:31, Misc. noise event 1,56,9
2004-11-22T01:25:04, Critical path event 6,85,4
2004-11-22T01:43:30, Critical path event 7,56,0
2004-11-22T01:48:56, Critical path event 8,53,9
2004-11-22T01:57:28, Critical path event 9,6,3
2004-11-22T02:05:31, Critical path event 9,93,8
2004-11-22T02:14:43, Misc. noise event 2,86,9
2004-11-22T02:15:48, Critical path event 9,48,2
2004-11-22T02:22:19, Misc. noise event 3,69,9
2004-11-22T02:23:16, Critical path event 9,70,8
2004-11-22T02:31:29, Critical path event 13,93,1
2004-11-22T02:40:16, Critical path event 14,83,0
2004-11-22T02:47:40, Critical path event 15,4,7
2004-11-22T02:56:28, Critical path event 16,8,7
2004-11-22T03:03:54, Critical path event 17,69,3
2004-11-22T03:19:21, Critical path event 18,4,2
2004-11-22T03:24:21, Misc. noise event 4,1,9
2004-11-22T03:27:17, Critical path event 19,7,8
2004-11-22T03:36:30, Critical path event 19,37,3
2004-11-22T03:41:56, Critical path event 19,92,3
2004-11-22T04:01:20, Critical path event 19,46,8
2004-11-22T04:09:23, Critical path event 23,2,7

    ----------------some other thing --------------
    filesize :1024k
    alert-level : FATAL
    description: thing with pid 34345 died because 
        random java stacktrace 
        that is super noisy with numbers and datetimes 
Exception in thread "main" java.lang.NullPointerException
    at AnotherClassLoader.loadClass(test.java:58)
    at test.main(test.java:30)
    at Main.main(Main.java:68)
    -------------------------------------------- 
    2004-11-22T04:19:40, Critical path event 24,41,8
2004-11-22T04:27:08, Critical path event 25,94,10
2004-11-22T04:44:17, Critical path event 26,37,10
2004-11-22T04:49:21, Misc. noise event 5,32,9
2004-11-22T04:53:04, Critical path event 27,51,10
2004-11-22T05:05:59, Critical path event 28,45,3
2004-11-22T05:29:20, Misc. noise event 6,17,6
2004-11-22T05:29:43, Critical path event 29,21,2
2004-11-22T05:37:09, Critical path event 29,48,4
2004-11-22T06:08:08, Critical path event 29,74,1
2004-11-22T06:16:04, Critical path event 29,99,1
2004-11-22T06:25:17, Critical path event 33,11,7
2004-11-22T06:30:52, Critical path event 34,6,2
2004-11-22T06:38:41, Misc. noise event 7,79,4
2004-11-22T06:39:24, Critical path event 35,44,6
2004-11-22T06:51:34, Misc. noise event 8,91,10
2004-11-22T06:51:38, Critical path event 36,76,3
2004-11-22T07:01:55, Critical path event 37,9,9
2004-11-22T07:09:23, Critical path event 38,59,9
2004-11-22T07:13:16, Misc. noise event 9,13,0
2004-11-22T07:17:36, Critical path event 39,20,3
2004-11-22T07:24:02, Misc. noise event 10,72,2
2004-11-22T07:26:23, Critical path event 19,10,1
2004-11-22T07:33:47, Critical path event 19,49,6
2004-11-22T07:42:35, Critical path event 19,4,7
2004-11-22T07:50:01, Critical path event 19,3,10
2004-11-22T08:05:28, Critical path event 44,18,6
