--------------------------------------------------
datetime,message,random_int_1,random_int_2
--------------------------------------------------
2004-08-09T00:00:00, Critical path event 1,3,10
2004-08-09T00:09:22, Critical path event 2,88,3
2004-08-09T00:18:55, Critical path event 3,10,5
2004-08-09T00:26:11, Critical path event 4,42,0
2004-08-09T00:40:25, Critical path event 5,41,2
2004-08-09T00:48:33, Critical path event 6,51,1
2004-08-09T00:55:54, Critical path event 7,40,2
2004-08-09T00:56:57, Misc. noise event 0,67,9
2004-08-09T00:59:38, Critical path event 8,85,4
2004-08-09T01:07:57, Critical path event 9,30,3
2004-08-09T01:17:27, Critical path event 9,27,5
2004-08-09T01:27:12, Critical path event 9,47,6
2004-08-09T01:33:58, Critical path event 9,3,2
2004-08-09T01:37:41, Misc. noise event 1,31,7
2004-08-09T01:40:05, Critical path event 13,50,2
2004-08-09T01:43:24, Misc. noise event 2,15,6
2004-08-09T01:48:07, Critical path event 14,18,8
2004-08-09T01:54:16, Misc. noise event 3,99,7
2004-08-09T01:57:29, Critical path event 15,55,5
2004-08-09T02:07:02, Critical path event 16,84,9
2004-08-09T02:09:23, Misc. noise event 4,4,7
2004-08-09T02:14:18, Critical path event 17,21,4
2004-08-09T02:28:32, Critical path event 18,3,10
2004-08-09T02:36:40, Critical path event 19,56,5
2004-08-09T02:44:01, Critical path event 19,83,7
2004-08-09T02:44:19, Misc. noise event 5,32,7
2004-08-09T02:47:45, Critical path event 19,38,7
2004-08-09T02:56:04, Critical path event 19,25,4

    ----------------some other thing --------------
    filesize :1024k
    alert-level : FATAL
    description: thing with pid 34345 died because 
        random java stacktrace 
        that is super noisy with numbers and datetimes 
Exception in thread "main" java.lang.NullPointerException
    at AnotherClassLoader.loadClass(test.java:58)
    at test.main(test.java:30)
    at Main.main(Main.java:68)
    -------------------------------------------- 
    2004-08-09T03:04:04, Misc. noise event 6,32,2
2004-08-09T03:05:34, Critical path event 23,37,4
2004-08-09T03:15:19, Critical path event 24,29,9
2004-08-09T03:19:30, Misc. noise event 7,18,4
2004-08-09T03:22:05, Critical path event 25,14,1
2004-08-09T03:23:56, Misc. noise event 8,52,1
2004-08-09T03:28:12, Critical path event 26,57,10
2004-08-09T03:36:14, Critical path event 27,65,10
2004-08-09T03:45:36, Critical path event 28,85,1
2004-08-09T03:55:09, Critical path event 29,15,3
2004-08-09T04:02:25, Critical path event 29,48,3
2004-08-09T04:16:39, Critical path event 29,0,6
2004-08-09T04:24:47, Critical path event 29,5,7
2004-08-09T04:32:08, Critical path event 33,78,7
2004-08-09T04:35:52, Critical path event 34,86,4
2004-08-09T04:43:15, Misc. noise event 9,38,6
2004-08-09T04:44:11, Critical path event 35,18,9
2004-08-09T04:53:41, Critical path event 36,82,3
2004-08-09T05:03:26, Critical path event 37,97,4
2004-08-09T05:10:12, Critical path event 38,14,3
2004-08-09T05:16:19, Critical path event 39,33,4
2004-08-09T05:24:21, Critical path event 19,66,7
2004-08-09T05:33:43, Critical path event 19,71,0
2004-08-09T05:43:16, Critical path event 19,20,9
2004-08-09T05:48:56, Misc. noise event 10,96,7
2004-08-09T05:50:32, Critical path event 19,92,3
2004-08-09T06:04:46, Critical path event 44,55,1
