--------------------------------------------------
datetime,message,random_int_1,random_int_2
--------------------------------------------------
2004-12-05T23:58:46, Misc. noise event 0,18,4
2004-12-06T00:00:00, Critical path event 1,0,7
2004-12-06T00:05:33, Misc. noise event 1,63,0
2004-12-06T00:07:17, Critical path event 2,70,4
2004-12-06T00:15:53, Critical path event 3,72,2
2004-12-06T00:19:50, Misc. noise event 2,68,7
2004-12-06T00:23:08, Critical path event 4,47,1
2004-12-06T00:37:38, Critical path event 5,37,7
2004-12-06T00:45:06, Critical path event 6,31,6
2004-12-06T00:52:46, Misc. noise event 3,78,4
2004-12-06T00:54:33, Critical path event 7,51,1
2004-12-06T00:59:10, Critical path event 8,33,4
2004-12-06T01:07:07, Critical path event 9,30,6
2004-12-06T01:15:04, Misc. noise event 4,26,0
2004-12-06T01:15:33, Critical path event 9,37,9
2004-12-06T01:23:33, Misc. noise event 5,93,5
2004-12-06T01:25:19, Critical path event 9,84,7
2004-12-06T01:32:58, Critical path event 9,20,5
2004-12-06T01:37:06, Misc. noise event 6,19,5
2004-12-06T01:39:52, Critical path event 13,48,9
2004-12-06T01:48:27, Critical path event 14,19,4
2004-12-06T01:55:44, Critical path event 15,9,8
2004-12-06T02:04:20, Critical path event 16,3,3
2004-12-06T02:11:35, Critical path event 17,67,4
2004-12-06T02:26:05, Critical path event 18,42,10
2004-12-06T02:33:33, Critical path event 19,35,8
2004-12-06T02:40:14, Misc. noise event 7,49,10
2004-12-06T02:43:00, Critical path event 19,98,5

    ----------------some other thing --------------
    filesize :1024k
    alert-level : FATAL
    description: thing with pid 34345 died because 
        random java stacktrace 
        that is super noisy with numbers and datetimes 
Exception in thread "main" java.lang.NullPointerException
    at AnotherClassLoader.loadClass(test.java:58)
    at test.main(test.java:30)
    at Main.main(Main.java:68)
    -------------------------------------------- 
    2004-12-06T02:47:37, Critical path event 19,58,6
2004-12-06T02:55:34, Critical path event 19,94,10
2004-12-06T02:59:52, Misc. noise event 8,99,4
2004-12-06T03:04:00, Critical path event 23,20,8
2004-12-06T03:13:46, Critical path event 24,35,2
2004-12-06T03:21:25, Critical path event 25,10,3
2004-12-06T03:28:19, Critical path event 26,22,0
2004-12-06T03:36:54, Critical path event 27,32,10
2004-12-06T03:42:15, Misc. noise event 9,78,4
2004-12-06T03:44:11, Critical path event 28,40,3
2004-12-06T03:52:47, Critical path event 29,42,0
2004-12-06T04:00:02, Critical path event 29,52,0
2004-12-06T04:14:32, Critical path event 29,100,10
2004-12-06T04:22:00, Critical path event 29,68,9
2004-12-06T04:31:27, Critical path event 33,52,9
2004-12-06T04:36:04, Critical path event 34,23,9
2004-12-06T04:44:01, Critical path event 35,57,1
2004-12-06T04:52:27, Critical path event 36,86,0
2004-12-06T05:02:13, Critical path event 37,97,7
2004-12-06T05:09:52, Critical path event 38,83,1
2004-12-06T05:16:46, Critical path event 39,26,2
2004-12-06T05:25:21, Critical path event 19,57,7
2004-12-06T05:30:55, Misc. noise event 10,8,5
2004-12-06T05:32:38, Critical path event 19,40,6
2004-12-06T05:41:14, Critical path event 19,1,2
2004-12-06T05:48:29, Critical path event 19,58,8
2004-12-06T06:02:59, Critical path event 44,42,1
