--------------------------------------------------
datetime,message,random_int_1,random_int_2
--------------------------------------------------
2004-10-11T00:00:00, Critical path event 1,3,6
2004-10-11T00:09:23, Critical path event 2,29,4
2004-10-11T00:18:36, Critical path event 3,68,4
2004-10-11T00:22:48, Misc. noise event 0,34,3
2004-10-11T00:25:51, Critical path event 4,62,5
2004-10-11T00:36:12, Misc. noise event 1,24,3
2004-10-11T00:39:38, Critical path event 5,20,9
2004-10-11T00:48:21, Critical path event 6,65,0
2004-10-11T00:55:46, Critical path event 7,4,5
2004-10-11T01:00:50, Critical path event 8,94,1
2004-10-11T01:10:01, Critical path event 9,39,7
2004-10-11T01:18:36, Critical path event 9,98,3
2004-10-11T01:28:31, Critical path event 9,75,4
2004-10-11T01:32:25, Misc. noise event 2,52,7
2004-10-11T01:34:58, Critical path event 9,9,1
2004-10-11T01:42:30, Critical path event 13,36,10
2004-10-11T01:49:55, Critical path event 14,20,10
2004-10-11T01:59:18, Critical path event 15,54,1
2004-10-11T02:08:31, Critical path event 16,4,1
2004-10-11T02:15:46, Critical path event 17,66,8
2004-10-11T02:25:09, Misc. noise event 3,86,0
2004-10-11T02:29:33, Critical path event 18,53,2
2004-10-11T02:38:16, Critical path event 19,68,4
2004-10-11T02:45:41, Critical path event 19,2,3
2004-10-11T02:49:18, Misc. noise event 4,24,8
2004-10-11T02:50:45, Critical path event 19,68,5
2004-10-11T02:59:56, Critical path event 19,95,0
2004-10-11T03:08:31, Critical path event 23,57,10

    ----------------some other thing --------------
    filesize :1024k
    alert-level : FATAL
    description: thing with pid 34345 died because 
        random java stacktrace 
        that is super noisy with numbers and datetimes 
Exception in thread "main" java.lang.NullPointerException
    at AnotherClassLoader.loadClass(test.java:58)
    at test.main(test.java:30)
    at Main.main(Main.java:68)
    -------------------------------------------- 
    2004-10-11T03:18:26, Critical path event 24,11,9
2004-10-11T03:24:53, Critical path event 25,94,0
2004-10-11T03:31:04, Misc. noise event 5,13,1
2004-10-11T03:32:25, Critical path event 26,35,6
2004-10-11T03:39:50, Critical path event 27,14,1
2004-10-11T03:49:06, Misc. noise event 6,59,2
2004-10-11T03:49:13, Critical path event 28,32,7
2004-10-11T03:58:26, Critical path event 29,8,10
2004-10-11T04:05:41, Critical path event 29,31,1
2004-10-11T04:17:44, Misc. noise event 7,14,1
2004-10-11T04:19:28, Critical path event 29,50,10
2004-10-11T04:28:11, Critical path event 29,63,2
2004-10-11T04:35:36, Critical path event 33,69,10
2004-10-11T04:40:40, Critical path event 34,89,4
2004-10-11T04:49:51, Critical path event 35,45,5
2004-10-11T04:58:26, Critical path event 36,80,8
2004-10-11T05:06:33, Misc. noise event 8,98,5
2004-10-11T05:08:21, Critical path event 37,47,1
2004-10-11T05:14:48, Critical path event 38,99,2
2004-10-11T05:21:46, Misc. noise event 9,79,4
2004-10-11T05:22:20, Critical path event 39,100,1
2004-10-11T05:29:45, Critical path event 19,7,10
2004-10-11T05:39:08, Critical path event 19,45,4
2004-10-11T05:48:21, Critical path event 19,11,3
2004-10-11T05:55:36, Critical path event 19,68,2
2004-10-11T06:08:19, Misc. noise event 10,77,1
2004-10-11T06:09:23, Critical path event 44,83,3
