--------------------------------------------------
datetime,message,random_int_1,random_int_2
--------------------------------------------------
2004-07-11T23:55:54, Misc. noise event 0,78,4
2004-07-12T00:00:00, Critical path event 1,68,3
2004-07-12T00:09:22, Critical path event 2,59,10
2004-07-12T00:15:30, Misc. noise event 1,44,1
2004-07-12T00:17:19, Critical path event 3,6,3
2004-07-12T00:26:38, Critical path event 4,54,6
2004-07-12T00:41:47, Critical path event 5,71,9
2004-07-12T00:45:20, Misc. noise event 2,1,7
2004-07-12T00:49:13, Critical path event 6,24,0
2004-07-12T00:57:32, Critical path event 7,95,8
2004-07-12T01:03:15, Critical path event 8,21,0
2004-07-12T01:12:39, Critical path event 9,73,8
2004-07-12T01:19:56, Misc. noise event 3,88,5
2004-07-12T01:21:46, Critical path event 9,91,5
2004-07-12T01:33:45, Critical path event 9,3,7
2004-07-12T01:42:07, Critical path event 9,62,10
2004-07-12T01:48:17, Critical path event 13,4,1
2004-07-12T01:54:53, Misc. noise event 4,57,1
2004-07-12T01:57:34, Critical path event 14,27,10
2004-07-12T02:06:56, Critical path event 15,74,10
2004-07-12T02:14:53, Critical path event 16,8,6
2004-07-12T02:19:48, Misc. noise event 5,86,6
2004-07-12T02:24:12, Critical path event 17,44,9
2004-07-12T02:39:21, Critical path event 18,84,2
2004-07-12T02:42:28, Misc. noise event 6,57,9
2004-07-12T02:46:47, Critical path event 19,81,5
2004-07-12T02:55:06, Critical path event 19,65,1
2004-07-12T03:00:49, Critical path event 19,30,5

    ----------------some other thing --------------
    filesize :1024k
    alert-level : FATAL
    description: thing with pid 34345 died because 
        random java stacktrace 
        that is super noisy with numbers and datetimes 
Exception in thread "main" java.lang.NullPointerException
    at AnotherClassLoader.loadClass(test.java:58)
    at test.main(test.java:30)
    at Main.main(Main.java:68)
    -------------------------------------------- 
    2004-07-12T03:09:23, Misc. noise event 7,11,3
2004-07-12T03:10:13, Critical path event 19,56,8
2004-07-12T03:19:20, Critical path event 23,99,8
2004-07-12T03:31:19, Critical path event 24,2,3
2004-07-12T03:35:37, Misc. noise event 8,100,8
2004-07-12T03:39:41, Critical path event 25,21,0
2004-07-12T03:41:02, Misc. noise event 9,74,5
2004-07-12T03:45:51, Critical path event 26,97,6
2004-07-12T03:55:08, Critical path event 27,97,3
2004-07-12T04:04:30, Critical path event 28,98,8
2004-07-12T04:12:27, Critical path event 29,91,2
2004-07-12T04:21:46, Critical path event 29,0,5
2004-07-12T04:36:55, Critical path event 29,23,7
2004-07-12T04:40:17, Misc. noise event 10,39,5
2004-07-12T04:44:21, Critical path event 29,46,2
2004-07-12T04:52:40, Critical path event 33,5,6
2004-07-12T04:58:23, Critical path event 34,0,3
2004-07-12T05:07:47, Critical path event 35,89,9
2004-07-12T05:16:54, Critical path event 36,95,7
2004-07-12T05:28:53, Critical path event 37,61,0
2004-07-12T05:37:15, Critical path event 38,94,5
2004-07-12T05:43:25, Critical path event 39,78,6
2004-07-12T05:52:42, Critical path event 19,23,5
2004-07-12T06:02:04, Critical path event 19,2,0
2004-07-12T06:10:01, Critical path event 19,88,2
2004-07-12T06:19:20, Critical path event 19,63,2
2004-07-12T06:34:29, Critical path event 44,31,8
