--------------------------------------------------
datetime,message,random_int_1,random_int_2
--------------------------------------------------
2004-05-24T00:00:00, Critical path event 1,64,4
2004-05-24T00:08:33, Critical path event 2,32,8
2004-05-24T00:16:05, Critical path event 3,29,3
2004-05-24T00:20:45, Misc. noise event 0,24,5
2004-05-24T00:24:18, Critical path event 4,97,3
2004-05-24T00:37:56, Critical path event 5,43,4
2004-05-24T00:55:41, Critical path event 6,0,8
2004-05-24T01:05:04, Critical path event 7,10,0
2004-05-24T01:08:44, Misc. noise event 1,22,8
2004-05-24T01:12:47, Critical path event 8,71,0
2004-05-24T01:27:20, Critical path event 9,0,10
2004-05-24T01:36:46, Critical path event 9,82,2
2004-05-24T01:50:13, Critical path event 9,81,1
2004-05-24T01:53:55, Misc. noise event 2,68,5
2004-05-24T01:56:57, Critical path event 9,32,0
2004-05-24T02:10:56, Misc. noise event 3,59,3
2004-05-24T02:11:33, Critical path event 13,68,5
2004-05-24T02:33:50, Critical path event 14,87,3
2004-05-24T02:42:50, Misc. noise event 4,72,5
2004-05-24T02:44:40, Critical path event 15,94,8
2004-05-24T02:52:11, Misc. noise event 5,65,3
2004-05-24T02:52:12, Critical path event 16,22,6
2004-05-24T03:00:25, Critical path event 17,21,8
2004-05-24T03:27:08, Critical path event 18,29,7
2004-05-24T03:44:46, Critical path event 19,50,9
2004-05-24T03:54:09, Critical path event 19,18,4
2004-05-24T03:57:56, Critical path event 19,30,10
2004-05-24T04:07:05, Critical path event 19,31,10

    ----------------some other thing --------------
    filesize :1024k
    alert-level : FATAL
    description: thing with pid 34345 died because 
        random java stacktrace 
        that is super noisy with numbers and datetimes 
Exception in thread "main" java.lang.NullPointerException
    at AnotherClassLoader.loadClass(test.java:58)
    at test.main(test.java:30)
    at Main.main(Main.java:68)
    -------------------------------------------- 
    2004-05-24T04:16:31, Critical path event 23,86,8
2004-05-24T04:24:29, Misc. noise event 6,11,6
2004-05-24T04:27:07, Critical path event 24,92,3
2004-05-24T04:32:49, Misc. noise event 7,6,8
2004-05-24T04:33:51, Critical path event 25,15,0
2004-05-24T04:40:56, Critical path event 26,95,10
2004-05-24T04:48:34, Misc. noise event 8,85,8
2004-05-24T04:50:00, Critical path event 27,7,3
2004-05-24T05:13:00, Critical path event 28,94,10
2004-05-24T05:20:32, Critical path event 29,39,2
2004-05-24T05:28:45, Critical path event 29,28,3
2004-05-24T05:42:23, Critical path event 29,14,2
2004-05-24T05:50:11, Critical path event 29,41,8
2004-05-24T06:06:57, Critical path event 33,100,3
2004-05-24T06:10:44, Critical path event 34,43,7
2004-05-24T06:24:41, Critical path event 35,95,0
2004-05-24T06:34:07, Critical path event 36,75,10
2004-05-24T06:54:09, Misc. noise event 9,89,4
2004-05-24T06:54:12, Critical path event 37,53,7
2004-05-24T07:00:56, Critical path event 38,45,0
2004-05-24T07:08:01, Critical path event 39,38,0
2004-05-24T07:17:05, Critical path event 19,16,2
2004-05-24T07:20:44, Misc. noise event 10,45,2
2004-05-24T07:25:38, Critical path event 19,2,3
2004-05-24T07:38:34, Critical path event 19,49,9
2004-05-24T07:53:23, Critical path event 19,47,1
2004-05-24T08:07:01, Critical path event 44,85,10
