--------------------------------------------------
datetime,message,random_int_1,random_int_2
--------------------------------------------------
2004-03-29T00:00:00, Critical path event 1,15,0
2004-03-29T00:03:36, Misc. noise event 0,48,6
2004-03-29T00:07:57, Critical path event 2,11,6
2004-03-29T00:15:10, Critical path event 3,51,10
2004-03-29T00:22:25, Critical path event 4,85,1
2004-03-29T00:35:54, Critical path event 5,100,4
2004-03-29T00:44:52, Critical path event 6,52,6
2004-03-29T00:52:19, Critical path event 7,76,7
2004-03-29T00:51:46, Misc. noise event 1,96,2
2004-03-29T00:56:21, Critical path event 8,58,5
2004-03-29T01:00:18, Misc. noise event 2,99,5
2004-03-29T01:04:16, Critical path event 9,87,3
2004-03-29T01:13:36, Critical path event 9,7,6
2004-03-29T01:25:09, Critical path event 9,77,3
2004-03-29T01:31:25, Misc. noise event 3,98,7
2004-03-29T01:33:21, Critical path event 9,17,6
2004-03-29T01:40:00, Critical path event 13,54,8
2004-03-29T01:49:25, Critical path event 14,47,1
2004-03-29T01:57:22, Critical path event 15,43,1
2004-03-29T02:04:35, Critical path event 16,80,4
2004-03-29T02:11:50, Critical path event 17,25,8
2004-03-29T02:25:19, Critical path event 18,73,1
2004-03-29T02:32:17, Misc. noise event 4,82,4
2004-03-29T02:34:17, Critical path event 19,3,2
2004-03-29T02:39:18, Misc. noise event 5,66,10
2004-03-29T02:41:44, Critical path event 19,11,1
2004-03-29T02:45:21, Misc. noise event 6,28,10
2004-03-29T02:45:46, Critical path event 19,32,2

    ----------------some other thing --------------
    filesize :1024k
    alert-level : FATAL
    description: thing with pid 34345 died because 
        random java stacktrace 
        that is super noisy with numbers and datetimes 
Exception in thread "main" java.lang.NullPointerException
    at AnotherClassLoader.loadClass(test.java:58)
    at test.main(test.java:30)
    at Main.main(Main.java:68)
    -------------------------------------------- 
    2004-03-29T02:53:41, Critical path event 19,69,3
2004-03-29T03:03:01, Critical path event 23,73,1
2004-03-29T03:14:34, Critical path event 24,70,10
2004-03-29T03:22:46, Critical path event 25,28,8
2004-03-29T03:29:25, Critical path event 26,12,1
2004-03-29T03:38:21, Misc. noise event 7,4,9
2004-03-29T03:38:50, Critical path event 27,38,5
2004-03-29T03:46:47, Critical path event 28,6,8
2004-03-29T03:50:34, Misc. noise event 8,43,7
2004-03-29T03:54:00, Critical path event 29,1,5
2004-03-29T04:01:15, Critical path event 29,54,3
2004-03-29T04:14:44, Critical path event 29,4,10
2004-03-29T04:23:42, Critical path event 29,86,1
2004-03-29T04:31:09, Critical path event 33,60,10
2004-03-29T04:35:11, Critical path event 34,50,7
2004-03-29T04:43:06, Critical path event 35,39,7
2004-03-29T04:52:26, Critical path event 36,19,3
2004-03-29T05:03:59, Critical path event 37,89,10
2004-03-29T05:12:11, Critical path event 38,45,1
2004-03-29T05:17:50, Misc. noise event 9,14,9
2004-03-29T05:18:50, Critical path event 39,94,7
2004-03-29T05:28:15, Critical path event 19,3,4
2004-03-29T05:33:20, Misc. noise event 10,74,7
2004-03-29T05:36:12, Critical path event 19,56,8
2004-03-29T05:43:25, Critical path event 19,99,1
2004-03-29T05:50:40, Critical path event 19,5,1
2004-03-29T06:04:09, Critical path event 44,63,1
