--------------------------------------------------
datetime,message,random_int_1,random_int_2
--------------------------------------------------
2005-01-02T23:58:37, Misc. noise event 0,63,1
2005-01-03T00:00:00, Critical path event 1,99,5
2005-01-03T00:07:47, Critical path event 2,66,5
2005-01-03T00:15:16, Critical path event 3,13,0
2005-01-03T00:21:09, Misc. noise event 1,63,2
2005-01-03T00:22:41, Critical path event 4,25,4
2005-01-03T00:37:17, Critical path event 5,63,6
2005-01-03T00:44:58, Critical path event 6,37,10
2005-01-03T00:53:21, Critical path event 7,43,5
2005-01-03T00:57:18, Critical path event 8,20,2
2005-01-03T01:04:57, Critical path event 9,50,8
2005-01-03T01:14:03, Critical path event 9,82,1
2005-01-03T01:25:59, Critical path event 9,26,7
2005-01-03T01:31:41, Misc. noise event 2,28,7
2005-01-03T01:33:09, Critical path event 9,72,7
2005-01-03T01:39:29, Critical path event 13,80,2
2005-01-03T01:47:37, Critical path event 14,94,0
2005-01-03T01:52:12, Misc. noise event 3,76,1
2005-01-03T01:55:24, Critical path event 15,93,9
2005-01-03T02:00:07, Misc. noise event 4,12,0
2005-01-03T02:02:53, Critical path event 16,36,2
2005-01-03T02:08:58, Misc. noise event 5,50,3
2005-01-03T02:10:18, Critical path event 17,18,5
2005-01-03T02:24:54, Critical path event 18,30,4
2005-01-03T02:30:02, Misc. noise event 6,64,7
2005-01-03T02:32:35, Critical path event 19,16,7
2005-01-03T02:40:58, Critical path event 19,17,7
2005-01-03T02:44:55, Critical path event 19,94,1

    ----------------some other thing --------------
    filesize :1024k
    alert-level : FATAL
    description: thing with pid 34345 died because 
        random java stacktrace 
        that is super noisy with numbers and datetimes 
Exception in thread "main" java.lang.NullPointerException
    at AnotherClassLoader.loadClass(test.java:58)
    at test.main(test.java:30)
    at Main.main(Main.java:68)
    -------------------------------------------- 
    2005-01-03T02:52:34, Critical path event 19,26,2
2005-01-03T02:57:05, Misc. noise event 7,99,10
2005-01-03T03:01:40, Critical path event 23,48,2
2005-01-03T03:13:36, Critical path event 24,5,8
2005-01-03T03:15:56, Misc. noise event 8,27,7
2005-01-03T03:20:46, Critical path event 25,93,6
2005-01-03T03:27:06, Critical path event 26,3,0
2005-01-03T03:35:14, Critical path event 27,96,7
2005-01-03T03:43:01, Critical path event 28,3,9
2005-01-03T03:50:30, Critical path event 29,27,3
2005-01-03T03:57:55, Critical path event 29,30,8
2005-01-03T04:12:31, Critical path event 29,84,4
2005-01-03T04:20:12, Critical path event 29,60,10
2005-01-03T04:28:35, Critical path event 33,25,1
2005-01-03T04:32:32, Critical path event 34,69,5
2005-01-03T04:40:11, Critical path event 35,35,9
2005-01-03T04:49:17, Critical path event 36,38,3
2005-01-03T05:00:37, Misc. noise event 9,41,8
2005-01-03T05:01:13, Critical path event 37,53,8
2005-01-03T05:08:23, Critical path event 38,21,2
2005-01-03T05:14:43, Critical path event 39,18,5
2005-01-03T05:22:51, Critical path event 19,65,5
2005-01-03T05:30:38, Critical path event 19,79,4
2005-01-03T05:38:07, Critical path event 19,35,0
2005-01-03T05:43:54, Misc. noise event 10,82,7
2005-01-03T05:45:32, Critical path event 19,80,2
2005-01-03T06:00:08, Critical path event 44,8,2
