--------------------------------------------------
datetime,message,random_int_1,random_int_2
--------------------------------------------------
2005-06-27T00:00:00, Critical path event 1,94,10
2005-06-27T00:18:34, Misc. noise event 0,80,6
2005-06-27T00:21:16, Critical path event 2,65,8
2005-06-27T00:27:19, Misc. noise event 1,32,6
2005-06-27T00:29:07, Critical path event 3,83,1
2005-06-27T00:32:02, Misc. noise event 2,5,6
2005-06-27T00:36:46, Critical path event 4,45,2
2005-06-27T00:51:01, Critical path event 5,27,0
2005-06-27T01:12:07, Critical path event 6,6,7
2005-06-27T01:18:20, Misc. noise event 3,52,5
2005-06-27T01:19:21, Critical path event 7,19,4
2005-06-27T01:31:50, Misc. noise event 4,60,6
2005-06-27T01:32:34, Critical path event 8,9,9
2005-06-27T01:49:54, Critical path event 9,10,6
2005-06-27T01:53:41, Misc. noise event 5,3,1
2005-06-27T01:57:28, Critical path event 9,58,0
2005-06-27T02:03:45, Misc. noise event 6,89,8
2005-06-27T02:07:13, Critical path event 9,27,10
2005-06-27T02:14:06, Critical path event 9,52,0
2005-06-27T02:22:19, Critical path event 13,16,9
2005-06-27T02:30:06, Critical path event 14,100,6
2005-06-27T02:49:53, Critical path event 15,95,10
2005-06-27T02:57:44, Critical path event 16,51,8
2005-06-27T03:12:46, Critical path event 17,62,3
2005-06-27T03:27:01, Critical path event 18,85,8
2005-06-27T03:34:34, Critical path event 19,32,7
2005-06-27T03:41:48, Critical path event 19,6,5
2005-06-27T03:47:18, Critical path event 19,13,3

    ----------------some other thing --------------
    filesize :1024k
    alert-level : FATAL
    description: thing with pid 34345 died because 
        random java stacktrace 
        that is super noisy with numbers and datetimes 
Exception in thread "main" java.lang.NullPointerException
    at AnotherClassLoader.loadClass(test.java:58)
    at test.main(test.java:30)
    at Main.main(Main.java:68)
    -------------------------------------------- 
    2005-06-27T03:54:49, Critical path event 19,21,0
2005-06-27T04:02:23, Critical path event 23,73,10
2005-06-27T04:12:08, Critical path event 24,81,0
2005-06-27T04:19:56, Critical path event 25,100,3
2005-06-27T04:28:09, Critical path event 26,66,1
2005-06-27T04:35:56, Critical path event 27,61,3
2005-06-27T04:45:03, Critical path event 28,81,8
2005-06-27T04:52:54, Critical path event 29,52,6
2005-06-27T04:59:50, Misc. noise event 7,47,2
2005-06-27T05:00:33, Critical path event 29,99,1
2005-06-27T05:14:48, Critical path event 29,68,3
2005-06-27T05:22:21, Critical path event 29,71,4
2005-06-27T05:28:03, Misc. noise event 8,9,8
2005-06-27T05:29:35, Critical path event 33,13,9
2005-06-27T05:31:55, Misc. noise event 9,31,10
2005-06-27T05:35:05, Critical path event 34,32,3
2005-06-27T05:42:36, Critical path event 35,21,10
2005-06-27T05:50:10, Critical path event 36,33,8
2005-06-27T05:59:55, Critical path event 37,75,4
2005-06-27T06:10:36, Critical path event 38,72,8
2005-06-27T06:16:40, Misc. noise event 10,63,7
2005-06-27T06:18:49, Critical path event 39,97,9
2005-06-27T06:26:36, Critical path event 19,17,2
2005-06-27T06:35:43, Critical path event 19,39,8
2005-06-27T06:50:28, Critical path event 19,24,0
2005-06-27T06:58:07, Critical path event 19,66,0
2005-06-27T07:12:22, Critical path event 44,26,2
