--------------------------------------------------
datetime,message,random_int_1,random_int_2
--------------------------------------------------
2005-03-21T00:00:00, Critical path event 1,37,2
2005-03-21T00:08:17, Critical path event 2,88,6
2005-03-21T00:17:42, Critical path event 3,27,3
2005-03-21T00:24:59, Critical path event 4,72,6
2005-03-21T00:38:53, Critical path event 5,45,2
2005-03-21T00:44:10, Misc. noise event 0,54,0
2005-03-21T00:46:46, Critical path event 6,35,4
2005-03-21T00:52:12, Misc. noise event 1,43,6
2005-03-21T00:56:17, Critical path event 7,54,2
2005-03-21T01:00:48, Critical path event 8,45,4
2005-03-21T01:09:28, Critical path event 9,18,6
2005-03-21T01:18:22, Misc. noise event 2,62,5
2005-03-21T01:18:30, Critical path event 9,10,4
2005-03-21T01:30:00, Misc. noise event 3,47,7
2005-03-21T01:30:24, Critical path event 9,55,0
2005-03-21T01:36:29, Critical path event 9,79,1
2005-03-21T01:39:49, Misc. noise event 4,9,7
2005-03-21T01:43:30, Critical path event 13,39,3
2005-03-21T01:47:34, Misc. noise event 5,58,2
2005-03-21T01:51:49, Critical path event 14,64,1
2005-03-21T02:00:06, Critical path event 15,86,8
2005-03-21T02:09:31, Critical path event 16,20,2
2005-03-21T02:16:48, Critical path event 17,17,7
2005-03-21T02:30:42, Critical path event 18,41,10
2005-03-21T02:34:04, Misc. noise event 6,5,1
2005-03-21T02:38:35, Critical path event 19,75,5
2005-03-21T02:48:06, Critical path event 19,40,9
2005-03-21T02:48:20, Misc. noise event 7,75,0

    ----------------some other thing --------------
    filesize :1024k
    alert-level : FATAL
    description: thing with pid 34345 died because 
        random java stacktrace 
        that is super noisy with numbers and datetimes 
Exception in thread "main" java.lang.NullPointerException
    at AnotherClassLoader.loadClass(test.java:58)
    at test.main(test.java:30)
    at Main.main(Main.java:68)
    -------------------------------------------- 
    2005-03-21T02:52:37, Critical path event 19,92,4
2005-03-21T03:01:17, Critical path event 19,41,10
2005-03-21T03:10:19, Critical path event 23,86,8
2005-03-21T03:22:13, Critical path event 24,15,3
2005-03-21T03:28:18, Critical path event 25,86,5
2005-03-21T03:35:19, Critical path event 26,95,10
2005-03-21T03:43:38, Critical path event 27,84,4
2005-03-21T03:51:55, Critical path event 28,79,9
2005-03-21T04:01:20, Critical path event 29,55,1
2005-03-21T04:08:37, Critical path event 29,28,8
2005-03-21T04:22:31, Critical path event 29,32,4
2005-03-21T04:30:24, Critical path event 29,85,6
2005-03-21T04:39:55, Critical path event 33,51,9
2005-03-21T04:44:26, Critical path event 34,2,10
2005-03-21T04:53:06, Critical path event 35,10,2
2005-03-21T04:57:35, Misc. noise event 8,55,4
2005-03-21T05:02:08, Critical path event 36,60,3
2005-03-21T05:14:02, Critical path event 37,59,9
2005-03-21T05:16:04, Misc. noise event 9,25,10
2005-03-21T05:20:07, Critical path event 38,74,3
2005-03-21T05:27:08, Critical path event 39,68,2
2005-03-21T05:35:27, Critical path event 19,47,5
2005-03-21T05:43:44, Critical path event 19,2,9
2005-03-21T05:49:11, Misc. noise event 10,50,10
2005-03-21T05:53:09, Critical path event 19,14,1
2005-03-21T06:00:26, Critical path event 19,21,0
2005-03-21T06:14:20, Critical path event 44,77,3
