--------------------------------------------------
datetime,message,random_int_1,random_int_2
--------------------------------------------------
2005-01-10T00:00:00, Critical path event 1,53,4
2005-01-10T00:21:36, Critical path event 2,66,5
2005-01-10T00:29:11, Critical path event 3,99,9
2005-01-10T00:35:55, Misc. noise event 0,97,2
2005-01-10T00:36:25, Critical path event 4,14,5
2005-01-10T00:50:51, Critical path event 5,35,9
2005-01-10T01:00:07, Critical path event 6,93,0
2005-01-10T01:08:48, Critical path event 7,84,3
2005-01-10T01:12:24, Critical path event 8,23,8
2005-01-10T01:19:38, Critical path event 9,77,5
2005-01-10T01:26:56, Critical path event 9,89,8
2005-01-10T01:51:45, Critical path event 9,13,9
2005-01-10T01:59:48, Misc. noise event 1,80,0
2005-01-10T02:01:25, Critical path event 9,77,7
2005-01-10T02:08:05, Critical path event 13,25,5
2005-01-10T02:16:26, Critical path event 14,12,6
2005-01-10T02:23:40, Critical path event 15,2,6
2005-01-10T02:45:50, Critical path event 16,71,8
2005-01-10T02:53:04, Critical path event 17,79,1
2005-01-10T03:24:59, Critical path event 18,34,8
2005-01-10T03:34:15, Critical path event 19,58,2
2005-01-10T03:42:56, Critical path event 19,80,0
2005-01-10T03:52:25, Critical path event 19,5,6
2005-01-10T04:06:31, Misc. noise event 2,4,5
2005-01-10T04:11:24, Critical path event 19,100,2
2005-01-10T04:17:54, Misc. noise event 3,69,2
2005-01-10T04:18:42, Critical path event 23,72,1
2005-01-10T04:37:41, Critical path event 24,37,0

    ----------------some other thing --------------
    filesize :1024k
    alert-level : FATAL
    description: thing with pid 34345 died because 
        random java stacktrace 
        that is super noisy with numbers and datetimes 
Exception in thread "main" java.lang.NullPointerException
    at AnotherClassLoader.loadClass(test.java:58)
    at test.main(test.java:30)
    at Main.main(Main.java:68)
    -------------------------------------------- 
    2005-01-10T04:52:49, Critical path event 25,82,3
2005-01-10T04:59:29, Critical path event 26,23,5
2005-01-10T05:03:11, Misc. noise event 4,41,8
2005-01-10T05:07:50, Critical path event 27,65,4
2005-01-10T05:27:53, Critical path event 28,95,6
2005-01-10T05:35:28, Critical path event 29,85,6
2005-01-10T05:42:42, Critical path event 29,20,3
2005-01-10T05:54:40, Misc. noise event 5,77,7
2005-01-10T05:57:08, Critical path event 29,82,3
2005-01-10T06:03:17, Misc. noise event 6,13,1
2005-01-10T06:06:24, Critical path event 29,36,0
2005-01-10T06:15:05, Critical path event 33,33,0
2005-01-10T06:18:41, Critical path event 34,20,3
2005-01-10T06:25:55, Critical path event 35,26,6
2005-01-10T06:33:40, Critical path event 36,81,2
2005-01-10T06:45:32, Misc. noise event 7,3,10
2005-01-10T06:45:39, Critical path event 37,73,1
2005-01-10T06:48:54, Misc. noise event 8,60,10
2005-01-10T06:53:18, Critical path event 38,29,0
2005-01-10T07:02:17, Critical path event 39,49,0
2005-01-10T07:10:29, Misc. noise event 9,68,7
2005-01-10T07:14:01, Critical path event 19,69,5
2005-01-10T07:21:15, Critical path event 19,75,2
2005-01-10T07:28:50, Critical path event 19,13,9
2005-01-10T07:36:04, Critical path event 19,8,8
2005-01-10T07:51:15, Misc. noise event 10,86,1
2005-01-10T07:54:07, Critical path event 44,44,9
