--------------------------------------------------
datetime,message,random_int_1,random_int_2
--------------------------------------------------
2005-05-30T00:00:00, Critical path event 1,76,8
2005-05-30T00:07:14, Critical path event 2,94,9
2005-05-30T00:15:10, Critical path event 3,37,10
2005-05-30T00:23:04, Critical path event 4,82,0
2005-05-30T00:37:55, Critical path event 5,56,4
2005-05-30T00:45:08, Critical path event 6,94,2
2005-05-30T00:53:42, Misc. noise event 0,62,5
2005-05-30T00:54:25, Critical path event 7,72,1
2005-05-30T00:55:46, Misc. noise event 1,38,3
2005-05-30T00:59:31, Critical path event 8,83,3
2005-05-30T01:08:25, Critical path event 9,45,8
2005-05-30T01:16:02, Critical path event 9,59,6
2005-05-30T01:25:55, Critical path event 9,61,6
2005-05-30T01:32:54, Critical path event 9,98,7
2005-05-30T01:39:24, Critical path event 13,20,3
2005-05-30T01:47:20, Critical path event 14,58,7
2005-05-30T01:49:37, Misc. noise event 2,10,2
2005-05-30T01:54:34, Critical path event 15,0,10
2005-05-30T02:02:30, Critical path event 16,99,1
2005-05-30T02:10:24, Critical path event 17,45,2
2005-05-30T02:25:15, Critical path event 18,25,5
2005-05-30T02:32:28, Critical path event 19,21,0
2005-05-30T02:41:42, Misc. noise event 3,44,4
2005-05-30T02:41:45, Critical path event 19,37,1
2005-05-30T02:46:51, Critical path event 19,34,5
2005-05-30T02:51:03, Misc. noise event 4,14,1
2005-05-30T02:55:45, Critical path event 19,91,7
2005-05-30T03:03:22, Critical path event 23,95,4

    ----------------some other thing --------------
    filesize :1024k
    alert-level : FATAL
    description: thing with pid 34345 died because 
        random java stacktrace 
        that is super noisy with numbers and datetimes 
Exception in thread "main" java.lang.NullPointerException
    at AnotherClassLoader.loadClass(test.java:58)
    at test.main(test.java:30)
    at Main.main(Main.java:68)
    -------------------------------------------- 
    2005-05-30T03:13:15, Critical path event 24,28,6
2005-05-30T03:20:14, Critical path event 25,75,2
2005-05-30T03:26:44, Critical path event 26,60,3
2005-05-30T03:34:40, Critical path event 27,31,1
2005-05-30T03:38:49, Misc. noise event 5,37,9
2005-05-30T03:41:54, Critical path event 28,0,1
2005-05-30T03:49:24, Misc. noise event 6,39,8
2005-05-30T03:49:50, Critical path event 29,11,0
2005-05-30T03:53:10, Misc. noise event 7,47,1
2005-05-30T03:57:44, Critical path event 29,33,2
2005-05-30T04:12:35, Critical path event 29,63,4
2005-05-30T04:19:48, Critical path event 29,52,9
2005-05-30T04:29:05, Critical path event 33,26,10
2005-05-30T04:32:12, Misc. noise event 8,48,10
2005-05-30T04:34:11, Critical path event 34,63,10
2005-05-30T04:43:05, Critical path event 35,96,6
2005-05-30T04:50:42, Critical path event 36,62,5
2005-05-30T05:00:35, Critical path event 37,24,3
2005-05-30T05:07:10, Misc. noise event 9,93,0
2005-05-30T05:07:34, Critical path event 38,50,7
2005-05-30T05:09:37, Misc. noise event 10,52,2
2005-05-30T05:14:04, Critical path event 39,52,7
2005-05-30T05:22:00, Critical path event 19,88,5
2005-05-30T05:29:14, Critical path event 19,72,6
2005-05-30T05:37:10, Critical path event 19,5,6
2005-05-30T05:45:04, Critical path event 19,40,5
2005-05-30T05:59:55, Critical path event 44,71,1
