--------------------------------------------------
datetime,message,random_int_1,random_int_2
--------------------------------------------------
2005-08-01T00:00:00, Critical path event 1,47,10
2005-08-01T00:07:37, Critical path event 2,12,8
2005-08-01T00:15:44, Critical path event 3,34,0
2005-08-01T00:25:15, Critical path event 4,75,1
2005-08-01T00:35:19, Misc. noise event 0,87,3
2005-08-01T00:38:35, Critical path event 5,13,3
2005-08-01T00:42:44, Misc. noise event 1,99,5
2005-08-01T00:46:48, Critical path event 6,39,0
2005-08-01T00:55:43, Critical path event 7,9,7
2005-08-01T00:56:55, Misc. noise event 2,48,1
2005-08-01T00:59:39, Critical path event 8,43,5
2005-08-01T01:05:02, Misc. noise event 3,57,2
2005-08-01T01:08:20, Critical path event 9,51,0
2005-08-01T01:15:08, Misc. noise event 4,22,2
2005-08-01T01:17:20, Critical path event 9,92,8
2005-08-01T01:29:02, Critical path event 9,52,7
2005-08-01T01:35:45, Critical path event 9,69,3
2005-08-01T01:42:00, Critical path event 13,68,3
2005-08-01T01:51:14, Critical path event 14,72,3
2005-08-01T01:58:51, Critical path event 15,20,9
2005-08-01T02:06:58, Critical path event 16,2,5
2005-08-01T02:16:29, Critical path event 17,3,2
2005-08-01T02:29:49, Critical path event 18,60,4
2005-08-01T02:36:00, Misc. noise event 5,71,5
2005-08-01T02:38:02, Critical path event 19,0,10
2005-08-01T02:46:57, Critical path event 19,69,4
2005-08-01T02:46:20, Misc. noise event 6,97,7
2005-08-01T02:50:53, Critical path event 19,38,0

    ----------------some other thing --------------
    filesize :1024k
    alert-level : FATAL
    description: thing with pid 34345 died because 
        random java stacktrace 
        that is super noisy with numbers and datetimes 
Exception in thread "main" java.lang.NullPointerException
    at AnotherClassLoader.loadClass(test.java:58)
    at test.main(test.java:30)
    at Main.main(Main.java:68)
    -------------------------------------------- 
    2005-08-01T02:58:26, Misc. noise event 7,40,9
2005-08-01T02:59:34, Critical path event 19,79,8
2005-08-01T03:08:34, Critical path event 23,13,10
2005-08-01T03:20:16, Critical path event 24,52,0
2005-08-01T03:26:59, Critical path event 25,17,4
2005-08-01T03:33:14, Critical path event 26,88,10
2005-08-01T03:42:28, Critical path event 27,37,2
2005-08-01T03:50:05, Critical path event 28,88,2
2005-08-01T03:58:12, Critical path event 29,98,4
2005-08-01T04:07:43, Critical path event 29,76,9
2005-08-01T04:21:03, Critical path event 29,63,7
2005-08-01T04:29:16, Critical path event 29,75,1
2005-08-01T04:38:11, Critical path event 33,28,6
2005-08-01T04:42:07, Critical path event 34,61,9
2005-08-01T04:50:48, Critical path event 35,25,10
2005-08-01T04:59:48, Critical path event 36,70,7
2005-08-01T05:10:05, Misc. noise event 8,98,6
2005-08-01T05:11:30, Critical path event 37,68,4
2005-08-01T05:18:13, Critical path event 38,78,9
2005-08-01T05:24:28, Critical path event 39,23,1
2005-08-01T05:30:25, Misc. noise event 9,72,2
2005-08-01T05:33:42, Critical path event 19,11,2
2005-08-01T05:39:13, Misc. noise event 10,96,5
2005-08-01T05:41:19, Critical path event 19,84,9
2005-08-01T05:49:26, Critical path event 19,38,3
2005-08-01T05:58:57, Critical path event 19,75,5
2005-08-01T06:12:17, Critical path event 44,96,0
