--------------------------------------------------
datetime,message,random_int_1,random_int_2
--------------------------------------------------
2005-11-14T00:00:00, Critical path event 1,55,4
2005-11-14T00:12:28, Critical path event 2,19,2
2005-11-14T00:28:08, Misc. noise event 0,0,4
2005-11-14T00:31:46, Critical path event 3,8,10
2005-11-14T00:40:28, Critical path event 4,25,3
2005-11-14T00:54:21, Critical path event 5,13,9
2005-11-14T01:02:39, Critical path event 6,33,1
2005-11-14T01:12:13, Critical path event 7,93,8
2005-11-14T01:28:07, Critical path event 8,7,2
2005-11-14T01:35:17, Misc. noise event 1,80,9
2005-11-14T01:35:27, Critical path event 9,65,9
2005-11-14T01:46:23, Critical path event 9,75,3
2005-11-14T01:56:17, Misc. noise event 2,68,3
2005-11-14T01:57:05, Critical path event 9,90,8
2005-11-14T02:00:32, Misc. noise event 3,37,2
2005-11-14T02:03:41, Critical path event 9,22,9
2005-11-14T02:11:48, Critical path event 13,30,1
2005-11-14T02:20:56, Critical path event 14,36,4
2005-11-14T02:41:09, Critical path event 15,83,7
2005-11-14T02:56:48, Critical path event 16,9,2
2005-11-14T03:05:30, Critical path event 17,81,7
2005-11-14T03:19:23, Critical path event 18,44,6
2005-11-14T03:27:41, Critical path event 19,58,8
2005-11-14T03:38:19, Critical path event 19,19,1
2005-11-14T03:44:16, Critical path event 19,93,5
2005-11-14T04:02:48, Critical path event 19,86,0
2005-11-14T04:10:13, Critical path event 23,67,2
2005-11-14T04:20:55, Critical path event 24,1,8

    ----------------some other thing --------------
    filesize :1024k
    alert-level : FATAL
    description: thing with pid 34345 died because 
        random java stacktrace 
        that is super noisy with numbers and datetimes 
Exception in thread "main" java.lang.NullPointerException
    at AnotherClassLoader.loadClass(test.java:58)
    at test.main(test.java:30)
    at Main.main(Main.java:68)
    -------------------------------------------- 
    2005-11-14T04:31:35, Critical path event 25,57,3
2005-11-14T04:37:45, Critical path event 26,51,2
2005-11-14T04:46:53, Critical path event 27,63,0
2005-11-14T04:55:35, Critical path event 28,25,9
2005-11-14T05:03:17, Critical path event 29,7,0
2005-11-14T05:11:59, Critical path event 29,14,8
2005-11-14T05:25:52, Critical path event 29,77,9
2005-11-14T05:34:10, Critical path event 29,95,10
2005-11-14T05:40:10, Misc. noise event 4,0,4
2005-11-14T05:43:44, Critical path event 33,95,0
2005-11-14T05:46:32, Misc. noise event 5,20,1
2005-11-14T05:49:41, Critical path event 34,78,3
2005-11-14T05:54:06, Misc. noise event 6,34,6
2005-11-14T05:57:01, Critical path event 35,53,10
2005-11-14T06:04:26, Critical path event 36,28,10
2005-11-14T06:19:34, Misc. noise event 7,99,4
2005-11-14T06:22:27, Critical path event 37,74,2
2005-11-14T06:29:03, Critical path event 38,95,5
2005-11-14T06:32:24, Misc. noise event 8,21,8
2005-11-14T06:35:13, Critical path event 39,19,8
2005-11-14T06:44:21, Critical path event 19,40,2
2005-11-14T06:53:03, Critical path event 19,88,2
2005-11-14T07:01:48, Critical path event 19,70,4
2005-11-14T07:06:03, Misc. noise event 9,40,10
2005-11-14T07:10:30, Critical path event 19,54,9
2005-11-14T07:20:32, Misc. noise event 10,96,1
2005-11-14T07:24:23, Critical path event 44,35,0
