--------------------------------------------------
datetime,message,random_int_1,random_int_2
--------------------------------------------------
2005-01-17T00:00:00, Critical path event 1,75,1
2005-01-17T00:05:34, Misc. noise event 0,54,5
2005-01-17T00:07:25, Critical path event 2,43,9
2005-01-17T00:24:07, Critical path event 3,34,9
2005-01-17T00:31:35, Critical path event 4,15,4
2005-01-17T01:14:40, Critical path event 5,90,10
2005-01-17T01:21:59, Critical path event 6,1,1
2005-01-17T01:29:58, Critical path event 7,20,9
2005-01-17T01:35:11, Critical path event 8,41,3
2005-01-17T01:44:42, Critical path event 9,58,3
2005-01-17T01:53:29, Critical path event 9,58,6
2005-01-17T02:04:19, Critical path event 9,7,0
2005-01-17T02:11:36, Critical path event 9,55,6
2005-01-17T02:25:03, Critical path event 13,61,0
2005-01-17T02:33:11, Critical path event 14,74,6
2005-01-17T02:39:22, Misc. noise event 1,1,4
2005-01-17T02:40:36, Critical path event 15,83,2
2005-01-17T02:49:13, Critical path event 16,73,3
2005-01-17T02:56:41, Critical path event 17,66,0
2005-01-17T03:11:03, Critical path event 18,34,9
2005-01-17T03:18:13, Misc. noise event 2,46,6
2005-01-17T03:18:22, Critical path event 19,98,4
2005-01-17T03:26:21, Critical path event 19,18,3
2005-01-17T03:38:22, Misc. noise event 3,65,3
2005-01-17T03:39:56, Critical path event 19,86,1
2005-01-17T03:49:27, Critical path event 19,65,1
2005-01-17T03:56:46, Critical path event 23,49,2
2005-01-17T04:06:06, Misc. noise event 4,9,1

    ----------------some other thing --------------
    filesize :1024k
    alert-level : FATAL
    description: thing with pid 34345 died because 
        random java stacktrace 
        that is super noisy with numbers and datetimes 
Exception in thread "main" java.lang.NullPointerException
    at AnotherClassLoader.loadClass(test.java:58)
    at test.main(test.java:30)
    at Main.main(Main.java:68)
    -------------------------------------------- 
    2005-01-17T04:07:36, Critical path event 24,17,9
2005-01-17T04:14:53, Critical path event 25,83,1
2005-01-17T04:20:57, Critical path event 26,97,5
2005-01-17T04:35:33, Critical path event 27,52,7
2005-01-17T04:38:42, Misc. noise event 5,33,6
2005-01-17T04:42:58, Critical path event 28,91,4
2005-01-17T05:04:41, Misc. noise event 6,90,6
2005-01-17T05:08:02, Critical path event 29,38,3
2005-01-17T05:15:30, Critical path event 29,14,1
2005-01-17T05:29:52, Critical path event 29,23,7
2005-01-17T05:51:11, Critical path event 29,93,9
2005-01-17T06:14:14, Critical path event 33,55,6
2005-01-17T06:19:27, Critical path event 34,20,10
2005-01-17T06:45:37, Critical path event 35,100,8
2005-01-17T06:51:41, Misc. noise event 7,55,7
2005-01-17T06:52:56, Critical path event 36,73,5
2005-01-17T07:03:46, Critical path event 37,36,4
2005-01-17T07:10:27, Misc. noise event 8,55,7
2005-01-17T07:11:03, Critical path event 38,74,5
2005-01-17T07:14:45, Misc. noise event 9,26,7
2005-01-17T07:17:07, Critical path event 39,3,2
2005-01-17T07:25:15, Critical path event 19,64,5
2005-01-17T07:32:40, Critical path event 19,86,5
2005-01-17T07:39:57, Misc. noise event 10,68,8
2005-01-17T07:41:17, Critical path event 19,41,1
2005-01-17T07:48:45, Critical path event 19,96,0
2005-01-17T08:03:07, Critical path event 44,74,8
