--------------------------------------------------
datetime,message,random_int_1,random_int_2
--------------------------------------------------
2005-03-14T00:00:00, Critical path event 1,66,5
2005-03-14T00:07:49, Critical path event 2,41,6
2005-03-14T00:15:03, Critical path event 3,28,7
2005-03-14T00:21:53, Misc. noise event 0,30,3
2005-03-14T00:22:26, Critical path event 4,55,8
2005-03-14T00:33:03, Misc. noise event 1,81,8
2005-03-14T00:36:09, Critical path event 5,90,8
2005-03-14T00:45:30, Critical path event 6,17,7
2005-03-14T00:52:24, Misc. noise event 2,42,2
2005-03-14T00:53:52, Critical path event 7,3,3
2005-03-14T00:57:32, Critical path event 8,91,6
2005-03-14T01:05:48, Critical path event 9,10,7
2005-03-14T01:14:49, Critical path event 9,22,2
2005-03-14T01:20:17, Misc. noise event 3,7,0
2005-03-14T01:25:13, Critical path event 9,4,2
2005-03-14T01:32:07, Critical path event 9,3,4
2005-03-14T01:39:02, Critical path event 13,53,0
2005-03-14T01:47:18, Critical path event 14,72,8
2005-03-14T01:55:07, Critical path event 15,80,9
2005-03-14T02:02:21, Critical path event 16,86,8
2005-03-14T02:09:44, Critical path event 17,94,0
2005-03-14T02:21:38, Misc. noise event 4,48,0
2005-03-14T02:23:27, Critical path event 18,77,3
2005-03-14T02:29:08, Misc. noise event 5,93,6
2005-03-14T02:32:48, Critical path event 19,7,10
2005-03-14T02:41:10, Critical path event 19,80,8
2005-03-14T02:44:50, Critical path event 19,96,0
2005-03-14T02:53:06, Critical path event 19,98,7

    ----------------some other thing --------------
    filesize :1024k
    alert-level : FATAL
    description: thing with pid 34345 died because 
        random java stacktrace 
        that is super noisy with numbers and datetimes 
Exception in thread "main" java.lang.NullPointerException
    at AnotherClassLoader.loadClass(test.java:58)
    at test.main(test.java:30)
    at Main.main(Main.java:68)
    -------------------------------------------- 
    2005-03-14T03:02:07, Critical path event 23,93,1
2005-03-14T03:12:31, Critical path event 24,30,10
2005-03-14T03:19:25, Critical path event 25,8,3
2005-03-14T03:26:20, Critical path event 26,83,6
2005-03-14T03:34:36, Critical path event 27,28,6
2005-03-14T03:42:25, Critical path event 28,36,0
2005-03-14T03:49:39, Critical path event 29,5,5
2005-03-14T03:57:02, Critical path event 29,65,0
2005-03-14T04:05:59, Misc. noise event 6,27,6
2005-03-14T04:10:45, Critical path event 29,51,2
2005-03-14T04:18:32, Misc. noise event 7,64,7
2005-03-14T04:20:06, Critical path event 29,41,5
2005-03-14T04:28:28, Critical path event 33,1,7
2005-03-14T04:29:55, Misc. noise event 8,11,10
2005-03-14T04:32:08, Critical path event 34,15,0
2005-03-14T04:40:24, Critical path event 35,53,10
2005-03-14T04:46:30, Misc. noise event 9,11,0
2005-03-14T04:49:25, Critical path event 36,21,9
2005-03-14T04:59:49, Critical path event 37,34,0
2005-03-14T05:06:43, Critical path event 38,70,10
2005-03-14T05:13:38, Critical path event 39,93,10
2005-03-14T05:21:54, Critical path event 19,11,6
2005-03-14T05:29:43, Critical path event 19,52,3
2005-03-14T05:36:57, Critical path event 19,64,1
2005-03-14T05:39:21, Misc. noise event 10,47,10
2005-03-14T05:44:20, Critical path event 19,57,8
2005-03-14T05:58:03, Critical path event 44,19,5
