--------------------------------------------------
datetime,message,random_int_1,random_int_2
--------------------------------------------------
2005-05-23T00:00:00, Critical path event 1,21,2
2005-05-23T00:04:56, Misc. noise event 0,72,5
2005-05-23T00:08:06, Critical path event 2,18,2
2005-05-23T00:16:01, Critical path event 3,47,9
2005-05-23T00:38:51, Misc. noise event 1,22,6
2005-05-23T00:41:18, Critical path event 4,89,0
2005-05-23T01:09:27, Critical path event 5,98,6
2005-05-23T01:18:14, Critical path event 6,65,6
2005-05-23T01:25:34, Critical path event 7,22,9
2005-05-23T01:33:57, Critical path event 8,13,0
2005-05-23T01:42:10, Critical path event 9,25,10
2005-05-23T01:51:39, Critical path event 9,12,7
2005-05-23T01:57:05, Misc. noise event 2,91,6
2005-05-23T02:01:40, Critical path event 9,16,10
2005-05-23T02:08:52, Critical path event 9,78,8
2005-05-23T02:12:42, Misc. noise event 3,68,10
2005-05-23T02:15:37, Critical path event 13,27,8
2005-05-23T02:18:52, Misc. noise event 4,98,1
2005-05-23T02:22:55, Critical path event 14,97,0
2005-05-23T02:31:01, Critical path event 15,30,8
2005-05-23T02:38:20, Misc. noise event 5,98,3
2005-05-23T02:38:56, Critical path event 16,52,9
2005-05-23T03:02:29, Critical path event 17,48,2
2005-05-23T03:35:56, Critical path event 18,26,0
2005-05-23T03:44:43, Critical path event 19,36,0
2005-05-23T03:52:03, Critical path event 19,84,0
2005-05-23T03:57:07, Critical path event 19,74,5
2005-05-23T04:05:20, Critical path event 19,52,5

    ----------------some other thing --------------
    filesize :1024k
    alert-level : FATAL
    description: thing with pid 34345 died because 
        random java stacktrace 
        that is super noisy with numbers and datetimes 
Exception in thread "main" java.lang.NullPointerException
    at AnotherClassLoader.loadClass(test.java:58)
    at test.main(test.java:30)
    at Main.main(Main.java:68)
    -------------------------------------------- 
    2005-05-23T04:14:49, Critical path event 23,51,1
2005-05-23T04:27:01, Misc. noise event 6,51,3
2005-05-23T04:29:30, Critical path event 24,82,10
2005-05-23T04:34:15, Misc. noise event 7,53,2
2005-05-23T04:36:42, Critical path event 25,82,5
2005-05-23T04:43:27, Critical path event 26,63,2
2005-05-23T04:47:50, Misc. noise event 8,42,6
2005-05-23T04:50:45, Critical path event 27,92,8
2005-05-23T04:58:51, Critical path event 28,18,6
2005-05-23T05:15:10, Misc. noise event 9,13,10
2005-05-23T05:19:15, Critical path event 29,88,8
2005-05-23T05:28:39, Critical path event 29,21,0
2005-05-23T05:44:07, Critical path event 29,47,10
2005-05-23T05:52:54, Critical path event 29,66,10
2005-05-23T06:00:14, Critical path event 33,15,6
2005-05-23T06:05:18, Critical path event 34,6,5
2005-05-23T06:13:31, Critical path event 35,51,1
2005-05-23T06:23:00, Critical path event 36,47,8
2005-05-23T06:33:01, Critical path event 37,1,9
2005-05-23T06:53:02, Critical path event 38,67,5
2005-05-23T07:10:04, Critical path event 39,69,4
2005-05-23T07:17:22, Critical path event 19,27,0
2005-05-23T07:24:23, Misc. noise event 10,72,8
2005-05-23T07:25:28, Critical path event 19,60,4
2005-05-23T07:33:23, Critical path event 19,13,0
2005-05-23T07:42:07, Critical path event 19,26,4
2005-05-23T07:57:35, Critical path event 44,34,8
