--------------------------------------------------
datetime,message,random_int_1,random_int_2
--------------------------------------------------
2005-10-10T00:00:00, Critical path event 1,60,3
2005-10-10T00:07:14, Critical path event 2,45,0
2005-10-10T00:14:41, Critical path event 3,3,9
2005-10-10T00:23:18, Critical path event 4,81,7
2005-10-10T00:35:51, Misc. noise event 0,13,8
2005-10-10T00:37:43, Critical path event 5,57,4
2005-10-10T00:47:12, Critical path event 6,28,4
2005-10-10T00:54:55, Critical path event 7,67,10
2005-10-10T01:00:39, Critical path event 8,47,0
2005-10-10T01:07:18, Misc. noise event 1,12,9
2005-10-10T01:09:33, Critical path event 9,1,9
2005-10-10T01:16:59, Critical path event 9,37,1
2005-10-10T01:28:36, Critical path event 9,83,2
2005-10-10T01:36:43, Critical path event 9,98,4
2005-10-10T01:43:20, Critical path event 13,53,9
2005-10-10T01:47:55, Misc. noise event 2,74,9
2005-10-10T01:50:32, Critical path event 14,88,2
2005-10-10T01:56:13, Misc. noise event 3,87,9
2005-10-10T01:57:46, Critical path event 15,95,6
2005-10-10T02:05:13, Critical path event 16,46,2
2005-10-10T02:13:50, Critical path event 17,13,5
2005-10-10T02:28:15, Critical path event 18,63,10
2005-10-10T02:37:44, Critical path event 19,71,5
2005-10-10T02:45:27, Critical path event 19,1,3
2005-10-10T02:51:11, Critical path event 19,40,10
2005-10-10T03:00:05, Critical path event 19,51,7
2005-10-10T03:07:31, Critical path event 23,24,6
2005-10-10T03:19:08, Critical path event 24,36,9

    ----------------some other thing --------------
    filesize :1024k
    alert-level : FATAL
    description: thing with pid 34345 died because 
        random java stacktrace 
        that is super noisy with numbers and datetimes 
Exception in thread "main" java.lang.NullPointerException
    at AnotherClassLoader.loadClass(test.java:58)
    at test.main(test.java:30)
    at Main.main(Main.java:68)
    -------------------------------------------- 
    2005-10-10T03:24:32, Misc. noise event 4,64,8
2005-10-10T03:27:15, Critical path event 25,21,1
2005-10-10T03:33:52, Critical path event 26,33,5
2005-10-10T03:37:00, Misc. noise event 5,4,10
2005-10-10T03:41:04, Critical path event 27,11,5
2005-10-10T03:48:18, Critical path event 28,51,4
2005-10-10T03:55:45, Critical path event 29,29,8
2005-10-10T04:04:22, Critical path event 29,32,3
2005-10-10T04:18:47, Critical path event 29,83,2
2005-10-10T04:26:43, Misc. noise event 6,46,5
2005-10-10T04:28:16, Critical path event 29,18,4
2005-10-10T04:35:59, Critical path event 33,62,2
2005-10-10T04:37:35, Misc. noise event 7,86,6
2005-10-10T04:41:43, Critical path event 34,58,4
2005-10-10T04:50:37, Critical path event 35,98,4
2005-10-10T04:58:03, Critical path event 36,1,8
2005-10-10T05:09:40, Critical path event 37,65,8
2005-10-10T05:14:36, Misc. noise event 8,49,3
2005-10-10T05:17:47, Critical path event 38,35,8
2005-10-10T05:19:56, Misc. noise event 9,19,1
2005-10-10T05:24:24, Critical path event 39,71,6
2005-10-10T05:29:33, Misc. noise event 10,8,4
2005-10-10T05:31:36, Critical path event 19,0,10
2005-10-10T05:38:50, Critical path event 19,30,7
2005-10-10T05:46:17, Critical path event 19,18,2
2005-10-10T05:54:54, Critical path event 19,40,1
2005-10-10T06:09:19, Critical path event 44,98,1
