--------------------------------------------------
datetime,message,random_int_1,random_int_2
--------------------------------------------------
2005-01-31T00:00:00, Critical path event 1,8,10
2005-01-31T00:08:01, Critical path event 2,20,5
2005-01-31T00:16:39, Critical path event 3,59,5
2005-01-31T00:24:25, Critical path event 4,7,2
2005-01-31T00:36:10, Misc. noise event 0,68,7
2005-01-31T00:38:12, Critical path event 5,43,5
2005-01-31T00:44:13, Misc. noise event 1,23,6
2005-01-31T00:47:35, Critical path event 6,37,1
2005-01-31T00:56:54, Critical path event 7,29,3
2005-01-31T01:01:15, Critical path event 8,87,6
2005-01-31T01:10:44, Critical path event 9,73,3
2005-01-31T01:18:48, Critical path event 9,34,9
2005-01-31T01:29:07, Critical path event 9,30,2
2005-01-31T01:36:41, Misc. noise event 2,68,8
2005-01-31T01:36:44, Critical path event 9,14,7
2005-01-31T01:44:28, Critical path event 13,50,9
2005-01-31T01:53:35, Critical path event 14,11,6
2005-01-31T02:01:36, Critical path event 15,84,10
2005-01-31T02:10:14, Critical path event 16,24,6
2005-01-31T02:14:38, Misc. noise event 3,64,9
2005-01-31T02:18:00, Critical path event 17,97,6
2005-01-31T02:31:47, Critical path event 18,68,9
2005-01-31T02:41:10, Critical path event 19,75,9
2005-01-31T02:50:29, Critical path event 19,33,6
2005-01-31T02:54:50, Critical path event 19,89,4
2005-01-31T03:04:19, Critical path event 19,31,1
2005-01-31T03:12:23, Critical path event 23,26,7
2005-01-31T03:18:07, Misc. noise event 4,94,10

    ----------------some other thing --------------
    filesize :1024k
    alert-level : FATAL
    description: thing with pid 34345 died because 
        random java stacktrace 
        that is super noisy with numbers and datetimes 
Exception in thread "main" java.lang.NullPointerException
    at AnotherClassLoader.loadClass(test.java:58)
    at test.main(test.java:30)
    at Main.main(Main.java:68)
    -------------------------------------------- 
    2005-01-31T03:22:42, Critical path event 24,57,1
2005-01-31T03:30:19, Critical path event 25,60,3
2005-01-31T03:36:22, Misc. noise event 5,41,8
2005-01-31T03:38:03, Critical path event 26,44,8
2005-01-31T03:47:10, Critical path event 27,56,6
2005-01-31T03:55:11, Critical path event 28,58,0
2005-01-31T03:59:15, Misc. noise event 6,23,3
2005-01-31T04:03:49, Critical path event 29,64,9
2005-01-31T04:11:35, Critical path event 29,89,3
2005-01-31T04:21:30, Misc. noise event 7,71,10
2005-01-31T04:25:22, Critical path event 29,11,7
2005-01-31T04:32:27, Misc. noise event 8,63,10
2005-01-31T04:34:45, Critical path event 29,54,2
2005-01-31T04:44:04, Critical path event 33,9,5
2005-01-31T04:48:25, Critical path event 34,97,0
2005-01-31T04:57:54, Critical path event 35,5,4
2005-01-31T05:04:00, Misc. noise event 9,13,0
2005-01-31T05:05:58, Critical path event 36,81,8
2005-01-31T05:16:17, Critical path event 37,52,7
2005-01-31T05:23:54, Critical path event 38,68,6
2005-01-31T05:31:38, Critical path event 39,38,3
2005-01-31T05:40:45, Critical path event 19,30,0
2005-01-31T05:47:21, Misc. noise event 10,96,2
2005-01-31T05:48:46, Critical path event 19,86,3
2005-01-31T05:57:24, Critical path event 19,86,9
2005-01-31T06:05:10, Critical path event 19,13,2
2005-01-31T06:18:57, Critical path event 44,85,4
