--------------------------------------------------
datetime,message,random_int_1,random_int_2
--------------------------------------------------
2005-03-07T00:00:00, Critical path event 1,88,10
2005-03-07T00:07:13, Critical path event 2,85,9
2005-03-07T00:16:37, Critical path event 3,24,5
2005-03-07T00:25:18, Critical path event 4,0,6
2005-03-07T00:40:14, Critical path event 5,53,5
2005-03-07T00:49:19, Critical path event 6,71,8
2005-03-07T00:57:41, Critical path event 7,6,2
2005-03-07T01:01:41, Misc. noise event 0,91,3
2005-03-07T01:02:32, Critical path event 8,71,9
2005-03-07T01:11:15, Critical path event 9,68,10
2005-03-07T01:18:38, Critical path event 9,30,2
2005-03-07T01:30:32, Critical path event 9,19,6
2005-03-07T01:40:15, Critical path event 9,75,2
2005-03-07T01:43:32, Misc. noise event 1,3,2
2005-03-07T01:47:27, Critical path event 13,56,7
2005-03-07T01:56:45, Misc. noise event 2,86,1
2005-03-07T01:59:36, Critical path event 14,36,0
2005-03-07T02:16:09, Critical path event 15,36,5
2005-03-07T02:31:56, Misc. noise event 3,72,6
2005-03-07T02:32:02, Critical path event 16,61,0
2005-03-07T02:40:50, Critical path event 17,89,10
2005-03-07T02:57:36, Misc. noise event 4,76,4
2005-03-07T02:57:37, Critical path event 18,67,1
2005-03-07T03:07:03, Critical path event 19,72,7
2005-03-07T03:18:29, Critical path event 19,12,4
2005-03-07T03:23:20, Critical path event 19,38,2
2005-03-07T03:32:03, Critical path event 19,6,2
2005-03-07T03:39:26, Critical path event 23,82,10

    ----------------some other thing --------------
    filesize :1024k
    alert-level : FATAL
    description: thing with pid 34345 died because 
        random java stacktrace 
        that is super noisy with numbers and datetimes 
Exception in thread "main" java.lang.NullPointerException
    at AnotherClassLoader.loadClass(test.java:58)
    at test.main(test.java:30)
    at Main.main(Main.java:68)
    -------------------------------------------- 
    2005-03-07T03:46:49, Misc. noise event 5,56,2
2005-03-07T03:51:20, Critical path event 24,80,9
2005-03-07T03:58:08, Critical path event 25,95,7
2005-03-07T04:17:38, Critical path event 26,95,8
2005-03-07T04:29:20, Critical path event 27,35,2
2005-03-07T04:36:10, Misc. noise event 6,36,10
2005-03-07T04:38:58, Critical path event 28,45,4
2005-03-07T04:48:22, Critical path event 29,93,5
2005-03-07T04:57:03, Critical path event 29,48,9
2005-03-07T05:11:59, Critical path event 29,61,3
2005-03-07T05:22:15, Critical path event 29,71,10
2005-03-07T05:30:37, Critical path event 33,7,5
2005-03-07T05:41:12, Critical path event 34,32,5
2005-03-07T05:49:55, Critical path event 35,58,9
2005-03-07T05:58:29, Critical path event 36,39,5
2005-03-07T06:05:46, Misc. noise event 7,46,2
2005-03-07T06:10:23, Critical path event 37,73,10
2005-03-07T06:13:21, Misc. noise event 8,8,4
2005-03-07T06:17:11, Critical path event 38,36,7
2005-03-07T06:24:23, Critical path event 39,33,8
2005-03-07T06:31:37, Critical path event 19,16,8
2005-03-07T06:39:36, Critical path event 19,61,1
2005-03-07T06:49:00, Critical path event 19,24,10
2005-03-07T06:52:59, Misc. noise event 9,92,10
2005-03-07T06:57:41, Critical path event 19,83,5
2005-03-07T07:36:13, Misc. noise event 10,98,6
2005-03-07T07:40:30, Critical path event 44,93,2
