--------------------------------------------------
datetime,message,random_int_1,random_int_2
--------------------------------------------------
2005-07-03T23:58:01, Misc. noise event 0,1,1
2005-07-04T00:00:00, Critical path event 1,28,1
2005-07-04T00:07:36, Critical path event 2,6,0
2005-07-04T00:15:33, Critical path event 3,73,4
2005-07-04T00:23:52, Critical path event 4,72,9
2005-07-04T00:38:28, Critical path event 5,94,4
2005-07-04T00:47:37, Critical path event 6,52,8
2005-07-04T00:54:50, Critical path event 7,70,7
2005-07-04T00:59:58, Critical path event 8,55,1
2005-07-04T01:08:50, Critical path event 9,36,10
2005-07-04T01:17:09, Critical path event 9,17,1
2005-07-04T01:28:13, Critical path event 9,28,5
2005-07-04T01:35:35, Critical path event 9,96,10
2005-07-04T01:41:45, Critical path event 13,36,10
2005-07-04T01:48:03, Misc. noise event 1,45,7
2005-07-04T01:50:54, Critical path event 14,36,5
2005-07-04T01:54:26, Misc. noise event 2,85,4
2005-07-04T01:58:30, Critical path event 15,24,4
2005-07-04T02:04:53, Misc. noise event 3,88,0
2005-07-04T02:06:27, Critical path event 16,7,3
2005-07-04T02:10:08, Misc. noise event 4,17,8
2005-07-04T02:14:46, Critical path event 17,89,0
2005-07-04T02:29:22, Critical path event 18,0,10
2005-07-04T02:38:31, Critical path event 19,89,7
2005-07-04T02:44:38, Misc. noise event 5,85,0
2005-07-04T02:45:44, Critical path event 19,50,1
2005-07-04T02:50:52, Critical path event 19,45,2
2005-07-04T02:55:19, Misc. noise event 6,67,0

    ----------------some other thing --------------
    filesize :1024k
    alert-level : FATAL
    description: thing with pid 34345 died because 
        random java stacktrace 
        that is super noisy with numbers and datetimes 
Exception in thread "main" java.lang.NullPointerException
    at AnotherClassLoader.loadClass(test.java:58)
    at test.main(test.java:30)
    at Main.main(Main.java:68)
    -------------------------------------------- 
    2005-07-04T02:59:44, Critical path event 19,1,1
2005-07-04T03:08:03, Critical path event 23,11,4
2005-07-04T03:14:49, Misc. noise event 7,7,7
2005-07-04T03:19:07, Critical path event 24,30,9
2005-07-04T03:26:29, Critical path event 25,82,0
2005-07-04T03:32:39, Critical path event 26,98,10
2005-07-04T03:41:48, Critical path event 27,37,8
2005-07-04T03:49:24, Critical path event 28,55,3
2005-07-04T03:57:21, Critical path event 29,16,6
2005-07-04T04:04:22, Misc. noise event 8,58,1
2005-07-04T04:05:40, Critical path event 29,23,9
2005-07-04T04:20:16, Critical path event 29,92,10
2005-07-04T04:29:25, Critical path event 29,20,4
2005-07-04T04:36:38, Critical path event 33,59,4
2005-07-04T04:41:46, Critical path event 34,24,7
2005-07-04T04:47:01, Misc. noise event 9,77,3
2005-07-04T04:50:38, Critical path event 35,8,1
2005-07-04T04:58:57, Critical path event 36,62,1
2005-07-04T05:10:01, Critical path event 37,62,7
2005-07-04T05:17:23, Critical path event 38,22,9
2005-07-04T05:23:33, Critical path event 39,66,1
2005-07-04T05:32:42, Critical path event 19,39,4
2005-07-04T05:40:18, Critical path event 19,93,6
2005-07-04T05:48:15, Critical path event 19,17,3
2005-07-04T05:56:34, Critical path event 19,42,2
2005-07-04T06:09:59, Misc. noise event 10,38,0
2005-07-04T06:11:10, Critical path event 44,99,5
