--------------------------------------------------
datetime,message,random_int_1,random_int_2
--------------------------------------------------
2005-11-20T23:59:49, Misc. noise event 0,24,9
2005-11-21T00:00:00, Critical path event 1,0,2
2005-11-21T00:09:23, Critical path event 2,11,8
2005-11-21T00:18:43, Misc. noise event 1,55,0
2005-11-21T00:18:50, Critical path event 3,96,8
2005-11-21T00:44:37, Critical path event 4,89,10
2005-11-21T00:57:53, Critical path event 5,82,2
2005-11-21T01:06:33, Misc. noise event 2,5,5
2005-11-21T01:06:48, Critical path event 6,60,9
2005-11-21T01:14:56, Critical path event 7,14,1
2005-11-21T01:19:00, Critical path event 8,23,7
2005-11-21T01:27:58, Critical path event 9,11,2
2005-11-21T01:37:11, Critical path event 9,45,0
2005-11-21T01:56:42, Misc. noise event 3,22,4
2005-11-21T01:59:14, Critical path event 9,45,9
2005-11-21T02:07:35, Critical path event 9,69,5
2005-11-21T02:13:33, Misc. noise event 4,23,0
2005-11-21T02:13:48, Critical path event 13,95,0
2005-11-21T02:21:53, Critical path event 14,7,10
2005-11-21T02:31:16, Critical path event 15,33,8
2005-11-21T02:43:03, Critical path event 16,66,5
2005-11-21T02:52:17, Critical path event 17,98,9
2005-11-21T03:05:33, Critical path event 18,56,3
2005-11-21T03:13:28, Critical path event 19,1,6
2005-11-21T03:21:15, Misc. noise event 5,9,6
2005-11-21T03:21:36, Critical path event 19,87,2
2005-11-21T03:28:52, Critical path event 19,54,4
2005-11-21T03:37:50, Critical path event 19,5,7

    ----------------some other thing --------------
    filesize :1024k
    alert-level : FATAL
    description: thing with pid 34345 died because 
        random java stacktrace 
        that is super noisy with numbers and datetimes 
Exception in thread "main" java.lang.NullPointerException
    at AnotherClassLoader.loadClass(test.java:58)
    at test.main(test.java:30)
    at Main.main(Main.java:68)
    -------------------------------------------- 
    2005-11-21T03:47:03, Critical path event 23,94,10
2005-11-21T03:58:35, Critical path event 24,42,4
2005-11-21T04:05:17, Misc. noise event 6,13,2
2005-11-21T04:06:56, Critical path event 25,85,6
2005-11-21T04:13:09, Critical path event 26,82,9
2005-11-21T04:21:14, Critical path event 27,78,0
2005-11-21T04:30:33, Misc. noise event 7,6,7
2005-11-21T04:30:37, Critical path event 28,92,2
2005-11-21T04:38:10, Misc. noise event 8,3,8
2005-11-21T04:40:04, Critical path event 29,99,8
2005-11-21T04:49:18, Critical path event 29,8,7
2005-11-21T05:27:00, Critical path event 29,22,2
2005-11-21T05:34:43, Misc. noise event 9,56,4
2005-11-21T05:34:55, Critical path event 29,96,4
2005-11-21T05:43:03, Critical path event 33,77,7
2005-11-21T05:48:57, Critical path event 34,96,9
2005-11-21T05:57:55, Critical path event 35,74,8
2005-11-21T06:24:45, Critical path event 36,95,2
2005-11-21T06:55:57, Critical path event 37,41,0
2005-11-21T07:04:18, Critical path event 38,61,7
2005-11-21T07:10:31, Critical path event 39,27,2
2005-11-21T07:18:36, Critical path event 19,53,9
2005-11-21T07:27:59, Critical path event 19,65,10
2005-11-21T07:37:26, Critical path event 19,73,0
2005-11-21T07:42:02, Misc. noise event 10,80,0
2005-11-21T07:46:40, Critical path event 19,53,8
2005-11-21T07:59:56, Critical path event 44,24,0
