--------------------------------------------------
datetime,message,random_int_1,random_int_2
--------------------------------------------------
2005-10-03T00:00:00, Critical path event 1,74,4
2005-10-03T00:12:46, Misc. noise event 0,96,3
2005-10-03T00:17:27, Critical path event 2,46,9
2005-10-03T00:40:00, Critical path event 3,3,1
2005-10-03T00:48:15, Critical path event 4,55,1
2005-10-03T01:00:30, Misc. noise event 1,98,0
2005-10-03T01:01:56, Critical path event 5,63,2
2005-10-03T01:11:20, Critical path event 6,12,9
2005-10-03T01:22:44, Misc. noise event 2,10,7
2005-10-03T01:22:49, Critical path event 7,44,2
2005-10-03T01:26:30, Critical path event 8,2,0
2005-10-03T01:46:33, Critical path event 9,99,2
2005-10-03T01:55:39, Critical path event 9,22,3
2005-10-03T02:04:36, Misc. noise event 3,41,10
2005-10-03T02:05:21, Critical path event 9,59,10
2005-10-03T02:12:50, Critical path event 9,9,8
2005-10-03T02:18:36, Misc. noise event 4,40,5
2005-10-03T02:19:21, Critical path event 13,97,8
2005-10-03T02:27:53, Misc. noise event 5,59,2
2005-10-03T02:28:49, Critical path event 14,92,7
2005-10-03T02:37:24, Critical path event 15,17,7
2005-10-03T02:46:23, Critical path event 16,84,5
2005-10-03T02:54:38, Critical path event 17,60,10
2005-10-03T03:08:19, Critical path event 18,48,0
2005-10-03T03:17:43, Critical path event 19,10,2
2005-10-03T03:25:02, Critical path event 19,75,4
2005-10-03T03:28:43, Critical path event 19,75,7
2005-10-03T03:36:54, Critical path event 19,88,4

    ----------------some other thing --------------
    filesize :1024k
    alert-level : FATAL
    description: thing with pid 34345 died because 
        random java stacktrace 
        that is super noisy with numbers and datetimes 
Exception in thread "main" java.lang.NullPointerException
    at AnotherClassLoader.loadClass(test.java:58)
    at test.main(test.java:30)
    at Main.main(Main.java:68)
    -------------------------------------------- 
    2005-10-03T03:46:00, Critical path event 23,72,8
2005-10-03T04:02:14, Critical path event 24,55,9
2005-10-03T04:09:43, Critical path event 25,71,6
2005-10-03T04:16:14, Critical path event 26,68,8
2005-10-03T04:28:50, Critical path event 27,49,1
2005-10-03T04:37:25, Critical path event 28,7,5
2005-10-03T04:46:24, Critical path event 29,32,6
2005-10-03T05:00:33, Misc. noise event 6,5,8
2005-10-03T05:03:53, Critical path event 29,16,3
2005-10-03T05:33:00, Critical path event 29,55,4
2005-10-03T05:42:24, Critical path event 29,27,5
2005-10-03T05:49:43, Critical path event 33,61,4
2005-10-03T05:48:25, Misc. noise event 7,41,10
2005-10-03T05:53:24, Critical path event 34,10,1
2005-10-03T06:01:35, Critical path event 35,36,7
2005-10-03T06:10:41, Critical path event 36,69,2
2005-10-03T06:26:18, Misc. noise event 8,46,7
2005-10-03T06:29:52, Critical path event 37,8,5
2005-10-03T06:33:32, Misc. noise event 9,43,5
2005-10-03T06:37:21, Critical path event 38,81,9
2005-10-03T06:43:52, Critical path event 39,21,1
2005-10-03T06:50:49, Misc. noise event 10,31,3
2005-10-03T06:53:20, Critical path event 19,88,5
2005-10-03T07:01:55, Critical path event 19,89,8
2005-10-03T07:10:54, Critical path event 19,44,4
2005-10-03T07:35:10, Critical path event 19,47,3
2005-10-03T08:13:31, Critical path event 44,36,1
