--------------------------------------------------
datetime,message,random_int_1,random_int_2
--------------------------------------------------
2005-12-05T00:00:00, Critical path event 1,45,2
2005-12-05T00:07:56, Critical path event 2,23,9
2005-12-05T00:15:54, Critical path event 3,54,8
2005-12-05T00:25:05, Critical path event 4,70,4
2005-12-05T00:39:08, Misc. noise event 0,65,9
2005-12-05T00:40:22, Critical path event 5,62,3
2005-12-05T00:49:20, Misc. noise event 1,82,8
2005-12-05T00:49:31, Critical path event 6,84,4
2005-12-05T00:55:31, Misc. noise event 2,67,8
2005-12-05T00:58:58, Critical path event 7,33,1
2005-12-05T01:02:46, Critical path event 8,4,5
2005-12-05T01:08:05, Misc. noise event 3,2,9
2005-12-05T01:12:14, Critical path event 9,73,5
2005-12-05T01:19:45, Critical path event 9,21,9
2005-12-05T01:25:17, Misc. noise event 4,9,2
2005-12-05T01:30:03, Critical path event 9,54,7
2005-12-05T01:32:44, Misc. noise event 5,75,9
2005-12-05T01:36:05, Critical path event 9,55,3
2005-12-05T01:44:21, Critical path event 13,83,10
2005-12-05T01:53:44, Critical path event 14,30,10
2005-12-05T02:01:40, Critical path event 15,12,1
2005-12-05T02:09:38, Critical path event 16,58,9
2005-12-05T02:16:51, Misc. noise event 6,55,0
2005-12-05T02:18:49, Critical path event 17,0,7
2005-12-05T02:34:06, Critical path event 18,97,9
2005-12-05T02:41:48, Misc. noise event 7,41,10
2005-12-05T02:43:15, Critical path event 19,12,9
2005-12-05T02:52:42, Critical path event 19,42,3

    ----------------some other thing --------------
    filesize :1024k
    alert-level : FATAL
    description: thing with pid 34345 died because 
        random java stacktrace 
        that is super noisy with numbers and datetimes 
Exception in thread "main" java.lang.NullPointerException
    at AnotherClassLoader.loadClass(test.java:58)
    at test.main(test.java:30)
    at Main.main(Main.java:68)
    -------------------------------------------- 
    2005-12-05T02:56:30, Critical path event 19,7,3
2005-12-05T03:03:36, Misc. noise event 8,79,10
2005-12-05T03:05:58, Critical path event 19,9,10
2005-12-05T03:13:29, Critical path event 23,97,5
2005-12-05T03:23:47, Critical path event 24,62,7
2005-12-05T03:29:49, Critical path event 25,61,0
2005-12-05T03:35:44, Misc. noise event 9,43,5
2005-12-05T03:38:05, Critical path event 26,4,0
2005-12-05T03:47:28, Critical path event 27,7,10
2005-12-05T03:55:24, Critical path event 28,39,8
2005-12-05T04:03:22, Critical path event 29,86,7
2005-12-05T04:12:33, Critical path event 29,69,8
2005-12-05T04:27:50, Critical path event 29,28,6
2005-12-05T04:35:59, Misc. noise event 10,61,1
2005-12-05T04:36:59, Critical path event 29,68,8
2005-12-05T04:46:26, Critical path event 33,16,0
2005-12-05T04:50:14, Critical path event 34,66,9
2005-12-05T04:59:42, Critical path event 35,40,1
2005-12-05T05:07:13, Critical path event 36,32,5
2005-12-05T05:17:31, Critical path event 37,50,7
2005-12-05T05:23:33, Critical path event 38,72,3
2005-12-05T05:31:49, Critical path event 39,87,4
2005-12-05T05:41:12, Critical path event 19,20,3
2005-12-05T05:49:08, Critical path event 19,3,6
2005-12-05T05:57:06, Critical path event 19,41,5
2005-12-05T06:06:17, Critical path event 19,26,10
2005-12-05T06:21:34, Critical path event 44,95,4
