--------------------------------------------------
datetime,message,random_int_1,random_int_2
--------------------------------------------------
2005-01-24T00:00:00, Critical path event 1,84,0
2005-01-24T00:09:31, Critical path event 2,10,6
2005-01-24T00:18:26, Critical path event 3,60,9
2005-01-24T00:26:27, Critical path event 4,47,8
2005-01-24T00:40:37, Critical path event 5,52,8
2005-01-24T00:49:45, Critical path event 6,43,5
2005-01-24T00:57:55, Critical path event 7,95,4
2005-01-24T01:01:59, Critical path event 8,24,1
2005-01-24T01:06:48, Misc. noise event 0,39,5
2005-01-24T01:09:33, Critical path event 9,70,8
2005-01-24T01:16:52, Critical path event 9,11,9
2005-01-24T01:28:43, Critical path event 9,47,9
2005-01-24T01:36:46, Critical path event 9,94,0
2005-01-24T01:43:22, Misc. noise event 1,97,5
2005-01-24T01:43:27, Critical path event 13,42,10
2005-01-24T01:51:12, Misc. noise event 2,68,3
2005-01-24T01:53:02, Critical path event 14,29,4
2005-01-24T02:02:33, Critical path event 15,64,6
2005-01-24T02:11:28, Critical path event 16,67,10
2005-01-24T02:19:29, Critical path event 17,98,9
2005-01-24T02:33:39, Critical path event 18,98,1
2005-01-24T02:38:04, Misc. noise event 3,95,5
2005-01-24T02:42:47, Critical path event 19,49,10
2005-01-24T02:50:57, Critical path event 19,52,9
2005-01-24T02:55:01, Critical path event 19,7,9
2005-01-24T03:02:35, Critical path event 19,34,2
2005-01-24T03:07:50, Misc. noise event 4,8,3
2005-01-24T03:09:54, Critical path event 23,3,0

    ----------------some other thing --------------
    filesize :1024k
    alert-level : FATAL
    description: thing with pid 34345 died because 
        random java stacktrace 
        that is super noisy with numbers and datetimes 
Exception in thread "main" java.lang.NullPointerException
    at AnotherClassLoader.loadClass(test.java:58)
    at test.main(test.java:30)
    at Main.main(Main.java:68)
    -------------------------------------------- 
    2005-01-24T03:21:45, Critical path event 24,0,6
2005-01-24T03:29:48, Critical path event 25,71,7
2005-01-24T03:36:29, Critical path event 26,1,3
2005-01-24T03:46:04, Critical path event 27,47,10
2005-01-24T03:55:35, Critical path event 28,14,0
2005-01-24T04:01:14, Misc. noise event 5,8,1
2005-01-24T04:04:30, Critical path event 29,97,4
2005-01-24T04:12:31, Critical path event 29,80,8
2005-01-24T04:22:37, Misc. noise event 6,87,3
2005-01-24T04:26:41, Critical path event 29,70,10
2005-01-24T04:35:49, Critical path event 29,92,10
2005-01-24T04:42:14, Misc. noise event 7,69,8
2005-01-24T04:43:59, Critical path event 33,95,4
2005-01-24T04:46:10, Misc. noise event 8,8,8
2005-01-24T04:48:03, Critical path event 34,55,6
2005-01-24T04:55:37, Critical path event 35,16,7
2005-01-24T05:02:56, Critical path event 36,90,9
2005-01-24T05:14:47, Critical path event 37,43,7
2005-01-24T05:22:50, Critical path event 38,69,7
2005-01-24T05:29:31, Critical path event 39,95,2
2005-01-24T05:34:43, Misc. noise event 9,2,6
2005-01-24T05:39:06, Critical path event 19,69,3
2005-01-24T05:48:37, Critical path event 19,71,10
2005-01-24T05:57:32, Critical path event 19,33,5
2005-01-24T06:05:33, Critical path event 19,26,6
2005-01-24T06:16:04, Misc. noise event 10,7,2
2005-01-24T06:19:43, Critical path event 44,93,2
