--------------------------------------------------
datetime,message,random_int_1,random_int_2
--------------------------------------------------
2005-12-19T00:00:00, Critical path event 1,17,0
2005-12-19T00:06:51, Misc. noise event 0,10,6
2005-12-19T00:09:27, Critical path event 2,65,4
2005-12-19T00:18:30, Critical path event 3,14,2
2005-12-19T00:25:15, Misc. noise event 1,100,10
2005-12-19T00:27:10, Critical path event 4,51,6
2005-12-19T00:40:42, Misc. noise event 2,89,7
2005-12-19T00:42:07, Critical path event 5,43,10
2005-12-19T00:51:35, Critical path event 6,53,6
2005-12-19T00:55:20, Misc. noise event 3,50,8
2005-12-19T00:59:17, Critical path event 7,86,6
2005-12-19T01:04:10, Critical path event 8,63,4
2005-12-19T01:12:59, Critical path event 9,74,8
2005-12-19T01:21:28, Critical path event 9,73,1
2005-12-19T01:31:17, Critical path event 9,82,8
2005-12-19T01:37:45, Critical path event 9,41,3
2005-12-19T01:45:44, Misc. noise event 4,0,3
2005-12-19T01:45:48, Critical path event 13,28,9
2005-12-19T01:53:11, Critical path event 14,76,4
2005-12-19T01:59:50, Misc. noise event 5,34,5
2005-12-19T02:02:38, Critical path event 15,91,9
2005-12-19T02:11:41, Critical path event 16,53,7
2005-12-19T02:20:21, Critical path event 17,18,9
2005-12-19T02:35:18, Critical path event 18,63,10
2005-12-19T02:40:52, Misc. noise event 6,79,10
2005-12-19T02:44:46, Critical path event 19,62,4
2005-12-19T02:52:28, Critical path event 19,97,9
2005-12-19T02:57:21, Critical path event 19,75,7

    ----------------some other thing --------------
    filesize :1024k
    alert-level : FATAL
    description: thing with pid 34345 died because 
        random java stacktrace 
        that is super noisy with numbers and datetimes 
Exception in thread "main" java.lang.NullPointerException
    at AnotherClassLoader.loadClass(test.java:58)
    at test.main(test.java:30)
    at Main.main(Main.java:68)
    -------------------------------------------- 
    2005-12-19T03:06:10, Critical path event 19,5,2
2005-12-19T03:31:05, Critical path event 23,6,3
2005-12-19T03:40:54, Critical path event 24,6,5
2005-12-19T03:43:08, Misc. noise event 7,49,9
2005-12-19T03:47:22, Critical path event 25,43,4
2005-12-19T03:55:25, Critical path event 26,22,6
2005-12-19T04:02:48, Critical path event 27,24,5
2005-12-19T04:23:24, Misc. noise event 8,97,10
2005-12-19T04:24:55, Critical path event 28,24,10
2005-12-19T04:45:26, Critical path event 29,17,6
2005-12-19T04:57:57, Critical path event 29,34,7
2005-12-19T05:08:58, Misc. noise event 9,8,6
2005-12-19T05:12:54, Critical path event 29,100,0
2005-12-19T05:22:22, Critical path event 29,93,8
2005-12-19T05:30:04, Critical path event 33,73,0
2005-12-19T05:43:43, Critical path event 34,17,9
2005-12-19T05:52:32, Critical path event 35,44,5
2005-12-19T05:58:11, Misc. noise event 10,12,5
2005-12-19T06:01:01, Critical path event 36,33,1
2005-12-19T06:28:02, Critical path event 37,47,5
2005-12-19T06:34:30, Critical path event 38,90,9
2005-12-19T06:47:42, Critical path event 39,29,9
2005-12-19T06:55:05, Critical path event 19,4,10
2005-12-19T07:04:32, Critical path event 19,1,4
2005-12-19T07:13:35, Critical path event 19,44,3
2005-12-19T07:22:15, Critical path event 19,62,6
2005-12-19T07:37:12, Critical path event 44,99,0
