--------------------------------------------------
datetime,message,random_int_1,random_int_2
--------------------------------------------------
2005-02-14T00:00:00, Critical path event 1,69,6
2005-02-14T00:12:19, Misc. noise event 0,83,1
2005-02-14T00:15:50, Critical path event 2,2,3
2005-02-14T00:20:11, Misc. noise event 1,89,8
2005-02-14T00:23:13, Critical path event 3,82,1
2005-02-14T00:31:56, Critical path event 4,99,9
2005-02-14T00:42:30, Misc. noise event 2,26,5
2005-02-14T00:47:24, Critical path event 5,53,7
2005-02-14T01:09:00, Critical path event 6,27,6
2005-02-14T01:18:20, Critical path event 7,83,3
2005-02-14T01:23:58, Critical path event 8,62,6
2005-02-14T01:29:24, Misc. noise event 3,85,4
2005-02-14T01:31:43, Critical path event 9,61,5
2005-02-14T01:40:03, Critical path event 9,16,6
2005-02-14T01:51:46, Critical path event 9,56,1
2005-02-14T02:12:33, Critical path event 9,89,5
2005-02-14T02:19:08, Critical path event 13,78,6
2005-02-14T02:43:37, Critical path event 14,60,5
2005-02-14T02:51:10, Critical path event 15,17,5
2005-02-14T02:58:33, Critical path event 16,4,2
2005-02-14T03:07:16, Critical path event 17,27,5
2005-02-14T03:19:47, Misc. noise event 4,87,10
2005-02-14T03:22:44, Critical path event 18,76,1
2005-02-14T03:30:46, Critical path event 19,57,8
2005-02-14T03:40:06, Critical path event 19,6,3
2005-02-14T03:45:44, Critical path event 19,66,7
2005-02-14T03:53:29, Critical path event 19,21,4
2005-02-14T04:01:49, Critical path event 23,21,9

    ----------------some other thing --------------
    filesize :1024k
    alert-level : FATAL
    description: thing with pid 34345 died because 
        random java stacktrace 
        that is super noisy with numbers and datetimes 
Exception in thread "main" java.lang.NullPointerException
    at AnotherClassLoader.loadClass(test.java:58)
    at test.main(test.java:30)
    at Main.main(Main.java:68)
    -------------------------------------------- 
    2005-02-14T04:13:32, Critical path event 24,46,3
2005-02-14T04:20:56, Critical path event 25,0,4
2005-02-14T04:27:31, Critical path event 26,81,5
2005-02-14T04:44:06, Critical path event 27,14,4
2005-02-14T04:49:17, Misc. noise event 5,23,1
2005-02-14T04:51:39, Critical path event 28,52,1
2005-02-14T04:59:02, Critical path event 29,60,10
2005-02-14T05:07:45, Critical path event 29,98,6
2005-02-14T05:20:55, Misc. noise event 6,37,4
2005-02-14T05:23:13, Critical path event 29,20,0
2005-02-14T05:45:32, Critical path event 29,44,2
2005-02-14T05:54:52, Critical path event 33,5,1
2005-02-14T05:59:13, Misc. noise event 7,34,9
2005-02-14T06:00:30, Critical path event 34,93,4
2005-02-14T06:06:55, Misc. noise event 8,89,3
2005-02-14T06:08:15, Critical path event 35,87,2
2005-02-14T06:16:35, Critical path event 36,24,4
2005-02-14T06:39:23, Critical path event 37,66,3
2005-02-14T06:46:47, Critical path event 38,67,10
2005-02-14T06:54:17, Critical path event 39,64,9
2005-02-14T07:03:24, Critical path event 19,98,9
2005-02-14T07:10:57, Critical path event 19,99,5
2005-02-14T07:15:19, Misc. noise event 9,27,9
2005-02-14T07:18:20, Critical path event 19,68,3
2005-02-14T07:27:03, Critical path event 19,65,4
2005-02-14T07:38:08, Misc. noise event 10,28,7
2005-02-14T07:42:31, Critical path event 44,34,9
