--------------------------------------------------
datetime,message,random_int_1,random_int_2
--------------------------------------------------
2005-04-03T23:59:15, Misc. noise event 0,24,3
2005-04-04T00:00:00, Critical path event 1,73,4
2005-04-04T00:04:34, Misc. noise event 1,9,7
2005-04-04T00:08:43, Critical path event 2,86,10
2005-04-04T00:18:06, Critical path event 3,38,3
2005-04-04T00:41:06, Critical path event 4,27,6
2005-04-04T00:55:59, Critical path event 5,61,1
2005-04-04T01:10:22, Critical path event 6,91,10
2005-04-04T01:21:03, Critical path event 7,32,6
2005-04-04T01:33:49, Critical path event 8,5,4
2005-04-04T01:40:14, Misc. noise event 2,57,10
2005-04-04T01:42:35, Critical path event 9,88,8
2005-04-04T01:51:52, Critical path event 9,89,6
2005-04-04T02:01:51, Critical path event 9,2,7
2005-04-04T02:08:32, Critical path event 9,40,8
2005-04-04T02:16:10, Critical path event 13,55,8
2005-04-04T02:23:28, Critical path event 14,2,7
2005-04-04T02:48:18, Critical path event 15,31,5
2005-04-04T02:57:41, Critical path event 16,18,1
2005-04-04T03:11:10, Misc. noise event 3,81,5
2005-04-04T03:14:48, Critical path event 17,74,6
2005-04-04T03:29:41, Critical path event 18,68,1
2005-04-04T03:49:01, Misc. noise event 4,47,5
2005-04-04T03:51:24, Critical path event 19,64,8
2005-04-04T03:58:41, Critical path event 19,64,4
2005-04-04T04:03:48, Critical path event 19,82,4
2005-04-04T04:23:11, Critical path event 19,53,3
2005-04-04T04:32:28, Critical path event 23,65,2

    ----------------some other thing --------------
    filesize :1024k
    alert-level : FATAL
    description: thing with pid 34345 died because 
        random java stacktrace 
        that is super noisy with numbers and datetimes 
Exception in thread "main" java.lang.NullPointerException
    at AnotherClassLoader.loadClass(test.java:58)
    at test.main(test.java:30)
    at Main.main(Main.java:68)
    -------------------------------------------- 
    2005-04-04T04:42:27, Critical path event 24,31,2
2005-04-04T04:49:08, Critical path event 25,21,8
2005-04-04T04:56:26, Misc. noise event 5,50,7
2005-04-04T04:56:46, Critical path event 26,14,4
2005-04-04T05:04:04, Critical path event 27,40,9
2005-04-04T05:12:47, Critical path event 28,68,4
2005-04-04T05:22:10, Critical path event 29,6,0
2005-04-04T05:43:51, Critical path event 29,40,8
2005-04-04T05:58:44, Critical path event 29,51,3
2005-04-04T06:06:08, Critical path event 29,51,9
2005-04-04T06:16:17, Critical path event 33,74,0
2005-04-04T06:21:23, Misc. noise event 6,55,10
2005-04-04T06:21:24, Critical path event 34,33,0
2005-04-04T06:27:35, Misc. noise event 7,24,8
2005-04-04T06:30:10, Critical path event 35,26,0
2005-04-04T06:39:27, Critical path event 36,68,1
2005-04-04T07:03:56, Misc. noise event 8,42,5
2005-04-04T07:07:31, Critical path event 37,66,2
2005-04-04T07:21:56, Critical path event 38,58,3
2005-04-04T07:29:34, Critical path event 39,86,4
2005-04-04T07:36:52, Critical path event 19,37,0
2005-04-04T07:45:35, Critical path event 19,3,10
2005-04-04T07:56:52, Misc. noise event 9,59,0
2005-04-04T07:57:24, Critical path event 19,70,8
2005-04-04T08:01:50, Misc. noise event 10,77,3
2005-04-04T08:06:47, Critical path event 19,57,6
2005-04-04T08:21:40, Critical path event 44,98,4
