--------------------------------------------------
datetime,message,random_int_1,random_int_2
--------------------------------------------------
2005-08-15T00:00:00, Critical path event 1,20,3
2005-08-15T00:08:35, Critical path event 2,64,0
2005-08-15T00:17:08, Critical path event 3,86,7
2005-08-15T00:26:22, Critical path event 4,94,4
2005-08-15T00:39:36, Critical path event 5,75,0
2005-08-15T00:48:46, Critical path event 6,70,7
2005-08-15T00:51:34, Misc. noise event 0,79,10
2005-08-15T00:56:27, Critical path event 7,37,1
2005-08-15T00:58:06, Misc. noise event 1,99,8
2005-08-15T01:00:45, Critical path event 8,6,2
2005-08-15T01:08:40, Critical path event 9,74,7
2005-08-15T01:13:51, Misc. noise event 2,14,8
2005-08-15T01:18:10, Critical path event 9,36,9
2005-08-15T01:29:20, Misc. noise event 3,6,0
2005-08-15T01:29:35, Critical path event 9,87,0
2005-08-15T01:36:09, Critical path event 9,46,10
2005-08-15T01:40:18, Misc. noise event 4,50,0
2005-08-15T01:42:18, Critical path event 13,74,1
2005-08-15T01:51:49, Critical path event 14,61,9
2005-08-15T02:16:39, Critical path event 15,64,2
2005-08-15T02:27:51, Misc. noise event 5,89,7
2005-08-15T02:30:05, Critical path event 16,40,8
2005-08-15T02:55:11, Critical path event 17,68,8
2005-08-15T03:25:32, Critical path event 18,76,3
2005-08-15T03:33:45, Critical path event 19,63,8
2005-08-15T03:54:47, Critical path event 19,31,0
2005-08-15T03:59:05, Critical path event 19,91,1
2005-08-15T04:22:34, Critical path event 19,16,1

    ----------------some other thing --------------
    filesize :1024k
    alert-level : FATAL
    description: thing with pid 34345 died because 
        random java stacktrace 
        that is super noisy with numbers and datetimes 
Exception in thread "main" java.lang.NullPointerException
    at AnotherClassLoader.loadClass(test.java:58)
    at test.main(test.java:30)
    at Main.main(Main.java:68)
    -------------------------------------------- 
    2005-08-15T04:32:04, Critical path event 23,15,5
2005-08-15T04:43:29, Critical path event 24,8,7
2005-08-15T04:48:30, Misc. noise event 6,27,10
2005-08-15T04:50:03, Critical path event 25,24,2
2005-08-15T04:54:55, Misc. noise event 7,60,0
2005-08-15T04:56:12, Critical path event 26,78,2
2005-08-15T05:24:25, Critical path event 27,8,9
2005-08-15T05:33:00, Critical path event 28,97,3
2005-08-15T05:41:33, Critical path event 29,67,8
2005-08-15T05:54:36, Critical path event 29,21,0
2005-08-15T06:07:50, Critical path event 29,16,9
2005-08-15T06:26:53, Critical path event 29,80,6
2005-08-15T06:34:34, Critical path event 33,46,4
2005-08-15T06:38:52, Critical path event 34,52,1
2005-08-15T06:48:42, Critical path event 35,12,4
2005-08-15T06:56:30, Misc. noise event 8,48,7
2005-08-15T06:58:12, Critical path event 36,34,1
2005-08-15T07:21:14, Critical path event 37,70,7
2005-08-15T07:27:48, Critical path event 38,31,10
2005-08-15T07:37:39, Critical path event 39,59,6
2005-08-15T07:47:10, Critical path event 19,40,3
2005-08-15T07:54:56, Misc. noise event 9,91,6
2005-08-15T07:55:45, Critical path event 19,92,0
2005-08-15T08:04:18, Critical path event 19,65,8
2005-08-15T08:13:32, Critical path event 19,90,6
2005-08-15T08:23:32, Misc. noise event 10,76,3
2005-08-15T08:26:46, Critical path event 44,33,10
