--------------------------------------------------
datetime,message,random_int_1,random_int_2
--------------------------------------------------
2005-10-24T00:00:00, Critical path event 1,29,4
2005-10-24T00:08:47, Critical path event 2,5,6
2005-10-24T00:16:08, Critical path event 3,66,3
2005-10-24T00:22:56, Misc. noise event 0,38,9
2005-10-24T00:25:24, Critical path event 4,33,1
2005-10-24T00:39:51, Critical path event 5,19,1
2005-10-24T00:48:42, Critical path event 6,13,10
2005-10-24T00:56:31, Critical path event 7,27,9
2005-10-24T01:02:15, Critical path event 8,14,0
2005-10-24T01:09:38, Critical path event 9,100,4
2005-10-24T01:16:51, Critical path event 9,97,1
2005-10-24T01:28:31, Critical path event 9,99,6
2005-10-24T01:34:38, Critical path event 9,64,8
2005-10-24T01:43:00, Critical path event 13,4,9
2005-10-24T01:52:09, Critical path event 14,0,10
2005-10-24T01:57:35, Misc. noise event 1,55,5
2005-10-24T02:00:56, Critical path event 15,43,10
2005-10-24T02:08:17, Critical path event 16,82,9
2005-10-24T02:16:14, Misc. noise event 2,90,3
2005-10-24T02:17:33, Critical path event 17,54,6
2005-10-24T02:32:00, Critical path event 18,72,5
2005-10-24T02:40:51, Critical path event 19,33,9
2005-10-24T02:48:40, Critical path event 19,18,3
2005-10-24T02:54:24, Critical path event 19,78,7
2005-10-24T02:57:36, Misc. noise event 3,100,8
2005-10-24T03:01:47, Critical path event 19,24,5
2005-10-24T03:09:00, Critical path event 23,66,1
2005-10-24T03:16:40, Misc. noise event 4,1,10

    ----------------some other thing --------------
    filesize :1024k
    alert-level : FATAL
    description: thing with pid 34345 died because 
        random java stacktrace 
        that is super noisy with numbers and datetimes 
Exception in thread "main" java.lang.NullPointerException
    at AnotherClassLoader.loadClass(test.java:58)
    at test.main(test.java:30)
    at Main.main(Main.java:68)
    -------------------------------------------- 
    2005-10-24T03:20:40, Critical path event 24,91,0
2005-10-24T03:26:47, Critical path event 25,62,0
2005-10-24T03:35:03, Misc. noise event 5,64,8
2005-10-24T03:35:09, Critical path event 26,42,5
2005-10-24T03:44:18, Critical path event 27,59,4
2005-10-24T03:49:17, Misc. noise event 6,34,6
2005-10-24T03:53:05, Critical path event 28,24,3
2005-10-24T04:00:26, Critical path event 29,81,6
2005-10-24T04:09:42, Critical path event 29,17,10
2005-10-24T04:24:09, Critical path event 29,97,8
2005-10-24T04:31:44, Misc. noise event 7,7,8
2005-10-24T04:33:00, Critical path event 29,12,10
2005-10-24T04:40:49, Critical path event 33,76,8
2005-10-24T04:46:33, Critical path event 34,39,10
2005-10-24T04:53:56, Critical path event 35,21,8
2005-10-24T04:59:24, Misc. noise event 8,40,5
2005-10-24T05:01:09, Critical path event 36,87,2
2005-10-24T05:12:49, Critical path event 37,30,2
2005-10-24T05:18:56, Critical path event 38,8,2
2005-10-24T05:27:18, Critical path event 39,45,5
2005-10-24T05:32:47, Misc. noise event 9,13,10
2005-10-24T05:36:27, Critical path event 19,94,3
2005-10-24T05:45:14, Critical path event 19,29,8
2005-10-24T05:48:57, Misc. noise event 10,67,0
2005-10-24T05:52:35, Critical path event 19,22,4
2005-10-24T06:01:51, Critical path event 19,58,2
2005-10-24T06:16:18, Critical path event 44,67,1
