--------------------------------------------------
datetime,message,random_int_1,random_int_2
--------------------------------------------------
2005-12-12T00:00:00, Critical path event 1,11,10
2005-12-12T00:07:17, Critical path event 2,89,3
2005-12-12T00:14:31, Critical path event 3,72,5
2005-12-12T00:21:49, Critical path event 4,68,7
2005-12-12T00:36:34, Critical path event 5,58,1
2005-12-12T00:45:19, Critical path event 6,62,0
2005-12-12T00:54:52, Critical path event 7,21,4
2005-12-12T00:59:54, Critical path event 8,26,6
2005-12-12T01:04:23, Misc. noise event 0,19,6
2005-12-12T01:08:25, Critical path event 9,1,9
2005-12-12T01:14:20, Misc. noise event 1,65,4
2005-12-12T01:16:43, Critical path event 9,25,2
2005-12-12T01:26:28, Critical path event 9,57,8
2005-12-12T01:29:10, Misc. noise event 2,92,10
2005-12-12T01:32:49, Critical path event 9,57,10
2005-12-12T01:35:45, Misc. noise event 3,8,5
2005-12-12T01:40:00, Critical path event 13,61,4
2005-12-12T01:47:47, Critical path event 14,52,0
2005-12-12T01:55:04, Critical path event 15,83,5
2005-12-12T02:02:18, Critical path event 16,31,5
2005-12-12T02:09:36, Critical path event 17,40,3
2005-12-12T02:24:21, Critical path event 18,35,3
2005-12-12T02:33:06, Critical path event 19,9,4
2005-12-12T02:42:39, Critical path event 19,82,7
2005-12-12T02:47:41, Critical path event 19,49,2
2005-12-12T02:56:12, Critical path event 19,76,0
2005-12-12T03:04:30, Critical path event 23,50,4
2005-12-12T03:14:15, Critical path event 24,17,7

    ----------------some other thing --------------
    filesize :1024k
    alert-level : FATAL
    description: thing with pid 34345 died because 
        random java stacktrace 
        that is super noisy with numbers and datetimes 
Exception in thread "main" java.lang.NullPointerException
    at AnotherClassLoader.loadClass(test.java:58)
    at test.main(test.java:30)
    at Main.main(Main.java:68)
    -------------------------------------------- 
    2005-12-12T03:18:18, Misc. noise event 4,42,2
2005-12-12T03:20:36, Critical path event 25,11,2
2005-12-12T03:23:07, Misc. noise event 5,86,10
2005-12-12T03:27:47, Critical path event 26,37,2
2005-12-12T03:34:50, Misc. noise event 6,89,3
2005-12-12T03:35:34, Critical path event 27,6,3
2005-12-12T03:42:51, Critical path event 28,53,8
2005-12-12T03:50:05, Critical path event 29,3,3
2005-12-12T03:57:23, Critical path event 29,69,6
2005-12-12T04:12:08, Critical path event 29,62,10
2005-12-12T04:20:09, Misc. noise event 7,70,3
2005-12-12T04:20:53, Critical path event 29,74,9
2005-12-12T04:26:21, Misc. noise event 8,81,2
2005-12-12T04:30:26, Critical path event 33,1,6
2005-12-12T04:35:28, Critical path event 34,57,9
2005-12-12T04:43:59, Critical path event 35,26,10
2005-12-12T04:52:17, Critical path event 36,3,8
2005-12-12T04:58:47, Misc. noise event 9,53,1
2005-12-12T05:02:02, Critical path event 37,79,0
2005-12-12T05:08:23, Critical path event 38,19,4
2005-12-12T05:15:34, Critical path event 39,57,8
2005-12-12T05:23:21, Critical path event 19,19,0
2005-12-12T05:26:55, Misc. noise event 10,49,10
2005-12-12T05:30:38, Critical path event 19,70,3
2005-12-12T05:37:52, Critical path event 19,24,9
2005-12-12T05:45:10, Critical path event 19,93,0
2005-12-12T05:59:55, Critical path event 44,61,5
