--------------------------------------------------
datetime,message,random_int_1,random_int_2
--------------------------------------------------
2005-07-25T00:00:00, Critical path event 1,24,8
2005-07-25T00:09:58, Misc. noise event 0,10,3
2005-07-25T00:13:06, Critical path event 2,18,2
2005-07-25T00:22:16, Critical path event 3,29,8
2005-07-25T00:29:45, Critical path event 4,50,10
2005-07-25T00:43:22, Critical path event 5,66,3
2005-07-25T00:49:26, Misc. noise event 1,53,4
2005-07-25T00:51:43, Critical path event 6,15,4
2005-07-25T00:58:59, Critical path event 7,83,6
2005-07-25T01:02:39, Critical path event 8,21,4
2005-07-25T01:12:06, Critical path event 9,54,5
2005-07-25T01:21:39, Critical path event 9,62,10
2005-07-25T01:31:20, Critical path event 9,67,10
2005-07-25T01:37:34, Critical path event 9,65,6
2005-07-25T01:52:33, Misc. noise event 2,36,0
2005-07-25T01:53:31, Critical path event 13,64,9
2005-07-25T02:02:33, Critical path event 14,33,5
2005-07-25T02:23:51, Critical path event 15,89,0
2005-07-25T02:33:01, Critical path event 16,27,10
2005-07-25T02:48:28, Critical path event 17,39,6
2005-07-25T03:11:43, Critical path event 18,71,7
2005-07-25T03:20:04, Critical path event 19,62,8
2005-07-25T03:31:02, Misc. noise event 3,92,9
2005-07-25T03:33:47, Critical path event 19,18,1
2005-07-25T03:37:27, Critical path event 19,92,9
2005-07-25T03:52:53, Critical path event 19,97,2
2005-07-25T04:01:59, Misc. noise event 4,94,7
2005-07-25T04:02:26, Critical path event 23,45,6

    ----------------some other thing --------------
    filesize :1024k
    alert-level : FATAL
    description: thing with pid 34345 died because 
        random java stacktrace 
        that is super noisy with numbers and datetimes 
Exception in thread "main" java.lang.NullPointerException
    at AnotherClassLoader.loadClass(test.java:58)
    at test.main(test.java:30)
    at Main.main(Main.java:68)
    -------------------------------------------- 
    2005-07-25T04:22:08, Critical path event 24,71,8
2005-07-25T04:28:22, Critical path event 25,10,2
2005-07-25T04:35:36, Critical path event 26,43,7
2005-07-25T04:44:38, Critical path event 27,2,3
2005-07-25T04:49:44, Misc. noise event 5,26,0
2005-07-25T04:52:07, Critical path event 28,27,0
2005-07-25T04:59:23, Misc. noise event 6,13,10
2005-07-25T05:01:17, Critical path event 29,77,5
2005-07-25T05:21:12, Misc. noise event 7,32,1
2005-07-25T05:21:12, Critical path event 29,63,5
2005-07-25T05:37:44, Misc. noise event 8,24,10
2005-07-25T05:38:33, Critical path event 29,51,1
2005-07-25T05:46:54, Critical path event 29,83,8
2005-07-25T05:54:10, Critical path event 33,63,1
2005-07-25T05:57:50, Critical path event 34,13,3
2005-07-25T06:18:31, Critical path event 35,9,6
2005-07-25T06:28:04, Critical path event 36,2,2
2005-07-25T06:37:45, Critical path event 37,47,0
2005-07-25T06:43:59, Critical path event 38,94,2
2005-07-25T06:46:55, Misc. noise event 9,80,0
2005-07-25T06:51:40, Critical path event 39,50,1
2005-07-25T06:59:36, Misc. noise event 10,15,0
2005-07-25T07:00:42, Critical path event 19,29,3
2005-07-25T07:08:11, Critical path event 19,31,5
2005-07-25T07:17:21, Critical path event 19,65,6
2005-07-25T07:26:13, Critical path event 19,79,2
2005-07-25T07:39:50, Critical path event 44,59,5
