--------------------------------------------------
datetime,message,random_int_1,random_int_2
--------------------------------------------------
2005-07-11T00:00:00, Critical path event 1,5,9
2005-07-11T00:06:32, Misc. noise event 0,31,8
2005-07-11T00:07:44, Critical path event 2,3,0
2005-07-11T00:15:39, Critical path event 3,35,0
2005-07-11T00:23:44, Misc. noise event 1,30,4
2005-07-11T00:24:20, Critical path event 4,89,0
2005-07-11T00:39:54, Critical path event 5,95,7
2005-07-11T00:49:10, Critical path event 6,38,4
2005-07-11T00:58:35, Critical path event 7,44,9
2005-07-11T01:00:09, Misc. noise event 2,71,2
2005-07-11T01:02:53, Critical path event 8,6,1
2005-07-11T01:11:09, Critical path event 9,46,7
2005-07-11T01:20:35, Critical path event 9,32,10
2005-07-11T01:26:47, Misc. noise event 3,73,9
2005-07-11T01:30:27, Critical path event 9,66,8
2005-07-11T01:36:51, Critical path event 9,9,4
2005-07-11T01:44:32, Critical path event 13,98,10
2005-07-11T01:54:00, Misc. noise event 4,47,2
2005-07-11T01:54:00, Critical path event 14,1,0
2005-07-11T02:01:44, Critical path event 15,44,7
2005-07-11T02:09:39, Critical path event 16,68,9
2005-07-11T02:15:54, Misc. noise event 5,46,7
2005-07-11T02:18:20, Critical path event 17,72,0
2005-07-11T02:33:54, Critical path event 18,64,3
2005-07-11T02:43:10, Critical path event 19,56,5
2005-07-11T02:52:35, Critical path event 19,97,7
2005-07-11T02:56:53, Critical path event 19,90,2
2005-07-11T03:05:09, Critical path event 19,17,1

    ----------------some other thing --------------
    filesize :1024k
    alert-level : FATAL
    description: thing with pid 34345 died because 
        random java stacktrace 
        that is super noisy with numbers and datetimes 
Exception in thread "main" java.lang.NullPointerException
    at AnotherClassLoader.loadClass(test.java:58)
    at test.main(test.java:30)
    at Main.main(Main.java:68)
    -------------------------------------------- 
    2005-07-11T03:14:35, Critical path event 23,18,9
2005-07-11T03:24:27, Critical path event 24,82,8
2005-07-11T03:30:51, Critical path event 25,22,2
2005-07-11T03:38:32, Critical path event 26,12,3
2005-07-11T03:45:33, Misc. noise event 6,81,4
2005-07-11T03:48:00, Critical path event 27,27,5
2005-07-11T03:50:46, Misc. noise event 7,19,0
2005-07-11T03:55:44, Critical path event 28,27,6
2005-07-11T04:03:39, Critical path event 29,40,2
2005-07-11T04:12:20, Critical path event 29,24,9
2005-07-11T04:27:54, Critical path event 29,68,9
2005-07-11T04:37:10, Critical path event 29,17,8
2005-07-11T04:46:35, Critical path event 33,10,10
2005-07-11T04:50:53, Critical path event 34,93,10
2005-07-11T04:59:09, Critical path event 35,73,4
2005-07-11T05:04:05, Misc. noise event 8,58,3
2005-07-11T05:08:35, Critical path event 36,41,10
2005-07-11T05:18:27, Critical path event 37,99,5
2005-07-11T05:24:51, Critical path event 38,14,2
2005-07-11T05:32:32, Critical path event 39,95,8
2005-07-11T05:42:00, Critical path event 19,74,8
2005-07-11T05:49:44, Critical path event 19,92,5
2005-07-11T05:57:39, Critical path event 19,24,2
2005-07-11T06:01:36, Misc. noise event 9,2,4
2005-07-11T06:06:20, Critical path event 19,78,0
2005-07-11T06:21:26, Misc. noise event 10,73,8
2005-07-11T06:21:54, Critical path event 44,86,6
