--------------------------------------------------
datetime,message,random_int_1,random_int_2
--------------------------------------------------
2005-03-28T00:00:00, Critical path event 1,65,1
2005-03-28T00:07:24, Critical path event 2,85,4
2005-03-28T00:15:53, Critical path event 3,92,2
2005-03-28T00:24:07, Critical path event 4,11,0
2005-03-28T00:40:04, Critical path event 5,91,7
2005-03-28T00:49:06, Critical path event 6,55,7
2005-03-28T00:56:37, Critical path event 7,7,0
2005-03-28T01:01:56, Critical path event 8,18,6
2005-03-28T01:07:03, Misc. noise event 0,48,10
2005-03-28T01:11:16, Critical path event 9,84,9
2005-03-28T01:20:36, Critical path event 9,66,3
2005-03-28T01:28:42, Misc. noise event 1,6,10
2005-03-28T01:30:29, Critical path event 9,19,1
2005-03-28T01:36:21, Misc. noise event 2,77,8
2005-03-28T01:38:17, Critical path event 9,24,1
2005-03-28T01:44:52, Critical path event 13,76,4
2005-03-28T01:58:05, Critical path event 14,31,9
2005-03-28T02:05:29, Critical path event 15,34,8
2005-03-28T02:13:55, Misc. noise event 3,20,10
2005-03-28T02:13:58, Critical path event 16,40,9
2005-03-28T02:18:11, Misc. noise event 4,69,2
2005-03-28T02:22:12, Critical path event 17,84,1
2005-03-28T02:39:15, Critical path event 18,22,1
2005-03-28T02:58:09, Critical path event 19,90,1
2005-03-28T03:05:40, Critical path event 19,24,4
2005-03-28T03:10:21, Critical path event 19,4,6
2005-03-28T03:19:00, Misc. noise event 5,41,2
2005-03-28T03:19:41, Critical path event 19,37,0

    ----------------some other thing --------------
    filesize :1024k
    alert-level : FATAL
    description: thing with pid 34345 died because 
        random java stacktrace 
        that is super noisy with numbers and datetimes 
Exception in thread "main" java.lang.NullPointerException
    at AnotherClassLoader.loadClass(test.java:58)
    at test.main(test.java:30)
    at Main.main(Main.java:68)
    -------------------------------------------- 
    2005-03-28T03:35:15, Misc. noise event 6,81,8
2005-03-28T03:37:53, Critical path event 23,42,6
2005-03-28T03:46:06, Misc. noise event 7,87,6
2005-03-28T03:47:46, Critical path event 24,2,10
2005-03-28T03:53:41, Misc. noise event 8,58,0
2005-03-28T03:55:34, Critical path event 25,67,4
2005-03-28T04:02:09, Critical path event 26,90,4
2005-03-28T04:09:51, Critical path event 27,59,5
2005-03-28T04:17:15, Critical path event 28,95,6
2005-03-28T04:25:44, Critical path event 29,8,1
2005-03-28T04:41:29, Critical path event 29,92,10
2005-03-28T04:56:45, Critical path event 29,78,2
2005-03-28T05:05:47, Critical path event 29,46,3
2005-03-28T05:13:18, Critical path event 33,0,8
2005-03-28T05:22:27, Critical path event 34,22,2
2005-03-28T05:31:47, Critical path event 35,77,1
2005-03-28T05:41:07, Critical path event 36,67,7
2005-03-28T05:59:47, Critical path event 37,86,2
2005-03-28T06:07:35, Critical path event 38,12,1
2005-03-28T06:14:10, Critical path event 39,92,0
2005-03-28T06:21:52, Critical path event 19,32,7
2005-03-28T06:29:16, Critical path event 19,47,8
2005-03-28T06:35:23, Misc. noise event 9,93,0
2005-03-28T06:37:45, Critical path event 19,32,0
2005-03-28T06:42:11, Misc. noise event 10,66,2
2005-03-28T06:45:59, Critical path event 19,85,7
2005-03-28T07:01:15, Critical path event 44,21,10
