--------------------------------------------------
datetime,message,random_int_1,random_int_2
--------------------------------------------------
2005-02-07T00:00:00, Critical path event 1,39,6
2005-02-07T00:08:11, Critical path event 2,4,8
2005-02-07T00:19:33, Critical path event 3,53,9
2005-02-07T00:27:35, Critical path event 4,33,6
2005-02-07T00:43:07, Critical path event 5,6,8
2005-02-07T00:49:02, Misc. noise event 0,48,6
2005-02-07T00:52:34, Critical path event 6,45,10
2005-02-07T01:00:00, Critical path event 7,29,6
2005-02-07T01:05:15, Critical path event 8,57,10
2005-02-07T01:12:32, Critical path event 9,49,6
2005-02-07T01:20:10, Critical path event 9,52,10
2005-02-07T01:30:15, Misc. noise event 1,5,7
2005-02-07T01:31:31, Critical path event 9,24,2
2005-02-07T01:37:34, Critical path event 9,66,0
2005-02-07T01:45:14, Critical path event 13,9,7
2005-02-07T01:54:09, Critical path event 14,35,7
2005-02-07T02:02:20, Critical path event 15,34,8
2005-02-07T02:17:35, Misc. noise event 2,92,3
2005-02-07T02:21:49, Critical path event 16,24,8
2005-02-07T02:29:51, Critical path event 17,65,6
2005-02-07T02:45:23, Critical path event 18,36,1
2005-02-07T02:54:50, Critical path event 19,74,8
2005-02-07T03:02:16, Critical path event 19,48,5
2005-02-07T03:12:31, Critical path event 19,91,9
2005-02-07T03:16:58, Misc. noise event 3,62,7
2005-02-07T03:19:48, Critical path event 19,27,5
2005-02-07T03:27:26, Critical path event 23,78,9
2005-02-07T03:38:47, Critical path event 24,91,10

    ----------------some other thing --------------
    filesize :1024k
    alert-level : FATAL
    description: thing with pid 34345 died because 
        random java stacktrace 
        that is super noisy with numbers and datetimes 
Exception in thread "main" java.lang.NullPointerException
    at AnotherClassLoader.loadClass(test.java:58)
    at test.main(test.java:30)
    at Main.main(Main.java:68)
    -------------------------------------------- 
    2005-02-07T03:44:47, Misc. noise event 4,11,2
2005-02-07T03:44:50, Critical path event 25,0,9
2005-02-07T03:50:35, Misc. noise event 5,77,8
2005-02-07T03:52:30, Critical path event 26,28,9
2005-02-07T04:02:56, Misc. noise event 6,80,6
2005-02-07T04:04:36, Critical path event 27,7,5
2005-02-07T04:08:03, Misc. noise event 7,81,10
2005-02-07T04:12:47, Critical path event 28,92,5
2005-02-07T04:26:33, Critical path event 29,47,4
2005-02-07T04:34:26, Misc. noise event 8,71,10
2005-02-07T04:34:35, Critical path event 29,25,5
2005-02-07T04:47:56, Misc. noise event 9,8,1
2005-02-07T04:50:07, Critical path event 29,27,5
2005-02-07T05:08:29, Critical path event 29,15,8
2005-02-07T05:15:55, Critical path event 33,43,5
2005-02-07T05:21:10, Critical path event 34,34,4
2005-02-07T05:28:27, Critical path event 35,94,8
2005-02-07T05:44:33, Critical path event 36,82,8
2005-02-07T06:16:28, Critical path event 37,64,3
2005-02-07T06:25:46, Critical path event 38,34,0
2005-02-07T06:32:40, Misc. noise event 10,6,9
2005-02-07T06:33:26, Critical path event 39,38,6
2005-02-07T06:56:31, Critical path event 19,86,0
2005-02-07T07:04:42, Critical path event 19,11,1
2005-02-07T07:13:39, Critical path event 19,42,4
2005-02-07T07:23:01, Critical path event 19,40,4
2005-02-07T07:38:33, Critical path event 44,12,1
