--------------------------------------------------
datetime,message,random_int_1,random_int_2
--------------------------------------------------
2005-08-29T00:00:00, Critical path event 1,89,6
2005-08-29T00:08:06, Misc. noise event 0,55,4
2005-08-29T00:09:35, Critical path event 2,16,5
2005-08-29T00:16:44, Misc. noise event 1,41,9
2005-08-29T00:21:20, Critical path event 3,41,2
2005-08-29T00:29:41, Critical path event 4,33,9
2005-08-29T00:43:39, Critical path event 5,25,1
2005-08-29T00:52:12, Critical path event 6,88,7
2005-08-29T00:58:49, Misc. noise event 2,62,1
2005-08-29T01:00:32, Critical path event 7,31,10
2005-08-29T01:05:28, Critical path event 8,1,9
2005-08-29T01:15:01, Critical path event 9,45,1
2005-08-29T01:23:18, Critical path event 9,53,1
2005-08-29T01:33:26, Critical path event 9,35,1
2005-08-29T01:41:48, Critical path event 9,66,5
2005-08-29T02:05:56, Critical path event 13,62,8
2005-08-29T02:22:36, Critical path event 14,21,8
2005-08-29T02:45:01, Critical path event 15,58,9
2005-08-29T02:53:12, Critical path event 16,37,5
2005-08-29T03:01:33, Critical path event 17,85,4
2005-08-29T03:15:31, Critical path event 18,5,9
2005-08-29T03:24:04, Critical path event 19,94,0
2005-08-29T03:31:39, Misc. noise event 3,7,3
2005-08-29T03:32:24, Critical path event 19,67,6
2005-08-29T03:37:20, Critical path event 19,26,5
2005-08-29T03:44:03, Misc. noise event 4,29,4
2005-08-29T03:46:53, Critical path event 19,61,10
2005-08-29T03:55:10, Critical path event 23,31,0

    ----------------some other thing --------------
    filesize :1024k
    alert-level : FATAL
    description: thing with pid 34345 died because 
        random java stacktrace 
        that is super noisy with numbers and datetimes 
Exception in thread "main" java.lang.NullPointerException
    at AnotherClassLoader.loadClass(test.java:58)
    at test.main(test.java:30)
    at Main.main(Main.java:68)
    -------------------------------------------- 
    2005-08-29T04:05:09, Misc. noise event 5,34,10
2005-08-29T04:05:18, Critical path event 24,36,6
2005-08-29T04:12:43, Misc. noise event 6,9,7
2005-08-29T04:13:40, Critical path event 25,10,0
2005-08-29T04:21:56, Critical path event 26,53,3
2005-08-29T04:30:33, Critical path event 27,15,2
2005-08-29T04:40:08, Critical path event 28,84,8
2005-08-29T04:44:55, Misc. noise event 7,64,0
2005-08-29T04:48:19, Critical path event 29,27,6
2005-08-29T04:56:40, Critical path event 29,30,7
2005-08-29T05:10:38, Critical path event 29,59,4
2005-08-29T05:19:11, Critical path event 29,80,8
2005-08-29T05:26:29, Misc. noise event 8,29,3
2005-08-29T05:27:31, Critical path event 33,54,7
2005-08-29T05:38:08, Critical path event 34,3,4
2005-08-29T05:47:41, Critical path event 35,99,7
2005-08-29T05:55:58, Critical path event 36,56,7
2005-08-29T06:14:40, Critical path event 37,47,10
2005-08-29T06:23:02, Critical path event 38,24,7
2005-08-29T06:31:18, Critical path event 39,86,4
2005-08-29T06:39:55, Critical path event 19,18,4
2005-08-29T06:49:29, Misc. noise event 9,94,7
2005-08-29T06:49:30, Critical path event 19,91,8
2005-08-29T07:08:05, Critical path event 19,33,5
2005-08-29T07:16:26, Critical path event 19,98,10
2005-08-29T07:41:59, Misc. noise event 10,44,10
2005-08-29T07:42:42, Critical path event 44,34,4
