--------------------------------------------------
datetime,message,random_int_1,random_int_2
--------------------------------------------------
2005-04-11T00:00:00, Critical path event 1,82,8
2005-04-11T00:08:53, Critical path event 2,89,6
2005-04-11T00:16:58, Critical path event 3,86,3
2005-04-11T00:20:43, Misc. noise event 0,87,10
2005-04-11T00:25:22, Critical path event 4,29,4
2005-04-11T00:37:13, Misc. noise event 1,62,9
2005-04-11T00:38:52, Critical path event 5,85,4
2005-04-11T00:48:09, Critical path event 6,61,3
2005-04-11T00:55:50, Critical path event 7,38,0
2005-04-11T01:00:20, Critical path event 8,44,4
2005-04-11T01:08:53, Critical path event 9,87,2
2005-04-11T01:17:42, Critical path event 9,62,4
2005-04-11T01:27:59, Critical path event 9,82,6
2005-04-11T01:32:06, Misc. noise event 2,8,4
2005-04-11T01:36:22, Critical path event 9,43,10
2005-04-11T01:42:51, Critical path event 13,96,2
2005-04-11T01:51:50, Critical path event 14,46,7
2005-04-11T02:00:43, Critical path event 15,45,3
2005-04-11T02:08:48, Critical path event 16,91,10
2005-04-11T02:17:12, Critical path event 17,38,9
2005-04-11T02:30:42, Critical path event 18,39,3
2005-04-11T02:39:59, Critical path event 19,73,1
2005-04-11T02:45:23, Misc. noise event 3,67,1
2005-04-11T02:47:40, Critical path event 19,64,10
2005-04-11T02:52:10, Critical path event 19,19,5
2005-04-11T03:00:43, Critical path event 19,3,7
2005-04-11T03:08:26, Misc. noise event 4,17,2
2005-04-11T03:09:32, Critical path event 23,61,8

    ----------------some other thing --------------
    filesize :1024k
    alert-level : FATAL
    description: thing with pid 34345 died because 
        random java stacktrace 
        that is super noisy with numbers and datetimes 
Exception in thread "main" java.lang.NullPointerException
    at AnotherClassLoader.loadClass(test.java:58)
    at test.main(test.java:30)
    at Main.main(Main.java:68)
    -------------------------------------------- 
    2005-04-11T03:19:49, Critical path event 24,44,3
2005-04-11T03:28:12, Critical path event 25,68,7
2005-04-11T03:34:41, Critical path event 26,11,4
2005-04-11T03:43:40, Critical path event 27,28,1
2005-04-11T03:52:33, Critical path event 28,4,9
2005-04-11T03:59:19, Misc. noise event 5,52,10
2005-04-11T04:00:38, Critical path event 29,87,0
2005-04-11T04:09:02, Critical path event 29,27,9
2005-04-11T04:22:32, Critical path event 29,29,7
2005-04-11T04:27:59, Misc. noise event 6,64,7
2005-04-11T04:31:49, Critical path event 29,21,10
2005-04-11T04:37:35, Misc. noise event 7,40,7
2005-04-11T04:39:30, Critical path event 33,45,9
2005-04-11T04:44:00, Critical path event 34,37,4
2005-04-11T04:49:51, Misc. noise event 8,64,9
2005-04-11T04:52:33, Critical path event 35,25,6
2005-04-11T05:01:22, Critical path event 36,93,0
2005-04-11T05:11:39, Critical path event 37,50,1
2005-04-11T05:15:46, Misc. noise event 9,98,8
2005-04-11T05:20:02, Critical path event 38,65,7
2005-04-11T05:26:31, Critical path event 39,90,9
2005-04-11T05:35:30, Critical path event 19,57,3
2005-04-11T05:44:23, Critical path event 19,61,9
2005-04-11T05:52:21, Misc. noise event 10,28,7
2005-04-11T05:52:28, Critical path event 19,84,2
2005-04-11T06:00:52, Critical path event 19,34,1
2005-04-11T06:14:22, Critical path event 44,36,6
