--------------------------------------------------
datetime,message,random_int_1,random_int_2
--------------------------------------------------
2005-08-22T00:00:00, Critical path event 1,14,0
2005-08-22T00:06:35, Misc. noise event 0,95,1
2005-08-22T00:08:05, Critical path event 2,44,7
2005-08-22T00:16:41, Critical path event 3,68,4
2005-08-22T00:24:22, Misc. noise event 1,6,9
2005-08-22T00:26:00, Critical path event 4,16,2
2005-08-22T00:39:14, Critical path event 5,51,2
2005-08-22T00:47:38, Critical path event 6,22,2
2005-08-22T00:55:38, Misc. noise event 2,100,8
2005-08-22T00:57:06, Critical path event 7,66,3
2005-08-22T00:59:45, Misc. noise event 3,86,1
2005-08-22T01:01:18, Critical path event 8,50,8
2005-08-22T01:08:52, Critical path event 9,54,5
2005-08-22T01:16:09, Critical path event 9,68,9
2005-08-22T01:25:42, Misc. noise event 4,49,3
2005-08-22T01:27:52, Critical path event 9,58,2
2005-08-22T01:30:15, Misc. noise event 5,45,6
2005-08-22T01:35:00, Critical path event 9,33,3
2005-08-22T01:43:01, Critical path event 13,78,9
2005-08-22T01:50:44, Critical path event 14,49,8
2005-08-22T01:58:49, Critical path event 15,93,7
2005-08-22T02:07:25, Critical path event 16,96,9
2005-08-22T02:16:44, Critical path event 17,22,7
2005-08-22T02:29:58, Critical path event 18,29,3
2005-08-22T02:38:22, Critical path event 19,38,3
2005-08-22T02:43:03, Misc. noise event 6,86,6
2005-08-22T02:47:50, Critical path event 19,89,9
2005-08-22T02:52:02, Critical path event 19,11,3

    ----------------some other thing --------------
    filesize :1024k
    alert-level : FATAL
    description: thing with pid 34345 died because 
        random java stacktrace 
        that is super noisy with numbers and datetimes 
Exception in thread "main" java.lang.NullPointerException
    at AnotherClassLoader.loadClass(test.java:58)
    at test.main(test.java:30)
    at Main.main(Main.java:68)
    -------------------------------------------- 
    2005-08-22T02:59:36, Critical path event 19,84,2
2005-08-22T03:06:53, Critical path event 23,70,7
2005-08-22T03:18:36, Critical path event 24,26,4
2005-08-22T03:25:44, Critical path event 25,10,10
2005-08-22T03:33:45, Critical path event 26,49,4
2005-08-22T03:41:28, Critical path event 27,30,6
2005-08-22T03:46:40, Misc. noise event 7,74,9
2005-08-22T03:49:33, Critical path event 28,52,0
2005-08-22T03:58:09, Critical path event 29,95,7
2005-08-22T04:07:28, Critical path event 29,50,7
2005-08-22T04:20:42, Critical path event 29,23,8
2005-08-22T04:29:06, Critical path event 29,54,0
2005-08-22T04:38:34, Critical path event 33,60,1
2005-08-22T04:42:46, Critical path event 34,8,4
2005-08-22T04:50:20, Critical path event 35,58,7
2005-08-22T04:57:37, Critical path event 36,90,0
2005-08-22T05:09:20, Critical path event 37,30,1
2005-08-22T05:13:44, Misc. noise event 8,65,1
2005-08-22T05:16:28, Critical path event 38,42,3
2005-08-22T05:20:31, Misc. noise event 9,60,5
2005-08-22T05:24:29, Critical path event 39,26,8
2005-08-22T05:32:12, Critical path event 19,42,3
2005-08-22T05:40:17, Critical path event 19,78,9
2005-08-22T05:48:53, Critical path event 19,66,9
2005-08-22T05:56:58, Misc. noise event 10,75,3
2005-08-22T05:58:12, Critical path event 19,21,10
2005-08-22T06:11:26, Critical path event 44,66,9
