--------------------------------------------------
datetime,message,random_int_1,random_int_2
--------------------------------------------------
2005-09-12T00:00:00, Critical path event 1,72,5
2005-09-12T00:07:29, Misc. noise event 0,9,3
2005-09-12T00:07:51, Critical path event 2,40,5
2005-09-12T00:16:29, Critical path event 3,33,1
2005-09-12T00:28:52, Critical path event 4,52,6
2005-09-12T00:42:33, Misc. noise event 1,70,2
2005-09-12T00:42:58, Critical path event 5,41,2
2005-09-12T00:51:26, Critical path event 6,26,8
2005-09-12T00:58:53, Critical path event 7,71,7
2005-09-12T01:04:39, Critical path event 8,24,7
2005-09-12T01:12:49, Critical path event 9,18,2
2005-09-12T01:20:36, Critical path event 9,32,3
2005-09-12T01:31:57, Misc. noise event 2,52,5
2005-09-12T01:32:52, Critical path event 9,15,7
2005-09-12T01:40:41, Critical path event 9,3,9
2005-09-12T01:46:41, Misc. noise event 3,68,0
2005-09-12T01:47:15, Critical path event 13,1,5
2005-09-12T01:56:19, Critical path event 14,10,6
2005-09-12T02:02:54, Misc. noise event 4,86,10
2005-09-12T02:04:10, Critical path event 15,38,5
2005-09-12T02:09:18, Misc. noise event 5,5,8
2005-09-12T02:12:48, Critical path event 16,33,4
2005-09-12T02:21:03, Critical path event 17,33,10
2005-09-12T02:35:09, Critical path event 18,60,0
2005-09-12T02:43:37, Critical path event 19,48,1
2005-09-12T02:51:04, Critical path event 19,30,6
2005-09-12T02:55:33, Critical path event 19,71,1
2005-09-12T03:03:43, Critical path event 19,33,10

    ----------------some other thing --------------
    filesize :1024k
    alert-level : FATAL
    description: thing with pid 34345 died because 
        random java stacktrace 
        that is super noisy with numbers and datetimes 
Exception in thread "main" java.lang.NullPointerException
    at AnotherClassLoader.loadClass(test.java:58)
    at test.main(test.java:30)
    at Main.main(Main.java:68)
    -------------------------------------------- 
    2005-09-12T03:12:52, Critical path event 23,23,0
2005-09-12T03:34:42, Critical path event 24,65,8
2005-09-12T03:42:31, Critical path event 25,96,10
2005-09-12T03:49:05, Critical path event 26,81,1
2005-09-12T03:55:55, Misc. noise event 6,92,1
2005-09-12T03:58:09, Critical path event 27,26,4
2005-09-12T04:06:00, Critical path event 28,39,7
2005-09-12T04:14:38, Critical path event 29,72,2
2005-09-12T04:22:15, Misc. noise event 7,4,7
2005-09-12T04:22:53, Critical path event 29,21,0
2005-09-12T04:42:58, Critical path event 29,31,5
2005-09-12T04:48:35, Misc. noise event 8,45,5
2005-09-12T04:51:26, Critical path event 29,26,0
2005-09-12T04:58:53, Critical path event 33,6,1
2005-09-12T05:11:09, Critical path event 34,21,4
2005-09-12T05:19:19, Critical path event 35,45,10
2005-09-12T05:27:06, Critical path event 36,55,8
2005-09-12T05:36:59, Critical path event 37,54,0
2005-09-12T05:44:48, Critical path event 38,68,8
2005-09-12T06:02:00, Critical path event 39,80,3
2005-09-12T06:07:06, Misc. noise event 9,11,7
2005-09-12T06:11:04, Critical path event 19,47,9
2005-09-12T06:16:54, Misc. noise event 10,75,1
2005-09-12T06:18:55, Critical path event 19,91,8
2005-09-12T06:43:38, Critical path event 19,34,0
2005-09-12T06:51:53, Critical path event 19,24,9
2005-09-12T07:05:59, Critical path event 44,56,0
