--------------------------------------------------
datetime,message,random_int_1,random_int_2
--------------------------------------------------
2005-06-19T23:56:38, Misc. noise event 0,12,6
2005-06-20T00:00:00, Critical path event 1,1,6
2005-06-20T00:06:16, Misc. noise event 1,22,9
2005-06-20T00:08:25, Critical path event 2,74,5
2005-06-20T00:17:25, Critical path event 3,33,5
2005-06-20T00:25:05, Critical path event 4,15,5
2005-06-20T00:39:15, Critical path event 5,55,10
2005-06-20T00:46:48, Critical path event 6,47,1
2005-06-20T00:56:01, Critical path event 7,93,1
2005-06-20T00:58:01, Misc. noise event 2,69,2
2005-06-20T00:59:44, Critical path event 8,56,7
2005-06-20T01:06:53, Misc. noise event 3,94,10
2005-06-20T01:09:07, Critical path event 9,22,1
2005-06-20T01:12:58, Misc. noise event 4,53,9
2005-06-20T01:16:55, Critical path event 9,16,8
2005-06-20T01:26:48, Misc. noise event 5,19,9
2005-06-20T01:27:04, Critical path event 9,99,5
2005-06-20T01:33:37, Critical path event 9,96,9
2005-06-20T01:41:58, Critical path event 13,98,0
2005-06-20T01:50:37, Critical path event 14,80,8
2005-06-20T01:59:02, Critical path event 15,89,10
2005-06-20T02:08:02, Critical path event 16,36,2
2005-06-20T02:15:42, Critical path event 17,13,8
2005-06-20T02:28:59, Misc. noise event 6,80,4
2005-06-20T02:29:52, Critical path event 18,93,7
2005-06-20T02:37:25, Critical path event 19,92,7
2005-06-20T02:46:38, Critical path event 19,91,4
2005-06-20T02:50:21, Critical path event 19,95,2

    ----------------some other thing --------------
    filesize :1024k
    alert-level : FATAL
    description: thing with pid 34345 died because 
        random java stacktrace 
        that is super noisy with numbers and datetimes 
Exception in thread "main" java.lang.NullPointerException
    at AnotherClassLoader.loadClass(test.java:58)
    at test.main(test.java:30)
    at Main.main(Main.java:68)
    -------------------------------------------- 
    2005-06-20T02:59:44, Critical path event 19,19,0
2005-06-20T03:07:32, Critical path event 23,41,8
2005-06-20T03:17:41, Critical path event 24,3,4
2005-06-20T03:24:14, Critical path event 25,99,6
2005-06-20T03:32:35, Critical path event 26,90,4
2005-06-20T03:41:14, Critical path event 27,38,7
2005-06-20T03:49:39, Critical path event 28,91,5
2005-06-20T03:58:39, Critical path event 29,95,7
2005-06-20T04:06:19, Critical path event 29,76,5
2005-06-20T04:20:29, Critical path event 29,95,2
2005-06-20T04:24:38, Misc. noise event 7,30,4
2005-06-20T04:28:02, Critical path event 29,14,10
2005-06-20T04:37:15, Critical path event 33,97,8
2005-06-20T04:36:21, Misc. noise event 8,88,5
2005-06-20T04:40:58, Critical path event 34,19,3
2005-06-20T04:50:21, Critical path event 35,13,6
2005-06-20T04:58:09, Critical path event 36,80,0
2005-06-20T05:04:24, Misc. noise event 9,85,3
2005-06-20T05:08:18, Critical path event 37,17,8
2005-06-20T05:14:51, Critical path event 38,0,9
2005-06-20T05:23:12, Critical path event 39,75,4
2005-06-20T05:27:07, Misc. noise event 10,12,9
2005-06-20T05:31:51, Critical path event 19,78,2
2005-06-20T05:40:16, Critical path event 19,84,1
2005-06-20T05:49:16, Critical path event 19,55,0
2005-06-20T05:56:56, Critical path event 19,56,10
2005-06-20T06:11:06, Critical path event 44,81,4
