--------------------------------------------------
datetime,message,random_int_1,random_int_2
--------------------------------------------------
2005-07-17T23:56:50, Misc. noise event 0,99,0
2005-07-18T00:00:00, Critical path event 1,75,9
2005-07-18T00:04:19, Misc. noise event 1,39,2
2005-07-18T00:09:02, Critical path event 2,80,7
2005-07-18T00:18:14, Critical path event 3,36,4
2005-07-18T00:23:52, Misc. noise event 2,30,6
2005-07-18T00:27:42, Critical path event 4,82,0
2005-07-18T00:39:16, Misc. noise event 3,79,10
2005-07-18T00:42:39, Critical path event 5,70,6
2005-07-18T00:51:55, Critical path event 6,19,0
2005-07-18T00:56:40, Misc. noise event 4,24,1
2005-07-18T01:01:17, Critical path event 7,37,4
2005-07-18T01:05:07, Critical path event 8,85,6
2005-07-18T01:08:27, Misc. noise event 5,61,3
2005-07-18T01:13:02, Critical path event 9,84,4
2005-07-18T01:20:21, Critical path event 9,29,5
2005-07-18T01:30:32, Critical path event 9,64,3
2005-07-18T01:36:42, Critical path event 9,99,5
2005-07-18T01:44:31, Critical path event 13,15,0
2005-07-18T01:52:44, Critical path event 14,10,0
2005-07-18T02:01:46, Critical path event 15,29,5
2005-07-18T02:10:58, Critical path event 16,74,3
2005-07-18T02:20:26, Critical path event 17,83,3
2005-07-18T02:34:31, Misc. noise event 6,86,7
2005-07-18T02:35:23, Critical path event 18,98,3
2005-07-18T02:44:39, Critical path event 19,47,4
2005-07-18T02:54:01, Critical path event 19,37,1
2005-07-18T02:57:51, Critical path event 19,78,7

    ----------------some other thing --------------
    filesize :1024k
    alert-level : FATAL
    description: thing with pid 34345 died because 
        random java stacktrace 
        that is super noisy with numbers and datetimes 
Exception in thread "main" java.lang.NullPointerException
    at AnotherClassLoader.loadClass(test.java:58)
    at test.main(test.java:30)
    at Main.main(Main.java:68)
    -------------------------------------------- 
    2005-07-18T03:00:56, Misc. noise event 7,40,3
2005-07-18T03:05:46, Critical path event 19,68,6
2005-07-18T03:10:54, Misc. noise event 8,2,5
2005-07-18T03:13:05, Critical path event 23,11,10
2005-07-18T03:23:16, Critical path event 24,73,2
2005-07-18T03:27:02, Misc. noise event 9,86,4
2005-07-18T03:29:26, Critical path event 25,70,10
2005-07-18T03:37:15, Critical path event 26,3,5
2005-07-18T03:45:28, Critical path event 27,39,8
2005-07-18T03:54:30, Critical path event 28,31,9
2005-07-18T04:03:42, Critical path event 29,52,8
2005-07-18T04:13:10, Critical path event 29,32,0
2005-07-18T04:28:07, Critical path event 29,47,10
2005-07-18T04:37:23, Critical path event 29,84,3
2005-07-18T04:46:45, Critical path event 33,64,2
2005-07-18T04:50:35, Critical path event 34,25,2
2005-07-18T04:58:30, Critical path event 35,75,6
2005-07-18T05:05:49, Critical path event 36,59,4
2005-07-18T05:16:00, Critical path event 37,95,5
2005-07-18T05:22:10, Critical path event 38,26,7
2005-07-18T05:29:59, Critical path event 39,38,7
2005-07-18T05:38:12, Critical path event 19,81,9
2005-07-18T05:45:50, Misc. noise event 10,3,3
2005-07-18T05:47:14, Critical path event 19,89,4
2005-07-18T05:56:26, Critical path event 19,87,10
2005-07-18T06:05:54, Critical path event 19,48,5
2005-07-18T06:20:51, Critical path event 44,37,4
