--------------------------------------------------
datetime,message,random_int_1,random_int_2
--------------------------------------------------
2005-05-09T00:00:00, Critical path event 1,60,8
2005-05-09T00:08:29, Critical path event 2,100,9
2005-05-09T00:15:14, Misc. noise event 0,41,7
2005-05-09T00:15:49, Critical path event 3,96,3
2005-05-09T00:25:00, Critical path event 4,88,7
2005-05-09T00:36:03, Misc. noise event 1,36,5
2005-05-09T00:38:34, Critical path event 5,88,6
2005-05-09T00:47:15, Critical path event 6,80,1
2005-05-09T00:53:33, Misc. noise event 2,11,6
2005-05-09T00:55:13, Critical path event 7,69,7
2005-05-09T00:59:23, Misc. noise event 3,97,5
2005-05-09T01:01:03, Critical path event 8,40,0
2005-05-09T01:10:11, Critical path event 9,52,3
2005-05-09T01:14:06, Misc. noise event 4,69,2
2005-05-09T01:17:24, Critical path event 9,42,7
2005-05-09T01:28:54, Critical path event 9,31,0
2005-05-09T01:31:50, Misc. noise event 5,29,5
2005-05-09T01:35:34, Critical path event 9,1,6
2005-05-09T01:43:16, Critical path event 13,98,9
2005-05-09T01:47:30, Misc. noise event 6,27,10
2005-05-09T01:52:16, Critical path event 14,39,5
2005-05-09T02:00:45, Critical path event 15,47,0
2005-05-09T02:08:05, Critical path event 16,10,0
2005-05-09T02:14:23, Misc. noise event 7,93,4
2005-05-09T02:17:16, Critical path event 17,10,2
2005-05-09T02:30:50, Critical path event 18,37,6
2005-05-09T02:39:31, Critical path event 19,23,7
2005-05-09T02:47:29, Critical path event 19,81,1

    ----------------some other thing --------------
    filesize :1024k
    alert-level : FATAL
    description: thing with pid 34345 died because 
        random java stacktrace 
        that is super noisy with numbers and datetimes 
Exception in thread "main" java.lang.NullPointerException
    at AnotherClassLoader.loadClass(test.java:58)
    at test.main(test.java:30)
    at Main.main(Main.java:68)
    -------------------------------------------- 
    2005-05-09T02:53:19, Critical path event 19,42,2
2005-05-09T03:02:27, Critical path event 19,31,0
2005-05-09T03:04:50, Misc. noise event 8,23,6
2005-05-09T03:09:40, Critical path event 23,7,8
2005-05-09T03:21:10, Critical path event 24,87,1
2005-05-09T03:27:50, Critical path event 25,74,10
2005-05-09T03:35:32, Critical path event 26,70,6
2005-05-09T03:44:32, Critical path event 27,52,3
2005-05-09T03:53:01, Critical path event 28,7,8
2005-05-09T04:00:21, Critical path event 29,84,10
2005-05-09T04:09:32, Critical path event 29,53,4
2005-05-09T04:23:06, Critical path event 29,53,9
2005-05-09T04:31:47, Critical path event 29,14,0
2005-05-09T04:39:45, Critical path event 33,97,5
2005-05-09T04:45:35, Critical path event 34,10,3
2005-05-09T04:54:43, Critical path event 35,66,5
2005-05-09T05:01:56, Critical path event 36,14,1
2005-05-09T05:13:26, Critical path event 37,23,2
2005-05-09T05:20:06, Critical path event 38,6,8
2005-05-09T05:27:48, Critical path event 39,24,3
2005-05-09T05:36:48, Critical path event 19,5,10
2005-05-09T05:45:17, Critical path event 19,1,9
2005-05-09T05:52:37, Critical path event 19,21,2
2005-05-09T06:01:02, Misc. noise event 9,71,6
2005-05-09T06:01:48, Critical path event 19,9,3
2005-05-09T06:12:37, Misc. noise event 10,73,6
2005-05-09T06:15:22, Critical path event 44,24,3
