--------------------------------------------------
datetime,message,random_int_1,random_int_2
--------------------------------------------------
2005-06-06T00:00:00, Critical path event 1,73,7
2005-06-06T00:08:52, Critical path event 2,52,8
2005-06-06T00:16:57, Critical path event 3,94,7
2005-06-06T00:20:15, Misc. noise event 0,57,2
2005-06-06T00:24:54, Critical path event 4,97,9
2005-06-06T00:39:19, Critical path event 5,93,1
2005-06-06T00:47:41, Critical path event 6,39,6
2005-06-06T00:56:58, Critical path event 7,28,5
2005-06-06T01:00:43, Critical path event 8,78,6
2005-06-06T01:08:28, Critical path event 9,38,0
2005-06-06T01:16:02, Critical path event 9,1,2
2005-06-06T01:27:44, Critical path event 9,69,2
2005-06-06T01:33:51, Critical path event 9,82,5
2005-06-06T01:40:27, Critical path event 13,57,1
2005-06-06T01:47:54, Critical path event 14,12,9
2005-06-06T01:56:46, Critical path event 15,67,6
2005-06-06T02:04:51, Critical path event 16,46,6
2005-06-06T02:12:48, Critical path event 17,42,1
2005-06-06T02:27:13, Critical path event 18,76,8
2005-06-06T02:32:43, Misc. noise event 1,64,8
2005-06-06T02:35:35, Critical path event 19,4,2
2005-06-06T02:44:52, Critical path event 19,56,9
2005-06-06T02:48:37, Critical path event 19,24,0
2005-06-06T02:56:22, Critical path event 19,45,7
2005-06-06T03:01:50, Misc. noise event 2,2,3
2005-06-06T03:03:56, Critical path event 23,9,3
2005-06-06T03:15:38, Critical path event 24,44,10
2005-06-06T03:21:45, Critical path event 25,50,1

    ----------------some other thing --------------
    filesize :1024k
    alert-level : FATAL
    description: thing with pid 34345 died because 
        random java stacktrace 
        that is super noisy with numbers and datetimes 
Exception in thread "main" java.lang.NullPointerException
    at AnotherClassLoader.loadClass(test.java:58)
    at test.main(test.java:30)
    at Main.main(Main.java:68)
    -------------------------------------------- 
    2005-06-06T03:23:50, Misc. noise event 3,0,7
2005-06-06T03:28:21, Critical path event 26,91,7
2005-06-06T03:31:19, Misc. noise event 4,85,7
2005-06-06T03:35:48, Critical path event 27,20,9
2005-06-06T03:44:40, Critical path event 28,20,2
2005-06-06T03:52:45, Critical path event 29,65,1
2005-06-06T04:00:42, Critical path event 29,29,7
2005-06-06T04:15:07, Critical path event 29,49,6
2005-06-06T04:23:29, Critical path event 29,57,6
2005-06-06T04:32:46, Critical path event 33,58,2
2005-06-06T04:33:53, Misc. noise event 5,83,4
2005-06-06T04:36:31, Critical path event 34,71,4
2005-06-06T04:44:16, Critical path event 35,25,3
2005-06-06T04:47:49, Misc. noise event 6,57,1
2005-06-06T04:51:50, Critical path event 36,40,3
2005-06-06T05:01:08, Misc. noise event 7,25,7
2005-06-06T05:03:32, Critical path event 37,94,5
2005-06-06T05:09:39, Critical path event 38,20,10
2005-06-06T05:15:10, Misc. noise event 8,44,9
2005-06-06T05:16:15, Critical path event 39,81,3
2005-06-06T05:20:14, Misc. noise event 9,53,3
2005-06-06T05:23:42, Critical path event 19,6,1
2005-06-06T05:30:38, Misc. noise event 10,83,3
2005-06-06T05:32:34, Critical path event 19,57,10
2005-06-06T05:40:39, Critical path event 19,30,3
2005-06-06T05:48:36, Critical path event 19,49,0
2005-06-06T06:03:01, Critical path event 44,69,4
