--------------------------------------------------
datetime,message,random_int_1,random_int_2
--------------------------------------------------
2005-10-31T00:00:00, Critical path event 1,78,4
2005-10-31T00:07:44, Critical path event 2,79,8
2005-10-31T00:15:01, Critical path event 3,92,5
2005-10-31T00:26:19, Misc. noise event 0,37,1
2005-10-31T00:29:14, Critical path event 4,78,3
2005-10-31T00:44:26, Critical path event 5,43,0
2005-10-31T00:52:57, Critical path event 6,11,8
2005-10-31T01:00:24, Critical path event 7,43,9
2005-10-31T01:12:09, Critical path event 8,100,0
2005-10-31T01:20:51, Critical path event 9,95,9
2005-10-31T01:25:48, Misc. noise event 1,49,3
2005-10-31T01:28:24, Critical path event 9,88,1
2005-10-31T01:55:00, Critical path event 9,60,9
2005-10-31T02:13:32, Critical path event 9,18,1
2005-10-31T02:20:30, Critical path event 13,76,9
2005-10-31T02:27:49, Critical path event 14,60,1
2005-10-31T02:35:33, Critical path event 15,59,3
2005-10-31T02:39:57, Misc. noise event 2,16,9
2005-10-31T02:42:50, Critical path event 16,68,4
2005-10-31T02:58:32, Critical path event 17,30,0
2005-10-31T03:13:44, Critical path event 18,19,9
2005-10-31T03:22:13, Misc. noise event 3,82,8
2005-10-31T03:22:15, Critical path event 19,81,10
2005-10-31T03:42:10, Critical path event 19,96,0
2005-10-31T03:47:23, Critical path event 19,5,10
2005-10-31T03:56:05, Critical path event 19,72,8
2005-10-31T04:03:38, Critical path event 23,41,0
2005-10-31T04:13:18, Critical path event 24,84,8

    ----------------some other thing --------------
    filesize :1024k
    alert-level : FATAL
    description: thing with pid 34345 died because 
        random java stacktrace 
        that is super noisy with numbers and datetimes 
Exception in thread "main" java.lang.NullPointerException
    at AnotherClassLoader.loadClass(test.java:58)
    at test.main(test.java:30)
    at Main.main(Main.java:68)
    -------------------------------------------- 
    2005-10-31T04:18:44, Misc. noise event 4,47,6
2005-10-31T04:20:20, Critical path event 25,66,6
2005-10-31T04:25:49, Misc. noise event 5,14,4
2005-10-31T04:27:18, Critical path event 26,79,2
2005-10-31T04:30:20, Misc. noise event 6,89,3
2005-10-31T04:34:37, Critical path event 27,96,6
2005-10-31T04:42:21, Critical path event 28,0,1
2005-10-31T04:49:38, Critical path event 29,57,5
2005-10-31T04:56:15, Misc. noise event 7,85,10
2005-10-31T04:58:15, Critical path event 29,53,7
2005-10-31T05:12:46, Misc. noise event 8,8,9
2005-10-31T05:13:27, Critical path event 29,70,1
2005-10-31T05:36:46, Misc. noise event 9,25,1
2005-10-31T05:37:38, Critical path event 29,67,10
2005-10-31T05:53:51, Critical path event 33,40,2
2005-10-31T06:06:21, Misc. noise event 10,64,5
2005-10-31T06:07:50, Critical path event 34,42,0
2005-10-31T06:20:56, Critical path event 35,31,3
2005-10-31T06:36:02, Critical path event 36,49,6
2005-10-31T06:45:42, Critical path event 37,19,10
2005-10-31T06:52:44, Critical path event 38,47,7
2005-10-31T06:59:42, Critical path event 39,42,3
2005-10-31T07:13:46, Critical path event 19,8,8
2005-10-31T07:21:30, Critical path event 19,70,9
2005-10-31T07:28:47, Critical path event 19,97,9
2005-10-31T07:37:24, Critical path event 19,78,9
2005-10-31T07:52:36, Critical path event 44,98,4
