--------------------------------------------------
datetime,message,random_int_1,random_int_2
--------------------------------------------------
2006-05-22T00:00:00, Critical path event 1,10,3
2006-05-22T00:07:52, Critical path event 2,87,4
2006-05-22T00:15:15, Critical path event 3,70,4
2006-05-22T00:22:27, Critical path event 4,42,1
2006-05-22T00:54:46, Critical path event 5,95,8
2006-05-22T01:02:33, Misc. noise event 0,1,0
2006-05-22T01:02:50, Critical path event 6,69,2
2006-05-22T01:15:54, Misc. noise event 1,87,1
2006-05-22T01:20:09, Critical path event 7,66,3
2006-05-22T01:24:22, Critical path event 8,72,8
2006-05-22T01:32:40, Critical path event 9,3,5
2006-05-22T01:45:20, Critical path event 9,52,5
2006-05-22T01:57:08, Critical path event 9,30,8
2006-05-22T02:04:47, Critical path event 9,38,3
2006-05-22T02:12:18, Misc. noise event 2,33,10
2006-05-22T02:13:10, Critical path event 13,79,6
2006-05-22T02:20:33, Critical path event 14,6,8
2006-05-22T02:34:03, Critical path event 15,94,2
2006-05-22T02:45:30, Critical path event 16,49,3
2006-05-22T02:52:42, Critical path event 17,92,6
2006-05-22T03:08:04, Critical path event 18,6,0
2006-05-22T03:13:40, Misc. noise event 3,58,3
2006-05-22T03:16:08, Critical path event 19,22,8
2006-05-22T03:23:22, Critical path event 19,35,1
2006-05-22T03:27:35, Critical path event 19,97,9
2006-05-22T03:32:14, Misc. noise event 4,53,7
2006-05-22T03:35:53, Critical path event 19,3,9
2006-05-22T03:43:20, Critical path event 23,9,0

    ----------------some other thing --------------
    filesize :1024k
    alert-level : FATAL
    description: thing with pid 34345 died because 
        random java stacktrace 
        that is super noisy with numbers and datetimes 
Exception in thread "main" java.lang.NullPointerException
    at AnotherClassLoader.loadClass(test.java:58)
    at test.main(test.java:30)
    at Main.main(Main.java:68)
    -------------------------------------------- 
    2006-05-22T04:10:37, Misc. noise event 5,89,1
2006-05-22T04:15:24, Critical path event 24,34,1
2006-05-22T04:22:38, Misc. noise event 6,54,8
2006-05-22T04:23:03, Critical path event 25,19,3
2006-05-22T04:29:24, Misc. noise event 7,22,9
2006-05-22T04:31:26, Critical path event 26,59,4
2006-05-22T04:38:49, Critical path event 27,85,4
2006-05-22T04:46:41, Critical path event 28,31,3
2006-05-22T04:54:04, Critical path event 29,12,5
2006-05-22T05:01:16, Critical path event 29,75,10
2006-05-22T05:16:38, Critical path event 29,79,7
2006-05-22T05:24:42, Critical path event 29,45,8
2006-05-22T05:31:56, Critical path event 33,89,1
2006-05-22T05:35:56, Misc. noise event 8,21,6
2006-05-22T05:36:09, Critical path event 34,57,3
2006-05-22T05:44:27, Critical path event 35,28,8
2006-05-22T05:51:54, Critical path event 36,94,6
2006-05-22T06:00:40, Misc. noise event 9,23,4
2006-05-22T06:03:42, Critical path event 37,54,1
2006-05-22T06:11:21, Critical path event 38,35,0
2006-05-22T06:19:44, Critical path event 39,28,9
2006-05-22T06:24:45, Misc. noise event 10,4,9
2006-05-22T06:27:07, Critical path event 19,62,6
2006-05-22T06:34:59, Critical path event 19,52,6
2006-05-22T06:42:22, Critical path event 19,13,10
2006-05-22T06:49:34, Critical path event 19,78,10
2006-05-22T07:04:56, Critical path event 44,82,6
