--------------------------------------------------
datetime,message,random_int_1,random_int_2
--------------------------------------------------
2006-02-26T23:56:38, Misc. noise event 0,20,5
2006-02-27T00:00:00, Critical path event 1,2,7
2006-02-27T00:07:20, Critical path event 2,20,5
2006-02-27T00:16:27, Critical path event 3,4,2
2006-02-27T00:24:59, Critical path event 4,85,7
2006-02-27T00:40:14, Critical path event 5,10,7
2006-02-27T00:47:48, Critical path event 6,22,4
2006-02-27T00:57:22, Critical path event 7,56,7
2006-02-27T01:00:59, Critical path event 8,98,4
2006-02-27T01:08:33, Misc. noise event 1,96,6
2006-02-27T01:10:19, Critical path event 9,20,1
2006-02-27T01:18:15, Misc. noise event 2,97,0
2006-02-27T01:18:35, Critical path event 9,45,1
2006-02-27T01:28:43, Critical path event 9,27,2
2006-02-27T01:37:04, Critical path event 9,12,10
2006-02-27T01:45:07, Critical path event 13,21,6
2006-02-27T01:51:21, Misc. noise event 3,81,4
2006-02-27T01:52:41, Critical path event 14,98,10
2006-02-27T01:56:43, Misc. noise event 4,34,1
2006-02-27T02:00:01, Critical path event 15,2,1
2006-02-27T02:09:08, Critical path event 16,31,7
2006-02-27T02:17:40, Critical path event 17,40,5
2006-02-27T02:31:17, Misc. noise event 5,16,3
2006-02-27T02:32:55, Critical path event 18,40,3
2006-02-27T02:40:29, Critical path event 19,95,3
2006-02-27T02:50:03, Critical path event 19,45,10
2006-02-27T02:52:41, Misc. noise event 6,42,3
2006-02-27T02:53:40, Critical path event 19,59,7

    ----------------some other thing --------------
    filesize :1024k
    alert-level : FATAL
    description: thing with pid 34345 died because 
        random java stacktrace 
        that is super noisy with numbers and datetimes 
Exception in thread "main" java.lang.NullPointerException
    at AnotherClassLoader.loadClass(test.java:58)
    at test.main(test.java:30)
    at Main.main(Main.java:68)
    -------------------------------------------- 
    2006-02-27T02:58:34, Misc. noise event 7,68,10
2006-02-27T03:03:00, Critical path event 19,80,8
2006-02-27T03:08:24, Misc. noise event 8,63,1
2006-02-27T03:11:16, Critical path event 23,36,5
2006-02-27T03:21:24, Critical path event 24,49,0
2006-02-27T03:29:45, Critical path event 25,83,2
2006-02-27T03:37:48, Critical path event 26,77,2
2006-02-27T03:45:22, Critical path event 27,38,2
2006-02-27T03:52:42, Critical path event 28,53,8
2006-02-27T04:01:49, Critical path event 29,90,0
2006-02-27T04:10:21, Critical path event 29,4,9
2006-02-27T04:25:36, Critical path event 29,64,1
2006-02-27T04:31:38, Misc. noise event 9,97,0
2006-02-27T04:33:10, Critical path event 29,1,1
2006-02-27T04:42:44, Critical path event 33,28,2
2006-02-27T04:46:21, Critical path event 34,88,8
2006-02-27T04:55:41, Critical path event 35,27,2
2006-02-27T05:03:57, Critical path event 36,48,2
2006-02-27T05:14:05, Critical path event 37,54,0
2006-02-27T05:22:26, Critical path event 38,13,4
2006-02-27T05:30:29, Critical path event 39,8,3
2006-02-27T05:38:03, Critical path event 19,33,10
2006-02-27T05:45:23, Critical path event 19,99,1
2006-02-27T05:54:30, Critical path event 19,0,8
2006-02-27T06:00:01, Misc. noise event 10,80,7
2006-02-27T06:03:02, Critical path event 19,80,9
2006-02-27T06:18:17, Critical path event 44,6,4
