--------------------------------------------------
datetime,message,random_int_1,random_int_2
--------------------------------------------------
2006-10-23T00:00:00, Critical path event 1,86,10
2006-10-23T00:09:15, Critical path event 2,60,1
2006-10-23T00:13:08, Misc. noise event 0,85,2
2006-10-23T00:17:24, Critical path event 3,12,4
2006-10-23T00:24:53, Critical path event 4,69,2
2006-10-23T00:38:06, Critical path event 5,38,5
2006-10-23T00:41:36, Misc. noise event 1,25,8
2006-10-23T00:45:20, Critical path event 6,67,6
2006-10-23T00:56:47, Critical path event 7,26,5
2006-10-23T01:00:34, Critical path event 8,9,1
2006-10-23T01:11:19, Misc. noise event 2,78,8
2006-10-23T01:13:08, Critical path event 9,59,6
2006-10-23T01:26:29, Critical path event 9,80,6
2006-10-23T01:37:33, Critical path event 9,97,7
2006-10-23T01:44:18, Critical path event 9,44,5
2006-10-23T01:51:12, Critical path event 13,54,1
2006-10-23T01:58:34, Misc. noise event 3,25,4
2006-10-23T02:00:03, Critical path event 14,61,3
2006-10-23T02:09:18, Critical path event 15,21,4
2006-10-23T02:24:48, Critical path event 16,41,5
2006-10-23T02:27:42, Misc. noise event 4,29,6
2006-10-23T02:32:17, Critical path event 17,17,6
2006-10-23T02:43:13, Misc. noise event 5,53,1
2006-10-23T02:45:30, Critical path event 18,16,10
2006-10-23T02:52:44, Critical path event 19,99,2
2006-10-23T03:00:09, Critical path event 19,60,2
2006-10-23T03:03:56, Critical path event 19,56,10
2006-10-23T03:11:40, Critical path event 19,40,10

    ----------------some other thing --------------
    filesize :1024k
    alert-level : FATAL
    description: thing with pid 34345 died because 
        random java stacktrace 
        that is super noisy with numbers and datetimes 
Exception in thread "main" java.lang.NullPointerException
    at AnotherClassLoader.loadClass(test.java:58)
    at test.main(test.java:30)
    at Main.main(Main.java:68)
    -------------------------------------------- 
    2006-10-23T03:19:35, Critical path event 23,10,3
2006-10-23T03:30:39, Critical path event 24,9,4
2006-10-23T03:37:24, Critical path event 25,54,8
2006-10-23T03:44:18, Critical path event 26,19,7
2006-10-23T03:53:09, Critical path event 27,18,5
2006-10-23T04:00:34, Misc. noise event 6,25,8
2006-10-23T04:02:24, Critical path event 28,64,3
2006-10-23T04:10:33, Critical path event 29,16,10
2006-10-23T04:18:02, Critical path event 29,51,6
2006-10-23T04:31:15, Critical path event 29,28,4
2006-10-23T04:36:58, Misc. noise event 7,43,7
2006-10-23T04:38:29, Critical path event 29,52,2
2006-10-23T04:42:48, Misc. noise event 8,35,3
2006-10-23T04:45:54, Critical path event 33,61,1
2006-10-23T04:49:24, Misc. noise event 9,35,8
2006-10-23T04:49:41, Critical path event 34,59,8
2006-10-23T04:57:25, Critical path event 35,90,9
2006-10-23T05:05:54, Critical path event 36,93,9
2006-10-23T05:16:58, Critical path event 37,15,9
2006-10-23T05:23:43, Critical path event 38,88,4
2006-10-23T05:29:11, Misc. noise event 10,69,1
2006-10-23T05:30:37, Critical path event 39,51,5
2006-10-23T05:39:28, Critical path event 19,84,9
2006-10-23T05:48:43, Critical path event 19,30,8
2006-10-23T05:56:52, Critical path event 19,84,6
2006-10-23T06:17:51, Critical path event 19,24,10
2006-10-23T06:31:04, Critical path event 44,64,7
