--------------------------------------------------
datetime,message,random_int_1,random_int_2
--------------------------------------------------
2006-12-18T00:00:00, Critical path event 1,10,7
2006-12-18T00:09:17, Critical path event 2,94,7
2006-12-18T00:17:04, Critical path event 3,96,0
2006-12-18T00:25:46, Critical path event 4,62,2
2006-12-18T00:40:50, Critical path event 5,30,2
2006-12-18T00:45:18, Misc. noise event 0,72,9
2006-12-18T00:50:05, Critical path event 6,100,2
2006-12-18T00:59:06, Critical path event 7,48,1
2006-12-18T01:04:34, Critical path event 8,77,8
2006-12-18T01:13:35, Critical path event 9,58,10
2006-12-18T01:21:18, Critical path event 9,78,1
2006-12-18T01:33:13, Critical path event 9,71,9
2006-12-18T01:38:50, Misc. noise event 1,4,9
2006-12-18T01:40:14, Critical path event 9,98,7
2006-12-18T01:46:55, Critical path event 13,82,8
2006-12-18T01:51:00, Misc. noise event 2,65,10
2006-12-18T01:55:10, Critical path event 14,27,0
2006-12-18T02:03:39, Misc. noise event 3,59,5
2006-12-18T02:04:27, Critical path event 15,0,7
2006-12-18T02:11:08, Misc. noise event 4,78,0
2006-12-18T02:12:14, Critical path event 16,28,6
2006-12-18T02:20:54, Misc. noise event 5,34,3
2006-12-18T02:20:56, Critical path event 17,58,1
2006-12-18T02:34:07, Misc. noise event 6,51,0
2006-12-18T02:36:00, Critical path event 18,27,1
2006-12-18T02:45:15, Critical path event 19,55,8
2006-12-18T02:54:16, Critical path event 19,43,6
2006-12-18T02:59:44, Critical path event 19,5,6

    ----------------some other thing --------------
    filesize :1024k
    alert-level : FATAL
    description: thing with pid 34345 died because 
        random java stacktrace 
        that is super noisy with numbers and datetimes 
Exception in thread "main" java.lang.NullPointerException
    at AnotherClassLoader.loadClass(test.java:58)
    at test.main(test.java:30)
    at Main.main(Main.java:68)
    -------------------------------------------- 
    2006-12-18T03:08:45, Critical path event 19,26,9
2006-12-18T03:16:28, Critical path event 23,10,6
2006-12-18T03:28:23, Critical path event 24,93,1
2006-12-18T03:35:24, Critical path event 25,2,6
2006-12-18T03:42:05, Critical path event 26,34,8
2006-12-18T03:46:16, Misc. noise event 7,50,8
2006-12-18T03:50:20, Critical path event 27,38,3
2006-12-18T03:59:37, Critical path event 28,3,10
2006-12-18T04:07:24, Critical path event 29,32,4
2006-12-18T04:16:06, Critical path event 29,43,8
2006-12-18T04:28:52, Misc. noise event 8,59,5
2006-12-18T04:31:10, Critical path event 29,90,6
2006-12-18T04:40:25, Critical path event 29,9,1
2006-12-18T04:49:26, Critical path event 33,80,8
2006-12-18T04:54:54, Critical path event 34,13,4
2006-12-18T05:03:55, Critical path event 35,82,3
2006-12-18T05:11:38, Critical path event 36,99,0
2006-12-18T05:23:33, Critical path event 37,22,2
2006-12-18T05:30:11, Misc. noise event 9,6,8
2006-12-18T05:30:34, Critical path event 38,28,6
2006-12-18T05:37:15, Critical path event 39,23,7
2006-12-18T05:45:30, Critical path event 19,72,8
2006-12-18T05:54:47, Critical path event 19,5,6
2006-12-18T06:02:34, Critical path event 19,80,4
2006-12-18T06:11:16, Critical path event 19,37,10
2006-12-18T06:23:39, Misc. noise event 10,1,0
2006-12-18T06:26:20, Critical path event 44,86,7
