--------------------------------------------------
datetime,message,random_int_1,random_int_2
--------------------------------------------------
2006-01-23T00:00:00, Critical path event 1,17,2
2006-01-23T00:21:37, Critical path event 2,28,1
2006-01-23T00:30:40, Critical path event 3,13,8
2006-01-23T00:37:56, Misc. noise event 0,42,4
2006-01-23T00:40:05, Critical path event 4,98,8
2006-01-23T00:52:10, Misc. noise event 1,65,7
2006-01-23T00:53:33, Critical path event 5,75,0
2006-01-23T01:14:55, Critical path event 6,69,3
2006-01-23T01:24:19, Critical path event 7,42,7
2006-01-23T01:34:48, Critical path event 8,71,10
2006-01-23T01:43:40, Critical path event 9,65,6
2006-01-23T01:49:43, Misc. noise event 2,73,9
2006-01-23T01:53:15, Critical path event 9,27,4
2006-01-23T02:23:07, Misc. noise event 3,29,1
2006-01-23T02:24:37, Critical path event 9,69,1
2006-01-23T02:41:33, Critical path event 9,41,7
2006-01-23T02:48:09, Critical path event 13,80,2
2006-01-23T02:55:24, Misc. noise event 4,86,0
2006-01-23T02:59:03, Critical path event 14,98,5
2006-01-23T03:07:11, Misc. noise event 5,10,7
2006-01-23T03:08:37, Critical path event 15,41,5
2006-01-23T03:17:40, Critical path event 16,55,0
2006-01-23T03:27:05, Critical path event 17,62,6
2006-01-23T03:40:33, Critical path event 18,31,5
2006-01-23T03:49:56, Critical path event 19,88,1
2006-01-23T03:54:38, Misc. noise event 6,87,10
2006-01-23T03:59:20, Critical path event 19,83,6
2006-01-23T04:02:56, Critical path event 19,77,0

    ----------------some other thing --------------
    filesize :1024k
    alert-level : FATAL
    description: thing with pid 34345 died because 
        random java stacktrace 
        that is super noisy with numbers and datetimes 
Exception in thread "main" java.lang.NullPointerException
    at AnotherClassLoader.loadClass(test.java:58)
    at test.main(test.java:30)
    at Main.main(Main.java:68)
    -------------------------------------------- 
    2006-01-23T04:18:01, Critical path event 19,14,7
2006-01-23T04:27:36, Critical path event 23,93,10
2006-01-23T04:38:32, Critical path event 24,52,4
2006-01-23T04:45:22, Critical path event 25,89,6
2006-01-23T04:47:15, Misc. noise event 7,68,10
2006-01-23T04:51:58, Critical path event 26,24,4
2006-01-23T04:59:59, Misc. noise event 8,97,1
2006-01-23T05:02:12, Critical path event 27,48,6
2006-01-23T05:13:09, Critical path event 28,50,7
2006-01-23T05:33:22, Critical path event 29,94,2
2006-01-23T05:40:48, Misc. noise event 9,52,5
2006-01-23T05:42:47, Critical path event 29,7,5
2006-01-23T05:56:15, Critical path event 29,68,8
2006-01-23T06:05:03, Misc. noise event 10,68,3
2006-01-23T06:05:38, Critical path event 29,12,7
2006-01-23T06:29:28, Critical path event 33,71,7
2006-01-23T06:33:04, Critical path event 34,57,5
2006-01-23T06:41:56, Critical path event 35,95,8
2006-01-23T06:51:31, Critical path event 36,85,5
2006-01-23T07:11:26, Critical path event 37,57,7
2006-01-23T07:25:53, Critical path event 38,48,7
2006-01-23T07:32:29, Critical path event 39,91,4
2006-01-23T07:39:42, Critical path event 19,22,6
2006-01-23T07:50:59, Critical path event 19,23,3
2006-01-23T08:15:57, Critical path event 19,21,9
2006-01-23T08:25:22, Critical path event 19,78,0
2006-01-23T08:41:42, Critical path event 44,11,4
