--------------------------------------------------
datetime,message,random_int_1,random_int_2
--------------------------------------------------
2006-07-31T00:00:00, Critical path event 1,34,9
2006-07-31T00:12:37, Misc. noise event 0,69,4
2006-07-31T00:13:49, Critical path event 2,7,5
2006-07-31T00:31:33, Critical path event 3,74,8
2006-07-31T00:37:33, Misc. noise event 1,99,1
2006-07-31T00:40:39, Critical path event 4,45,4
2006-07-31T01:15:32, Critical path event 5,27,0
2006-07-31T01:22:52, Critical path event 6,73,2
2006-07-31T01:26:52, Misc. noise event 2,98,3
2006-07-31T01:30:25, Critical path event 7,92,3
2006-07-31T01:35:32, Critical path event 8,95,6
2006-07-31T01:44:54, Critical path event 9,54,8
2006-07-31T01:59:00, Critical path event 9,64,1
2006-07-31T02:08:45, Critical path event 9,29,6
2006-07-31T02:13:34, Misc. noise event 3,12,3
2006-07-31T02:17:44, Critical path event 9,63,5
2006-07-31T02:23:49, Critical path event 13,52,10
2006-07-31T02:28:48, Misc. noise event 4,61,3
2006-07-31T02:31:12, Critical path event 14,5,8
2006-07-31T02:36:53, Misc. noise event 5,60,8
2006-07-31T02:38:29, Critical path event 15,26,7
2006-07-31T02:46:21, Critical path event 16,11,0
2006-07-31T02:55:27, Critical path event 17,60,9
2006-07-31T03:08:59, Critical path event 18,54,0
2006-07-31T03:16:19, Critical path event 19,92,7
2006-07-31T03:23:52, Critical path event 19,21,9
2006-07-31T03:36:06, Critical path event 19,11,10
2006-07-31T03:58:54, Misc. noise event 6,34,6

    ----------------some other thing --------------
    filesize :1024k
    alert-level : FATAL
    description: thing with pid 34345 died because 
        random java stacktrace 
        that is super noisy with numbers and datetimes 
Exception in thread "main" java.lang.NullPointerException
    at AnotherClassLoader.loadClass(test.java:58)
    at test.main(test.java:30)
    at Main.main(Main.java:68)
    -------------------------------------------- 
    2006-07-31T04:03:17, Critical path event 19,21,9
2006-07-31T04:08:46, Misc. noise event 7,35,9
2006-07-31T04:12:44, Critical path event 23,11,5
2006-07-31T04:22:29, Critical path event 24,54,10
2006-07-31T04:31:24, Critical path event 25,83,7
2006-07-31T04:37:29, Critical path event 26,97,8
2006-07-31T04:42:29, Misc. noise event 8,34,6
2006-07-31T04:44:52, Critical path event 27,97,2
2006-07-31T04:52:09, Critical path event 28,81,1
2006-07-31T05:00:01, Critical path event 29,21,4
2006-07-31T05:12:31, Critical path event 29,60,4
2006-07-31T05:47:56, Critical path event 29,6,2
2006-07-31T05:55:16, Critical path event 29,75,7
2006-07-31T06:02:49, Critical path event 33,66,4
2006-07-31T06:03:33, Misc. noise event 9,96,8
2006-07-31T06:07:56, Critical path event 34,99,1
2006-07-31T06:22:05, Critical path event 35,31,1
2006-07-31T06:31:32, Critical path event 36,26,3
2006-07-31T06:54:23, Critical path event 37,50,1
2006-07-31T06:58:01, Misc. noise event 10,100,2
2006-07-31T07:01:25, Critical path event 38,43,9
2006-07-31T07:07:30, Critical path event 39,14,8
2006-07-31T07:23:00, Critical path event 19,87,2
2006-07-31T07:30:17, Critical path event 19,87,10
2006-07-31T07:46:49, Critical path event 19,45,8
2006-07-31T08:08:13, Critical path event 19,84,3
2006-07-31T08:35:37, Critical path event 44,44,9
