--------------------------------------------------
datetime,message,random_int_1,random_int_2
--------------------------------------------------
2006-09-11T00:00:00, Critical path event 1,66,1
2006-09-11T00:09:22, Critical path event 2,19,6
2006-09-11T00:17:02, Critical path event 3,77,6
2006-09-11T00:26:28, Critical path event 4,91,4
2006-09-11T00:40:54, Critical path event 5,71,10
2006-09-11T00:49:39, Critical path event 6,26,3
2006-09-11T01:14:42, Critical path event 7,20,7
2006-09-11T01:26:14, Critical path event 8,24,6
2006-09-11T01:34:07, Critical path event 9,62,4
2006-09-11T01:42:43, Critical path event 9,18,7
2006-09-11T01:52:31, Critical path event 9,34,3
2006-09-11T02:00:49, Critical path event 9,46,10
2006-09-11T02:22:56, Critical path event 13,76,10
2006-09-11T02:32:20, Critical path event 14,26,8
2006-09-11T02:41:42, Critical path event 15,24,1
2006-09-11T02:49:22, Critical path event 16,77,7
2006-09-11T02:58:48, Critical path event 17,61,6
2006-09-11T03:13:14, Critical path event 18,95,7
2006-09-11T03:17:57, Misc. noise event 0,93,1
2006-09-11T03:21:59, Critical path event 19,23,2
2006-09-11T03:40:22, Critical path event 19,60,5
2006-09-11T03:46:13, Critical path event 19,59,6
2006-09-11T03:54:06, Critical path event 19,51,9
2006-09-11T04:02:29, Misc. noise event 1,63,8
2006-09-11T04:02:42, Critical path event 23,40,4
2006-09-11T04:08:49, Misc. noise event 2,73,5
2006-09-11T04:12:30, Critical path event 24,10,5
2006-09-11T04:17:54, Misc. noise event 3,92,1

    ----------------some other thing --------------
    filesize :1024k
    alert-level : FATAL
    description: thing with pid 34345 died because 
        random java stacktrace 
        that is super noisy with numbers and datetimes 
Exception in thread "main" java.lang.NullPointerException
    at AnotherClassLoader.loadClass(test.java:58)
    at test.main(test.java:30)
    at Main.main(Main.java:68)
    -------------------------------------------- 
    2006-09-11T04:20:48, Critical path event 25,76,4
2006-09-11T04:29:01, Critical path event 26,84,2
2006-09-11T04:42:33, Misc. noise event 4,96,10
2006-09-11T04:45:17, Critical path event 27,53,1
2006-09-11T04:54:39, Critical path event 28,43,9
2006-09-11T05:16:14, Critical path event 29,7,10
2006-09-11T05:25:40, Critical path event 29,7,1
2006-09-11T05:40:06, Critical path event 29,60,7
2006-09-11T05:48:51, Critical path event 29,64,8
2006-09-11T06:06:58, Misc. noise event 5,84,5
2006-09-11T06:08:40, Critical path event 33,59,0
2006-09-11T06:12:26, Misc. noise event 6,67,0
2006-09-11T06:14:31, Critical path event 34,45,2
2006-09-11T06:22:24, Critical path event 35,48,1
2006-09-11T06:36:08, Misc. noise event 7,67,5
2006-09-11T06:37:40, Critical path event 36,26,10
2006-09-11T06:45:29, Misc. noise event 8,99,3
2006-09-11T06:47:28, Critical path event 37,22,10
2006-09-11T06:55:46, Critical path event 38,10,0
2006-09-11T07:10:52, Misc. noise event 9,94,6
2006-09-11T07:11:54, Critical path event 39,57,3
2006-09-11T07:21:18, Critical path event 19,29,1
2006-09-11T07:30:40, Critical path event 19,97,6
2006-09-11T07:38:20, Critical path event 19,48,3
2006-09-11T07:47:46, Critical path event 19,76,7
2006-09-11T07:58:49, Misc. noise event 10,76,1
2006-09-11T08:02:12, Critical path event 44,77,8
