--------------------------------------------------
datetime,message,random_int_1,random_int_2
--------------------------------------------------
2006-10-15T23:55:06, Misc. noise event 0,21,5
2006-10-16T00:00:00, Critical path event 1,25,4
2006-10-16T00:05:12, Misc. noise event 1,38,7
2006-10-16T00:08:14, Critical path event 2,85,7
2006-10-16T00:17:44, Critical path event 3,61,8
2006-10-16T00:26:09, Critical path event 4,13,0
2006-10-16T00:40:48, Critical path event 5,12,0
2006-10-16T00:48:21, Critical path event 6,40,4
2006-10-16T00:58:48, Critical path event 7,11,9
2006-10-16T01:06:40, Misc. noise event 2,98,0
2006-10-16T01:10:33, Critical path event 8,99,2
2006-10-16T01:19:55, Critical path event 9,30,7
2006-10-16T01:28:44, Misc. noise event 3,16,0
2006-10-16T01:28:57, Critical path event 9,93,2
2006-10-16T01:40:00, Misc. noise event 4,27,0
2006-10-16T01:40:34, Critical path event 9,30,9
2006-10-16T01:54:05, Misc. noise event 5,13,0
2006-10-16T01:55:34, Critical path event 9,11,9
2006-10-16T02:05:54, Critical path event 13,48,2
2006-10-16T02:12:01, Misc. noise event 6,67,8
2006-10-16T02:13:23, Critical path event 14,5,10
2006-10-16T02:21:37, Critical path event 15,66,1
2006-10-16T02:31:07, Critical path event 16,89,8
2006-10-16T02:39:32, Critical path event 17,39,4
2006-10-16T02:54:11, Critical path event 18,79,2
2006-10-16T03:01:44, Critical path event 19,17,5
2006-10-16T03:09:12, Critical path event 19,92,5
2006-10-16T03:18:50, Critical path event 19,40,9

    ----------------some other thing --------------
    filesize :1024k
    alert-level : FATAL
    description: thing with pid 34345 died because 
        random java stacktrace 
        that is super noisy with numbers and datetimes 
Exception in thread "main" java.lang.NullPointerException
    at AnotherClassLoader.loadClass(test.java:58)
    at test.main(test.java:30)
    at Main.main(Main.java:68)
    -------------------------------------------- 
    2006-10-16T03:33:33, Critical path event 19,16,7
2006-10-16T03:42:35, Critical path event 23,44,0
2006-10-16T03:54:12, Critical path event 24,50,2
2006-10-16T04:00:57, Critical path event 25,26,6
2006-10-16T04:07:42, Critical path event 26,85,9
2006-10-16T04:15:11, Critical path event 27,16,10
2006-10-16T04:23:25, Critical path event 28,67,8
2006-10-16T04:32:55, Critical path event 29,48,9
2006-10-16T04:41:20, Critical path event 29,6,3
2006-10-16T04:55:59, Critical path event 29,79,2
2006-10-16T04:59:35, Misc. noise event 7,81,8
2006-10-16T05:03:32, Critical path event 29,36,8
2006-10-16T05:11:00, Critical path event 33,21,7
2006-10-16T05:15:43, Critical path event 34,10,5
2006-10-16T05:24:32, Misc. noise event 8,36,2
2006-10-16T05:25:05, Critical path event 35,71,8
2006-10-16T05:36:47, Misc. noise event 9,63,8
2006-10-16T05:37:03, Critical path event 36,57,2
2006-10-16T05:48:40, Critical path event 37,52,6
2006-10-16T05:55:25, Critical path event 38,48,7
2006-10-16T06:02:10, Critical path event 39,64,8
2006-10-16T06:12:07, Misc. noise event 10,17,0
2006-10-16T06:14:12, Critical path event 19,99,4
2006-10-16T06:33:06, Critical path event 19,11,2
2006-10-16T06:42:36, Critical path event 19,73,9
2006-10-16T06:51:01, Critical path event 19,61,6
2006-10-16T07:18:35, Critical path event 44,31,7
