--------------------------------------------------
datetime,message,random_int_1,random_int_2
--------------------------------------------------
2006-04-10T00:00:00, Critical path event 1,49,4
2006-04-10T00:09:32, Critical path event 2,0,0
2006-04-10T00:17:01, Critical path event 3,55,10
2006-04-10T00:25:07, Critical path event 4,24,5
2006-04-10T00:34:37, Misc. noise event 0,100,8
2006-04-10T00:38:29, Critical path event 5,64,6
2006-04-10T00:44:38, Misc. noise event 1,43,3
2006-04-10T00:46:32, Critical path event 6,12,8
2006-04-10T00:55:16, Misc. noise event 2,18,1
2006-04-10T00:55:37, Critical path event 7,38,0
2006-04-10T01:00:45, Critical path event 8,75,4
2006-04-10T01:15:44, Misc. noise event 3,91,10
2006-04-10T01:18:32, Critical path event 9,15,4
2006-04-10T01:26:52, Misc. noise event 4,91,0
2006-04-10T01:27:50, Critical path event 9,2,10
2006-04-10T01:41:42, Misc. noise event 5,26,6
2006-04-10T01:46:07, Critical path event 9,8,9
2006-04-10T01:53:20, Critical path event 9,54,4
2006-04-10T01:59:41, Critical path event 13,36,7
2006-04-10T02:12:21, Critical path event 14,39,10
2006-04-10T02:27:07, Critical path event 15,59,5
2006-04-10T02:34:36, Critical path event 16,27,7
2006-04-10T02:48:21, Critical path event 17,55,6
2006-04-10T03:01:43, Critical path event 18,74,3
2006-04-10T03:05:03, Misc. noise event 6,93,7
2006-04-10T03:09:46, Critical path event 19,51,6
2006-04-10T03:18:51, Critical path event 19,62,5
2006-04-10T03:23:59, Critical path event 19,80,10

    ----------------some other thing --------------
    filesize :1024k
    alert-level : FATAL
    description: thing with pid 34345 died because 
        random java stacktrace 
        that is super noisy with numbers and datetimes 
Exception in thread "main" java.lang.NullPointerException
    at AnotherClassLoader.loadClass(test.java:58)
    at test.main(test.java:30)
    at Main.main(Main.java:68)
    -------------------------------------------- 
    2006-04-10T03:31:52, Critical path event 19,61,9
2006-04-10T03:41:10, Critical path event 23,61,4
2006-04-10T03:52:47, Critical path event 24,79,7
2006-04-10T04:00:00, Critical path event 25,5,6
2006-04-10T04:06:21, Critical path event 26,0,10
2006-04-10T04:14:24, Critical path event 27,12,1
2006-04-10T04:23:56, Critical path event 28,62,4
2006-04-10T04:31:25, Critical path event 29,74,9
2006-04-10T04:39:31, Critical path event 29,82,9
2006-04-10T05:19:02, Critical path event 29,22,5
2006-04-10T05:27:05, Critical path event 29,90,9
2006-04-10T05:40:02, Critical path event 33,85,3
2006-04-10T05:45:10, Critical path event 34,51,2
2006-04-10T05:50:09, Misc. noise event 7,1,8
2006-04-10T05:53:03, Critical path event 35,90,2
2006-04-10T06:01:47, Misc. noise event 8,66,4
2006-04-10T06:03:01, Critical path event 36,11,3
2006-04-10T06:14:38, Critical path event 37,20,8
2006-04-10T06:21:51, Critical path event 38,29,6
2006-04-10T06:28:12, Critical path event 39,15,8
2006-04-10T06:39:39, Critical path event 19,66,0
2006-04-10T06:49:11, Critical path event 19,3,6
2006-04-10T06:56:40, Critical path event 19,19,0
2006-04-10T07:16:45, Misc. noise event 9,24,9
2006-04-10T07:17:24, Critical path event 19,31,1
2006-04-10T07:27:03, Misc. noise event 10,67,10
2006-04-10T07:30:46, Critical path event 44,32,8
