--------------------------------------------------
datetime,message,random_int_1,random_int_2
--------------------------------------------------
2006-04-17T00:00:00, Critical path event 1,66,2
2006-04-17T00:08:40, Critical path event 2,41,2
2006-04-17T00:16:14, Critical path event 3,81,10
2006-04-17T00:23:36, Critical path event 4,54,2
2006-04-17T00:38:43, Critical path event 5,84,9
2006-04-17T00:45:56, Critical path event 6,14,5
2006-04-17T00:55:26, Critical path event 7,60,6
2006-04-17T00:59:37, Critical path event 8,85,6
2006-04-17T01:09:07, Critical path event 9,69,10
2006-04-17T01:15:59, Misc. noise event 0,96,4
2006-04-17T01:17:33, Critical path event 9,59,0
2006-04-17T01:28:28, Misc. noise event 1,12,0
2006-04-17T01:29:23, Critical path event 9,44,0
2006-04-17T01:31:56, Misc. noise event 2,30,1
2006-04-17T01:35:41, Critical path event 9,45,8
2006-04-17T01:41:49, Critical path event 13,11,8
2006-04-17T01:47:26, Misc. noise event 3,68,8
2006-04-17T01:50:55, Critical path event 14,69,4
2006-04-17T02:01:57, Critical path event 15,70,7
2006-04-17T02:10:44, Critical path event 16,38,4
2006-04-17T02:18:06, Critical path event 17,49,1
2006-04-17T02:33:13, Critical path event 18,59,3
2006-04-17T02:44:56, Critical path event 19,29,6
2006-04-17T02:54:26, Critical path event 19,49,2
2006-04-17T03:01:09, Critical path event 19,28,5
2006-04-17T03:10:39, Critical path event 19,19,8
2006-04-17T03:30:56, Critical path event 23,40,9
2006-04-17T03:42:46, Critical path event 24,100,2

    ----------------some other thing --------------
    filesize :1024k
    alert-level : FATAL
    description: thing with pid 34345 died because 
        random java stacktrace 
        that is super noisy with numbers and datetimes 
Exception in thread "main" java.lang.NullPointerException
    at AnotherClassLoader.loadClass(test.java:58)
    at test.main(test.java:30)
    at Main.main(Main.java:68)
    -------------------------------------------- 
    2006-04-17T03:49:04, Critical path event 25,41,7
2006-04-17T03:50:30, Misc. noise event 4,50,7
2006-04-17T03:55:12, Critical path event 26,95,2
2006-04-17T04:04:18, Critical path event 27,72,4
2006-04-17T04:26:04, Critical path event 28,29,4
2006-04-17T04:28:59, Misc. noise event 5,47,1
2006-04-17T04:33:38, Critical path event 29,98,1
2006-04-17T04:41:00, Critical path event 29,11,2
2006-04-17T04:54:49, Misc. noise event 6,16,1
2006-04-17T04:56:07, Critical path event 29,49,1
2006-04-17T05:03:20, Critical path event 29,8,7
2006-04-17T05:12:50, Critical path event 33,98,2
2006-04-17T05:17:01, Critical path event 34,20,7
2006-04-17T05:21:37, Misc. noise event 7,88,10
2006-04-17T05:26:31, Critical path event 35,28,10
2006-04-17T05:34:57, Critical path event 36,46,4
2006-04-17T05:43:29, Misc. noise event 8,88,9
2006-04-17T05:46:47, Critical path event 37,11,10
2006-04-17T05:53:53, Critical path event 38,17,1
2006-04-17T06:00:01, Critical path event 39,57,2
2006-04-17T06:23:05, Misc. noise event 9,76,10
2006-04-17T06:24:03, Critical path event 19,49,6
2006-04-17T06:46:40, Misc. noise event 10,14,4
2006-04-17T06:48:11, Critical path event 19,48,8
2006-04-17T07:10:14, Critical path event 19,56,4
2006-04-17T07:17:36, Critical path event 19,17,2
2006-04-17T07:32:43, Critical path event 44,47,7
