--------------------------------------------------
datetime,message,random_int_1,random_int_2
--------------------------------------------------
2006-01-30T00:00:00, Critical path event 1,51,1
2006-01-30T00:07:19, Critical path event 2,90,0
2006-01-30T00:15:34, Misc. noise event 0,8,1
2006-01-30T00:16:53, Critical path event 3,25,3
2006-01-30T00:26:02, Critical path event 4,3,2
2006-01-30T00:40:16, Critical path event 5,8,1
2006-01-30T00:46:36, Misc. noise event 1,0,7
2006-01-30T00:47:31, Critical path event 6,90,6
2006-01-30T00:56:04, Critical path event 7,79,8
2006-01-30T01:01:10, Critical path event 8,27,0
2006-01-30T01:09:33, Critical path event 9,57,2
2006-01-30T01:17:06, Critical path event 9,99,7
2006-01-30T01:26:53, Critical path event 9,71,6
2006-01-30T01:34:15, Critical path event 9,66,0
2006-01-30T01:37:11, Misc. noise event 2,10,9
2006-01-30T01:41:19, Critical path event 13,8,1
2006-01-30T01:44:37, Misc. noise event 3,79,0
2006-01-30T01:48:49, Critical path event 14,32,6
2006-01-30T01:56:08, Critical path event 15,6,7
2006-01-30T02:05:42, Critical path event 16,24,9
2006-01-30T02:14:51, Critical path event 17,37,2
2006-01-30T02:26:16, Misc. noise event 4,11,0
2006-01-30T02:29:05, Critical path event 18,80,9
2006-01-30T02:36:20, Critical path event 19,89,3
2006-01-30T02:44:53, Critical path event 19,67,5
2006-01-30T02:49:59, Critical path event 19,74,1
2006-01-30T02:58:22, Critical path event 19,53,4
2006-01-30T03:05:55, Critical path event 23,55,8

    ----------------some other thing --------------
    filesize :1024k
    alert-level : FATAL
    description: thing with pid 34345 died because 
        random java stacktrace 
        that is super noisy with numbers and datetimes 
Exception in thread "main" java.lang.NullPointerException
    at AnotherClassLoader.loadClass(test.java:58)
    at test.main(test.java:30)
    at Main.main(Main.java:68)
    -------------------------------------------- 
    2006-01-30T03:14:37, Misc. noise event 5,84,1
2006-01-30T03:15:42, Critical path event 24,28,5
2006-01-30T03:22:00, Misc. noise event 6,39,0
2006-01-30T03:23:04, Critical path event 25,31,5
2006-01-30T03:25:55, Misc. noise event 7,97,3
2006-01-30T03:30:08, Critical path event 26,56,7
2006-01-30T03:37:38, Critical path event 27,38,6
2006-01-30T03:44:57, Critical path event 28,61,6
2006-01-30T03:52:38, Misc. noise event 8,4,6
2006-01-30T03:54:31, Critical path event 29,23,1
2006-01-30T04:03:40, Critical path event 29,25,6
2006-01-30T04:17:54, Critical path event 29,34,4
2006-01-30T04:25:09, Critical path event 29,21,1
2006-01-30T04:33:42, Critical path event 33,15,9
2006-01-30T04:38:48, Critical path event 34,91,0
2006-01-30T04:43:44, Misc. noise event 9,51,10
2006-01-30T04:47:11, Critical path event 35,51,2
2006-01-30T04:54:44, Critical path event 36,95,1
2006-01-30T05:04:31, Critical path event 37,44,2
2006-01-30T05:11:53, Critical path event 38,50,1
2006-01-30T05:18:57, Critical path event 39,76,1
2006-01-30T05:26:27, Critical path event 19,78,4
2006-01-30T05:31:52, Misc. noise event 10,77,2
2006-01-30T05:33:46, Critical path event 19,20,1
2006-01-30T05:43:20, Critical path event 19,61,5
2006-01-30T05:52:29, Critical path event 19,33,9
2006-01-30T06:06:43, Critical path event 44,59,4
