--------------------------------------------------
datetime,message,random_int_1,random_int_2
--------------------------------------------------
2006-11-20T00:00:00, Critical path event 1,85,5
2006-11-20T00:04:42, Misc. noise event 0,21,2
2006-11-20T00:07:27, Critical path event 2,93,10
2006-11-20T00:15:43, Critical path event 3,25,10
2006-11-20T00:23:00, Critical path event 4,84,8
2006-11-20T00:36:39, Critical path event 5,95,7
2006-11-20T00:45:26, Critical path event 6,33,10
2006-11-20T00:52:44, Misc. noise event 1,53,6
2006-11-20T00:54:51, Critical path event 7,77,5
2006-11-20T01:02:49, Critical path event 8,12,0
2006-11-20T01:11:22, Critical path event 9,52,8
2006-11-20T01:19:07, Critical path event 9,97,8
2006-11-20T01:28:19, Misc. noise event 2,45,4
2006-11-20T01:30:43, Critical path event 9,100,2
2006-11-20T01:33:35, Misc. noise event 3,23,0
2006-11-20T01:37:52, Critical path event 9,36,8
2006-11-20T01:45:32, Critical path event 13,8,5
2006-11-20T01:53:21, Misc. noise event 4,78,5
2006-11-20T01:58:03, Critical path event 14,4,4
2006-11-20T02:19:53, Critical path event 15,16,5
2006-11-20T02:28:09, Critical path event 16,54,7
2006-11-20T02:35:26, Critical path event 17,18,8
2006-11-20T02:49:05, Critical path event 18,66,9
2006-11-20T02:56:55, Misc. noise event 5,87,9
2006-11-20T02:57:52, Critical path event 19,57,1
2006-11-20T03:03:09, Misc. noise event 6,37,0
2006-11-20T03:07:17, Critical path event 19,7,0
2006-11-20T03:11:26, Critical path event 19,51,2

    ----------------some other thing --------------
    filesize :1024k
    alert-level : FATAL
    description: thing with pid 34345 died because 
        random java stacktrace 
        that is super noisy with numbers and datetimes 
Exception in thread "main" java.lang.NullPointerException
    at AnotherClassLoader.loadClass(test.java:58)
    at test.main(test.java:30)
    at Main.main(Main.java:68)
    -------------------------------------------- 
    2006-11-20T03:19:59, Critical path event 19,87,2
2006-11-20T03:34:44, Critical path event 23,29,4
2006-11-20T03:46:20, Critical path event 24,3,0
2006-11-20T03:53:29, Critical path event 25,8,2
2006-11-20T04:00:31, Misc. noise event 7,87,9
2006-11-20T04:01:09, Critical path event 26,58,9
2006-11-20T04:09:00, Critical path event 27,41,9
2006-11-20T04:16:27, Critical path event 28,96,1
2006-11-20T04:24:43, Critical path event 29,32,8
2006-11-20T04:27:26, Misc. noise event 8,38,9
2006-11-20T04:32:00, Critical path event 29,45,2
2006-11-20T04:52:18, Critical path event 29,74,4
2006-11-20T04:57:33, Misc. noise event 9,5,10
2006-11-20T05:01:05, Critical path event 29,7,5
2006-11-20T05:24:01, Critical path event 33,84,4
2006-11-20T05:28:10, Critical path event 34,88,8
2006-11-20T05:51:25, Critical path event 35,69,0
2006-11-20T06:05:20, Misc. noise event 10,24,8
2006-11-20T06:06:05, Critical path event 36,48,7
2006-11-20T06:17:41, Critical path event 37,53,2
2006-11-20T06:26:22, Critical path event 38,71,3
2006-11-20T06:34:02, Critical path event 39,42,1
2006-11-20T06:57:12, Critical path event 19,10,9
2006-11-20T07:19:05, Critical path event 19,81,6
2006-11-20T07:27:21, Critical path event 19,50,4
2006-11-20T07:37:10, Critical path event 19,13,6
2006-11-20T07:50:49, Critical path event 44,38,5
