--------------------------------------------------
datetime,message,random_int_1,random_int_2
--------------------------------------------------
2006-11-06T00:00:00, Critical path event 1,87,9
2006-11-06T00:09:02, Critical path event 2,19,4
2006-11-06T00:16:44, Critical path event 3,68,10
2006-11-06T00:25:59, Critical path event 4,22,10
2006-11-06T00:46:24, Critical path event 5,95,0
2006-11-06T00:50:59, Misc. noise event 0,37,9
2006-11-06T00:53:52, Critical path event 6,17,10
2006-11-06T01:02:47, Critical path event 7,58,1
2006-11-06T01:08:36, Critical path event 8,4,4
2006-11-06T01:24:43, Critical path event 9,49,1
2006-11-06T01:33:14, Critical path event 9,86,1
2006-11-06T01:42:59, Critical path event 9,9,6
2006-11-06T01:50:40, Critical path event 9,53,7
2006-11-06T01:53:25, Misc. noise event 1,68,4
2006-11-06T01:57:31, Critical path event 13,83,6
2006-11-06T02:05:50, Critical path event 14,46,7
2006-11-06T02:28:57, Misc. noise event 2,53,4
2006-11-06T02:30:48, Critical path event 15,69,6
2006-11-06T02:36:29, Misc. noise event 3,12,5
2006-11-06T02:38:30, Critical path event 16,21,3
2006-11-06T02:43:26, Misc. noise event 4,28,8
2006-11-06T02:47:45, Critical path event 17,75,0
2006-11-06T02:57:47, Misc. noise event 5,11,6
2006-11-06T03:01:47, Critical path event 18,43,8
2006-11-06T03:09:15, Critical path event 19,33,9
2006-11-06T03:18:10, Critical path event 19,38,8
2006-11-06T03:23:59, Critical path event 19,92,7
2006-11-06T03:31:43, Critical path event 19,57,0

    ----------------some other thing --------------
    filesize :1024k
    alert-level : FATAL
    description: thing with pid 34345 died because 
        random java stacktrace 
        that is super noisy with numbers and datetimes 
Exception in thread "main" java.lang.NullPointerException
    at AnotherClassLoader.loadClass(test.java:58)
    at test.main(test.java:30)
    at Main.main(Main.java:68)
    -------------------------------------------- 
    2006-11-06T03:40:14, Critical path event 23,35,3
2006-11-06T04:01:33, Critical path event 24,34,8
2006-11-06T04:09:14, Critical path event 25,69,4
2006-11-06T04:13:48, Misc. noise event 6,16,10
2006-11-06T04:16:05, Critical path event 26,86,2
2006-11-06T04:24:24, Critical path event 27,16,5
2006-11-06T04:33:26, Critical path event 28,56,8
2006-11-06T04:38:59, Misc. noise event 7,84,0
2006-11-06T04:41:08, Critical path event 29,56,9
2006-11-06T04:50:23, Critical path event 29,5,2
2006-11-06T05:04:25, Critical path event 29,71,1
2006-11-06T05:11:53, Critical path event 29,14,9
2006-11-06T05:16:52, Misc. noise event 8,27,7
2006-11-06T05:20:48, Critical path event 33,39,6
2006-11-06T05:32:28, Misc. noise event 9,38,5
2006-11-06T05:34:58, Critical path event 34,79,6
2006-11-06T05:42:42, Critical path event 35,76,0
2006-11-06T06:00:15, Critical path event 36,36,0
2006-11-06T06:10:00, Critical path event 37,89,10
2006-11-06T06:16:23, Misc. noise event 10,40,0
2006-11-06T06:17:41, Critical path event 38,9,2
2006-11-06T06:24:32, Critical path event 39,57,0
2006-11-06T06:37:43, Critical path event 19,20,5
2006-11-06T06:46:45, Critical path event 19,19,2
2006-11-06T06:54:27, Critical path event 19,70,9
2006-11-06T07:07:24, Critical path event 19,32,1
2006-11-06T07:29:21, Critical path event 44,80,10
