--------------------------------------------------
datetime,message,random_int_1,random_int_2
--------------------------------------------------
2006-10-09T00:00:00, Critical path event 1,6,4
2006-10-09T00:09:34, Critical path event 2,93,7
2006-10-09T00:17:59, Critical path event 3,82,6
2006-10-09T00:31:39, Critical path event 4,59,9
2006-10-09T00:44:03, Misc. noise event 0,2,10
2006-10-09T00:46:06, Critical path event 5,1,6
2006-10-09T01:06:05, Critical path event 6,37,0
2006-10-09T01:14:00, Critical path event 7,88,8
2006-10-09T01:19:33, Critical path event 8,53,10
2006-10-09T01:24:19, Misc. noise event 1,58,8
2006-10-09T01:26:49, Critical path event 9,86,8
2006-10-09T01:34:15, Critical path event 9,7,7
2006-10-09T02:01:54, Misc. noise event 2,2,3
2006-10-09T02:02:49, Critical path event 9,87,5
2006-10-09T02:09:05, Critical path event 9,4,6
2006-10-09T02:17:08, Critical path event 13,22,3
2006-10-09T02:26:38, Critical path event 14,46,2
2006-10-09T02:36:12, Critical path event 15,1,5
2006-10-09T02:44:37, Critical path event 16,11,8
2006-10-09T02:48:14, Misc. noise event 3,11,8
2006-10-09T02:52:40, Critical path event 17,33,4
2006-10-09T03:04:35, Misc. noise event 4,44,0
2006-10-09T03:07:07, Critical path event 18,17,6
2006-10-09T03:22:07, Misc. noise event 5,44,1
2006-10-09T03:25:52, Critical path event 19,19,5
2006-10-09T03:33:47, Critical path event 19,48,7
2006-10-09T03:39:26, Critical path event 19,98,4
2006-10-09T03:47:18, Critical path event 19,89,0

    ----------------some other thing --------------
    filesize :1024k
    alert-level : FATAL
    description: thing with pid 34345 died because 
        random java stacktrace 
        that is super noisy with numbers and datetimes 
Exception in thread "main" java.lang.NullPointerException
    at AnotherClassLoader.loadClass(test.java:58)
    at test.main(test.java:30)
    at Main.main(Main.java:68)
    -------------------------------------------- 
    2006-10-09T03:59:28, Critical path event 23,75,9
2006-10-09T04:09:37, Critical path event 24,5,4
2006-10-09T04:13:03, Misc. noise event 6,71,10
2006-10-09T04:15:53, Critical path event 25,98,5
2006-10-09T04:31:25, Misc. noise event 7,39,4
2006-10-09T04:31:55, Critical path event 26,93,4
2006-10-09T04:40:38, Misc. noise event 8,32,8
2006-10-09T04:41:25, Critical path event 27,48,9
2006-10-09T04:50:59, Critical path event 28,64,4
2006-10-09T04:59:24, Critical path event 29,93,1
2006-10-09T05:02:51, Misc. noise event 9,84,3
2006-10-09T05:07:27, Critical path event 29,10,9
2006-10-09T05:21:54, Critical path event 29,32,10
2006-10-09T05:30:21, Critical path event 29,71,4
2006-10-09T05:49:36, Critical path event 33,8,2
2006-10-09T06:00:32, Critical path event 34,54,5
2006-10-09T06:07:48, Critical path event 35,38,1
2006-10-09T06:15:14, Critical path event 36,1,0
2006-10-09T06:25:23, Critical path event 37,74,0
2006-10-09T06:38:09, Critical path event 38,84,1
2006-10-09T06:46:12, Critical path event 39,95,6
2006-10-09T06:55:42, Critical path event 19,58,10
2006-10-09T07:10:02, Critical path event 19,71,10
2006-10-09T07:18:07, Misc. noise event 10,71,4
2006-10-09T07:20:31, Critical path event 19,82,10
2006-10-09T07:28:34, Critical path event 19,100,2
2006-10-09T07:43:01, Critical path event 44,1,1
