--------------------------------------------------
datetime,message,random_int_1,random_int_2
--------------------------------------------------
2006-12-11T00:00:00, Critical path event 1,48,7
2006-12-11T00:08:48, Critical path event 2,67,4
2006-12-11T00:17:41, Critical path event 3,64,7
2006-12-11T00:24:06, Misc. noise event 0,18,5
2006-12-11T00:26:55, Critical path event 4,24,6
2006-12-11T00:41:01, Critical path event 5,93,7
2006-12-11T00:49:12, Critical path event 6,68,7
2006-12-11T00:53:07, Misc. noise event 1,69,2
2006-12-11T00:56:26, Critical path event 7,13,3
2006-12-11T01:01:43, Critical path event 8,12,9
2006-12-11T01:08:21, Misc. noise event 2,98,0
2006-12-11T01:11:18, Critical path event 9,84,0
2006-12-11T01:19:36, Critical path event 9,45,6
2006-12-11T01:30:57, Critical path event 9,0,0
2006-12-11T01:39:15, Critical path event 9,54,4
2006-12-11T01:45:55, Critical path event 13,94,3
2006-12-11T01:53:07, Critical path event 14,94,0
2006-12-11T02:01:55, Critical path event 15,39,0
2006-12-11T02:10:48, Critical path event 16,13,8
2006-12-11T02:20:02, Critical path event 17,91,0
2006-12-11T02:34:08, Critical path event 18,32,2
2006-12-11T02:42:19, Critical path event 19,62,7
2006-12-11T02:47:35, Misc. noise event 3,77,1
2006-12-11T02:49:33, Critical path event 19,21,1
2006-12-11T02:54:50, Critical path event 19,100,0
2006-12-11T03:00:16, Misc. noise event 4,60,3
2006-12-11T03:04:25, Critical path event 19,29,10
2006-12-11T03:12:43, Critical path event 23,69,1

    ----------------some other thing --------------
    filesize :1024k
    alert-level : FATAL
    description: thing with pid 34345 died because 
        random java stacktrace 
        that is super noisy with numbers and datetimes 
Exception in thread "main" java.lang.NullPointerException
    at AnotherClassLoader.loadClass(test.java:58)
    at test.main(test.java:30)
    at Main.main(Main.java:68)
    -------------------------------------------- 
    2006-12-11T03:21:38, Misc. noise event 5,77,5
2006-12-11T03:24:04, Critical path event 24,100,2
2006-12-11T03:32:22, Critical path event 25,77,5
2006-12-11T03:39:02, Critical path event 26,0,5
2006-12-11T03:46:14, Critical path event 27,9,2
2006-12-11T03:55:02, Critical path event 28,25,2
2006-12-11T04:03:55, Critical path event 29,41,9
2006-12-11T04:13:09, Critical path event 29,26,6
2006-12-11T04:27:15, Critical path event 29,74,2
2006-12-11T04:35:26, Critical path event 29,79,5
2006-12-11T04:42:40, Critical path event 33,96,0
2006-12-11T04:47:57, Critical path event 34,72,10
2006-12-11T04:57:32, Critical path event 35,15,5
2006-12-11T05:05:35, Misc. noise event 6,35,1
2006-12-11T05:05:50, Critical path event 36,70,6
2006-12-11T05:16:08, Misc. noise event 7,94,1
2006-12-11T05:17:11, Critical path event 37,37,5
2006-12-11T05:21:30, Misc. noise event 8,48,8
2006-12-11T05:25:29, Critical path event 38,65,0
2006-12-11T05:32:09, Critical path event 39,87,9
2006-12-11T05:35:34, Misc. noise event 9,61,8
2006-12-11T05:39:21, Critical path event 19,19,8
2006-12-11T05:48:09, Critical path event 19,25,10
2006-12-11T05:54:02, Misc. noise event 10,91,1
2006-12-11T05:57:02, Critical path event 19,6,4
2006-12-11T06:06:16, Critical path event 19,27,3
2006-12-11T06:20:22, Critical path event 44,17,1
