--------------------------------------------------
datetime,message,random_int_1,random_int_2
--------------------------------------------------
2006-05-28T23:58:22, Misc. noise event 0,48,8
2006-05-29T00:00:00, Critical path event 1,35,0
2006-05-29T00:07:41, Critical path event 2,78,10
2006-05-29T00:22:34, Misc. noise event 1,89,6
2006-05-29T00:27:32, Critical path event 3,53,4
2006-05-29T00:37:04, Critical path event 4,22,10
2006-05-29T00:50:34, Critical path event 5,95,10
2006-05-29T01:09:46, Misc. noise event 2,51,7
2006-05-29T01:12:39, Critical path event 6,97,0
2006-05-29T01:20:16, Misc. noise event 3,1,9
2006-05-29T01:20:50, Critical path event 7,3,6
2006-05-29T01:24:50, Critical path event 8,8,10
2006-05-29T01:32:27, Critical path event 9,99,2
2006-05-29T01:41:52, Critical path event 9,23,0
2006-05-29T01:53:20, Critical path event 9,35,3
2006-05-29T01:55:12, Misc. noise event 4,39,8
2006-05-29T01:59:26, Critical path event 9,82,2
2006-05-29T02:06:47, Critical path event 13,29,1
2006-05-29T02:15:51, Critical path event 14,55,3
2006-05-29T02:23:32, Critical path event 15,92,5
2006-05-29T02:31:26, Critical path event 16,9,6
2006-05-29T02:40:58, Critical path event 17,34,0
2006-05-29T02:59:08, Critical path event 18,3,1
2006-05-29T03:06:36, Critical path event 19,37,7
2006-05-29T03:11:17, Misc. noise event 5,28,8
2006-05-29T03:14:47, Critical path event 19,25,7
2006-05-29T03:18:47, Critical path event 19,56,7
2006-05-29T03:26:24, Critical path event 19,99,10

    ----------------some other thing --------------
    filesize :1024k
    alert-level : FATAL
    description: thing with pid 34345 died because 
        random java stacktrace 
        that is super noisy with numbers and datetimes 
Exception in thread "main" java.lang.NullPointerException
    at AnotherClassLoader.loadClass(test.java:58)
    at test.main(test.java:30)
    at Main.main(Main.java:68)
    -------------------------------------------- 
    2006-05-29T03:35:49, Critical path event 23,22,4
2006-05-29T03:43:58, Misc. noise event 6,62,2
2006-05-29T03:47:17, Critical path event 24,53,3
2006-05-29T03:53:23, Critical path event 25,99,7
2006-05-29T04:00:44, Critical path event 26,55,6
2006-05-29T04:09:48, Critical path event 27,97,3
2006-05-29T04:17:29, Critical path event 28,89,2
2006-05-29T04:25:23, Critical path event 29,18,0
2006-05-29T04:34:55, Critical path event 29,3,6
2006-05-29T04:45:15, Misc. noise event 7,94,9
2006-05-29T04:48:25, Critical path event 29,99,9
2006-05-29T04:55:53, Critical path event 29,74,4
2006-05-29T05:04:04, Critical path event 33,26,7
2006-05-29T05:05:44, Misc. noise event 8,83,4
2006-05-29T05:08:04, Critical path event 34,65,0
2006-05-29T05:15:41, Critical path event 35,50,3
2006-05-29T05:42:59, Critical path event 36,42,4
2006-05-29T05:56:01, Critical path event 37,57,8
2006-05-29T06:02:07, Critical path event 38,22,4
2006-05-29T06:06:57, Misc. noise event 9,43,1
2006-05-29T06:09:28, Critical path event 39,48,6
2006-05-29T06:30:04, Misc. noise event 10,33,10
2006-05-29T06:31:16, Critical path event 19,23,1
2006-05-29T06:53:53, Critical path event 19,32,7
2006-05-29T07:01:47, Critical path event 19,99,7
2006-05-29T07:12:47, Critical path event 19,93,0
2006-05-29T07:26:17, Critical path event 44,72,8
