--------------------------------------------------
datetime,message,random_int_1,random_int_2
--------------------------------------------------
2006-08-21T00:00:00, Critical path event 1,31,6
2006-08-21T00:08:32, Critical path event 2,44,2
2006-08-21T00:26:08, Critical path event 3,11,2
2006-08-21T00:33:26, Misc. noise event 0,66,7
2006-08-21T00:34:27, Critical path event 4,2,2
2006-08-21T00:49:19, Critical path event 5,61,6
2006-08-21T01:02:20, Misc. noise event 1,38,7
2006-08-21T01:02:24, Critical path event 6,90,0
2006-08-21T01:14:47, Misc. noise event 2,94,0
2006-08-21T01:17:25, Critical path event 7,46,1
2006-08-21T01:23:42, Critical path event 8,81,2
2006-08-21T01:31:40, Critical path event 9,9,8
2006-08-21T01:38:59, Critical path event 9,72,5
2006-08-21T01:49:02, Critical path event 9,11,10
2006-08-21T01:57:09, Critical path event 9,88,6
2006-08-21T02:03:21, Misc. noise event 3,26,10
2006-08-21T02:03:38, Critical path event 13,86,1
2006-08-21T02:09:38, Misc. noise event 4,98,1
2006-08-21T02:11:00, Critical path event 14,40,6
2006-08-21T02:25:08, Critical path event 15,36,2
2006-08-21T02:29:08, Misc. noise event 5,81,2
2006-08-21T02:33:08, Critical path event 16,94,6
2006-08-21T02:47:51, Critical path event 17,44,7
2006-08-21T03:24:31, Critical path event 18,58,3
2006-08-21T03:45:55, Misc. noise event 6,46,5
2006-08-21T03:46:46, Critical path event 19,63,3
2006-08-21T03:56:04, Critical path event 19,36,8
2006-08-21T04:03:24, Critical path event 19,25,3

    ----------------some other thing --------------
    filesize :1024k
    alert-level : FATAL
    description: thing with pid 34345 died because 
        random java stacktrace 
        that is super noisy with numbers and datetimes 
Exception in thread "main" java.lang.NullPointerException
    at AnotherClassLoader.loadClass(test.java:58)
    at test.main(test.java:30)
    at Main.main(Main.java:68)
    -------------------------------------------- 
    2006-08-21T04:11:22, Critical path event 19,62,5
2006-08-21T04:18:26, Misc. noise event 7,96,0
2006-08-21T04:18:41, Critical path event 23,11,0
2006-08-21T04:28:44, Critical path event 24,36,2
2006-08-21T04:35:49, Misc. noise event 8,98,3
2006-08-21T04:36:51, Critical path event 25,35,1
2006-08-21T04:54:31, Critical path event 26,73,10
2006-08-21T05:05:11, Critical path event 27,78,1
2006-08-21T05:13:43, Critical path event 28,3,2
2006-08-21T05:21:43, Critical path event 29,40,1
2006-08-21T05:40:05, Critical path event 29,25,4
2006-08-21T05:54:57, Critical path event 29,21,10
2006-08-21T06:03:40, Critical path event 29,14,4
2006-08-21T06:13:47, Misc. noise event 9,3,0
2006-08-21T06:14:17, Critical path event 33,3,10
2006-08-21T06:27:23, Critical path event 34,97,0
2006-08-21T06:35:21, Critical path event 35,66,0
2006-08-21T06:44:52, Critical path event 36,21,9
2006-08-21T06:54:55, Critical path event 37,99,3
2006-08-21T07:03:02, Critical path event 38,36,0
2006-08-21T07:17:29, Misc. noise event 10,14,6
2006-08-21T07:20:09, Critical path event 39,8,9
2006-08-21T07:27:31, Critical path event 19,44,4
2006-08-21T07:36:03, Critical path event 19,44,0
2006-08-21T07:55:23, Critical path event 19,58,5
2006-08-21T08:14:00, Critical path event 19,95,7
2006-08-21T08:28:52, Critical path event 44,22,8
