--------------------------------------------------
datetime,message,random_int_1,random_int_2
--------------------------------------------------
2006-08-14T00:00:00, Critical path event 1,90,2
2006-08-14T00:08:49, Critical path event 2,25,8
2006-08-14T00:12:42, Misc. noise event 0,35,7
2006-08-14T00:16:54, Critical path event 3,9,2
2006-08-14T00:40:02, Critical path event 4,86,8
2006-08-14T00:53:49, Critical path event 5,91,0
2006-08-14T01:01:08, Critical path event 6,68,6
2006-08-14T01:08:28, Critical path event 7,89,2
2006-08-14T01:12:04, Misc. noise event 1,50,9
2006-08-14T01:13:46, Critical path event 8,40,9
2006-08-14T01:22:32, Critical path event 9,70,4
2006-08-14T01:27:26, Misc. noise event 2,20,5
2006-08-14T01:31:45, Critical path event 9,85,3
2006-08-14T01:41:38, Critical path event 9,79,3
2006-08-14T01:47:54, Critical path event 9,22,6
2006-08-14T01:55:57, Critical path event 13,56,5
2006-08-14T02:03:55, Misc. noise event 3,47,3
2006-08-14T02:03:56, Critical path event 14,99,1
2006-08-14T02:10:16, Misc. noise event 4,6,1
2006-08-14T02:12:45, Critical path event 15,82,2
2006-08-14T02:20:50, Critical path event 16,78,1
2006-08-14T02:29:29, Critical path event 17,40,0
2006-08-14T02:43:16, Critical path event 18,13,1
2006-08-14T02:50:35, Critical path event 19,89,7
2006-08-14T02:53:13, Misc. noise event 5,98,8
2006-08-14T02:57:55, Critical path event 19,61,1
2006-08-14T03:03:13, Critical path event 19,24,3
2006-08-14T03:11:59, Critical path event 19,45,5

    ----------------some other thing --------------
    filesize :1024k
    alert-level : FATAL
    description: thing with pid 34345 died because 
        random java stacktrace 
        that is super noisy with numbers and datetimes 
Exception in thread "main" java.lang.NullPointerException
    at AnotherClassLoader.loadClass(test.java:58)
    at test.main(test.java:30)
    at Main.main(Main.java:68)
    -------------------------------------------- 
    2006-08-14T03:20:52, Misc. noise event 6,40,3
2006-08-14T03:21:12, Critical path event 23,99,5
2006-08-14T03:31:05, Critical path event 24,75,6
2006-08-14T03:37:21, Critical path event 25,87,10
2006-08-14T03:45:24, Critical path event 26,84,5
2006-08-14T03:53:23, Critical path event 27,99,7
2006-08-14T04:02:12, Critical path event 28,39,1
2006-08-14T04:12:32, Critical path event 29,85,0
2006-08-14T04:17:21, Misc. noise event 7,15,10
2006-08-14T04:21:11, Critical path event 29,53,1
2006-08-14T04:34:58, Critical path event 29,34,3
2006-08-14T04:54:00, Critical path event 29,18,8
2006-08-14T05:01:20, Critical path event 33,31,10
2006-08-14T05:06:38, Critical path event 34,34,10
2006-08-14T05:15:24, Critical path event 35,69,8
2006-08-14T05:24:37, Critical path event 36,9,3
2006-08-14T05:34:30, Critical path event 37,38,2
2006-08-14T05:40:06, Misc. noise event 8,76,9
2006-08-14T05:40:46, Critical path event 38,41,3
2006-08-14T06:01:47, Critical path event 39,73,3
2006-08-14T06:04:51, Misc. noise event 9,94,5
2006-08-14T06:09:46, Critical path event 19,50,9
2006-08-14T06:18:35, Critical path event 19,47,0
2006-08-14T06:26:40, Critical path event 19,72,2
2006-08-14T06:34:51, Misc. noise event 10,36,4
2006-08-14T06:35:19, Critical path event 19,66,3
2006-08-14T06:49:06, Critical path event 44,50,4
