--------------------------------------------------
datetime,message,random_int_1,random_int_2
--------------------------------------------------
2006-07-10T00:00:00, Critical path event 1,17,0
2006-07-10T00:07:46, Critical path event 2,20,3
2006-07-10T00:16:32, Critical path event 3,64,7
2006-07-10T00:25:35, Critical path event 4,7,7
2006-07-10T00:39:46, Critical path event 5,39,10
2006-07-10T00:47:06, Critical path event 6,82,10
2006-07-10T01:06:40, Critical path event 7,29,2
2006-07-10T01:12:30, Critical path event 8,32,8
2006-07-10T01:21:35, Critical path event 9,48,10
2006-07-10T01:26:41, Misc. noise event 0,74,6
2006-07-10T01:31:04, Critical path event 9,71,7
2006-07-10T01:42:11, Critical path event 9,97,0
2006-07-10T01:52:03, Misc. noise event 1,64,8
2006-07-10T01:52:20, Critical path event 9,45,0
2006-07-10T02:13:03, Misc. noise event 2,56,4
2006-07-10T02:13:52, Critical path event 13,73,2
2006-07-10T02:31:51, Critical path event 14,52,9
2006-07-10T02:45:43, Critical path event 15,73,4
2006-07-10T02:54:29, Critical path event 16,49,1
2006-07-10T03:00:35, Misc. noise event 3,44,9
2006-07-10T03:03:32, Critical path event 17,11,5
2006-07-10T03:44:29, Critical path event 18,4,9
2006-07-10T03:49:37, Misc. noise event 4,99,9
2006-07-10T03:51:49, Critical path event 19,99,6
2006-07-10T03:59:41, Critical path event 19,4,0
2006-07-10T04:05:31, Critical path event 19,38,1
2006-07-10T04:22:45, Critical path event 19,37,3
2006-07-10T04:32:14, Critical path event 23,10,1

    ----------------some other thing --------------
    filesize :1024k
    alert-level : FATAL
    description: thing with pid 34345 died because 
        random java stacktrace 
        that is super noisy with numbers and datetimes 
Exception in thread "main" java.lang.NullPointerException
    at AnotherClassLoader.loadClass(test.java:58)
    at test.main(test.java:30)
    at Main.main(Main.java:68)
    -------------------------------------------- 
    2006-07-10T04:41:18, Misc. noise event 5,75,3
2006-07-10T04:42:14, Critical path event 24,18,1
2006-07-10T04:48:30, Critical path event 25,31,10
2006-07-10T04:56:17, Critical path event 26,54,9
2006-07-10T05:04:54, Critical path event 27,85,8
2006-07-10T05:12:40, Critical path event 28,91,10
2006-07-10T05:21:26, Critical path event 29,23,3
2006-07-10T05:30:29, Critical path event 29,39,8
2006-07-10T05:58:09, Misc. noise event 6,99,6
2006-07-10T05:58:29, Critical path event 29,35,5
2006-07-10T06:05:49, Critical path event 29,23,2
2006-07-10T06:13:41, Critical path event 33,64,5
2006-07-10T06:19:31, Critical path event 34,16,6
2006-07-10T06:27:11, Misc. noise event 7,29,3
2006-07-10T06:28:36, Critical path event 35,80,0
2006-07-10T06:44:03, Misc. noise event 8,17,8
2006-07-10T06:44:43, Critical path event 36,100,9
2006-07-10T07:08:00, Misc. noise event 9,85,3
2006-07-10T07:10:44, Critical path event 37,98,10
2006-07-10T07:17:00, Critical path event 38,51,1
2006-07-10T07:24:47, Critical path event 39,33,8
2006-07-10T07:33:24, Critical path event 19,63,0
2006-07-10T07:37:21, Misc. noise event 10,4,6
2006-07-10T07:41:10, Critical path event 19,37,5
2006-07-10T08:07:00, Critical path event 19,64,7
2006-07-10T08:16:03, Critical path event 19,50,2
2006-07-10T08:30:14, Critical path event 44,6,2
