--------------------------------------------------
datetime,message,random_int_1,random_int_2
--------------------------------------------------
2006-04-24T00:00:00, Critical path event 1,13,1
2006-04-24T00:05:39, Misc. noise event 0,48,7
2006-04-24T00:07:47, Critical path event 2,53,2
2006-04-24T00:17:10, Critical path event 3,44,3
2006-04-24T00:21:47, Misc. noise event 1,80,10
2006-04-24T00:25:06, Critical path event 4,49,4
2006-04-24T00:40:03, Critical path event 5,81,1
2006-04-24T00:42:50, Misc. noise event 2,97,6
2006-04-24T00:47:49, Critical path event 6,60,8
2006-04-24T00:55:19, Critical path event 7,74,0
2006-04-24T01:01:13, Critical path event 8,4,3
2006-04-24T01:08:39, Critical path event 9,51,5
2006-04-24T01:17:54, Critical path event 9,11,6
2006-04-24T01:28:19, Critical path event 9,65,0
2006-04-24T01:36:42, Critical path event 9,9,8
2006-04-24T01:38:40, Misc. noise event 3,69,4
2006-04-24T01:43:28, Critical path event 13,92,1
2006-04-24T01:51:18, Critical path event 14,65,0
2006-04-24T01:59:05, Critical path event 15,42,10
2006-04-24T02:08:28, Critical path event 16,63,3
2006-04-24T02:15:09, Misc. noise event 4,6,5
2006-04-24T02:16:24, Critical path event 17,92,4
2006-04-24T02:30:53, Misc. noise event 5,34,6
2006-04-24T02:31:21, Critical path event 18,63,6
2006-04-24T02:39:07, Critical path event 19,48,5
2006-04-24T02:46:37, Critical path event 19,95,1
2006-04-24T02:51:53, Misc. noise event 6,15,10
2006-04-24T02:52:31, Critical path event 19,50,8

    ----------------some other thing --------------
    filesize :1024k
    alert-level : FATAL
    description: thing with pid 34345 died because 
        random java stacktrace 
        that is super noisy with numbers and datetimes 
Exception in thread "main" java.lang.NullPointerException
    at AnotherClassLoader.loadClass(test.java:58)
    at test.main(test.java:30)
    at Main.main(Main.java:68)
    -------------------------------------------- 
    2006-04-24T02:59:57, Critical path event 19,88,0
2006-04-24T03:09:12, Critical path event 23,2,6
2006-04-24T03:17:04, Misc. noise event 7,42,5
2006-04-24T03:19:37, Critical path event 24,88,5
2006-04-24T03:28:00, Critical path event 25,38,2
2006-04-24T03:34:46, Critical path event 26,46,4
2006-04-24T03:42:36, Critical path event 27,100,3
2006-04-24T03:50:23, Critical path event 28,19,6
2006-04-24T03:59:39, Misc. noise event 8,14,6
2006-04-24T03:59:46, Critical path event 29,11,3
2006-04-24T04:07:42, Critical path event 29,79,2
2006-04-24T04:22:39, Critical path event 29,98,7
2006-04-24T04:30:25, Critical path event 29,81,10
2006-04-24T04:37:55, Critical path event 33,96,0
2006-04-24T04:43:49, Critical path event 34,6,1
2006-04-24T04:51:15, Critical path event 35,92,10
2006-04-24T05:00:30, Critical path event 36,34,10
2006-04-24T05:05:57, Misc. noise event 9,23,10
2006-04-24T05:10:55, Critical path event 37,39,1
2006-04-24T05:19:18, Critical path event 38,35,4
2006-04-24T05:26:04, Critical path event 39,86,9
2006-04-24T05:33:54, Critical path event 19,54,9
2006-04-24T05:41:41, Critical path event 19,99,0
2006-04-24T05:46:39, Misc. noise event 10,99,4
2006-04-24T05:51:04, Critical path event 19,25,2
2006-04-24T05:59:00, Critical path event 19,80,4
2006-04-24T06:13:57, Critical path event 44,32,9
