--------------------------------------------------
datetime,message,random_int_1,random_int_2
--------------------------------------------------
2006-11-13T00:00:00, Critical path event 1,99,8
2006-11-13T00:07:20, Critical path event 2,69,1
2006-11-13T00:16:49, Critical path event 3,90,5
2006-11-13T00:25:44, Critical path event 4,90,10
2006-11-13T00:40:54, Critical path event 5,39,9
2006-11-13T00:49:06, Critical path event 6,17,0
2006-11-13T00:56:34, Misc. noise event 0,29,2
2006-11-13T00:58:08, Critical path event 7,93,7
2006-11-13T01:03:36, Critical path event 8,5,6
2006-11-13T01:12:46, Critical path event 9,87,10
2006-11-13T01:25:37, Critical path event 9,71,1
2006-11-13T01:36:58, Critical path event 9,69,4
2006-11-13T01:45:00, Critical path event 9,35,1
2006-11-13T01:51:59, Critical path event 13,60,6
2006-11-13T02:00:43, Misc. noise event 1,23,0
2006-11-13T02:01:00, Critical path event 14,64,3
2006-11-13T02:08:20, Critical path event 15,60,9
2006-11-13T02:16:01, Misc. noise event 2,45,2
2006-11-13T02:17:42, Critical path event 16,7,7
2006-11-13T02:38:49, Critical path event 17,43,6
2006-11-13T02:53:59, Critical path event 18,36,5
2006-11-13T03:11:02, Misc. noise event 3,85,6
2006-11-13T03:15:42, Critical path event 19,84,8
2006-11-13T03:24:44, Critical path event 19,50,3
2006-11-13T03:30:24, Misc. noise event 4,100,10
2006-11-13T03:32:39, Critical path event 19,97,0
2006-11-13T03:41:49, Critical path event 19,44,0
2006-11-13T04:08:54, Critical path event 23,25,5

    ----------------some other thing --------------
    filesize :1024k
    alert-level : FATAL
    description: thing with pid 34345 died because 
        random java stacktrace 
        that is super noisy with numbers and datetimes 
Exception in thread "main" java.lang.NullPointerException
    at AnotherClassLoader.loadClass(test.java:58)
    at test.main(test.java:30)
    at Main.main(Main.java:68)
    -------------------------------------------- 
    2006-11-13T04:16:31, Misc. noise event 5,97,6
2006-11-13T04:20:15, Critical path event 24,57,0
2006-11-13T04:41:19, Misc. noise event 6,46,10
2006-11-13T04:44:10, Critical path event 25,20,6
2006-11-13T04:54:16, Critical path event 26,71,6
2006-11-13T05:18:33, Critical path event 27,52,2
2006-11-13T05:35:36, Critical path event 28,99,2
2006-11-13T05:44:58, Critical path event 29,33,9
2006-11-13T05:53:53, Critical path event 29,9,6
2006-11-13T06:14:44, Critical path event 29,39,1
2006-11-13T06:28:05, Critical path event 29,85,3
2006-11-13T06:37:07, Critical path event 33,80,8
2006-11-13T06:38:47, Misc. noise event 7,74,10
2006-11-13T06:42:35, Critical path event 34,9,7
2006-11-13T06:51:45, Critical path event 35,6,8
2006-11-13T07:01:08, Misc. noise event 8,69,8
2006-11-13T07:04:24, Critical path event 36,27,0
2006-11-13T07:15:45, Critical path event 37,76,2
2006-11-13T07:23:47, Critical path event 38,34,4
2006-11-13T07:26:21, Misc. noise event 9,14,2
2006-11-13T07:30:46, Critical path event 39,27,4
2006-11-13T07:39:47, Critical path event 19,9,9
2006-11-13T07:47:07, Critical path event 19,48,5
2006-11-13T07:56:29, Critical path event 19,23,7
2006-11-13T08:17:39, Misc. noise event 10,58,9
2006-11-13T08:17:52, Critical path event 19,50,1
2006-11-13T08:33:02, Critical path event 44,23,7
