--------------------------------------------------
datetime,message,random_int_1,random_int_2
--------------------------------------------------
2006-08-27T23:59:33, Misc. noise event 0,92,2
2006-08-28T00:00:00, Critical path event 1,82,5
2006-08-28T00:08:56, Critical path event 2,18,10
2006-08-28T00:29:29, Critical path event 3,1,2
2006-08-28T00:37:27, Critical path event 4,26,10
2006-08-28T00:49:31, Misc. noise event 1,85,9
2006-08-28T00:50:50, Critical path event 5,76,7
2006-08-28T01:11:49, Critical path event 6,86,9
2006-08-28T01:20:36, Critical path event 7,62,6
2006-08-28T01:25:26, Critical path event 8,17,8
2006-08-28T01:33:12, Misc. noise event 2,86,10
2006-08-28T01:33:30, Critical path event 9,44,9
2006-08-28T01:40:29, Misc. noise event 3,32,9
2006-08-28T01:41:21, Critical path event 9,88,9
2006-08-28T02:06:34, Critical path event 9,90,4
2006-08-28T02:12:41, Misc. noise event 4,16,6
2006-08-28T02:14:02, Critical path event 9,47,3
2006-08-28T02:22:10, Critical path event 13,77,2
2006-08-28T02:28:46, Misc. noise event 5,90,4
2006-08-28T02:30:25, Critical path event 14,7,7
2006-08-28T02:39:21, Critical path event 15,96,5
2006-08-28T02:48:37, Critical path event 16,8,6
2006-08-28T02:56:35, Critical path event 17,97,9
2006-08-28T03:09:58, Critical path event 18,59,1
2006-08-28T03:17:15, Critical path event 19,84,2
2006-08-28T03:24:52, Critical path event 19,18,0
2006-08-28T03:29:19, Misc. noise event 6,98,3
2006-08-28T03:29:42, Critical path event 19,57,2

    ----------------some other thing --------------
    filesize :1024k
    alert-level : FATAL
    description: thing with pid 34345 died because 
        random java stacktrace 
        that is super noisy with numbers and datetimes 
Exception in thread "main" java.lang.NullPointerException
    at AnotherClassLoader.loadClass(test.java:58)
    at test.main(test.java:30)
    at Main.main(Main.java:68)
    -------------------------------------------- 
    2006-08-28T03:37:46, Critical path event 19,51,9
2006-08-28T03:53:09, Critical path event 23,12,4
2006-08-28T04:19:04, Critical path event 24,62,3
2006-08-28T04:36:56, Critical path event 25,38,10
2006-08-28T04:45:04, Critical path event 26,81,6
2006-08-28T04:53:19, Critical path event 27,12,5
2006-08-28T05:02:15, Critical path event 28,81,7
2006-08-28T05:11:31, Critical path event 29,48,1
2006-08-28T05:19:29, Critical path event 29,5,2
2006-08-28T05:57:56, Critical path event 29,90,7
2006-08-28T06:01:29, Misc. noise event 7,53,10
2006-08-28T06:05:13, Critical path event 29,40,0
2006-08-28T06:25:59, Critical path event 33,55,5
2006-08-28T06:29:48, Misc. noise event 8,79,9
2006-08-28T06:30:49, Critical path event 34,30,0
2006-08-28T06:38:53, Critical path event 35,59,7
2006-08-28T06:46:44, Critical path event 36,41,10
2006-08-28T06:57:45, Critical path event 37,61,2
2006-08-28T07:05:42, Critical path event 38,90,0
2006-08-28T07:11:16, Misc. noise event 9,48,0
2006-08-28T07:13:50, Critical path event 39,53,7
2006-08-28T07:22:05, Critical path event 19,10,10
2006-08-28T07:31:01, Critical path event 19,99,7
2006-08-28T07:53:34, Misc. noise event 10,10,1
2006-08-28T07:58:03, Critical path event 19,90,3
2006-08-28T08:06:01, Critical path event 19,51,6
2006-08-28T08:19:24, Critical path event 44,0,10
