--------------------------------------------------
datetime,message,random_int_1,random_int_2
--------------------------------------------------
2006-01-01T23:59:04, Misc. noise event 0,58,9
2006-01-02T00:00:00, Critical path event 1,85,8
2006-01-02T00:09:32, Critical path event 2,50,0
2006-01-02T00:18:44, Critical path event 3,60,5
2006-01-02T00:26:28, Critical path event 4,22,1
2006-01-02T00:41:02, Critical path event 5,67,8
2006-01-02T00:50:01, Critical path event 6,25,4
2006-01-02T00:59:32, Critical path event 7,44,5
2006-01-02T01:04:14, Critical path event 8,95,2
2006-01-02T01:12:49, Critical path event 9,61,6
2006-01-02T01:18:15, Misc. noise event 1,74,6
2006-01-02T01:21:00, Critical path event 9,99,3
2006-01-02T01:32:02, Critical path event 9,23,6
2006-01-02T01:39:04, Critical path event 9,83,6
2006-01-02T01:47:23, Critical path event 13,37,1
2006-01-02T01:55:23, Critical path event 14,59,3
2006-01-02T02:04:55, Critical path event 15,96,5
2006-01-02T02:14:07, Critical path event 16,28,6
2006-01-02T02:21:51, Critical path event 17,29,0
2006-01-02T02:32:24, Misc. noise event 2,26,7
2006-01-02T02:36:25, Critical path event 18,83,2
2006-01-02T02:40:24, Misc. noise event 3,87,6
2006-01-02T02:45:24, Critical path event 19,16,10
2006-01-02T02:54:55, Critical path event 19,83,3
2006-01-02T02:54:52, Misc. noise event 4,41,4
2006-01-02T02:59:37, Critical path event 19,92,8
2006-01-02T03:08:12, Critical path event 19,17,1
2006-01-02T03:14:41, Misc. noise event 5,85,1

    ----------------some other thing --------------
    filesize :1024k
    alert-level : FATAL
    description: thing with pid 34345 died because 
        random java stacktrace 
        that is super noisy with numbers and datetimes 
Exception in thread "main" java.lang.NullPointerException
    at AnotherClassLoader.loadClass(test.java:58)
    at test.main(test.java:30)
    at Main.main(Main.java:68)
    -------------------------------------------- 
    2006-01-02T03:16:23, Critical path event 23,74,9
2006-01-02T03:27:25, Critical path event 24,60,8
2006-01-02T03:29:55, Misc. noise event 6,38,10
2006-01-02T03:34:27, Critical path event 25,4,0
2006-01-02T03:42:46, Critical path event 26,32,10
2006-01-02T03:50:46, Critical path event 27,58,8
2006-01-02T03:56:08, Misc. noise event 7,36,3
2006-01-02T04:00:18, Critical path event 28,89,5
2006-01-02T04:09:30, Critical path event 29,97,4
2006-01-02T04:17:14, Critical path event 29,32,5
2006-01-02T04:31:48, Critical path event 29,68,6
2006-01-02T04:40:47, Critical path event 29,77,4
2006-01-02T04:48:19, Misc. noise event 8,29,2
2006-01-02T04:50:18, Critical path event 33,1,1
2006-01-02T04:52:17, Misc. noise event 9,85,5
2006-01-02T04:55:00, Critical path event 34,70,4
2006-01-02T05:03:35, Critical path event 35,88,0
2006-01-02T05:11:46, Critical path event 36,89,8
2006-01-02T05:18:43, Misc. noise event 10,21,8
2006-01-02T05:22:48, Critical path event 37,80,3
2006-01-02T05:29:50, Critical path event 38,41,10
2006-01-02T05:38:09, Critical path event 39,51,4
2006-01-02T05:46:09, Critical path event 19,76,1
2006-01-02T05:55:41, Critical path event 19,47,3
2006-01-02T06:04:53, Critical path event 19,57,1
2006-01-02T06:12:37, Critical path event 19,90,1
2006-01-02T06:27:11, Critical path event 44,5,2
