--------------------------------------------------
datetime,message,random_int_1,random_int_2
--------------------------------------------------
2006-06-19T00:00:00, Critical path event 1,82,1
2006-06-19T00:07:51, Critical path event 2,98,4
2006-06-19T00:17:21, Misc. noise event 0,83,3
2006-06-19T00:17:23, Critical path event 3,27,6
2006-06-19T00:21:45, Misc. noise event 1,13,3
2006-06-19T00:25:26, Critical path event 4,20,5
2006-06-19T00:39:28, Misc. noise event 2,96,9
2006-06-19T00:40:38, Critical path event 5,8,1
2006-06-19T00:45:41, Misc. noise event 3,86,9
2006-06-19T00:48:00, Critical path event 6,18,10
2006-06-19T00:55:47, Critical path event 7,80,6
2006-06-19T00:59:57, Critical path event 8,25,1
2006-06-19T01:09:29, Critical path event 9,6,6
2006-06-19T01:17:14, Critical path event 9,36,9
2006-06-19T01:27:04, Critical path event 9,67,9
2006-06-19T01:35:23, Critical path event 9,64,0
2006-06-19T01:40:30, Misc. noise event 4,90,3
2006-06-19T01:43:16, Critical path event 13,70,5
2006-06-19T01:52:48, Critical path event 14,15,10
2006-06-19T02:00:39, Critical path event 15,18,6
2006-06-19T02:06:59, Misc. noise event 5,23,5
2006-06-19T02:10:11, Critical path event 16,40,4
2006-06-19T02:18:14, Critical path event 17,17,4
2006-06-19T02:29:08, Misc. noise event 6,82,10
2006-06-19T02:33:26, Critical path event 18,90,3
2006-06-19T02:40:48, Critical path event 19,16,6
2006-06-19T02:48:35, Critical path event 19,51,8
2006-06-19T02:52:45, Critical path event 19,16,5

    ----------------some other thing --------------
    filesize :1024k
    alert-level : FATAL
    description: thing with pid 34345 died because 
        random java stacktrace 
        that is super noisy with numbers and datetimes 
Exception in thread "main" java.lang.NullPointerException
    at AnotherClassLoader.loadClass(test.java:58)
    at test.main(test.java:30)
    at Main.main(Main.java:68)
    -------------------------------------------- 
    2006-06-19T03:02:17, Critical path event 19,89,2
2006-06-19T03:10:02, Critical path event 23,28,4
2006-06-19T03:19:52, Critical path event 24,13,5
2006-06-19T03:28:11, Critical path event 25,1,2
2006-06-19T03:36:04, Critical path event 26,62,6
2006-06-19T03:45:36, Critical path event 27,14,1
2006-06-19T03:53:27, Critical path event 28,37,5
2006-06-19T04:00:13, Misc. noise event 7,34,7
2006-06-19T04:02:59, Critical path event 29,6,0
2006-06-19T04:11:02, Critical path event 29,87,1
2006-06-19T04:26:14, Critical path event 29,78,4
2006-06-19T04:33:36, Critical path event 29,24,1
2006-06-19T04:41:23, Critical path event 33,19,1
2006-06-19T04:45:33, Critical path event 34,65,0
2006-06-19T04:55:05, Critical path event 35,12,1
2006-06-19T04:59:32, Misc. noise event 8,94,6
2006-06-19T05:02:50, Critical path event 36,78,3
2006-06-19T05:12:40, Critical path event 37,23,6
2006-06-19T05:20:45, Misc. noise event 9,7,3
2006-06-19T05:20:59, Critical path event 38,88,8
2006-06-19T05:28:52, Critical path event 39,61,3
2006-06-19T05:38:24, Critical path event 19,19,7
2006-06-19T05:46:15, Critical path event 19,38,9
2006-06-19T05:55:47, Critical path event 19,82,6
2006-06-19T06:03:50, Critical path event 19,64,3
2006-06-19T06:18:19, Misc. noise event 10,3,0
2006-06-19T06:19:02, Critical path event 44,22,4
