--------------------------------------------------
datetime,message,random_int_1,random_int_2
--------------------------------------------------
2006-10-02T00:00:00, Critical path event 1,55,6
2006-10-02T00:05:53, Misc. noise event 0,47,5
2006-10-02T00:07:23, Critical path event 2,93,9
2006-10-02T00:14:50, Critical path event 3,27,4
2006-10-02T00:24:13, Critical path event 4,33,7
2006-10-02T00:36:52, Misc. noise event 1,97,5
2006-10-02T00:39:32, Critical path event 5,73,1
2006-10-02T00:48:48, Critical path event 6,12,10
2006-10-02T00:52:57, Misc. noise event 2,59,4
2006-10-02T00:57:36, Critical path event 7,16,3
2006-10-02T01:01:20, Critical path event 8,80,5
2006-10-02T01:10:08, Misc. noise event 3,42,1
2006-10-02T01:10:47, Critical path event 9,62,8
2006-10-02T01:19:30, Critical path event 9,88,7
2006-10-02T01:28:06, Misc. noise event 4,69,7
2006-10-02T01:30:49, Critical path event 9,83,6
2006-10-02T01:37:42, Critical path event 9,38,2
2006-10-02T01:44:28, Critical path event 13,99,4
2006-10-02T01:53:15, Critical path event 14,90,2
2006-10-02T02:00:38, Critical path event 15,70,8
2006-10-02T02:08:05, Critical path event 16,79,8
2006-10-02T02:17:28, Critical path event 17,13,8
2006-10-02T02:32:47, Critical path event 18,65,3
2006-10-02T02:41:38, Misc. noise event 5,8,10
2006-10-02T02:42:03, Critical path event 19,75,8
2006-10-02T02:50:51, Critical path event 19,16,1
2006-10-02T02:52:30, Misc. noise event 6,82,1
2006-10-02T02:54:35, Critical path event 19,21,8

    ----------------some other thing --------------
    filesize :1024k
    alert-level : FATAL
    description: thing with pid 34345 died because 
        random java stacktrace 
        that is super noisy with numbers and datetimes 
Exception in thread "main" java.lang.NullPointerException
    at AnotherClassLoader.loadClass(test.java:58)
    at test.main(test.java:30)
    at Main.main(Main.java:68)
    -------------------------------------------- 
    2006-10-02T03:04:02, Critical path event 19,7,4
2006-10-02T03:12:45, Critical path event 23,51,3
2006-10-02T03:23:41, Misc. noise event 7,72,4
2006-10-02T03:24:04, Critical path event 24,66,4
2006-10-02T03:30:57, Critical path event 25,51,1
2006-10-02T03:37:43, Critical path event 26,82,2
2006-10-02T03:46:30, Critical path event 27,9,6
2006-10-02T03:49:10, Misc. noise event 8,4,0
2006-10-02T03:53:53, Critical path event 28,78,8
2006-10-02T04:01:20, Critical path event 29,76,1
2006-10-02T04:10:43, Critical path event 29,3,7
2006-10-02T04:26:02, Critical path event 29,0,2
2006-10-02T04:35:18, Critical path event 29,83,1
2006-10-02T04:44:06, Critical path event 33,10,3
2006-10-02T04:47:50, Critical path event 34,46,7
2006-10-02T04:57:17, Critical path event 35,41,8
2006-10-02T05:01:31, Misc. noise event 9,30,1
2006-10-02T05:06:00, Critical path event 36,35,8
2006-10-02T05:17:19, Critical path event 37,44,10
2006-10-02T05:24:12, Critical path event 38,90,3
2006-10-02T05:29:27, Misc. noise event 10,62,3
2006-10-02T05:30:58, Critical path event 39,31,1
2006-10-02T05:39:45, Critical path event 19,100,9
2006-10-02T05:47:08, Critical path event 19,51,5
2006-10-02T05:54:35, Critical path event 19,18,1
2006-10-02T06:03:58, Critical path event 19,93,7
2006-10-02T06:19:17, Critical path event 44,82,2
