--------------------------------------------------
datetime,message,random_int_1,random_int_2
--------------------------------------------------
2006-01-09T00:00:00, Critical path event 1,16,6
2006-01-09T00:11:30, Critical path event 2,6,0
2006-01-09T00:14:38, Misc. noise event 0,89,5
2006-01-09T00:18:43, Critical path event 3,43,7
2006-01-09T00:27:59, Critical path event 4,15,9
2006-01-09T00:55:59, Critical path event 5,77,5
2006-01-09T01:04:44, Critical path event 6,32,4
2006-01-09T01:12:15, Critical path event 7,22,10
2006-01-09T01:16:31, Critical path event 8,21,8
2006-01-09T01:23:48, Critical path event 9,17,6
2006-01-09T01:32:36, Critical path event 9,27,9
2006-01-09T01:42:14, Critical path event 9,39,6
2006-01-09T01:56:00, Critical path event 9,46,3
2006-01-09T02:09:53, Critical path event 13,90,2
2006-01-09T02:13:18, Misc. noise event 1,12,4
2006-01-09T02:17:46, Critical path event 14,41,8
2006-01-09T02:26:44, Critical path event 15,88,6
2006-01-09T02:46:57, Critical path event 16,51,2
2006-01-09T02:56:01, Misc. noise event 2,45,4
2006-01-09T02:56:13, Critical path event 17,8,0
2006-01-09T03:11:43, Critical path event 18,26,6
2006-01-09T03:20:28, Critical path event 19,43,6
2006-01-09T03:27:01, Misc. noise event 3,37,7
2006-01-09T03:27:59, Critical path event 19,56,1
2006-01-09T03:27:24, Misc. noise event 4,44,9
2006-01-09T03:32:15, Critical path event 19,33,2
2006-01-09T03:45:53, Critical path event 19,26,4
2006-01-09T04:02:47, Critical path event 23,25,4

    ----------------some other thing --------------
    filesize :1024k
    alert-level : FATAL
    description: thing with pid 34345 died because 
        random java stacktrace 
        that is super noisy with numbers and datetimes 
Exception in thread "main" java.lang.NullPointerException
    at AnotherClassLoader.loadClass(test.java:58)
    at test.main(test.java:30)
    at Main.main(Main.java:68)
    -------------------------------------------- 
    2006-01-09T04:22:48, Misc. noise event 5,30,6
2006-01-09T04:25:36, Critical path event 24,75,1
2006-01-09T04:33:32, Critical path event 25,2,9
2006-01-09T04:51:25, Critical path event 26,96,8
2006-01-09T04:56:26, Misc. noise event 6,91,10
2006-01-09T04:59:18, Critical path event 27,31,2
2006-01-09T05:08:16, Critical path event 28,30,7
2006-01-09T05:15:29, Critical path event 29,80,2
2006-01-09T05:38:16, Misc. noise event 7,31,9
2006-01-09T05:42:02, Critical path event 29,51,0
2006-01-09T05:57:32, Critical path event 29,92,6
2006-01-09T06:06:17, Critical path event 29,22,6
2006-01-09T06:13:48, Critical path event 33,98,6
2006-01-09T06:18:04, Critical path event 34,55,2
2006-01-09T06:25:21, Critical path event 35,76,4
2006-01-09T06:34:09, Critical path event 36,11,0
2006-01-09T06:52:18, Critical path event 37,23,8
2006-01-09T07:00:14, Critical path event 38,83,4
2006-01-09T07:07:21, Critical path event 39,95,4
2006-01-09T07:15:14, Critical path event 19,72,4
2006-01-09T07:25:27, Misc. noise event 8,12,0
2006-01-09T07:27:27, Critical path event 19,49,1
2006-01-09T07:30:04, Misc. noise event 9,88,8
2006-01-09T07:34:40, Critical path event 19,0,3
2006-01-09T07:43:35, Misc. noise event 10,90,7
2006-01-09T07:43:56, Critical path event 19,90,7
2006-01-09T07:59:26, Critical path event 44,97,10
