--------------------------------------------------
datetime,message,random_int_1,random_int_2
--------------------------------------------------
2006-06-04T23:57:37, Misc. noise event 0,41,1
2006-06-05T00:00:00, Critical path event 1,19,9
2006-06-05T00:07:13, Critical path event 2,71,9
2006-06-05T00:16:10, Critical path event 3,75,10
2006-06-05T00:23:35, Critical path event 4,64,10
2006-06-05T00:37:31, Critical path event 5,17,1
2006-06-05T00:45:42, Critical path event 6,86,2
2006-06-05T00:52:56, Critical path event 7,44,9
2006-06-05T00:58:27, Misc. noise event 1,92,2
2006-06-05T00:58:55, Critical path event 8,69,9
2006-06-05T01:06:38, Critical path event 9,25,9
2006-06-05T01:15:57, Critical path event 9,92,0
2006-06-05T01:26:38, Critical path event 9,98,2
2006-06-05T01:34:42, Critical path event 9,27,4
2006-06-05T01:40:51, Critical path event 13,72,10
2006-06-05T01:48:07, Critical path event 14,29,0
2006-06-05T01:55:20, Critical path event 15,31,8
2006-06-05T02:04:17, Critical path event 16,9,1
2006-06-05T02:11:42, Critical path event 17,0,6
2006-06-05T02:25:10, Misc. noise event 2,0,1
2006-06-05T02:25:38, Critical path event 18,64,5
2006-06-05T02:32:39, Misc. noise event 3,98,9
2006-06-05T02:33:49, Critical path event 19,92,6
2006-06-05T02:41:03, Critical path event 19,56,0
2006-06-05T02:47:02, Critical path event 19,96,8
2006-06-05T02:50:49, Misc. noise event 4,3,5
2006-06-05T02:54:45, Critical path event 19,13,2
2006-06-05T03:04:04, Critical path event 23,84,3

    ----------------some other thing --------------
    filesize :1024k
    alert-level : FATAL
    description: thing with pid 34345 died because 
        random java stacktrace 
        that is super noisy with numbers and datetimes 
Exception in thread "main" java.lang.NullPointerException
    at AnotherClassLoader.loadClass(test.java:58)
    at test.main(test.java:30)
    at Main.main(Main.java:68)
    -------------------------------------------- 
    2006-06-05T03:14:45, Critical path event 24,76,2
2006-06-05T03:19:19, Misc. noise event 5,67,6
2006-06-05T03:22:49, Critical path event 25,2,8
2006-06-05T03:28:58, Critical path event 26,20,3
2006-06-05T03:36:14, Critical path event 27,55,8
2006-06-05T03:43:27, Critical path event 28,51,4
2006-06-05T03:52:24, Critical path event 29,34,7
2006-06-05T03:59:49, Critical path event 29,16,9
2006-06-05T04:13:14, Misc. noise event 6,12,1
2006-06-05T04:13:45, Critical path event 29,50,0
2006-06-05T04:21:56, Critical path event 29,74,8
2006-06-05T04:29:10, Critical path event 33,15,10
2006-06-05T04:34:42, Misc. noise event 7,3,7
2006-06-05T04:35:09, Critical path event 34,57,2
2006-06-05T04:38:06, Misc. noise event 8,54,9
2006-06-05T04:42:52, Critical path event 35,96,3
2006-06-05T04:52:11, Critical path event 36,30,10
2006-06-05T05:02:52, Critical path event 37,83,10
2006-06-05T05:10:56, Critical path event 38,39,8
2006-06-05T05:15:36, Misc. noise event 9,55,5
2006-06-05T05:17:05, Critical path event 39,83,9
2006-06-05T05:24:21, Critical path event 19,3,7
2006-06-05T05:31:34, Critical path event 19,3,6
2006-06-05T05:40:31, Critical path event 19,65,6
2006-06-05T05:47:56, Critical path event 19,48,10
2006-06-05T06:01:26, Misc. noise event 10,81,6
2006-06-05T06:01:52, Critical path event 44,71,0
