--------------------------------------------------
datetime,message,random_int_1,random_int_2
--------------------------------------------------
2006-08-07T00:00:00, Critical path event 1,95,6
2006-08-07T00:09:31, Critical path event 2,35,6
2006-08-07T00:14:48, Misc. noise event 0,46,3
2006-08-07T00:18:06, Critical path event 3,6,5
2006-08-07T00:24:54, Misc. noise event 1,92,7
2006-08-07T00:25:18, Critical path event 4,6,9
2006-08-07T00:40:50, Critical path event 5,92,5
2006-08-07T00:48:14, Critical path event 6,15,3
2006-08-07T00:54:52, Misc. noise event 2,23,1
2006-08-07T00:55:49, Critical path event 7,69,10
2006-08-07T01:01:02, Critical path event 8,97,1
2006-08-07T01:09:00, Critical path event 9,54,3
2006-08-07T01:17:13, Critical path event 9,87,8
2006-08-07T01:31:06, Misc. noise event 3,90,8
2006-08-07T01:35:27, Critical path event 9,57,8
2006-08-07T01:41:35, Critical path event 9,71,4
2006-08-07T01:46:05, Misc. noise event 4,91,9
2006-08-07T01:48:48, Critical path event 13,51,5
2006-08-07T02:10:40, Critical path event 14,16,2
2006-08-07T02:20:11, Critical path event 15,54,3
2006-08-07T02:28:46, Critical path event 16,88,9
2006-08-07T02:34:23, Misc. noise event 5,76,8
2006-08-07T02:35:58, Critical path event 17,100,8
2006-08-07T02:51:30, Critical path event 18,64,8
2006-08-07T02:58:54, Critical path event 19,27,9
2006-08-07T03:06:29, Critical path event 19,35,9
2006-08-07T03:19:42, Critical path event 19,63,7
2006-08-07T03:27:40, Critical path event 19,44,2

    ----------------some other thing --------------
    filesize :1024k
    alert-level : FATAL
    description: thing with pid 34345 died because 
        random java stacktrace 
        that is super noisy with numbers and datetimes 
Exception in thread "main" java.lang.NullPointerException
    at AnotherClassLoader.loadClass(test.java:58)
    at test.main(test.java:30)
    at Main.main(Main.java:68)
    -------------------------------------------- 
    2006-08-07T03:35:53, Critical path event 23,91,7
2006-08-07T03:46:01, Misc. noise event 6,49,3
2006-08-07T03:47:30, Critical path event 24,52,0
2006-08-07T03:57:45, Misc. noise event 7,47,7
2006-08-07T03:59:29, Critical path event 25,96,3
2006-08-07T04:06:42, Critical path event 26,50,8
2006-08-07T04:16:11, Critical path event 27,91,4
2006-08-07T04:30:48, Critical path event 28,49,2
2006-08-07T04:39:23, Critical path event 29,23,7
2006-08-07T04:46:35, Critical path event 29,42,10
2006-08-07T05:02:01, Misc. noise event 8,14,3
2006-08-07T05:02:07, Critical path event 29,44,5
2006-08-07T05:09:31, Critical path event 29,10,1
2006-08-07T05:12:32, Misc. noise event 9,95,2
2006-08-07T05:17:06, Critical path event 33,75,6
2006-08-07T05:22:19, Critical path event 34,28,1
2006-08-07T05:30:17, Critical path event 35,81,6
2006-08-07T05:38:30, Critical path event 36,22,5
2006-08-07T06:06:04, Misc. noise event 10,40,3
2006-08-07T06:07:45, Critical path event 37,71,7
2006-08-07T06:13:53, Critical path event 38,87,9
2006-08-07T06:21:06, Critical path event 39,48,8
2006-08-07T06:30:35, Critical path event 19,74,4
2006-08-07T06:40:06, Critical path event 19,29,9
2006-08-07T06:48:41, Critical path event 19,85,3
2006-08-07T06:55:53, Critical path event 19,69,6
2006-08-07T07:37:00, Critical path event 44,46,1
