--------------------------------------------------
datetime,message,random_int_1,random_int_2
--------------------------------------------------
2006-07-17T00:00:00, Critical path event 1,73,2
2006-07-17T00:07:03, Misc. noise event 0,78,6
2006-07-17T00:07:32, Critical path event 2,49,1
2006-07-17T00:16:24, Critical path event 3,94,6
2006-07-17T00:29:01, Critical path event 4,54,3
2006-07-17T00:43:53, Critical path event 5,98,3
2006-07-17T00:52:17, Critical path event 6,85,0
2006-07-17T00:59:41, Critical path event 7,30,3
2006-07-17T00:59:51, Misc. noise event 1,2,3
2006-07-17T01:03:25, Critical path event 8,72,0
2006-07-17T01:11:51, Critical path event 9,21,9
2006-07-17T01:18:45, Misc. noise event 2,84,0
2006-07-17T01:21:01, Critical path event 9,52,10
2006-07-17T01:35:20, Critical path event 9,80,10
2006-07-17T01:42:11, Critical path event 9,92,0
2006-07-17T01:45:35, Misc. noise event 3,49,8
2006-07-17T01:48:13, Critical path event 13,2,0
2006-07-17T02:10:58, Critical path event 14,32,10
2006-07-17T02:18:30, Critical path event 15,91,2
2006-07-17T02:24:09, Misc. noise event 4,100,8
2006-07-17T02:27:22, Critical path event 16,43,2
2006-07-17T02:34:57, Critical path event 17,43,5
2006-07-17T02:49:49, Critical path event 18,9,8
2006-07-17T03:04:04, Misc. noise event 5,2,3
2006-07-17T03:07:22, Critical path event 19,82,2
2006-07-17T03:09:47, Misc. noise event 6,50,10
2006-07-17T03:14:46, Critical path event 19,24,0
2006-07-17T03:18:30, Critical path event 19,91,7

    ----------------some other thing --------------
    filesize :1024k
    alert-level : FATAL
    description: thing with pid 34345 died because 
        random java stacktrace 
        that is super noisy with numbers and datetimes 
Exception in thread "main" java.lang.NullPointerException
    at AnotherClassLoader.loadClass(test.java:58)
    at test.main(test.java:30)
    at Main.main(Main.java:68)
    -------------------------------------------- 
    2006-07-17T03:26:56, Critical path event 19,99,1
2006-07-17T03:36:06, Critical path event 23,22,2
2006-07-17T03:46:00, Critical path event 24,98,2
2006-07-17T03:52:51, Critical path event 25,84,10
2006-07-17T04:06:08, Misc. noise event 7,59,3
2006-07-17T04:09:00, Critical path event 26,45,3
2006-07-17T04:29:24, Critical path event 27,61,8
2006-07-17T04:31:56, Misc. noise event 8,44,9
2006-07-17T04:36:56, Critical path event 28,1,10
2006-07-17T04:50:13, Critical path event 29,64,8
2006-07-17T04:57:48, Critical path event 29,49,5
2006-07-17T05:40:02, Critical path event 29,38,9
2006-07-17T05:53:49, Critical path event 29,37,1
2006-07-17T06:01:13, Critical path event 33,60,7
2006-07-17T06:02:24, Misc. noise event 9,50,4
2006-07-17T06:04:57, Critical path event 34,88,1
2006-07-17T06:13:23, Critical path event 35,71,9
2006-07-17T06:22:33, Critical path event 36,61,5
2006-07-17T06:32:27, Critical path event 37,20,5
2006-07-17T06:39:18, Critical path event 38,42,8
2006-07-17T06:40:31, Misc. noise event 10,46,0
2006-07-17T06:45:20, Critical path event 39,88,8
2006-07-17T06:53:15, Critical path event 19,27,10
2006-07-17T07:11:45, Critical path event 19,1,0
2006-07-17T07:20:37, Critical path event 19,20,7
2006-07-17T07:28:12, Critical path event 19,44,1
2006-07-17T07:43:04, Critical path event 44,26,4
