--------------------------------------------------
datetime,message,random_int_1,random_int_2
--------------------------------------------------
2006-05-08T00:00:00, Critical path event 1,28,0
2006-05-08T00:09:24, Critical path event 2,77,0
2006-05-08T00:16:45, Critical path event 3,19,1
2006-05-08T00:25:49, Misc. noise event 0,51,3
2006-05-08T00:27:21, Critical path event 4,57,8
2006-05-08T00:53:36, Misc. noise event 1,90,1
2006-05-08T00:58:20, Critical path event 5,86,5
2006-05-08T01:03:18, Misc. noise event 2,6,4
2006-05-08T01:07:43, Critical path event 6,71,3
2006-05-08T01:14:58, Critical path event 7,98,6
2006-05-08T01:18:35, Critical path event 8,11,5
2006-05-08T01:27:01, Critical path event 9,75,0
2006-05-08T01:35:42, Critical path event 9,98,3
2006-05-08T01:56:12, Critical path event 9,92,1
2006-05-08T02:11:29, Critical path event 9,31,6
2006-05-08T02:19:06, Critical path event 13,18,9
2006-05-08T02:27:18, Critical path event 14,0,7
2006-05-08T02:36:42, Critical path event 15,88,7
2006-05-08T02:49:02, Critical path event 16,30,10
2006-05-08T02:56:30, Critical path event 17,13,2
2006-05-08T03:24:48, Critical path event 18,83,1
2006-05-08T03:34:11, Critical path event 19,22,10
2006-05-08T03:41:22, Misc. noise event 3,73,0
2006-05-08T03:41:26, Critical path event 19,25,7
2006-05-08T03:45:03, Critical path event 19,21,3
2006-05-08T03:53:29, Critical path event 19,8,6
2006-05-08T03:58:58, Misc. noise event 4,89,2
2006-05-08T04:02:10, Critical path event 23,44,7

    ----------------some other thing --------------
    filesize :1024k
    alert-level : FATAL
    description: thing with pid 34345 died because 
        random java stacktrace 
        that is super noisy with numbers and datetimes 
Exception in thread "main" java.lang.NullPointerException
    at AnotherClassLoader.loadClass(test.java:58)
    at test.main(test.java:30)
    at Main.main(Main.java:68)
    -------------------------------------------- 
    2006-05-08T04:17:47, Critical path event 24,37,3
2006-05-08T04:24:51, Critical path event 25,32,0
2006-05-08T04:37:04, Critical path event 26,27,4
2006-05-08T04:53:13, Critical path event 27,79,2
2006-05-08T04:58:39, Misc. noise event 5,94,3
2006-05-08T05:02:37, Critical path event 28,59,0
2006-05-08T05:09:58, Critical path event 29,8,9
2006-05-08T05:14:06, Misc. noise event 6,100,7
2006-05-08T05:17:26, Critical path event 29,22,5
2006-05-08T05:31:13, Misc. noise event 7,53,2
2006-05-08T05:32:07, Critical path event 29,39,4
2006-05-08T05:42:40, Misc. noise event 8,23,10
2006-05-08T05:46:23, Critical path event 29,31,2
2006-05-08T05:53:38, Critical path event 33,82,1
2006-05-08T05:57:15, Critical path event 34,85,4
2006-05-08T06:04:03, Misc. noise event 9,65,2
2006-05-08T06:05:41, Critical path event 35,54,10
2006-05-08T06:14:22, Critical path event 36,21,6
2006-05-08T06:24:05, Critical path event 37,92,8
2006-05-08T06:31:09, Critical path event 38,27,10
2006-05-08T06:38:46, Critical path event 39,68,7
2006-05-08T06:46:44, Misc. noise event 10,69,0
2006-05-08T06:46:58, Critical path event 19,95,0
2006-05-08T06:56:22, Critical path event 19,20,9
2006-05-08T07:03:43, Critical path event 19,25,0
2006-05-08T07:11:11, Critical path event 19,26,3
2006-05-08T07:25:06, Critical path event 44,98,7
