--------------------------------------------------
datetime,message,random_int_1,random_int_2
--------------------------------------------------
2006-03-20T00:00:00, Critical path event 1,1,7
2006-03-20T00:07:22, Critical path event 2,91,6
2006-03-20T00:16:01, Critical path event 3,48,10
2006-03-20T00:24:02, Critical path event 4,50,6
2006-03-20T00:33:38, Misc. noise event 0,28,6
2006-03-20T00:38:02, Critical path event 5,84,8
2006-03-20T00:45:35, Critical path event 6,40,1
2006-03-20T00:54:51, Critical path event 7,71,8
2006-03-20T01:00:48, Critical path event 8,88,3
2006-03-20T01:07:23, Misc. noise event 1,100,7
2006-03-20T01:08:01, Critical path event 9,92,0
2006-03-20T01:16:28, Critical path event 9,51,8
2006-03-20T01:26:56, Critical path event 9,63,9
2006-03-20T01:33:04, Critical path event 9,90,4
2006-03-20T01:39:56, Critical path event 13,9,10
2006-03-20T01:45:31, Misc. noise event 2,6,9
2006-03-20T01:47:30, Critical path event 14,9,5
2006-03-20T01:54:52, Critical path event 15,7,6
2006-03-20T02:03:31, Critical path event 16,52,2
2006-03-20T02:11:32, Critical path event 17,77,6
2006-03-20T02:25:32, Critical path event 18,75,1
2006-03-20T02:33:05, Critical path event 19,7,4
2006-03-20T02:42:21, Critical path event 19,92,5
2006-03-20T02:48:18, Critical path event 19,78,1
2006-03-20T02:52:37, Misc. noise event 3,11,3
2006-03-20T02:55:31, Critical path event 19,79,8
2006-03-20T03:03:58, Critical path event 23,72,7
2006-03-20T03:14:26, Critical path event 24,8,2

    ----------------some other thing --------------
    filesize :1024k
    alert-level : FATAL
    description: thing with pid 34345 died because 
        random java stacktrace 
        that is super noisy with numbers and datetimes 
Exception in thread "main" java.lang.NullPointerException
    at AnotherClassLoader.loadClass(test.java:58)
    at test.main(test.java:30)
    at Main.main(Main.java:68)
    -------------------------------------------- 
    2006-03-20T03:20:34, Critical path event 25,35,2
2006-03-20T03:27:26, Critical path event 26,73,2
2006-03-20T03:35:00, Critical path event 27,73,10
2006-03-20T03:42:22, Critical path event 28,78,7
2006-03-20T03:48:53, Misc. noise event 4,36,7
2006-03-20T03:51:01, Critical path event 29,43,8
2006-03-20T03:55:31, Misc. noise event 5,50,2
2006-03-20T03:59:02, Critical path event 29,0,2
2006-03-20T04:12:46, Misc. noise event 6,39,2
2006-03-20T04:13:02, Critical path event 29,74,8
2006-03-20T04:20:35, Critical path event 29,61,5
2006-03-20T04:25:52, Misc. noise event 7,63,2
2006-03-20T04:29:51, Critical path event 33,62,2
2006-03-20T04:35:48, Critical path event 34,27,4
2006-03-20T04:43:01, Critical path event 35,51,1
2006-03-20T04:50:50, Misc. noise event 8,25,1
2006-03-20T04:51:28, Critical path event 36,47,4
2006-03-20T04:57:12, Misc. noise event 9,88,2
2006-03-20T05:01:56, Critical path event 37,15,0
2006-03-20T05:08:04, Critical path event 38,87,1
2006-03-20T05:11:12, Misc. noise event 10,74,9
2006-03-20T05:14:56, Critical path event 39,71,4
2006-03-20T05:22:30, Critical path event 19,61,2
2006-03-20T05:29:52, Critical path event 19,60,0
2006-03-20T05:38:31, Critical path event 19,51,4
2006-03-20T05:46:32, Critical path event 19,70,4
2006-03-20T06:00:32, Critical path event 44,99,1
