--------------------------------------------------
datetime,message,random_int_1,random_int_2
--------------------------------------------------
2006-09-18T00:00:00, Critical path event 1,84,0
2006-09-18T00:09:24, Critical path event 2,6,6
2006-09-18T00:16:56, Misc. noise event 0,81,2
2006-09-18T00:17:40, Critical path event 3,72,2
2006-09-18T00:22:50, Misc. noise event 1,39,10
2006-09-18T00:25:49, Critical path event 4,59,10
2006-09-18T00:40:52, Critical path event 5,52,5
2006-09-18T00:49:11, Critical path event 6,3,7
2006-09-18T00:56:35, Critical path event 7,87,4
2006-09-18T01:00:52, Critical path event 8,33,4
2006-09-18T01:08:22, Misc. noise event 2,91,3
2006-09-18T01:09:45, Critical path event 9,57,1
2006-09-18T01:18:32, Critical path event 9,39,2
2006-09-18T01:30:03, Critical path event 9,79,3
2006-09-18T01:32:46, Misc. noise event 3,9,10
2006-09-18T01:36:51, Critical path event 9,62,0
2006-09-18T01:45:01, Critical path event 13,15,3
2006-09-18T01:54:03, Critical path event 14,75,8
2006-09-18T02:03:27, Critical path event 15,37,9
2006-09-18T02:08:51, Misc. noise event 4,90,7
2006-09-18T02:11:43, Critical path event 16,40,5
2006-09-18T02:19:52, Critical path event 17,75,6
2006-09-18T02:34:55, Critical path event 18,70,8
2006-09-18T02:43:14, Critical path event 19,74,1
2006-09-18T02:50:38, Critical path event 19,19,4
2006-09-18T02:54:55, Critical path event 19,74,4
2006-09-18T03:03:48, Critical path event 19,44,5
2006-09-18T03:10:45, Misc. noise event 5,93,8

    ----------------some other thing --------------
    filesize :1024k
    alert-level : FATAL
    description: thing with pid 34345 died because 
        random java stacktrace 
        that is super noisy with numbers and datetimes 
Exception in thread "main" java.lang.NullPointerException
    at AnotherClassLoader.loadClass(test.java:58)
    at test.main(test.java:30)
    at Main.main(Main.java:68)
    -------------------------------------------- 
    2006-09-18T03:12:35, Critical path event 23,20,1
2006-09-18T03:24:06, Critical path event 24,28,6
2006-09-18T03:26:03, Misc. noise event 6,79,0
2006-09-18T03:30:54, Critical path event 25,48,9
2006-09-18T03:39:04, Critical path event 26,39,7
2006-09-18T03:43:16, Misc. noise event 7,88,10
2006-09-18T03:48:06, Critical path event 27,5,2
2006-09-18T03:57:30, Critical path event 28,35,3
2006-09-18T04:05:46, Critical path event 29,98,7
2006-09-18T04:13:55, Critical path event 29,8,7
2006-09-18T04:28:58, Critical path event 29,72,7
2006-09-18T04:35:38, Misc. noise event 8,96,3
2006-09-18T04:37:17, Critical path event 29,33,3
2006-09-18T04:44:41, Critical path event 33,81,2
2006-09-18T04:48:58, Critical path event 34,75,2
2006-09-18T04:57:51, Critical path event 35,82,3
2006-09-18T05:06:38, Critical path event 36,20,0
2006-09-18T05:18:09, Critical path event 37,85,4
2006-09-18T05:24:57, Critical path event 38,72,2
2006-09-18T05:33:07, Critical path event 39,52,7
2006-09-18T05:42:09, Critical path event 19,94,1
2006-09-18T05:48:50, Misc. noise event 9,2,10
2006-09-18T05:51:33, Critical path event 19,1,5
2006-09-18T05:57:53, Misc. noise event 10,17,1
2006-09-18T05:59:49, Critical path event 19,57,9
2006-09-18T06:07:58, Critical path event 19,87,3
2006-09-18T06:23:01, Critical path event 44,57,7
