--------------------------------------------------
datetime,message,random_int_1,random_int_2
--------------------------------------------------
2006-12-03T23:59:50, Misc. noise event 0,58,1
2006-12-04T00:00:00, Critical path event 1,83,1
2006-12-04T00:05:43, Misc. noise event 1,18,8
2006-12-04T00:07:33, Critical path event 2,4,4
2006-12-04T00:14:46, Misc. noise event 2,56,2
2006-12-04T00:15:04, Critical path event 3,92,4
2006-12-04T00:22:44, Critical path event 4,32,2
2006-12-04T00:37:52, Critical path event 5,80,1
2006-12-04T00:46:46, Critical path event 6,92,5
2006-12-04T00:55:46, Critical path event 7,77,4
2006-12-04T01:00:05, Critical path event 8,92,9
2006-12-04T01:08:04, Critical path event 9,89,1
2006-12-04T01:15:22, Critical path event 9,98,1
2006-12-04T01:22:25, Misc. noise event 3,62,6
2006-12-04T01:25:00, Critical path event 9,53,3
2006-12-04T01:32:43, Critical path event 9,21,0
2006-12-04T01:39:56, Critical path event 13,66,6
2006-12-04T01:47:39, Critical path event 14,71,4
2006-12-04T01:55:12, Critical path event 15,41,7
2006-12-04T02:02:43, Critical path event 16,5,0
2006-12-04T02:06:57, Misc. noise event 4,61,3
2006-12-04T02:10:23, Critical path event 17,72,7
2006-12-04T02:25:31, Critical path event 18,71,1
2006-12-04T02:34:25, Critical path event 19,29,9
2006-12-04T02:43:25, Critical path event 19,37,0
2006-12-04T02:47:44, Critical path event 19,43,2
2006-12-04T02:55:43, Critical path event 19,88,4
2006-12-04T03:03:01, Critical path event 23,17,1

    ----------------some other thing --------------
    filesize :1024k
    alert-level : FATAL
    description: thing with pid 34345 died because 
        random java stacktrace 
        that is super noisy with numbers and datetimes 
Exception in thread "main" java.lang.NullPointerException
    at AnotherClassLoader.loadClass(test.java:58)
    at test.main(test.java:30)
    at Main.main(Main.java:68)
    -------------------------------------------- 
    2006-12-04T03:12:39, Critical path event 24,28,10
2006-12-04T03:20:22, Critical path event 25,49,4
2006-12-04T03:27:35, Critical path event 26,48,6
2006-12-04T03:32:19, Misc. noise event 5,52,6
2006-12-04T03:35:18, Critical path event 27,5,10
2006-12-04T03:42:38, Misc. noise event 6,87,4
2006-12-04T03:42:51, Critical path event 28,46,10
2006-12-04T03:50:22, Critical path event 29,93,10
2006-12-04T03:58:02, Critical path event 29,70,1
2006-12-04T04:13:10, Critical path event 29,74,10
2006-12-04T04:22:04, Critical path event 29,31,7
2006-12-04T04:31:04, Critical path event 33,56,5
2006-12-04T04:35:23, Critical path event 34,36,9
2006-12-04T04:38:59, Misc. noise event 7,62,10
2006-12-04T04:43:22, Critical path event 35,46,10
2006-12-04T04:49:34, Misc. noise event 8,77,7
2006-12-04T04:50:40, Critical path event 36,45,4
2006-12-04T05:00:18, Critical path event 37,68,6
2006-12-04T05:08:01, Critical path event 38,91,6
2006-12-04T05:11:26, Misc. noise event 9,21,1
2006-12-04T05:15:14, Critical path event 39,11,0
2006-12-04T05:22:57, Critical path event 19,65,8
2006-12-04T05:27:10, Misc. noise event 10,26,2
2006-12-04T05:30:30, Critical path event 19,4,10
2006-12-04T05:38:01, Critical path event 19,28,3
2006-12-04T05:45:41, Critical path event 19,32,7
2006-12-04T06:00:49, Critical path event 44,74,9
