--------------------------------------------------
datetime,message,random_int_1,random_int_2
--------------------------------------------------
2006-12-24T23:56:27, Misc. noise event 0,36,10
2006-12-25T00:00:00, Critical path event 1,86,1
2006-12-25T00:04:53, Misc. noise event 1,66,4
2006-12-25T00:08:59, Critical path event 2,17,9
2006-12-25T00:17:51, Misc. noise event 2,71,7
2006-12-25T00:18:14, Critical path event 3,22,2
2006-12-25T00:27:41, Critical path event 4,84,9
2006-12-25T00:41:14, Critical path event 5,23,6
2006-12-25T00:49:07, Critical path event 6,30,0
2006-12-25T00:57:56, Critical path event 7,50,6
2006-12-25T01:02:34, Critical path event 8,38,1
2006-12-25T01:11:26, Critical path event 9,24,2
2006-12-25T01:19:07, Critical path event 9,83,3
2006-12-25T01:28:45, Critical path event 9,33,5
2006-12-25T01:31:43, Misc. noise event 3,7,0
2006-12-25T01:35:45, Critical path event 9,7,0
2006-12-25T01:38:46, Misc. noise event 4,35,4
2006-12-25T01:43:46, Critical path event 13,62,5
2006-12-25T01:51:24, Critical path event 14,60,9
2006-12-25T01:57:30, Misc. noise event 5,97,8
2006-12-25T02:00:23, Critical path event 15,22,4
2006-12-25T02:09:38, Critical path event 16,67,10
2006-12-25T02:19:05, Critical path event 17,7,10
2006-12-25T02:32:38, Critical path event 18,23,1
2006-12-25T02:40:31, Critical path event 19,21,1
2006-12-25T02:48:57, Misc. noise event 6,29,10
2006-12-25T02:49:20, Critical path event 19,88,1
2006-12-25T02:53:58, Critical path event 19,57,10

    ----------------some other thing --------------
    filesize :1024k
    alert-level : FATAL
    description: thing with pid 34345 died because 
        random java stacktrace 
        that is super noisy with numbers and datetimes 
Exception in thread "main" java.lang.NullPointerException
    at AnotherClassLoader.loadClass(test.java:58)
    at test.main(test.java:30)
    at Main.main(Main.java:68)
    -------------------------------------------- 
    2006-12-25T03:02:50, Critical path event 19,4,1
2006-12-25T03:10:31, Critical path event 23,100,9
2006-12-25T03:20:09, Critical path event 24,14,6
2006-12-25T03:27:09, Critical path event 25,59,9
2006-12-25T03:35:10, Critical path event 26,28,8
2006-12-25T03:42:48, Critical path event 27,30,7
2006-12-25T03:49:36, Misc. noise event 7,86,4
2006-12-25T03:51:47, Critical path event 28,26,4
2006-12-25T04:01:02, Critical path event 29,92,3
2006-12-25T04:10:29, Critical path event 29,34,7
2006-12-25T04:24:02, Critical path event 29,41,7
2006-12-25T04:31:55, Critical path event 29,67,9
2006-12-25T04:40:44, Critical path event 33,48,0
2006-12-25T04:45:22, Critical path event 34,29,2
2006-12-25T04:54:14, Critical path event 35,45,0
2006-12-25T05:01:55, Critical path event 36,64,8
2006-12-25T05:09:46, Misc. noise event 8,17,4
2006-12-25T05:11:33, Critical path event 37,15,5
2006-12-25T05:18:25, Misc. noise event 9,32,5
2006-12-25T05:18:33, Critical path event 38,13,9
2006-12-25T05:26:34, Critical path event 39,26,0
2006-12-25T05:34:12, Critical path event 19,42,8
2006-12-25T05:41:47, Misc. noise event 10,4,10
2006-12-25T05:43:11, Critical path event 19,43,3
2006-12-25T05:52:26, Critical path event 19,55,5
2006-12-25T06:01:53, Critical path event 19,15,1
2006-12-25T06:15:26, Critical path event 44,61,6
