--------------------------------------------------
datetime,message,random_int_1,random_int_2
--------------------------------------------------
2006-09-03T23:56:01, Misc. noise event 0,76,7
2006-09-04T00:00:00, Critical path event 1,63,3
2006-09-04T00:04:13, Misc. noise event 1,67,10
2006-09-04T00:07:13, Critical path event 2,100,9
2006-09-04T00:15:58, Critical path event 3,92,7
2006-09-04T00:23:32, Critical path event 4,7,2
2006-09-04T00:38:14, Critical path event 5,20,9
2006-09-04T00:43:28, Misc. noise event 2,54,2
2006-09-04T00:45:33, Critical path event 6,92,7
2006-09-04T00:54:17, Critical path event 7,11,2
2006-09-04T00:59:29, Critical path event 8,35,3
2006-09-04T01:08:57, Critical path event 9,79,6
2006-09-04T01:18:22, Critical path event 9,84,9
2006-09-04T01:26:03, Misc. noise event 3,32,7
2006-09-04T01:28:15, Critical path event 9,6,8
2006-09-04T01:34:22, Critical path event 9,43,5
2006-09-04T01:41:28, Critical path event 13,94,7
2006-09-04T01:47:43, Misc. noise event 4,50,1
2006-09-04T01:51:00, Critical path event 14,28,9
2006-09-04T01:58:13, Critical path event 15,50,9
2006-09-04T02:06:58, Critical path event 16,87,0
2006-09-04T02:14:32, Critical path event 17,75,2
2006-09-04T02:29:14, Critical path event 18,61,8
2006-09-04T02:36:33, Critical path event 19,96,7
2006-09-04T02:45:17, Critical path event 19,59,9
2006-09-04T02:50:29, Critical path event 19,50,10
2006-09-04T02:59:57, Critical path event 19,66,6
2006-09-04T03:09:22, Critical path event 23,37,2

    ----------------some other thing --------------
    filesize :1024k
    alert-level : FATAL
    description: thing with pid 34345 died because 
        random java stacktrace 
        that is super noisy with numbers and datetimes 
Exception in thread "main" java.lang.NullPointerException
    at AnotherClassLoader.loadClass(test.java:58)
    at test.main(test.java:30)
    at Main.main(Main.java:68)
    -------------------------------------------- 
    2006-09-04T03:19:15, Critical path event 24,93,9
2006-09-04T03:25:22, Critical path event 25,97,7
2006-09-04T03:32:28, Critical path event 26,34,9
2006-09-04T03:39:19, Misc. noise event 5,7,5
2006-09-04T03:42:00, Critical path event 27,79,9
2006-09-04T03:44:17, Misc. noise event 6,86,5
2006-09-04T03:49:13, Critical path event 28,24,1
2006-09-04T03:57:58, Critical path event 29,92,5
2006-09-04T04:05:32, Critical path event 29,94,9
2006-09-04T04:20:14, Critical path event 29,90,8
2006-09-04T04:24:21, Misc. noise event 7,87,3
2006-09-04T04:27:33, Critical path event 29,96,7
2006-09-04T04:36:17, Critical path event 33,18,0
2006-09-04T04:36:52, Misc. noise event 8,19,5
2006-09-04T04:41:29, Critical path event 34,81,3
2006-09-04T04:50:57, Critical path event 35,74,10
2006-09-04T05:00:22, Critical path event 36,100,9
2006-09-04T05:07:02, Misc. noise event 9,21,5
2006-09-04T05:10:15, Critical path event 37,85,1
2006-09-04T05:15:50, Misc. noise event 10,98,9
2006-09-04T05:16:22, Critical path event 38,54,3
2006-09-04T05:23:28, Critical path event 39,68,7
2006-09-04T05:33:00, Critical path event 19,18,7
2006-09-04T05:40:13, Critical path event 19,7,1
2006-09-04T05:48:58, Critical path event 19,53,9
2006-09-04T05:56:32, Critical path event 19,11,4
2006-09-04T06:11:14, Critical path event 44,83,6
