--------------------------------------------------
datetime,message,random_int_1,random_int_2
--------------------------------------------------
2006-01-15T23:57:54, Misc. noise event 0,21,5
2006-01-16T00:00:00, Critical path event 1,23,6
2006-01-16T00:20:20, Critical path event 2,99,9
2006-01-16T00:29:56, Critical path event 3,93,9
2006-01-16T00:37:25, Critical path event 4,83,7
2006-01-16T00:52:57, Critical path event 5,72,3
2006-01-16T00:58:11, Misc. noise event 1,48,4
2006-01-16T01:01:17, Critical path event 6,68,1
2006-01-16T01:10:22, Critical path event 7,92,2
2006-01-16T01:14:30, Critical path event 8,67,4
2006-01-16T01:21:43, Critical path event 9,80,1
2006-01-16T01:30:52, Critical path event 9,72,10
2006-01-16T01:42:02, Critical path event 9,61,1
2006-01-16T01:49:16, Misc. noise event 2,0,0
2006-01-16T01:50:19, Critical path event 9,36,10
2006-01-16T02:00:47, Critical path event 13,10,2
2006-01-16T02:08:41, Critical path event 14,12,10
2006-01-16T02:15:56, Critical path event 15,75,6
2006-01-16T02:23:48, Critical path event 16,12,4
2006-01-16T02:31:17, Critical path event 17,15,2
2006-01-16T03:02:58, Critical path event 18,53,1
2006-01-16T03:14:26, Critical path event 19,96,4
2006-01-16T03:23:31, Critical path event 19,45,5
2006-01-16T03:31:10, Critical path event 19,41,10
2006-01-16T03:38:23, Critical path event 19,70,2
2006-01-16T03:47:32, Critical path event 23,46,5
2006-01-16T03:58:42, Critical path event 24,12,10
2006-01-16T04:23:06, Critical path event 25,37,3

    ----------------some other thing --------------
    filesize :1024k
    alert-level : FATAL
    description: thing with pid 34345 died because 
        random java stacktrace 
        that is super noisy with numbers and datetimes 
Exception in thread "main" java.lang.NullPointerException
    at AnotherClassLoader.loadClass(test.java:58)
    at test.main(test.java:30)
    at Main.main(Main.java:68)
    -------------------------------------------- 
    2006-01-16T04:29:39, Critical path event 26,52,1
2006-01-16T04:45:19, Misc. noise event 3,6,1
2006-01-16T04:47:53, Critical path event 27,16,7
2006-01-16T04:55:08, Critical path event 28,98,4
2006-01-16T05:00:57, Misc. noise event 4,49,9
2006-01-16T05:03:00, Critical path event 29,56,10
2006-01-16T05:10:29, Critical path event 29,93,1
2006-01-16T05:26:06, Misc. noise event 5,74,4
2006-01-16T05:27:24, Critical path event 29,53,3
2006-01-16T05:45:54, Critical path event 29,56,8
2006-01-16T05:51:04, Misc. noise event 6,26,1
2006-01-16T05:54:59, Critical path event 33,82,2
2006-01-16T05:57:35, Misc. noise event 7,51,1
2006-01-16T05:59:07, Critical path event 34,61,8
2006-01-16T06:06:20, Critical path event 35,67,3
2006-01-16T06:12:37, Misc. noise event 8,62,3
2006-01-16T06:15:29, Critical path event 36,15,7
2006-01-16T06:46:12, Critical path event 37,32,9
2006-01-16T06:54:29, Critical path event 38,11,2
2006-01-16T07:02:57, Misc. noise event 9,50,0
2006-01-16T07:07:01, Critical path event 39,51,7
2006-01-16T07:14:55, Critical path event 19,88,9
2006-01-16T07:22:10, Critical path event 19,48,0
2006-01-16T07:26:44, Misc. noise event 10,23,0
2006-01-16T07:30:02, Critical path event 19,66,10
2006-01-16T07:37:31, Critical path event 19,73,8
2006-01-16T07:53:03, Critical path event 44,41,1
