--------------------------------------------------
datetime,message,random_int_1,random_int_2
--------------------------------------------------
2007-08-12T23:59:50, Misc. noise event 0,25,0
2007-08-13T00:00:00, Critical path event 1,24,8
2007-08-13T00:09:22, Critical path event 2,89,6
2007-08-13T00:20:19, Misc. noise event 1,62,2
2007-08-13T00:21:59, Critical path event 3,14,3
2007-08-13T00:25:29, Misc. noise event 2,31,1
2007-08-13T00:29:53, Critical path event 4,10,8
2007-08-13T00:39:16, Misc. noise event 3,61,8
2007-08-13T00:43:28, Critical path event 5,15,1
2007-08-13T00:51:16, Critical path event 6,37,7
2007-08-13T01:00:19, Critical path event 7,9,7
2007-08-13T01:04:08, Critical path event 8,62,4
2007-08-13T01:07:37, Misc. noise event 4,17,6
2007-08-13T01:11:25, Critical path event 9,43,1
2007-08-13T01:18:59, Critical path event 9,37,9
2007-08-13T01:39:30, Critical path event 9,15,8
2007-08-13T01:51:13, Critical path event 9,6,7
2007-08-13T01:55:46, Misc. noise event 5,78,0
2007-08-13T01:59:13, Critical path event 13,94,8
2007-08-13T02:10:16, Critical path event 14,41,7
2007-08-13T02:19:38, Critical path event 15,98,3
2007-08-13T02:28:09, Critical path event 16,0,10
2007-08-13T02:36:03, Critical path event 17,73,5
2007-08-13T02:58:48, Critical path event 18,36,5
2007-08-13T03:06:36, Critical path event 19,7,0
2007-08-13T03:13:58, Misc. noise event 6,52,8
2007-08-13T03:15:39, Critical path event 19,96,10
2007-08-13T03:19:28, Critical path event 19,43,3

    ----------------some other thing --------------
    filesize :1024k
    alert-level : FATAL
    description: thing with pid 34345 died because 
        random java stacktrace 
        that is super noisy with numbers and datetimes 
Exception in thread "main" java.lang.NullPointerException
    at AnotherClassLoader.loadClass(test.java:58)
    at test.main(test.java:30)
    at Main.main(Main.java:68)
    -------------------------------------------- 
    2007-08-13T03:33:31, Critical path event 19,42,5
2007-08-13T03:41:05, Critical path event 23,64,0
2007-08-13T03:48:00, Misc. noise event 7,70,5
2007-08-13T03:52:44, Critical path event 24,51,5
2007-08-13T03:59:25, Critical path event 25,70,6
2007-08-13T04:12:28, Critical path event 26,67,8
2007-08-13T04:19:54, Critical path event 27,6,0
2007-08-13T04:29:16, Critical path event 28,4,8
2007-08-13T04:37:47, Critical path event 29,100,7
2007-08-13T04:45:41, Critical path event 29,67,5
2007-08-13T05:04:26, Critical path event 29,25,8
2007-08-13T05:12:14, Critical path event 29,59,10
2007-08-13T05:21:17, Critical path event 33,67,6
2007-08-13T05:25:06, Critical path event 34,30,3
2007-08-13T05:40:36, Critical path event 35,96,5
2007-08-13T05:49:49, Critical path event 36,17,10
2007-08-13T06:01:28, Critical path event 37,89,1
2007-08-13T06:16:01, Misc. noise event 8,36,5
2007-08-13T06:18:56, Critical path event 38,38,10
2007-08-13T06:26:56, Critical path event 39,15,6
2007-08-13T06:47:27, Critical path event 19,38,0
2007-08-13T06:56:49, Critical path event 19,97,6
2007-08-13T07:05:20, Critical path event 19,38,2
2007-08-13T07:23:09, Misc. noise event 9,12,2
2007-08-13T07:27:31, Critical path event 19,84,4
2007-08-13T07:42:46, Misc. noise event 10,72,6
2007-08-13T07:43:21, Critical path event 44,5,4
