--------------------------------------------------
datetime,message,random_int_1,random_int_2
--------------------------------------------------
2007-08-20T00:00:00, Critical path event 1,62,8
2007-08-20T00:09:05, Critical path event 2,25,5
2007-08-20T00:30:22, Critical path event 3,95,3
2007-08-20T00:39:55, Critical path event 4,79,4
2007-08-20T01:13:31, Critical path event 5,13,2
2007-08-20T01:23:02, Critical path event 6,35,1
2007-08-20T01:40:26, Critical path event 7,58,3
2007-08-20T01:45:17, Critical path event 8,24,0
2007-08-20T01:54:41, Critical path event 9,88,1
2007-08-20T02:01:21, Misc. noise event 0,33,1
2007-08-20T02:03:19, Critical path event 9,37,7
2007-08-20T02:13:19, Critical path event 9,18,8
2007-08-20T02:16:59, Misc. noise event 1,40,1
2007-08-20T02:21:38, Critical path event 9,38,5
2007-08-20T02:29:09, Misc. noise event 2,22,2
2007-08-20T02:29:49, Critical path event 13,29,1
2007-08-20T02:39:18, Critical path event 14,92,8
2007-08-20T02:45:34, Misc. noise event 3,20,9
2007-08-20T02:48:23, Critical path event 15,86,9
2007-08-20T02:55:53, Critical path event 16,39,0
2007-08-20T03:04:39, Misc. noise event 4,82,5
2007-08-20T03:05:26, Critical path event 17,2,2
2007-08-20T03:31:39, Critical path event 18,40,7
2007-08-20T03:41:10, Critical path event 19,82,2
2007-08-20T03:59:01, Critical path event 19,51,10
2007-08-20T04:03:52, Critical path event 19,45,5
2007-08-20T04:13:16, Critical path event 19,36,7
2007-08-20T04:21:54, Critical path event 23,35,7

    ----------------some other thing --------------
    filesize :1024k
    alert-level : FATAL
    description: thing with pid 34345 died because 
        random java stacktrace 
        that is super noisy with numbers and datetimes 
Exception in thread "main" java.lang.NullPointerException
    at AnotherClassLoader.loadClass(test.java:58)
    at test.main(test.java:30)
    at Main.main(Main.java:68)
    -------------------------------------------- 
    2007-08-20T04:31:54, Critical path event 24,81,9
2007-08-20T04:35:59, Misc. noise event 5,62,10
2007-08-20T04:40:13, Critical path event 25,44,8
2007-08-20T04:48:24, Critical path event 26,27,6
2007-08-20T05:02:07, Critical path event 27,55,2
2007-08-20T05:11:12, Critical path event 28,49,9
2007-08-20T05:18:42, Critical path event 29,62,2
2007-08-20T05:27:42, Misc. noise event 6,86,3
2007-08-20T05:28:15, Critical path event 29,56,7
2007-08-20T05:59:36, Critical path event 29,65,2
2007-08-20T06:09:07, Critical path event 29,34,1
2007-08-20T06:25:21, Misc. noise event 7,11,9
2007-08-20T06:27:48, Critical path event 33,91,6
2007-08-20T06:27:51, Misc. noise event 8,16,3
2007-08-20T06:32:39, Critical path event 34,63,5
2007-08-20T06:42:03, Critical path event 35,87,3
2007-08-20T06:47:18, Misc. noise event 9,0,9
2007-08-20T06:50:41, Critical path event 36,86,6
2007-08-20T07:00:41, Critical path event 37,49,8
2007-08-20T07:09:00, Critical path event 38,64,3
2007-08-20T07:17:11, Critical path event 39,40,2
2007-08-20T07:23:05, Misc. noise event 10,57,7
2007-08-20T07:26:40, Critical path event 19,61,0
2007-08-20T07:41:52, Critical path event 19,0,0
2007-08-20T07:50:00, Critical path event 19,36,2
2007-08-20T07:59:33, Critical path event 19,19,9
2007-08-20T08:14:46, Critical path event 44,82,10
