--------------------------------------------------
datetime,message,random_int_1,random_int_2
--------------------------------------------------
2007-06-04T00:00:00, Critical path event 1,87,7
2007-06-04T00:07:56, Critical path event 2,28,0
2007-06-04T00:15:41, Critical path event 3,10,0
2007-06-04T00:22:35, Misc. noise event 0,99,2
2007-06-04T00:22:57, Critical path event 4,56,9
2007-06-04T00:35:56, Misc. noise event 1,61,9
2007-06-04T00:37:19, Critical path event 5,25,4
2007-06-04T01:04:33, Critical path event 6,20,0
2007-06-04T01:19:45, Critical path event 7,92,8
2007-06-04T01:24:49, Critical path event 8,47,2
2007-06-04T01:39:30, Misc. noise event 2,56,10
2007-06-04T01:43:47, Critical path event 9,83,9
2007-06-04T01:52:55, Critical path event 9,24,9
2007-06-04T02:01:01, Misc. noise event 3,67,2
2007-06-04T02:02:41, Critical path event 9,84,9
2007-06-04T02:09:11, Misc. noise event 4,32,1
2007-06-04T02:10:06, Critical path event 9,82,6
2007-06-04T02:17:04, Critical path event 13,16,4
2007-06-04T02:24:36, Critical path event 14,39,1
2007-06-04T02:27:33, Misc. noise event 5,46,9
2007-06-04T02:32:32, Critical path event 15,62,9
2007-06-04T02:40:17, Critical path event 16,99,10
2007-06-04T02:45:25, Misc. noise event 6,15,4
2007-06-04T02:47:33, Critical path event 17,93,2
2007-06-04T03:01:55, Critical path event 18,37,2
2007-06-04T03:11:17, Critical path event 19,22,8
2007-06-04T03:27:14, Misc. noise event 7,46,6
2007-06-04T03:31:03, Critical path event 19,64,9

    ----------------some other thing --------------
    filesize :1024k
    alert-level : FATAL
    description: thing with pid 34345 died because 
        random java stacktrace 
        that is super noisy with numbers and datetimes 
Exception in thread "main" java.lang.NullPointerException
    at AnotherClassLoader.loadClass(test.java:58)
    at test.main(test.java:30)
    at Main.main(Main.java:68)
    -------------------------------------------- 
    2007-06-04T03:35:31, Critical path event 19,41,10
2007-06-04T03:40:18, Misc. noise event 8,26,5
2007-06-04T03:45:02, Critical path event 19,29,7
2007-06-04T04:03:37, Critical path event 23,57,5
2007-06-04T04:13:23, Critical path event 24,3,2
2007-06-04T04:20:48, Critical path event 25,77,8
2007-06-04T04:27:46, Critical path event 26,92,9
2007-06-04T04:35:18, Critical path event 27,93,10
2007-06-04T04:43:14, Critical path event 28,91,4
2007-06-04T04:48:37, Misc. noise event 9,9,8
2007-06-04T04:50:59, Critical path event 29,9,0
2007-06-04T04:58:15, Critical path event 29,17,6
2007-06-04T05:11:29, Misc. noise event 10,64,0
2007-06-04T05:12:37, Critical path event 29,45,7
2007-06-04T05:37:04, Critical path event 29,79,0
2007-06-04T05:45:31, Critical path event 33,54,9
2007-06-04T05:49:59, Critical path event 34,52,8
2007-06-04T05:59:30, Critical path event 35,62,9
2007-06-04T06:06:54, Critical path event 36,46,8
2007-06-04T06:16:40, Critical path event 37,51,7
2007-06-04T06:24:05, Critical path event 38,7,6
2007-06-04T06:35:28, Critical path event 39,56,8
2007-06-04T06:43:00, Critical path event 19,26,8
2007-06-04T07:03:20, Critical path event 19,17,8
2007-06-04T07:11:05, Critical path event 19,56,0
2007-06-04T07:18:21, Critical path event 19,0,1
2007-06-04T07:32:43, Critical path event 44,0,5
