--------------------------------------------------
datetime,message,random_int_1,random_int_2
--------------------------------------------------
2007-11-26T00:00:00, Critical path event 1,35,0
2007-11-26T00:08:27, Critical path event 2,61,6
2007-11-26T00:20:16, Misc. noise event 0,54,10
2007-11-26T00:23:14, Critical path event 3,90,4
2007-11-26T00:26:31, Misc. noise event 1,23,9
2007-11-26T00:30:40, Critical path event 4,49,2
2007-11-26T00:45:14, Critical path event 5,82,10
2007-11-26T00:51:08, Misc. noise event 2,75,0
2007-11-26T00:53:56, Critical path event 6,5,1
2007-11-26T01:03:32, Critical path event 7,78,4
2007-11-26T01:06:48, Misc. noise event 3,7,1
2007-11-26T01:08:04, Critical path event 8,25,2
2007-11-26T01:17:00, Critical path event 9,52,1
2007-11-26T01:31:13, Critical path event 9,54,8
2007-11-26T01:37:17, Misc. noise event 4,77,7
2007-11-26T01:41:43, Critical path event 9,39,5
2007-11-26T01:47:48, Critical path event 9,7,3
2007-11-26T01:54:25, Critical path event 13,40,6
2007-11-26T02:01:46, Critical path event 14,22,6
2007-11-26T02:10:13, Critical path event 15,32,4
2007-11-26T02:18:38, Critical path event 16,46,7
2007-11-26T02:26:04, Critical path event 17,89,5
2007-11-26T02:49:54, Critical path event 18,84,5
2007-11-26T02:59:44, Critical path event 19,59,1
2007-11-26T03:07:59, Critical path event 19,4,9
2007-11-26T03:12:31, Critical path event 19,58,0
2007-11-26T03:21:27, Critical path event 19,12,9
2007-11-26T03:28:38, Misc. noise event 5,59,8

    ----------------some other thing --------------
    filesize :1024k
    alert-level : FATAL
    description: thing with pid 34345 died because 
        random java stacktrace 
        that is super noisy with numbers and datetimes 
Exception in thread "main" java.lang.NullPointerException
    at AnotherClassLoader.loadClass(test.java:58)
    at test.main(test.java:30)
    at Main.main(Main.java:68)
    -------------------------------------------- 
    2007-11-26T03:31:00, Critical path event 23,13,8
2007-11-26T03:41:30, Critical path event 24,78,8
2007-11-26T03:47:35, Critical path event 25,68,0
2007-11-26T03:54:12, Critical path event 26,35,1
2007-11-26T04:11:42, Critical path event 27,83,9
2007-11-26T04:20:09, Critical path event 28,78,6
2007-11-26T04:28:34, Critical path event 29,88,6
2007-11-26T04:36:00, Critical path event 29,57,4
2007-11-26T04:51:08, Critical path event 29,86,2
2007-11-26T04:59:50, Critical path event 29,8,1
2007-11-26T05:08:05, Critical path event 33,63,3
2007-11-26T05:12:34, Misc. noise event 6,22,10
2007-11-26T05:12:37, Critical path event 34,24,4
2007-11-26T05:21:33, Critical path event 35,52,5
2007-11-26T05:27:34, Misc. noise event 7,43,0
2007-11-26T05:31:06, Critical path event 36,55,4
2007-11-26T05:38:10, Misc. noise event 8,66,1
2007-11-26T05:41:36, Critical path event 37,12,3
2007-11-26T05:46:44, Misc. noise event 9,66,3
2007-11-26T05:47:41, Critical path event 38,67,0
2007-11-26T05:54:18, Critical path event 39,70,8
2007-11-26T06:01:39, Critical path event 19,42,7
2007-11-26T06:10:06, Critical path event 19,96,10
2007-11-26T06:18:31, Critical path event 19,3,4
2007-11-26T06:29:26, Critical path event 19,90,7
2007-11-26T06:52:54, Misc. noise event 10,75,4
2007-11-26T06:55:26, Critical path event 44,96,6
