--------------------------------------------------
datetime,message,random_int_1,random_int_2
--------------------------------------------------
2007-11-11T23:55:15, Misc. noise event 0,73,10
2007-11-12T00:00:00, Critical path event 1,68,2
2007-11-12T00:04:33, Misc. noise event 1,5,10
2007-11-12T00:07:44, Critical path event 2,56,2
2007-11-12T00:16:39, Critical path event 3,69,2
2007-11-12T00:21:19, Misc. noise event 2,34,7
2007-11-12T00:25:30, Critical path event 4,29,4
2007-11-12T00:37:04, Misc. noise event 3,95,6
2007-11-12T00:39:05, Critical path event 5,68,10
2007-11-12T00:48:30, Critical path event 6,81,1
2007-11-12T00:56:05, Critical path event 7,30,1
2007-11-12T01:00:13, Critical path event 8,90,5
2007-11-12T01:07:21, Misc. noise event 4,39,8
2007-11-12T01:09:28, Critical path event 9,80,3
2007-11-12T01:16:41, Critical path event 9,87,3
2007-11-12T01:26:48, Misc. noise event 5,24,5
2007-11-12T01:29:02, Critical path event 9,2,0
2007-11-12T01:36:59, Critical path event 9,14,0
2007-11-12T01:55:15, Critical path event 13,6,10
2007-11-12T02:03:00, Critical path event 14,32,2
2007-11-12T02:10:44, Critical path event 15,0,9
2007-11-12T02:19:39, Critical path event 16,87,5
2007-11-12T02:27:01, Critical path event 17,63,5
2007-11-12T02:40:36, Critical path event 18,62,9
2007-11-12T02:49:28, Misc. noise event 6,75,2
2007-11-12T02:50:01, Critical path event 19,77,4
2007-11-12T03:03:39, Critical path event 19,51,6
2007-11-12T03:07:47, Critical path event 19,43,8

    ----------------some other thing --------------
    filesize :1024k
    alert-level : FATAL
    description: thing with pid 34345 died because 
        random java stacktrace 
        that is super noisy with numbers and datetimes 
Exception in thread "main" java.lang.NullPointerException
    at AnotherClassLoader.loadClass(test.java:58)
    at test.main(test.java:30)
    at Main.main(Main.java:68)
    -------------------------------------------- 
    2007-11-12T03:17:02, Critical path event 19,90,6
2007-11-12T03:24:31, Critical path event 23,61,9
2007-11-12T03:35:56, Critical path event 24,28,10
2007-11-12T03:43:53, Critical path event 25,17,0
2007-11-12T03:49:05, Misc. noise event 7,27,7
2007-11-12T03:50:51, Critical path event 26,4,5
2007-11-12T03:56:54, Misc. noise event 8,8,3
2007-11-12T03:58:36, Critical path event 27,40,8
2007-11-12T04:06:20, Critical path event 28,84,9
2007-11-12T04:15:15, Critical path event 29,58,3
2007-11-12T04:22:37, Critical path event 29,21,8
2007-11-12T04:36:12, Critical path event 29,10,3
2007-11-12T04:45:37, Critical path event 29,60,4
2007-11-12T04:48:26, Misc. noise event 9,21,3
2007-11-12T04:53:12, Critical path event 33,33,5
2007-11-12T04:57:20, Critical path event 34,83,8
2007-11-12T05:02:18, Misc. noise event 10,75,9
2007-11-12T05:06:35, Critical path event 35,64,10
2007-11-12T05:15:21, Critical path event 36,66,4
2007-11-12T05:26:46, Critical path event 37,54,9
2007-11-12T05:34:43, Critical path event 38,52,10
2007-11-12T05:41:41, Critical path event 39,40,4
2007-11-12T05:49:26, Critical path event 19,86,2
2007-11-12T05:57:10, Critical path event 19,37,1
2007-11-12T06:06:05, Critical path event 19,98,1
2007-11-12T06:13:27, Critical path event 19,71,6
2007-11-12T06:27:02, Critical path event 44,85,10
