--------------------------------------------------
datetime,message,random_int_1,random_int_2
--------------------------------------------------
2007-05-14T00:00:00, Critical path event 1,82,9
2007-05-14T00:09:33, Critical path event 2,14,8
2007-05-14T00:16:48, Critical path event 3,23,8
2007-05-14T00:25:13, Critical path event 4,14,0
2007-05-14T00:39:32, Critical path event 5,22,10
2007-05-14T00:48:39, Critical path event 6,42,10
2007-05-14T00:59:27, Critical path event 7,8,5
2007-05-14T01:00:02, Misc. noise event 0,45,4
2007-05-14T01:04:42, Critical path event 8,43,4
2007-05-14T01:24:32, Critical path event 9,59,2
2007-05-14T01:31:48, Critical path event 9,68,8
2007-05-14T01:38:56, Misc. noise event 1,60,3
2007-05-14T01:42:05, Critical path event 9,36,3
2007-05-14T01:49:59, Critical path event 9,26,3
2007-05-14T01:55:59, Misc. noise event 2,8,2
2007-05-14T01:57:20, Critical path event 13,34,0
2007-05-14T02:06:34, Critical path event 14,43,5
2007-05-14T02:16:07, Critical path event 15,36,6
2007-05-14T02:23:22, Critical path event 16,57,7
2007-05-14T02:30:33, Misc. noise event 3,71,0
2007-05-14T02:31:47, Critical path event 17,76,1
2007-05-14T02:46:06, Critical path event 18,57,10
2007-05-14T02:52:09, Misc. noise event 4,81,9
2007-05-14T02:55:13, Critical path event 19,86,1
2007-05-14T03:04:22, Critical path event 19,98,6
2007-05-14T03:09:37, Critical path event 19,90,3
2007-05-14T03:17:51, Critical path event 19,15,4
2007-05-14T03:22:47, Misc. noise event 5,89,4

    ----------------some other thing --------------
    filesize :1024k
    alert-level : FATAL
    description: thing with pid 34345 died because 
        random java stacktrace 
        that is super noisy with numbers and datetimes 
Exception in thread "main" java.lang.NullPointerException
    at AnotherClassLoader.loadClass(test.java:58)
    at test.main(test.java:30)
    at Main.main(Main.java:68)
    -------------------------------------------- 
    2007-05-14T03:25:07, Critical path event 23,6,9
2007-05-14T03:35:24, Critical path event 24,90,2
2007-05-14T03:44:56, Misc. noise event 6,19,7
2007-05-14T03:45:54, Critical path event 25,1,9
2007-05-14T03:53:15, Critical path event 26,93,10
2007-05-14T04:02:29, Critical path event 27,81,6
2007-05-14T04:14:58, Misc. noise event 7,63,7
2007-05-14T04:17:45, Critical path event 28,79,4
2007-05-14T04:25:00, Critical path event 29,33,5
2007-05-14T04:40:36, Misc. noise event 8,25,6
2007-05-14T04:42:34, Critical path event 29,5,7
2007-05-14T04:52:32, Misc. noise event 9,39,5
2007-05-14T04:56:53, Critical path event 29,64,0
2007-05-14T05:06:00, Critical path event 29,6,0
2007-05-14T05:15:09, Critical path event 33,59,10
2007-05-14T05:16:22, Misc. noise event 10,69,5
2007-05-14T05:20:24, Critical path event 34,94,6
2007-05-14T05:28:38, Critical path event 35,62,4
2007-05-14T05:35:54, Critical path event 36,58,5
2007-05-14T06:05:18, Critical path event 37,99,1
2007-05-14T06:13:12, Critical path event 38,68,5
2007-05-14T06:20:33, Critical path event 39,76,2
2007-05-14T06:31:20, Critical path event 19,11,3
2007-05-14T06:40:53, Critical path event 19,95,0
2007-05-14T06:48:08, Critical path event 19,10,10
2007-05-14T06:56:33, Critical path event 19,2,3
2007-05-14T07:10:52, Critical path event 44,51,5
