--------------------------------------------------
datetime,message,random_int_1,random_int_2
--------------------------------------------------
2007-07-30T00:00:00, Critical path event 1,38,7
2007-07-30T00:07:35, Critical path event 2,88,6
2007-07-30T00:16:39, Critical path event 3,1,6
2007-07-30T00:26:11, Critical path event 4,2,9
2007-07-30T00:40:59, Critical path event 5,45,0
2007-07-30T00:49:29, Critical path event 6,20,4
2007-07-30T00:57:37, Critical path event 7,51,4
2007-07-30T00:59:26, Misc. noise event 0,47,6
2007-07-30T01:01:40, Critical path event 8,53,3
2007-07-30T01:08:53, Critical path event 9,89,3
2007-07-30T01:18:00, Critical path event 9,18,8
2007-07-30T01:28:41, Critical path event 9,87,10
2007-07-30T01:37:02, Critical path event 9,17,1
2007-07-30T01:43:16, Critical path event 13,19,0
2007-07-30T01:51:28, Misc. noise event 1,25,7
2007-07-30T01:52:25, Critical path event 14,1,8
2007-07-30T02:00:00, Critical path event 15,32,5
2007-07-30T02:09:04, Critical path event 16,91,2
2007-07-30T02:18:36, Critical path event 17,19,10
2007-07-30T02:32:32, Misc. noise event 2,8,3
2007-07-30T02:33:24, Critical path event 18,21,2
2007-07-30T02:41:54, Critical path event 19,47,5
2007-07-30T02:50:02, Critical path event 19,75,9
2007-07-30T02:49:25, Misc. noise event 3,4,8
2007-07-30T02:54:05, Critical path event 19,39,10
2007-07-30T03:01:18, Critical path event 19,53,3
2007-07-30T03:10:25, Critical path event 23,32,7
2007-07-30T03:21:06, Critical path event 24,82,7

    ----------------some other thing --------------
    filesize :1024k
    alert-level : FATAL
    description: thing with pid 34345 died because 
        random java stacktrace 
        that is super noisy with numbers and datetimes 
Exception in thread "main" java.lang.NullPointerException
    at AnotherClassLoader.loadClass(test.java:58)
    at test.main(test.java:30)
    at Main.main(Main.java:68)
    -------------------------------------------- 
    2007-07-30T03:29:27, Critical path event 25,56,7
2007-07-30T03:35:41, Critical path event 26,3,0
2007-07-30T03:44:50, Critical path event 27,96,10
2007-07-30T03:52:25, Critical path event 28,58,9
2007-07-30T04:01:29, Critical path event 29,54,10
2007-07-30T04:11:01, Critical path event 29,91,4
2007-07-30T04:25:49, Critical path event 29,32,10
2007-07-30T04:29:47, Misc. noise event 4,3,2
2007-07-30T04:34:19, Critical path event 29,39,3
2007-07-30T04:42:27, Critical path event 33,95,5
2007-07-30T04:45:54, Misc. noise event 5,88,4
2007-07-30T04:46:30, Critical path event 34,73,5
2007-07-30T04:53:43, Critical path event 35,100,0
2007-07-30T05:01:19, Misc. noise event 6,63,7
2007-07-30T05:02:50, Critical path event 36,1,0
2007-07-30T05:13:31, Critical path event 37,56,4
2007-07-30T05:17:43, Misc. noise event 7,82,9
2007-07-30T05:21:52, Critical path event 38,90,2
2007-07-30T05:27:52, Misc. noise event 8,10,2
2007-07-30T05:28:06, Critical path event 39,47,5
2007-07-30T05:37:15, Critical path event 19,80,7
2007-07-30T05:44:50, Critical path event 19,85,10
2007-07-30T05:53:54, Misc. noise event 9,96,5
2007-07-30T05:53:54, Critical path event 19,35,7
2007-07-30T06:02:44, Misc. noise event 10,31,9
2007-07-30T06:03:26, Critical path event 19,58,5
2007-07-30T06:18:14, Critical path event 44,31,2
