--------------------------------------------------
datetime,message,random_int_1,random_int_2
--------------------------------------------------
2007-02-05T00:00:00, Critical path event 1,88,3
2007-02-05T00:09:33, Critical path event 2,99,5
2007-02-05T00:19:07, Critical path event 3,41,10
2007-02-05T00:26:43, Critical path event 4,42,9
2007-02-05T00:41:08, Misc. noise event 0,28,2
2007-02-05T00:42:17, Critical path event 5,1,2
2007-02-05T00:50:32, Critical path event 6,78,6
2007-02-05T00:58:31, Critical path event 7,25,7
2007-02-05T00:57:57, Misc. noise event 1,76,10
2007-02-05T01:02:22, Critical path event 8,54,9
2007-02-05T01:11:04, Critical path event 9,56,3
2007-02-05T01:20:34, Critical path event 9,86,2
2007-02-05T01:30:41, Critical path event 9,2,9
2007-02-05T01:36:42, Critical path event 9,38,3
2007-02-05T01:42:23, Misc. noise event 2,7,9
2007-02-05T01:43:51, Critical path event 13,35,10
2007-02-05T01:51:10, Critical path event 14,76,5
2007-02-05T02:00:01, Misc. noise event 3,22,10
2007-02-05T02:00:43, Critical path event 15,38,3
2007-02-05T02:10:17, Critical path event 16,56,1
2007-02-05T02:17:53, Critical path event 17,48,10
2007-02-05T02:33:27, Critical path event 18,15,10
2007-02-05T02:41:42, Critical path event 19,65,0
2007-02-05T02:49:41, Critical path event 19,59,6
2007-02-05T02:53:32, Critical path event 19,51,5
2007-02-05T03:02:14, Critical path event 19,62,4
2007-02-05T03:11:44, Critical path event 23,11,1
2007-02-05T03:21:51, Critical path event 24,93,6

    ----------------some other thing --------------
    filesize :1024k
    alert-level : FATAL
    description: thing with pid 34345 died because 
        random java stacktrace 
        that is super noisy with numbers and datetimes 
Exception in thread "main" java.lang.NullPointerException
    at AnotherClassLoader.loadClass(test.java:58)
    at test.main(test.java:30)
    at Main.main(Main.java:68)
    -------------------------------------------- 
    2007-02-05T03:23:11, Misc. noise event 4,87,4
2007-02-05T03:27:52, Critical path event 25,11,9
2007-02-05T03:31:16, Misc. noise event 5,31,7
2007-02-05T03:35:01, Critical path event 26,41,6
2007-02-05T03:42:20, Critical path event 27,73,1
2007-02-05T03:51:53, Critical path event 28,22,2
2007-02-05T04:01:27, Critical path event 29,51,6
2007-02-05T04:09:03, Critical path event 29,49,10
2007-02-05T04:24:37, Critical path event 29,62,4
2007-02-05T04:28:52, Misc. noise event 6,82,7
2007-02-05T04:32:52, Critical path event 29,72,6
2007-02-05T04:40:51, Critical path event 33,7,10
2007-02-05T04:44:42, Critical path event 34,84,5
2007-02-05T04:51:48, Misc. noise event 7,10,9
2007-02-05T04:53:24, Critical path event 35,7,1
2007-02-05T05:02:54, Critical path event 36,53,9
2007-02-05T05:12:42, Misc. noise event 8,19,10
2007-02-05T05:13:01, Critical path event 37,26,5
2007-02-05T05:19:02, Critical path event 38,96,7
2007-02-05T05:26:11, Critical path event 39,71,9
2007-02-05T05:30:14, Misc. noise event 9,32,1
2007-02-05T05:33:30, Critical path event 19,66,7
2007-02-05T05:38:47, Misc. noise event 10,90,3
2007-02-05T05:43:03, Critical path event 19,66,0
2007-02-05T05:52:37, Critical path event 19,54,3
2007-02-05T06:00:13, Critical path event 19,60,10
2007-02-05T06:15:47, Critical path event 44,65,2
