--------------------------------------------------
datetime,message,random_int_1,random_int_2
--------------------------------------------------
2007-06-18T00:00:00, Critical path event 1,53,2
2007-06-18T00:08:12, Critical path event 2,67,0
2007-06-18T00:13:03, Misc. noise event 0,72,5
2007-06-18T00:15:47, Critical path event 3,27,8
2007-06-18T00:20:21, Misc. noise event 1,15,3
2007-06-18T00:24:44, Critical path event 4,90,3
2007-06-18T00:37:56, Critical path event 5,83,3
2007-06-18T00:46:57, Critical path event 6,52,0
2007-06-18T00:53:33, Misc. noise event 2,11,9
2007-06-18T00:54:48, Critical path event 7,88,10
2007-06-18T00:54:53, Misc. noise event 3,10,10
2007-06-18T00:58:29, Critical path event 8,51,0
2007-06-18T01:06:20, Critical path event 9,86,8
2007-06-18T01:15:24, Critical path event 9,0,0
2007-06-18T01:25:05, Critical path event 9,53,4
2007-06-18T01:31:06, Critical path event 9,62,9
2007-06-18T01:36:10, Misc. noise event 4,25,4
2007-06-18T01:39:20, Critical path event 13,60,6
2007-06-18T01:46:32, Critical path event 14,92,8
2007-06-18T01:54:44, Critical path event 15,27,10
2007-06-18T02:02:19, Critical path event 16,95,7
2007-06-18T02:11:16, Critical path event 17,25,7
2007-06-18T02:24:28, Critical path event 18,60,8
2007-06-18T02:33:29, Critical path event 19,96,9
2007-06-18T02:41:20, Critical path event 19,39,4
2007-06-18T02:45:01, Critical path event 19,16,6
2007-06-18T02:52:52, Critical path event 19,89,2
2007-06-18T03:01:56, Critical path event 23,75,9

    ----------------some other thing --------------
    filesize :1024k
    alert-level : FATAL
    description: thing with pid 34345 died because 
        random java stacktrace 
        that is super noisy with numbers and datetimes 
Exception in thread "main" java.lang.NullPointerException
    at AnotherClassLoader.loadClass(test.java:58)
    at test.main(test.java:30)
    at Main.main(Main.java:68)
    -------------------------------------------- 
    2007-06-18T03:08:54, Misc. noise event 5,23,8
2007-06-18T03:11:37, Critical path event 24,20,9
2007-06-18T03:16:41, Misc. noise event 6,5,4
2007-06-18T03:17:38, Critical path event 25,97,1
2007-06-18T03:21:03, Misc. noise event 7,6,4
2007-06-18T03:25:52, Critical path event 26,12,4
2007-06-18T03:33:04, Critical path event 27,74,6
2007-06-18T03:41:16, Critical path event 28,6,10
2007-06-18T03:48:51, Critical path event 29,61,5
2007-06-18T03:57:48, Critical path event 29,57,8
2007-06-18T04:11:00, Critical path event 29,79,10
2007-06-18T04:20:01, Critical path event 29,63,2
2007-06-18T04:27:52, Critical path event 33,92,7
2007-06-18T04:31:33, Critical path event 34,16,0
2007-06-18T04:39:24, Critical path event 35,41,5
2007-06-18T04:48:28, Critical path event 36,72,3
2007-06-18T04:58:09, Critical path event 37,88,10
2007-06-18T05:04:10, Critical path event 38,90,10
2007-06-18T05:12:24, Critical path event 39,45,8
2007-06-18T05:15:02, Misc. noise event 8,59,5
2007-06-18T05:19:36, Critical path event 19,34,1
2007-06-18T05:27:48, Critical path event 19,0,0
2007-06-18T05:35:23, Critical path event 19,59,3
2007-06-18T05:42:57, Misc. noise event 9,48,2
2007-06-18T05:44:20, Critical path event 19,83,10
2007-06-18T05:53:56, Misc. noise event 10,55,3
2007-06-18T05:57:32, Critical path event 44,94,1
