--------------------------------------------------
datetime,message,random_int_1,random_int_2
--------------------------------------------------
2007-01-15T00:00:00, Critical path event 1,58,9
2007-01-15T00:07:52, Critical path event 2,2,1
2007-01-15T00:17:17, Critical path event 3,0,1
2007-01-15T00:25:55, Critical path event 4,72,3
2007-01-15T00:49:36, Misc. noise event 0,100,9
2007-01-15T00:50:15, Critical path event 5,39,6
2007-01-15T00:57:31, Misc. noise event 1,37,4
2007-01-15T00:57:54, Critical path event 6,56,5
2007-01-15T01:07:29, Critical path event 7,89,2
2007-01-15T01:12:03, Critical path event 8,84,4
2007-01-15T01:19:16, Critical path event 9,12,0
2007-01-15T01:27:56, Critical path event 9,14,6
2007-01-15T01:37:50, Critical path event 9,73,8
2007-01-15T01:44:04, Critical path event 9,17,7
2007-01-15T01:52:47, Misc. noise event 2,32,5
2007-01-15T01:54:03, Critical path event 13,27,10
2007-01-15T02:16:08, Critical path event 14,11,1
2007-01-15T02:24:00, Critical path event 15,53,10
2007-01-15T02:33:25, Critical path event 16,87,3
2007-01-15T02:37:04, Misc. noise event 3,67,6
2007-01-15T02:40:43, Critical path event 17,17,6
2007-01-15T02:54:17, Critical path event 18,43,2
2007-01-15T03:01:56, Critical path event 19,75,4
2007-01-15T03:08:35, Misc. noise event 4,97,0
2007-01-15T03:11:31, Critical path event 19,72,6
2007-01-15T03:21:19, Critical path event 19,83,6
2007-01-15T03:35:56, Critical path event 19,62,5
2007-01-15T03:43:27, Misc. noise event 5,82,2

    ----------------some other thing --------------
    filesize :1024k
    alert-level : FATAL
    description: thing with pid 34345 died because 
        random java stacktrace 
        that is super noisy with numbers and datetimes 
Exception in thread "main" java.lang.NullPointerException
    at AnotherClassLoader.loadClass(test.java:58)
    at test.main(test.java:30)
    at Main.main(Main.java:68)
    -------------------------------------------- 
    2007-01-15T03:44:36, Critical path event 23,39,7
2007-01-15T03:54:30, Critical path event 24,7,2
2007-01-15T04:00:44, Critical path event 25,61,2
2007-01-15T04:08:37, Critical path event 26,48,7
2007-01-15T04:16:53, Misc. noise event 6,9,5
2007-01-15T04:17:39, Critical path event 27,87,5
2007-01-15T04:25:31, Critical path event 28,34,9
2007-01-15T04:34:56, Critical path event 29,96,2
2007-01-15T04:40:16, Misc. noise event 7,42,5
2007-01-15T04:42:14, Critical path event 29,69,9
2007-01-15T04:55:48, Critical path event 29,58,7
2007-01-15T05:03:27, Critical path event 29,93,6
2007-01-15T05:13:02, Critical path event 33,70,3
2007-01-15T05:17:36, Critical path event 34,69,5
2007-01-15T05:24:49, Critical path event 35,19,1
2007-01-15T05:30:54, Misc. noise event 8,12,3
2007-01-15T05:33:29, Critical path event 36,99,8
2007-01-15T05:50:15, Misc. noise event 9,48,6
2007-01-15T05:51:28, Critical path event 37,41,8
2007-01-15T05:55:26, Misc. noise event 10,8,10
2007-01-15T05:57:42, Critical path event 38,42,4
2007-01-15T06:05:35, Critical path event 39,46,6
2007-01-15T06:15:36, Critical path event 19,56,3
2007-01-15T06:23:28, Critical path event 19,0,10
2007-01-15T06:32:53, Critical path event 19,90,7
2007-01-15T06:40:11, Critical path event 19,93,1
2007-01-15T06:53:45, Critical path event 44,60,7
