--------------------------------------------------
datetime,message,random_int_1,random_int_2
--------------------------------------------------
2007-08-05T23:57:53, Misc. noise event 0,29,0
2007-08-06T00:00:00, Critical path event 1,51,9
2007-08-06T00:08:45, Critical path event 2,33,2
2007-08-06T00:16:23, Critical path event 3,18,3
2007-08-06T00:24:53, Critical path event 4,95,10
2007-08-06T00:40:14, Misc. noise event 1,76,5
2007-08-06T00:40:25, Critical path event 5,99,10
2007-08-06T00:47:50, Critical path event 6,15,5
2007-08-06T00:54:57, Misc. noise event 2,64,4
2007-08-06T00:57:18, Critical path event 7,44,6
2007-08-06T01:01:11, Critical path event 8,40,8
2007-08-06T01:06:46, Misc. noise event 3,52,8
2007-08-06T01:09:33, Critical path event 9,51,9
2007-08-06T01:18:38, Critical path event 9,77,9
2007-08-06T01:27:14, Misc. noise event 4,31,4
2007-08-06T01:30:22, Critical path event 9,76,2
2007-08-06T01:38:21, Critical path event 9,21,9
2007-08-06T01:41:49, Misc. noise event 5,85,6
2007-08-06T01:44:38, Critical path event 13,15,0
2007-08-06T01:53:19, Critical path event 14,0,4
2007-08-06T02:02:04, Critical path event 15,55,7
2007-08-06T02:09:42, Critical path event 16,23,8
2007-08-06T02:18:12, Critical path event 17,29,5
2007-08-06T02:33:44, Critical path event 18,3,0
2007-08-06T02:41:09, Critical path event 19,33,10
2007-08-06T02:50:37, Critical path event 19,100,6
2007-08-06T02:49:40, Misc. noise event 6,44,9
2007-08-06T02:54:30, Critical path event 19,56,6

    ----------------some other thing --------------
    filesize :1024k
    alert-level : FATAL
    description: thing with pid 34345 died because 
        random java stacktrace 
        that is super noisy with numbers and datetimes 
Exception in thread "main" java.lang.NullPointerException
    at AnotherClassLoader.loadClass(test.java:58)
    at test.main(test.java:30)
    at Main.main(Main.java:68)
    -------------------------------------------- 
    2007-08-06T03:02:52, Critical path event 19,40,5
2007-08-06T03:11:54, Misc. noise event 7,35,3
2007-08-06T03:11:57, Critical path event 23,12,10
2007-08-06T03:23:41, Critical path event 24,24,6
2007-08-06T03:31:40, Critical path event 25,14,10
2007-08-06T03:37:57, Critical path event 26,20,0
2007-08-06T03:46:38, Critical path event 27,85,7
2007-08-06T03:55:23, Critical path event 28,86,10
2007-08-06T04:03:01, Critical path event 29,40,5
2007-08-06T04:11:31, Critical path event 29,69,0
2007-08-06T04:27:03, Critical path event 29,0,10
2007-08-06T04:34:28, Critical path event 29,63,5
2007-08-06T04:42:03, Misc. noise event 8,13,0
2007-08-06T04:43:56, Critical path event 33,43,5
2007-08-06T04:47:49, Critical path event 34,24,9
2007-08-06T04:56:11, Critical path event 35,58,6
2007-08-06T05:03:05, Misc. noise event 9,5,8
2007-08-06T05:05:16, Critical path event 36,85,3
2007-08-06T05:17:00, Critical path event 37,79,5
2007-08-06T05:20:49, Misc. noise event 10,59,3
2007-08-06T05:24:59, Critical path event 38,23,7
2007-08-06T05:31:16, Critical path event 39,46,0
2007-08-06T05:39:57, Critical path event 19,23,8
2007-08-06T05:48:42, Critical path event 19,82,7
2007-08-06T05:56:20, Critical path event 19,58,9
2007-08-06T06:04:50, Critical path event 19,17,4
2007-08-06T06:20:22, Critical path event 44,88,0
