--------------------------------------------------
datetime,message,random_int_1,random_int_2
--------------------------------------------------
2007-03-12T00:00:00, Critical path event 1,83,1
2007-03-12T00:08:42, Critical path event 2,21,1
2007-03-12T00:17:32, Critical path event 3,49,9
2007-03-12T00:24:25, Misc. noise event 0,87,3
2007-03-12T00:25:14, Critical path event 4,37,2
2007-03-12T00:35:32, Misc. noise event 1,76,10
2007-03-12T00:38:40, Critical path event 5,60,10
2007-03-12T00:47:17, Critical path event 6,73,6
2007-03-12T00:55:42, Critical path event 7,34,10
2007-03-12T00:58:30, Misc. noise event 2,97,5
2007-03-12T01:01:32, Critical path event 8,40,10
2007-03-12T01:05:30, Misc. noise event 3,7,1
2007-03-12T01:09:40, Critical path event 9,28,2
2007-03-12T01:17:18, Critical path event 9,65,9
2007-03-12T01:27:41, Critical path event 9,76,6
2007-03-12T01:34:49, Misc. noise event 4,70,5
2007-03-12T01:35:17, Critical path event 9,97,4
2007-03-12T01:43:15, Critical path event 13,72,4
2007-03-12T01:52:38, Critical path event 14,80,1
2007-03-12T02:01:20, Critical path event 15,81,3
2007-03-12T02:10:10, Critical path event 16,37,9
2007-03-12T02:17:52, Critical path event 17,90,10
2007-03-12T02:31:18, Critical path event 18,33,1
2007-03-12T02:39:55, Critical path event 19,1,9
2007-03-12T02:47:30, Misc. noise event 5,18,7
2007-03-12T02:48:20, Critical path event 19,67,1
2007-03-12T02:54:10, Critical path event 19,47,6
2007-03-12T03:02:18, Critical path event 19,17,5

    ----------------some other thing --------------
    filesize :1024k
    alert-level : FATAL
    description: thing with pid 34345 died because 
        random java stacktrace 
        that is super noisy with numbers and datetimes 
Exception in thread "main" java.lang.NullPointerException
    at AnotherClassLoader.loadClass(test.java:58)
    at test.main(test.java:30)
    at Main.main(Main.java:68)
    -------------------------------------------- 
    2007-03-12T03:09:56, Critical path event 23,99,1
2007-03-12T03:20:19, Critical path event 24,32,2
2007-03-12T03:27:55, Critical path event 25,7,8
2007-03-12T03:35:53, Critical path event 26,21,0
2007-03-12T03:45:16, Critical path event 27,3,9
2007-03-12T03:53:58, Critical path event 28,56,9
2007-03-12T04:02:48, Critical path event 29,39,0
2007-03-12T04:07:38, Misc. noise event 6,69,7
2007-03-12T04:10:30, Critical path event 29,56,7
2007-03-12T04:21:52, Misc. noise event 7,75,6
2007-03-12T04:23:56, Critical path event 29,67,1
2007-03-12T04:32:33, Critical path event 29,6,2
2007-03-12T04:40:58, Critical path event 33,41,10
2007-03-12T04:46:48, Critical path event 34,5,5
2007-03-12T04:54:56, Critical path event 35,92,2
2007-03-12T05:02:34, Critical path event 36,35,0
2007-03-12T05:12:04, Misc. noise event 8,7,3
2007-03-12T05:12:57, Critical path event 37,68,6
2007-03-12T05:20:33, Critical path event 38,41,2
2007-03-12T05:28:25, Misc. noise event 9,68,8
2007-03-12T05:28:31, Critical path event 39,70,7
2007-03-12T05:37:54, Critical path event 19,59,3
2007-03-12T05:46:36, Critical path event 19,4,9
2007-03-12T05:55:26, Critical path event 19,30,1
2007-03-12T06:03:08, Critical path event 19,25,0
2007-03-12T06:13:59, Misc. noise event 10,95,10
2007-03-12T06:16:34, Critical path event 44,58,10
