--------------------------------------------------
datetime,message,random_int_1,random_int_2
--------------------------------------------------
2007-02-26T00:00:00, Critical path event 1,25,9
2007-02-26T00:06:28, Misc. noise event 0,9,10
2007-02-26T00:09:04, Critical path event 2,3,0
2007-02-26T00:17:38, Critical path event 3,71,3
2007-02-26T00:22:07, Misc. noise event 1,95,0
2007-02-26T00:26:46, Critical path event 4,2,2
2007-02-26T00:42:05, Critical path event 5,38,6
2007-02-26T00:51:48, Critical path event 6,70,3
2007-02-26T01:05:44, Misc. noise event 2,55,5
2007-02-26T01:07:05, Critical path event 7,30,7
2007-02-26T01:17:15, Critical path event 8,48,5
2007-02-26T01:40:35, Misc. noise event 3,20,6
2007-02-26T01:41:03, Critical path event 9,40,3
2007-02-26T01:48:38, Misc. noise event 4,95,4
2007-02-26T01:49:36, Critical path event 9,86,4
2007-02-26T02:01:05, Critical path event 9,11,5
2007-02-26T02:03:48, Misc. noise event 5,83,1
2007-02-26T02:08:38, Critical path event 9,32,9
2007-02-26T02:18:41, Critical path event 13,48,0
2007-02-26T02:28:05, Critical path event 14,41,5
2007-02-26T02:36:24, Misc. noise event 6,93,3
2007-02-26T02:37:09, Critical path event 15,82,0
2007-02-26T02:42:54, Misc. noise event 7,51,6
2007-02-26T02:45:43, Critical path event 16,41,2
2007-02-26T02:54:51, Critical path event 17,30,6
2007-02-26T03:10:10, Critical path event 18,60,8
2007-02-26T03:16:44, Misc. noise event 8,33,2
2007-02-26T03:17:44, Critical path event 19,94,2

    ----------------some other thing --------------
    filesize :1024k
    alert-level : FATAL
    description: thing with pid 34345 died because 
        random java stacktrace 
        that is super noisy with numbers and datetimes 
Exception in thread "main" java.lang.NullPointerException
    at AnotherClassLoader.loadClass(test.java:58)
    at test.main(test.java:30)
    at Main.main(Main.java:68)
    -------------------------------------------- 
    2007-02-26T03:25:04, Critical path event 19,30,9
2007-02-26T03:30:46, Critical path event 19,45,8
2007-02-26T03:41:49, Misc. noise event 9,5,9
2007-02-26T03:43:44, Critical path event 19,94,2
2007-02-26T03:55:04, Critical path event 23,73,10
2007-02-26T04:06:33, Critical path event 24,18,10
2007-02-26T04:14:06, Critical path event 25,65,5
2007-02-26T04:21:58, Critical path event 26,88,7
2007-02-26T04:31:22, Critical path event 27,95,7
2007-02-26T04:40:26, Critical path event 28,74,8
2007-02-26T04:49:00, Critical path event 29,91,5
2007-02-26T04:58:08, Critical path event 29,55,5
2007-02-26T05:13:27, Critical path event 29,6,7
2007-02-26T05:27:13, Critical path event 29,58,2
2007-02-26T05:34:33, Critical path event 33,50,2
2007-02-26T05:47:33, Critical path event 34,13,5
2007-02-26T05:54:09, Misc. noise event 10,0,10
2007-02-26T05:56:07, Critical path event 35,56,4
2007-02-26T06:04:40, Critical path event 36,37,10
2007-02-26T06:20:45, Critical path event 37,87,9
2007-02-26T06:28:18, Critical path event 38,68,1
2007-02-26T06:36:10, Critical path event 39,84,0
2007-02-26T06:45:34, Critical path event 19,64,9
2007-02-26T06:54:38, Critical path event 19,30,9
2007-02-26T07:09:38, Critical path event 19,69,10
2007-02-26T07:18:46, Critical path event 19,81,7
2007-02-26T08:00:32, Critical path event 44,1,10
