--------------------------------------------------
datetime,message,random_int_1,random_int_2
--------------------------------------------------
2007-07-02T00:00:00, Critical path event 1,0,8
2007-07-02T00:04:32, Misc. noise event 0,43,7
2007-07-02T00:07:15, Critical path event 2,54,2
2007-07-02T00:18:56, Misc. noise event 1,10,9
2007-07-02T00:23:19, Critical path event 3,88,6
2007-07-02T00:31:28, Critical path event 4,66,5
2007-07-02T00:43:40, Misc. noise event 2,52,7
2007-07-02T00:45:05, Critical path event 5,61,1
2007-07-02T00:55:35, Misc. noise event 3,53,8
2007-07-02T00:59:41, Critical path event 6,63,10
2007-07-02T01:23:01, Critical path event 7,98,10
2007-07-02T01:28:58, Critical path event 8,50,2
2007-07-02T01:49:37, Misc. noise event 4,28,7
2007-07-02T01:53:08, Critical path event 9,80,4
2007-07-02T02:08:49, Critical path event 9,23,10
2007-07-02T02:34:30, Critical path event 9,76,5
2007-07-02T02:40:33, Critical path event 9,54,5
2007-07-02T03:00:07, Critical path event 13,10,5
2007-07-02T03:08:17, Critical path event 14,79,2
2007-07-02T03:15:51, Critical path event 15,74,5
2007-07-02T03:23:06, Critical path event 16,3,10
2007-07-02T03:31:15, Critical path event 17,82,1
2007-07-02T03:44:52, Critical path event 18,97,8
2007-07-02T03:59:12, Critical path event 19,63,6
2007-07-02T04:11:36, Misc. noise event 5,88,3
2007-07-02T04:15:16, Critical path event 19,26,2
2007-07-02T04:21:13, Critical path event 19,73,4
2007-07-02T04:27:02, Misc. noise event 6,3,1

    ----------------some other thing --------------
    filesize :1024k
    alert-level : FATAL
    description: thing with pid 34345 died because 
        random java stacktrace 
        that is super noisy with numbers and datetimes 
Exception in thread "main" java.lang.NullPointerException
    at AnotherClassLoader.loadClass(test.java:58)
    at test.main(test.java:30)
    at Main.main(Main.java:68)
    -------------------------------------------- 
    2007-07-02T04:30:43, Critical path event 19,22,4
2007-07-02T04:52:57, Critical path event 23,38,2
2007-07-02T05:03:25, Critical path event 24,80,8
2007-07-02T05:15:22, Misc. noise event 7,74,8
2007-07-02T05:15:54, Critical path event 25,56,1
2007-07-02T05:23:39, Critical path event 26,89,10
2007-07-02T05:31:49, Critical path event 27,48,6
2007-07-02T05:39:04, Critical path event 28,9,1
2007-07-02T05:42:29, Misc. noise event 8,38,4
2007-07-02T05:46:19, Critical path event 29,37,3
2007-07-02T05:54:28, Critical path event 29,97,3
2007-07-02T06:08:05, Critical path event 29,71,8
2007-07-02T06:19:14, Critical path event 29,25,0
2007-07-02T06:27:34, Critical path event 33,44,10
2007-07-02T06:33:31, Critical path event 34,94,10
2007-07-02T06:43:01, Critical path event 35,86,6
2007-07-02T06:51:28, Critical path event 36,19,9
2007-07-02T07:01:56, Critical path event 37,41,5
2007-07-02T07:12:50, Critical path event 38,56,0
2007-07-02T07:29:59, Critical path event 39,97,9
2007-07-02T07:38:09, Critical path event 19,67,6
2007-07-02T07:44:58, Misc. noise event 9,32,9
2007-07-02T07:45:24, Critical path event 19,16,3
2007-07-02T07:52:39, Critical path event 19,70,5
2007-07-02T08:00:48, Critical path event 19,38,3
2007-07-02T08:11:52, Misc. noise event 10,49,5
2007-07-02T08:14:25, Critical path event 44,31,6
