--------------------------------------------------
datetime,message,random_int_1,random_int_2
--------------------------------------------------
2007-07-23T00:00:00, Critical path event 1,77,1
2007-07-23T00:08:01, Critical path event 2,28,5
2007-07-23T00:15:13, Critical path event 3,98,10
2007-07-23T00:23:05, Misc. noise event 0,69,7
2007-07-23T00:24:31, Critical path event 4,28,2
2007-07-23T00:37:48, Critical path event 5,90,6
2007-07-23T00:46:43, Critical path event 6,81,9
2007-07-23T00:53:41, Misc. noise event 1,93,5
2007-07-23T00:56:16, Critical path event 7,53,4
2007-07-23T01:01:39, Critical path event 8,43,9
2007-07-23T01:11:13, Critical path event 9,99,1
2007-07-23T01:17:47, Misc. noise event 2,69,0
2007-07-23T01:20:05, Critical path event 9,83,7
2007-07-23T01:27:32, Misc. noise event 3,9,5
2007-07-23T01:31:50, Critical path event 9,96,9
2007-07-23T01:38:48, Critical path event 9,36,10
2007-07-23T01:40:18, Misc. noise event 4,82,0
2007-07-23T01:44:48, Critical path event 13,4,2
2007-07-23T01:53:41, Critical path event 14,75,9
2007-07-23T02:01:42, Critical path event 15,81,9
2007-07-23T02:08:54, Critical path event 16,51,6
2007-07-23T02:17:26, Misc. noise event 5,77,3
2007-07-23T02:18:12, Critical path event 17,74,1
2007-07-23T02:31:29, Critical path event 18,82,7
2007-07-23T02:40:24, Critical path event 19,60,8
2007-07-23T02:46:38, Misc. noise event 6,34,6
2007-07-23T02:49:57, Critical path event 19,4,7
2007-07-23T02:55:15, Misc. noise event 7,5,8

    ----------------some other thing --------------
    filesize :1024k
    alert-level : FATAL
    description: thing with pid 34345 died because 
        random java stacktrace 
        that is super noisy with numbers and datetimes 
Exception in thread "main" java.lang.NullPointerException
    at AnotherClassLoader.loadClass(test.java:58)
    at test.main(test.java:30)
    at Main.main(Main.java:68)
    -------------------------------------------- 
    2007-07-23T02:55:20, Critical path event 19,89,4
2007-07-23T03:04:38, Misc. noise event 8,5,1
2007-07-23T03:04:54, Critical path event 19,25,3
2007-07-23T03:13:46, Critical path event 23,35,4
2007-07-23T03:25:31, Critical path event 24,19,8
2007-07-23T03:32:29, Critical path event 25,47,6
2007-07-23T03:38:29, Critical path event 26,33,7
2007-07-23T03:47:22, Critical path event 27,47,6
2007-07-23T03:55:23, Critical path event 28,71,2
2007-07-23T04:02:35, Critical path event 29,20,2
2007-07-23T04:11:53, Critical path event 29,89,6
2007-07-23T04:20:26, Misc. noise event 9,31,5
2007-07-23T04:25:10, Critical path event 29,37,3
2007-07-23T04:34:05, Critical path event 29,24,1
2007-07-23T04:43:38, Critical path event 33,35,0
2007-07-23T04:48:15, Misc. noise event 10,82,4
2007-07-23T04:49:01, Critical path event 34,46,6
2007-07-23T04:58:35, Critical path event 35,5,9
2007-07-23T05:07:27, Critical path event 36,5,0
2007-07-23T05:19:12, Critical path event 37,55,9
2007-07-23T05:26:10, Critical path event 38,25,2
2007-07-23T05:32:10, Critical path event 39,91,10
2007-07-23T05:41:03, Critical path event 19,35,4
2007-07-23T05:49:04, Critical path event 19,76,6
2007-07-23T05:56:16, Critical path event 19,22,8
2007-07-23T06:05:34, Critical path event 19,81,9
2007-07-23T06:18:51, Critical path event 44,55,9
