--------------------------------------------------
datetime,message,random_int_1,random_int_2
--------------------------------------------------
2007-01-29T00:00:00, Critical path event 1,60,10
2007-01-29T00:07:31, Misc. noise event 0,90,2
2007-01-29T00:08:02, Critical path event 2,77,3
2007-01-29T00:16:17, Critical path event 3,21,7
2007-01-29T00:22:59, Misc. noise event 1,64,2
2007-01-29T00:25:42, Critical path event 4,26,4
2007-01-29T00:39:17, Critical path event 5,9,10
2007-01-29T00:48:45, Critical path event 6,65,10
2007-01-29T00:57:33, Critical path event 7,72,5
2007-01-29T01:02:37, Critical path event 8,89,7
2007-01-29T01:11:18, Critical path event 9,54,7
2007-01-29T01:20:25, Critical path event 9,42,0
2007-01-29T01:32:21, Critical path event 9,1,2
2007-01-29T01:39:06, Misc. noise event 2,63,2
2007-01-29T01:39:11, Critical path event 9,11,10
2007-01-29T01:46:14, Misc. noise event 3,6,2
2007-01-29T01:50:20, Critical path event 13,8,9
2007-01-29T02:10:00, Critical path event 14,64,7
2007-01-29T02:18:02, Critical path event 15,5,5
2007-01-29T02:26:17, Critical path event 16,58,9
2007-01-29T02:35:42, Critical path event 17,33,8
2007-01-29T02:46:12, Misc. noise event 4,72,1
2007-01-29T02:49:17, Critical path event 18,63,8
2007-01-29T03:05:26, Critical path event 19,35,0
2007-01-29T03:14:14, Critical path event 19,99,6
2007-01-29T03:25:32, Critical path event 19,12,9
2007-01-29T03:34:13, Critical path event 19,11,7
2007-01-29T03:43:20, Critical path event 23,80,3

    ----------------some other thing --------------
    filesize :1024k
    alert-level : FATAL
    description: thing with pid 34345 died because 
        random java stacktrace 
        that is super noisy with numbers and datetimes 
Exception in thread "main" java.lang.NullPointerException
    at AnotherClassLoader.loadClass(test.java:58)
    at test.main(test.java:30)
    at Main.main(Main.java:68)
    -------------------------------------------- 
    2007-01-29T03:51:48, Misc. noise event 5,32,10
2007-01-29T03:55:16, Critical path event 24,97,5
2007-01-29T04:02:06, Critical path event 25,58,4
2007-01-29T04:09:20, Misc. noise event 6,59,1
2007-01-29T04:10:24, Critical path event 26,52,8
2007-01-29T04:18:36, Misc. noise event 7,49,3
2007-01-29T04:18:45, Critical path event 27,38,7
2007-01-29T04:26:47, Critical path event 28,36,8
2007-01-29T04:32:22, Misc. noise event 8,2,4
2007-01-29T04:35:02, Critical path event 29,43,10
2007-01-29T04:49:26, Critical path event 29,73,3
2007-01-29T05:03:01, Critical path event 29,10,0
2007-01-29T05:12:29, Critical path event 29,62,2
2007-01-29T05:21:17, Critical path event 33,31,5
2007-01-29T05:34:27, Critical path event 34,13,10
2007-01-29T05:50:40, Critical path event 35,57,10
2007-01-29T05:59:47, Critical path event 36,12,7
2007-01-29T06:11:43, Critical path event 37,95,8
2007-01-29T06:17:18, Misc. noise event 9,89,2
2007-01-29T06:18:33, Critical path event 38,89,2
2007-01-29T06:26:51, Critical path event 39,92,6
2007-01-29T06:35:12, Critical path event 19,60,2
2007-01-29T06:43:14, Critical path event 19,42,3
2007-01-29T06:51:29, Critical path event 19,59,5
2007-01-29T07:03:35, Critical path event 19,36,9
2007-01-29T07:15:46, Misc. noise event 10,51,10
2007-01-29T07:17:10, Critical path event 44,18,9
