--------------------------------------------------
datetime,message,random_int_1,random_int_2
--------------------------------------------------
2007-10-21T23:59:48, Misc. noise event 0,11,1
2007-10-22T00:00:00, Critical path event 1,62,4
2007-10-22T00:09:04, Critical path event 2,57,0
2007-10-22T00:26:36, Misc. noise event 1,49,0
2007-10-22T00:28:03, Critical path event 3,25,8
2007-10-22T00:36:37, Critical path event 4,46,2
2007-10-22T00:46:48, Misc. noise event 2,59,5
2007-10-22T00:51:37, Critical path event 5,85,2
2007-10-22T00:57:11, Misc. noise event 3,50,10
2007-10-22T01:01:00, Critical path event 6,45,6
2007-10-22T01:21:09, Critical path event 7,91,8
2007-10-22T01:28:46, Critical path event 8,46,5
2007-10-22T01:45:43, Critical path event 9,18,9
2007-10-22T01:52:55, Critical path event 9,90,3
2007-10-22T02:04:09, Critical path event 9,37,1
2007-10-22T02:10:48, Critical path event 9,11,7
2007-10-22T02:16:51, Critical path event 13,74,8
2007-10-22T02:25:02, Critical path event 14,75,5
2007-10-22T02:31:27, Misc. noise event 4,15,1
2007-10-22T02:34:06, Critical path event 15,18,2
2007-10-22T02:42:30, Misc. noise event 5,64,8
2007-10-22T02:44:37, Critical path event 16,9,1
2007-10-22T02:53:11, Critical path event 17,1,8
2007-10-22T03:08:11, Critical path event 18,88,10
2007-10-22T03:24:08, Critical path event 19,48,3
2007-10-22T03:31:22, Misc. noise event 6,42,7
2007-10-22T03:31:50, Critical path event 19,54,10
2007-10-22T03:36:40, Critical path event 19,63,4

    ----------------some other thing --------------
    filesize :1024k
    alert-level : FATAL
    description: thing with pid 34345 died because 
        random java stacktrace 
        that is super noisy with numbers and datetimes 
Exception in thread "main" java.lang.NullPointerException
    at AnotherClassLoader.loadClass(test.java:58)
    at test.main(test.java:30)
    at Main.main(Main.java:68)
    -------------------------------------------- 
    2007-10-22T03:50:42, Critical path event 19,41,7
2007-10-22T04:08:16, Critical path event 23,19,7
2007-10-22T04:18:28, Misc. noise event 7,38,0
2007-10-22T04:19:30, Critical path event 24,84,2
2007-10-22T04:26:09, Critical path event 25,78,2
2007-10-22T04:34:03, Critical path event 26,69,0
2007-10-22T04:42:14, Critical path event 27,1,6
2007-10-22T04:51:17, Misc. noise event 8,44,4
2007-10-22T04:51:18, Critical path event 28,8,8
2007-10-22T04:58:50, Critical path event 29,1,10
2007-10-22T05:07:24, Critical path event 29,71,2
2007-10-22T05:22:24, Critical path event 29,32,6
2007-10-22T05:31:47, Critical path event 29,90,10
2007-10-22T05:39:29, Critical path event 33,36,8
2007-10-22T05:39:36, Misc. noise event 9,55,6
2007-10-22T05:44:19, Critical path event 34,8,9
2007-10-22T06:02:39, Critical path event 35,50,4
2007-10-22T06:09:51, Critical path event 36,14,10
2007-10-22T06:21:05, Critical path event 37,6,10
2007-10-22T06:27:44, Critical path event 38,7,4
2007-10-22T06:40:30, Misc. noise event 10,37,5
2007-10-22T06:44:25, Critical path event 39,19,8
2007-10-22T06:52:36, Critical path event 19,25,6
2007-10-22T07:04:08, Critical path event 19,56,6
2007-10-22T07:11:40, Critical path event 19,11,5
2007-10-22T07:20:14, Critical path event 19,34,6
2007-10-22T07:56:43, Critical path event 44,98,3
