--------------------------------------------------
datetime,message,random_int_1,random_int_2
--------------------------------------------------
2007-05-21T00:00:00, Critical path event 1,95,6
2007-05-21T00:06:53, Misc. noise event 0,28,10
2007-05-21T00:07:12, Critical path event 2,9,2
2007-05-21T00:10:09, Misc. noise event 1,9,3
2007-05-21T00:14:46, Critical path event 3,7,4
2007-05-21T00:22:43, Critical path event 4,98,0
2007-05-21T00:35:58, Critical path event 5,69,10
2007-05-21T00:45:14, Critical path event 6,49,6
2007-05-21T00:54:21, Critical path event 7,65,10
2007-05-21T00:53:52, Misc. noise event 2,50,1
2007-05-21T00:58:17, Critical path event 8,63,9
2007-05-21T01:07:50, Critical path event 9,99,2
2007-05-21T01:11:04, Misc. noise event 3,34,4
2007-05-21T01:15:02, Critical path event 9,32,4
2007-05-21T01:26:44, Critical path event 9,47,4
2007-05-21T01:34:06, Critical path event 9,96,7
2007-05-21T01:40:39, Critical path event 13,11,7
2007-05-21T01:48:04, Critical path event 14,64,7
2007-05-21T01:53:51, Misc. noise event 4,50,9
2007-05-21T01:55:16, Critical path event 15,38,5
2007-05-21T02:02:50, Critical path event 16,53,6
2007-05-21T02:10:47, Critical path event 17,66,2
2007-05-21T02:24:02, Critical path event 18,39,6
2007-05-21T02:30:02, Misc. noise event 5,37,4
2007-05-21T02:33:18, Critical path event 19,100,8
2007-05-21T02:42:25, Critical path event 19,6,6
2007-05-21T02:46:21, Critical path event 19,8,6
2007-05-21T02:55:54, Critical path event 19,94,0

    ----------------some other thing --------------
    filesize :1024k
    alert-level : FATAL
    description: thing with pid 34345 died because 
        random java stacktrace 
        that is super noisy with numbers and datetimes 
Exception in thread "main" java.lang.NullPointerException
    at AnotherClassLoader.loadClass(test.java:58)
    at test.main(test.java:30)
    at Main.main(Main.java:68)
    -------------------------------------------- 
    2007-05-21T03:03:06, Critical path event 23,76,7
2007-05-21T03:14:48, Critical path event 24,76,8
2007-05-21T03:22:10, Critical path event 25,10,9
2007-05-21T03:28:43, Critical path event 26,60,4
2007-05-21T03:35:28, Misc. noise event 6,16,5
2007-05-21T03:36:08, Critical path event 27,18,2
2007-05-21T03:43:20, Critical path event 28,50,8
2007-05-21T03:50:54, Critical path event 29,1,5
2007-05-21T03:58:51, Critical path event 29,88,2
2007-05-21T04:12:06, Critical path event 29,62,4
2007-05-21T04:21:22, Critical path event 29,6,4
2007-05-21T04:30:29, Critical path event 33,49,8
2007-05-21T04:34:25, Critical path event 34,94,8
2007-05-21T04:42:27, Misc. noise event 7,87,1
2007-05-21T04:43:58, Critical path event 35,87,0
2007-05-21T04:50:00, Misc. noise event 8,82,0
2007-05-21T04:51:10, Critical path event 36,54,4
2007-05-21T05:02:52, Critical path event 37,70,6
2007-05-21T05:10:14, Critical path event 38,84,10
2007-05-21T05:16:47, Critical path event 39,82,6
2007-05-21T05:21:59, Misc. noise event 9,22,9
2007-05-21T05:24:12, Critical path event 19,26,0
2007-05-21T05:31:24, Critical path event 19,17,1
2007-05-21T05:38:27, Misc. noise event 10,0,8
2007-05-21T05:38:58, Critical path event 19,5,3
2007-05-21T05:46:55, Critical path event 19,93,9
2007-05-21T06:00:10, Critical path event 44,22,9
