--------------------------------------------------
datetime,message,random_int_1,random_int_2
--------------------------------------------------
2007-09-10T00:00:00, Critical path event 1,16,4
2007-09-10T00:05:26, Misc. noise event 0,49,10
2007-09-10T00:08:48, Critical path event 2,54,5
2007-09-10T00:18:00, Critical path event 3,13,9
2007-09-10T00:25:54, Critical path event 4,10,4
2007-09-10T00:39:59, Critical path event 5,18,7
2007-09-10T00:48:22, Critical path event 6,80,1
2007-09-10T00:57:57, Critical path event 7,74,1
2007-09-10T01:03:38, Critical path event 8,66,5
2007-09-10T01:12:54, Critical path event 9,45,3
2007-09-10T01:20:10, Critical path event 9,74,10
2007-09-10T01:29:15, Misc. noise event 1,31,8
2007-09-10T01:29:48, Critical path event 9,28,9
2007-09-10T01:36:25, Critical path event 9,19,9
2007-09-10T01:44:36, Critical path event 13,11,3
2007-09-10T01:54:03, Critical path event 14,10,1
2007-09-10T02:02:51, Critical path event 15,95,1
2007-09-10T02:12:03, Critical path event 16,67,8
2007-09-10T02:19:57, Critical path event 17,42,6
2007-09-10T02:34:02, Critical path event 18,31,10
2007-09-10T02:42:25, Critical path event 19,11,0
2007-09-10T02:52:00, Critical path event 19,6,10
2007-09-10T02:53:05, Misc. noise event 2,49,2
2007-09-10T02:57:41, Critical path event 19,24,0
2007-09-10T03:05:07, Misc. noise event 3,52,0
2007-09-10T03:06:57, Critical path event 19,58,3
2007-09-10T03:14:13, Critical path event 23,55,4
2007-09-10T03:23:51, Critical path event 24,97,5

    ----------------some other thing --------------
    filesize :1024k
    alert-level : FATAL
    description: thing with pid 34345 died because 
        random java stacktrace 
        that is super noisy with numbers and datetimes 
Exception in thread "main" java.lang.NullPointerException
    at AnotherClassLoader.loadClass(test.java:58)
    at test.main(test.java:30)
    at Main.main(Main.java:68)
    -------------------------------------------- 
    2007-09-10T03:30:28, Critical path event 25,50,10
2007-09-10T03:38:39, Critical path event 26,99,9
2007-09-10T03:48:06, Critical path event 27,96,4
2007-09-10T03:56:54, Critical path event 28,17,1
2007-09-10T04:03:40, Misc. noise event 4,52,9
2007-09-10T04:06:06, Critical path event 29,98,2
2007-09-10T04:14:00, Critical path event 29,78,2
2007-09-10T04:28:05, Critical path event 29,65,1
2007-09-10T04:33:40, Misc. noise event 5,97,6
2007-09-10T04:36:28, Critical path event 29,62,1
2007-09-10T04:43:59, Misc. noise event 6,31,1
2007-09-10T04:46:03, Critical path event 33,68,9
2007-09-10T04:51:44, Critical path event 34,10,2
2007-09-10T05:01:00, Critical path event 35,82,3
2007-09-10T05:08:16, Critical path event 36,15,8
2007-09-10T05:17:46, Misc. noise event 7,86,0
2007-09-10T05:17:54, Critical path event 37,40,4
2007-09-10T05:24:31, Critical path event 38,61,7
2007-09-10T05:29:16, Misc. noise event 8,66,6
2007-09-10T05:32:42, Critical path event 39,97,3
2007-09-10T05:42:09, Critical path event 19,10,7
2007-09-10T05:47:01, Misc. noise event 9,96,5
2007-09-10T05:50:57, Critical path event 19,45,10
2007-09-10T06:00:09, Critical path event 19,1,1
2007-09-10T06:05:19, Misc. noise event 10,4,5
2007-09-10T06:08:03, Critical path event 19,0,9
2007-09-10T06:22:08, Critical path event 44,15,1
