--------------------------------------------------
datetime,message,random_int_1,random_int_2
--------------------------------------------------
2006-12-31T23:59:20, Misc. noise event 0,95,2
2007-01-01T00:00:00, Critical path event 1,10,8
2007-01-01T00:04:20, Misc. noise event 1,64,4
2007-01-01T00:08:06, Critical path event 2,70,6
2007-01-01T00:16:13, Critical path event 3,18,5
2007-01-01T00:24:47, Critical path event 4,62,1
2007-01-01T00:39:10, Critical path event 5,24,7
2007-01-01T00:48:39, Critical path event 6,47,3
2007-01-01T00:57:39, Critical path event 7,16,6
2007-01-01T01:02:00, Critical path event 8,75,10
2007-01-01T01:11:32, Critical path event 9,64,8
2007-01-01T01:21:05, Critical path event 9,33,8
2007-01-01T01:32:22, Critical path event 9,100,4
2007-01-01T01:39:43, Critical path event 9,20,8
2007-01-01T01:47:49, Critical path event 13,9,5
2007-01-01T01:55:45, Critical path event 14,46,6
2007-01-01T01:59:44, Misc. noise event 2,28,9
2007-01-01T02:03:51, Critical path event 15,94,8
2007-01-01T02:11:58, Critical path event 16,69,8
2007-01-01T02:20:32, Critical path event 17,75,2
2007-01-01T02:34:55, Critical path event 18,85,6
2007-01-01T02:44:24, Critical path event 19,34,2
2007-01-01T02:51:15, Misc. noise event 3,32,8
2007-01-01T02:53:24, Critical path event 19,32,9
2007-01-01T02:57:45, Critical path event 19,92,10
2007-01-01T03:07:17, Critical path event 19,87,7
2007-01-01T03:16:50, Critical path event 23,92,6
2007-01-01T03:28:07, Critical path event 24,10,10

    ----------------some other thing --------------
    filesize :1024k
    alert-level : FATAL
    description: thing with pid 34345 died because 
        random java stacktrace 
        that is super noisy with numbers and datetimes 
Exception in thread "main" java.lang.NullPointerException
    at AnotherClassLoader.loadClass(test.java:58)
    at test.main(test.java:30)
    at Main.main(Main.java:68)
    -------------------------------------------- 
    2007-01-01T03:35:28, Critical path event 25,41,7
2007-01-01T03:42:05, Misc. noise event 4,2,3
2007-01-01T03:43:34, Critical path event 26,0,8
2007-01-01T03:51:30, Critical path event 27,6,7
2007-01-01T03:59:36, Critical path event 28,63,3
2007-01-01T04:07:43, Critical path event 29,17,2
2007-01-01T04:16:17, Critical path event 29,77,4
2007-01-01T04:30:40, Critical path event 29,0,4
2007-01-01T04:40:09, Critical path event 29,27,7
2007-01-01T04:47:43, Misc. noise event 5,88,2
2007-01-01T04:49:09, Critical path event 33,55,7
2007-01-01T04:50:39, Misc. noise event 6,92,7
2007-01-01T04:53:30, Critical path event 34,12,0
2007-01-01T05:03:02, Critical path event 35,56,6
2007-01-01T05:12:25, Misc. noise event 7,70,10
2007-01-01T05:12:35, Critical path event 36,53,3
2007-01-01T05:23:52, Critical path event 37,10,0
2007-01-01T05:31:13, Critical path event 38,41,4
2007-01-01T05:35:06, Misc. noise event 8,33,5
2007-01-01T05:39:19, Critical path event 39,41,3
2007-01-01T05:42:39, Misc. noise event 9,43,7
2007-01-01T05:47:15, Critical path event 19,34,5
2007-01-01T05:55:21, Critical path event 19,13,8
2007-01-01T05:59:21, Misc. noise event 10,41,3
2007-01-01T06:03:28, Critical path event 19,4,9
2007-01-01T06:12:02, Critical path event 19,46,7
2007-01-01T06:26:25, Critical path event 44,58,6
