--------------------------------------------------
datetime,message,random_int_1,random_int_2
--------------------------------------------------
2007-09-16T23:56:30, Misc. noise event 0,44,5
2007-09-17T00:00:00, Critical path event 1,35,1
2007-09-17T00:08:48, Critical path event 2,80,7
2007-09-17T00:17:26, Critical path event 3,81,6
2007-09-17T00:39:42, Critical path event 4,92,5
2007-09-17T00:54:54, Critical path event 5,37,0
2007-09-17T01:02:06, Critical path event 6,18,10
2007-09-17T01:11:33, Critical path event 7,93,4
2007-09-17T01:16:53, Misc. noise event 1,88,6
2007-09-17T01:20:43, Critical path event 8,91,0
2007-09-17T01:28:10, Critical path event 9,42,0
2007-09-17T01:36:36, Misc. noise event 2,64,5
2007-09-17T01:37:26, Critical path event 9,95,1
2007-09-17T01:48:15, Critical path event 9,97,3
2007-09-17T01:56:58, Critical path event 9,9,4
2007-09-17T02:04:59, Critical path event 13,40,0
2007-09-17T02:13:42, Critical path event 14,40,2
2007-09-17T02:20:27, Misc. noise event 3,100,8
2007-09-17T02:22:30, Critical path event 15,88,1
2007-09-17T02:31:08, Critical path event 16,94,10
2007-09-17T02:39:43, Critical path event 17,45,10
2007-09-17T02:54:55, Critical path event 18,8,9
2007-09-17T03:02:07, Critical path event 19,74,9
2007-09-17T03:11:34, Critical path event 19,68,10
2007-09-17T03:18:21, Critical path event 19,64,8
2007-09-17T03:25:48, Critical path event 19,98,10
2007-09-17T03:35:04, Critical path event 23,59,6
2007-09-17T04:02:36, Critical path event 24,42,3

    ----------------some other thing --------------
    filesize :1024k
    alert-level : FATAL
    description: thing with pid 34345 died because 
        random java stacktrace 
        that is super noisy with numbers and datetimes 
Exception in thread "main" java.lang.NullPointerException
    at AnotherClassLoader.loadClass(test.java:58)
    at test.main(test.java:30)
    at Main.main(Main.java:68)
    -------------------------------------------- 
    2007-09-17T04:08:06, Misc. noise event 4,77,7
2007-09-17T04:09:30, Critical path event 25,29,6
2007-09-17T04:24:18, Misc. noise event 5,12,0
2007-09-17T04:29:01, Critical path event 26,26,4
2007-09-17T04:37:44, Critical path event 27,26,4
2007-09-17T04:45:55, Misc. noise event 6,9,8
2007-09-17T04:46:32, Critical path event 28,88,6
2007-09-17T04:55:10, Critical path event 29,66,1
2007-09-17T05:19:31, Misc. noise event 7,73,4
2007-09-17T05:20:48, Critical path event 29,80,0
2007-09-17T05:45:10, Critical path event 29,100,5
2007-09-17T06:06:43, Critical path event 29,73,3
2007-09-17T06:16:10, Critical path event 33,26,10
2007-09-17T06:20:01, Critical path event 34,75,10
2007-09-17T06:29:04, Critical path event 35,31,2
2007-09-17T06:37:16, Misc. noise event 8,85,0
2007-09-17T06:38:20, Critical path event 36,64,1
2007-09-17T06:49:09, Critical path event 37,32,5
2007-09-17T06:54:36, Misc. noise event 9,8,5
2007-09-17T06:59:04, Critical path event 38,28,4
2007-09-17T07:22:18, Critical path event 39,26,10
2007-09-17T07:30:49, Misc. noise event 10,63,6
2007-09-17T07:31:54, Critical path event 19,19,0
2007-09-17T07:40:42, Critical path event 19,18,7
2007-09-17T07:59:37, Critical path event 19,72,0
2007-09-17T08:08:12, Critical path event 19,62,9
2007-09-17T08:34:48, Critical path event 44,53,0
