--------------------------------------------------
datetime,message,random_int_1,random_int_2
--------------------------------------------------
2007-10-08T00:00:00, Critical path event 1,24,0
2007-10-08T00:09:21, Critical path event 2,45,5
2007-10-08T00:17:30, Critical path event 3,37,5
2007-10-08T00:25:22, Critical path event 4,24,6
2007-10-08T00:39:07, Critical path event 5,41,7
2007-10-08T00:47:11, Critical path event 6,72,6
2007-10-08T00:56:33, Critical path event 7,12,9
2007-10-08T01:00:27, Critical path event 8,37,6
2007-10-08T01:09:29, Critical path event 9,45,4
2007-10-08T01:17:31, Critical path event 9,36,7
2007-10-08T01:25:50, Misc. noise event 0,72,0
2007-10-08T01:27:41, Critical path event 9,64,7
2007-10-08T01:35:40, Critical path event 9,77,9
2007-10-08T01:43:49, Critical path event 13,52,1
2007-10-08T01:52:40, Critical path event 14,26,3
2007-10-08T02:02:01, Critical path event 15,95,1
2007-10-08T02:10:10, Critical path event 16,39,3
2007-10-08T02:18:02, Critical path event 17,55,9
2007-10-08T02:31:47, Critical path event 18,70,6
2007-10-08T02:38:44, Misc. noise event 1,62,0
2007-10-08T02:39:51, Critical path event 19,87,10
2007-10-08T02:44:36, Misc. noise event 2,17,1
2007-10-08T02:49:13, Critical path event 19,52,4
2007-10-08T02:48:32, Misc. noise event 3,19,9
2007-10-08T02:53:07, Critical path event 19,51,7
2007-10-08T03:02:09, Critical path event 19,19,2
2007-10-08T03:10:11, Critical path event 23,7,2
2007-10-08T03:20:21, Critical path event 24,3,2

    ----------------some other thing --------------
    filesize :1024k
    alert-level : FATAL
    description: thing with pid 34345 died because 
        random java stacktrace 
        that is super noisy with numbers and datetimes 
Exception in thread "main" java.lang.NullPointerException
    at AnotherClassLoader.loadClass(test.java:58)
    at test.main(test.java:30)
    at Main.main(Main.java:68)
    -------------------------------------------- 
    2007-10-08T03:28:20, Critical path event 25,84,6
2007-10-08T03:32:33, Misc. noise event 4,3,0
2007-10-08T03:36:29, Critical path event 26,30,1
2007-10-08T03:45:20, Critical path event 27,84,2
2007-10-08T03:54:41, Critical path event 28,31,8
2007-10-08T03:58:16, Misc. noise event 5,56,0
2007-10-08T04:02:50, Critical path event 29,55,0
2007-10-08T04:10:42, Critical path event 29,45,2
2007-10-08T04:19:57, Misc. noise event 6,12,2
2007-10-08T04:24:27, Critical path event 29,95,6
2007-10-08T04:31:55, Misc. noise event 7,3,0
2007-10-08T04:32:31, Critical path event 29,45,6
2007-10-08T04:41:53, Critical path event 33,55,0
2007-10-08T04:42:10, Misc. noise event 8,83,7
2007-10-08T04:45:47, Critical path event 34,14,7
2007-10-08T04:54:49, Critical path event 35,40,7
2007-10-08T05:02:51, Critical path event 36,7,2
2007-10-08T05:13:01, Critical path event 37,12,9
2007-10-08T05:17:58, Misc. noise event 9,21,9
2007-10-08T05:21:00, Critical path event 38,74,4
2007-10-08T05:29:09, Critical path event 39,53,0
2007-10-08T05:38:00, Critical path event 19,5,4
2007-10-08T05:45:28, Misc. noise event 10,39,10
2007-10-08T05:47:21, Critical path event 19,14,7
2007-10-08T05:55:30, Critical path event 19,25,6
2007-10-08T06:03:22, Critical path event 19,34,8
2007-10-08T06:17:07, Critical path event 44,67,5
