--------------------------------------------------
datetime,message,random_int_1,random_int_2
--------------------------------------------------
2007-11-04T23:57:16, Misc. noise event 0,29,3
2007-11-05T00:00:00, Critical path event 1,30,4
2007-11-05T00:05:39, Misc. noise event 1,79,6
2007-11-05T00:09:12, Critical path event 2,93,0
2007-11-05T00:18:41, Critical path event 3,46,0
2007-11-05T00:28:09, Critical path event 4,80,1
2007-11-05T00:43:13, Critical path event 5,35,5
2007-11-05T00:50:29, Critical path event 6,51,1
2007-11-05T00:57:49, Critical path event 7,89,10
2007-11-05T01:07:32, Critical path event 8,83,1
2007-11-05T01:16:30, Critical path event 9,27,6
2007-11-05T01:22:52, Misc. noise event 2,47,0
2007-11-05T01:25:29, Critical path event 9,19,2
2007-11-05T01:37:19, Critical path event 9,37,6
2007-11-05T01:45:10, Critical path event 9,21,7
2007-11-05T01:53:31, Critical path event 13,4,0
2007-11-05T02:02:27, Critical path event 14,44,9
2007-11-05T02:24:53, Critical path event 15,81,3
2007-11-05T02:34:22, Critical path event 16,91,5
2007-11-05T02:54:32, Critical path event 17,80,1
2007-11-05T03:37:32, Critical path event 18,6,4
2007-11-05T03:44:48, Critical path event 19,50,4
2007-11-05T04:03:38, Critical path event 19,76,8
2007-11-05T04:11:21, Critical path event 19,79,8
2007-11-05T04:20:19, Critical path event 19,7,10
2007-11-05T04:29:18, Critical path event 23,47,2
2007-11-05T04:57:37, Misc. noise event 3,50,4
2007-11-05T04:59:55, Critical path event 24,56,6

    ----------------some other thing --------------
    filesize :1024k
    alert-level : FATAL
    description: thing with pid 34345 died because 
        random java stacktrace 
        that is super noisy with numbers and datetimes 
Exception in thread "main" java.lang.NullPointerException
    at AnotherClassLoader.loadClass(test.java:58)
    at test.main(test.java:30)
    at Main.main(Main.java:68)
    -------------------------------------------- 
    2007-11-05T05:12:31, Critical path event 25,13,5
2007-11-05T05:24:16, Misc. noise event 4,33,2
2007-11-05T05:29:09, Critical path event 26,13,1
2007-11-05T05:38:05, Critical path event 27,9,6
2007-11-05T05:47:17, Critical path event 28,98,6
2007-11-05T05:56:46, Critical path event 29,8,1
2007-11-05T06:02:57, Misc. noise event 5,31,2
2007-11-05T06:06:14, Critical path event 29,93,3
2007-11-05T06:34:34, Misc. noise event 6,63,3
2007-11-05T06:36:06, Critical path event 29,74,8
2007-11-05T06:43:22, Critical path event 29,74,3
2007-11-05T06:52:04, Misc. noise event 7,6,6
2007-11-05T06:55:54, Critical path event 33,74,0
2007-11-05T07:00:21, Critical path event 34,56,4
2007-11-05T07:06:19, Misc. noise event 8,35,5
2007-11-05T07:09:19, Critical path event 35,18,5
2007-11-05T07:18:18, Critical path event 36,50,0
2007-11-05T07:30:08, Critical path event 37,71,1
2007-11-05T07:38:02, Misc. noise event 9,74,1
2007-11-05T07:39:20, Critical path event 38,6,8
2007-11-05T07:47:41, Critical path event 39,81,0
2007-11-05T07:58:42, Critical path event 19,85,9
2007-11-05T08:07:54, Critical path event 19,5,10
2007-11-05T08:17:23, Critical path event 19,96,7
2007-11-05T08:26:28, Misc. noise event 10,55,8
2007-11-05T08:26:51, Critical path event 19,21,3
2007-11-05T08:41:55, Critical path event 44,72,2
