--------------------------------------------------
datetime,message,random_int_1,random_int_2
--------------------------------------------------
2007-03-25T23:55:42, Misc. noise event 0,71,4
2007-03-26T00:00:00, Critical path event 1,77,8
2007-03-26T00:08:23, Critical path event 2,36,8
2007-03-26T00:17:56, Critical path event 3,39,6
2007-03-26T00:23:25, Misc. noise event 1,86,5
2007-03-26T00:26:56, Critical path event 4,67,3
2007-03-26T00:40:26, Misc. noise event 2,10,9
2007-03-26T00:41:35, Critical path event 5,13,0
2007-03-26T00:50:11, Critical path event 6,67,7
2007-03-26T00:57:14, Misc. noise event 3,59,9
2007-03-26T00:58:01, Critical path event 7,33,8
2007-03-26T01:01:49, Critical path event 8,23,5
2007-03-26T01:11:09, Critical path event 9,49,4
2007-03-26T01:20:04, Critical path event 9,13,0
2007-03-26T01:44:25, Critical path event 9,24,9
2007-03-26T02:02:18, Misc. noise event 4,85,6
2007-03-26T02:05:46, Critical path event 9,54,0
2007-03-26T02:28:09, Critical path event 13,30,7
2007-03-26T02:55:41, Critical path event 14,8,2
2007-03-26T03:04:04, Critical path event 15,42,8
2007-03-26T03:15:45, Critical path event 16,15,6
2007-03-26T03:33:45, Critical path event 17,89,9
2007-03-26T03:48:24, Critical path event 18,61,2
2007-03-26T03:56:56, Misc. noise event 5,26,2
2007-03-26T03:57:00, Critical path event 19,34,0
2007-03-26T04:08:10, Critical path event 19,27,9
2007-03-26T04:14:16, Misc. noise event 6,91,8
2007-03-26T04:14:27, Critical path event 19,80,0

    ----------------some other thing --------------
    filesize :1024k
    alert-level : FATAL
    description: thing with pid 34345 died because 
        random java stacktrace 
        that is super noisy with numbers and datetimes 
Exception in thread "main" java.lang.NullPointerException
    at AnotherClassLoader.loadClass(test.java:58)
    at test.main(test.java:30)
    at Main.main(Main.java:68)
    -------------------------------------------- 
    2007-03-26T04:23:47, Critical path event 19,88,5
2007-03-26T04:32:42, Critical path event 23,44,6
2007-03-26T04:39:16, Misc. noise event 7,65,2
2007-03-26T04:43:14, Critical path event 24,49,2
2007-03-26T05:04:44, Critical path event 25,59,9
2007-03-26T05:12:49, Critical path event 26,23,9
2007-03-26T05:22:02, Critical path event 27,43,4
2007-03-26T05:30:25, Critical path event 28,96,9
2007-03-26T05:55:23, Critical path event 29,95,4
2007-03-26T06:04:23, Critical path event 29,45,7
2007-03-26T06:16:31, Misc. noise event 8,42,3
2007-03-26T06:19:02, Critical path event 29,62,2
2007-03-26T06:27:38, Critical path event 29,53,2
2007-03-26T06:35:28, Critical path event 33,21,3
2007-03-26T06:34:40, Misc. noise event 9,14,10
2007-03-26T06:39:16, Critical path event 34,82,0
2007-03-26T06:48:36, Critical path event 35,55,8
2007-03-26T06:57:31, Critical path event 36,22,3
2007-03-26T07:17:16, Critical path event 37,45,8
2007-03-26T07:34:24, Critical path event 38,43,0
2007-03-26T07:46:16, Critical path event 39,21,6
2007-03-26T07:55:29, Critical path event 19,43,10
2007-03-26T08:03:52, Critical path event 19,41,3
2007-03-26T08:13:22, Misc. noise event 10,98,6
2007-03-26T08:13:25, Critical path event 19,99,8
2007-03-26T08:37:29, Critical path event 19,13,10
2007-03-26T09:19:20, Critical path event 44,0,1
