--------------------------------------------------
datetime,message,random_int_1,random_int_2
--------------------------------------------------
2007-08-26T23:55:36, Misc. noise event 0,26,9
2007-08-27T00:00:00, Critical path event 1,15,8
2007-08-27T00:07:33, Critical path event 2,17,6
2007-08-27T00:16:39, Critical path event 3,91,9
2007-08-27T00:24:06, Critical path event 4,76,10
2007-08-27T00:37:29, Critical path event 5,58,3
2007-08-27T00:44:43, Critical path event 6,57,2
2007-08-27T00:49:04, Misc. noise event 1,6,0
2007-08-27T00:53:33, Critical path event 7,74,10
2007-08-27T00:58:03, Critical path event 8,7,3
2007-08-27T01:07:27, Critical path event 9,85,8
2007-08-27T01:14:42, Critical path event 9,83,8
2007-08-27T01:26:00, Critical path event 9,19,4
2007-08-27T01:33:47, Critical path event 9,31,8
2007-08-27T01:38:08, Misc. noise event 2,80,0
2007-08-27T01:41:21, Critical path event 13,69,9
2007-08-27T01:50:18, Critical path event 14,65,9
2007-08-27T01:57:51, Critical path event 15,21,9
2007-08-27T02:06:57, Critical path event 16,82,2
2007-08-27T02:14:24, Critical path event 17,79,6
2007-08-27T02:27:47, Critical path event 18,74,2
2007-08-27T02:35:01, Critical path event 19,78,0
2007-08-27T02:43:51, Critical path event 19,37,4
2007-08-27T02:48:21, Critical path event 19,75,2
2007-08-27T02:53:50, Misc. noise event 3,82,1
2007-08-27T02:57:45, Critical path event 19,97,2
2007-08-27T03:05:00, Critical path event 23,79,3
2007-08-27T03:16:18, Critical path event 24,97,3

    ----------------some other thing --------------
    filesize :1024k
    alert-level : FATAL
    description: thing with pid 34345 died because 
        random java stacktrace 
        that is super noisy with numbers and datetimes 
Exception in thread "main" java.lang.NullPointerException
    at AnotherClassLoader.loadClass(test.java:58)
    at test.main(test.java:30)
    at Main.main(Main.java:68)
    -------------------------------------------- 
    2007-08-27T03:24:05, Critical path event 25,46,8
2007-08-27T03:31:39, Critical path event 26,41,4
2007-08-27T03:40:36, Critical path event 27,27,2
2007-08-27T03:48:09, Critical path event 28,72,0
2007-08-27T03:57:15, Critical path event 29,44,4
2007-08-27T04:02:46, Misc. noise event 4,34,6
2007-08-27T04:04:42, Critical path event 29,5,9
2007-08-27T04:13:52, Misc. noise event 5,75,6
2007-08-27T04:18:05, Critical path event 29,76,1
2007-08-27T04:21:47, Misc. noise event 6,53,4
2007-08-27T04:25:19, Critical path event 29,72,5
2007-08-27T04:34:09, Critical path event 33,92,0
2007-08-27T04:38:39, Critical path event 34,91,3
2007-08-27T04:48:03, Critical path event 35,54,1
2007-08-27T04:55:18, Critical path event 36,1,9
2007-08-27T05:06:36, Critical path event 37,17,7
2007-08-27T05:13:40, Misc. noise event 7,25,6
2007-08-27T05:14:23, Critical path event 38,1,6
2007-08-27T05:19:18, Misc. noise event 8,34,8
2007-08-27T05:21:57, Critical path event 39,40,5
2007-08-27T05:30:54, Critical path event 19,62,8
2007-08-27T05:38:27, Critical path event 19,36,3
2007-08-27T05:45:18, Misc. noise event 9,98,8
2007-08-27T05:47:33, Critical path event 19,37,8
2007-08-27T05:55:00, Critical path event 19,2,7
2007-08-27T06:04:09, Misc. noise event 10,96,0
2007-08-27T06:08:23, Critical path event 44,97,0
