--------------------------------------------------
datetime,message,random_int_1,random_int_2
--------------------------------------------------
2007-07-16T00:00:00, Critical path event 1,83,6
2007-07-16T00:08:19, Critical path event 2,58,5
2007-07-16T00:17:53, Critical path event 3,53,1
2007-07-16T00:26:34, Critical path event 4,51,6
2007-07-16T00:41:11, Misc. noise event 0,44,2
2007-07-16T00:41:37, Critical path event 5,81,10
2007-07-16T00:54:09, Critical path event 6,49,5
2007-07-16T01:03:17, Misc. noise event 1,44,9
2007-07-16T01:03:23, Critical path event 7,24,9
2007-07-16T01:09:00, Critical path event 8,27,9
2007-07-16T01:18:23, Critical path event 9,27,0
2007-07-16T01:27:44, Critical path event 9,27,8
2007-07-16T01:37:15, Misc. noise event 2,73,4
2007-07-16T01:38:09, Critical path event 9,99,3
2007-07-16T01:46:38, Critical path event 9,42,8
2007-07-16T01:50:39, Misc. noise event 3,72,5
2007-07-16T01:54:05, Critical path event 13,59,4
2007-07-16T02:03:33, Critical path event 14,22,6
2007-07-16T02:07:34, Misc. noise event 4,37,3
2007-07-16T02:11:52, Critical path event 15,76,9
2007-07-16T02:21:26, Critical path event 16,8,7
2007-07-16T02:39:01, Critical path event 17,27,0
2007-07-16T02:54:04, Critical path event 18,22,10
2007-07-16T02:59:54, Misc. noise event 5,90,6
2007-07-16T03:01:37, Critical path event 19,25,8
2007-07-16T03:10:51, Critical path event 19,14,1
2007-07-16T03:23:00, Critical path event 19,54,0
2007-07-16T03:32:23, Critical path event 19,14,1

    ----------------some other thing --------------
    filesize :1024k
    alert-level : FATAL
    description: thing with pid 34345 died because 
        random java stacktrace 
        that is super noisy with numbers and datetimes 
Exception in thread "main" java.lang.NullPointerException
    at AnotherClassLoader.loadClass(test.java:58)
    at test.main(test.java:30)
    at Main.main(Main.java:68)
    -------------------------------------------- 
    2007-07-16T03:41:44, Critical path event 23,61,5
2007-07-16T03:52:09, Critical path event 24,42,0
2007-07-16T03:58:11, Critical path event 25,32,4
2007-07-16T04:16:48, Critical path event 26,0,7
2007-07-16T04:31:28, Critical path event 27,77,8
2007-07-16T04:35:47, Misc. noise event 6,27,8
2007-07-16T04:39:47, Critical path event 28,82,8
2007-07-16T05:03:14, Misc. noise event 7,58,5
2007-07-16T05:06:49, Critical path event 29,79,3
2007-07-16T05:14:48, Misc. noise event 8,49,7
2007-07-16T05:15:30, Critical path event 29,33,0
2007-07-16T05:48:42, Misc. noise event 9,65,0
2007-07-16T05:49:19, Critical path event 29,53,9
2007-07-16T05:52:57, Misc. noise event 10,85,6
2007-07-16T05:56:52, Critical path event 29,22,0
2007-07-16T06:06:06, Critical path event 33,57,9
2007-07-16T06:11:43, Critical path event 34,83,3
2007-07-16T06:21:06, Critical path event 35,100,10
2007-07-16T06:30:27, Critical path event 36,16,6
2007-07-16T06:40:52, Critical path event 37,68,9
2007-07-16T06:46:54, Critical path event 38,36,8
2007-07-16T06:54:21, Critical path event 39,88,0
2007-07-16T07:09:44, Critical path event 19,19,0
2007-07-16T07:29:38, Critical path event 19,33,6
2007-07-16T07:53:57, Critical path event 19,76,8
2007-07-16T08:02:38, Critical path event 19,36,6
2007-07-16T08:17:41, Critical path event 44,31,5
