--------------------------------------------------
datetime,message,random_int_1,random_int_2
--------------------------------------------------
2007-04-30T00:00:00, Critical path event 1,61,0
2007-04-30T00:08:00, Critical path event 2,56,0
2007-04-30T00:17:29, Critical path event 3,100,0
2007-04-30T00:35:02, Critical path event 4,72,2
2007-04-30T00:50:03, Critical path event 5,57,0
2007-04-30T00:56:54, Misc. noise event 0,41,7
2007-04-30T00:58:39, Critical path event 6,54,6
2007-04-30T01:08:09, Critical path event 7,79,2
2007-04-30T01:12:04, Critical path event 8,40,9
2007-04-30T01:19:19, Critical path event 9,18,8
2007-04-30T01:27:10, Critical path event 9,34,6
2007-04-30T01:40:05, Misc. noise event 1,48,8
2007-04-30T01:42:47, Critical path event 9,2,3
2007-04-30T01:49:54, Critical path event 9,38,10
2007-04-30T01:52:03, Misc. noise event 2,30,0
2007-04-30T01:56:44, Critical path event 13,0,1
2007-04-30T02:05:49, Critical path event 14,23,2
2007-04-30T02:13:28, Critical path event 15,31,8
2007-04-30T02:22:23, Misc. noise event 3,10,10
2007-04-30T02:22:57, Critical path event 16,55,8
2007-04-30T02:32:23, Critical path event 17,62,9
2007-04-30T02:55:46, Critical path event 18,67,9
2007-04-30T03:04:22, Critical path event 19,1,3
2007-04-30T03:13:52, Critical path event 19,31,10
2007-04-30T03:17:47, Critical path event 19,69,3
2007-04-30T03:25:02, Critical path event 19,89,3
2007-04-30T03:31:12, Misc. noise event 4,28,4
2007-04-30T03:32:53, Critical path event 23,80,10

    ----------------some other thing --------------
    filesize :1024k
    alert-level : FATAL
    description: thing with pid 34345 died because 
        random java stacktrace 
        that is super noisy with numbers and datetimes 
Exception in thread "main" java.lang.NullPointerException
    at AnotherClassLoader.loadClass(test.java:58)
    at test.main(test.java:30)
    at Main.main(Main.java:68)
    -------------------------------------------- 
    2007-04-30T03:42:30, Misc. noise event 5,2,2
2007-04-30T03:43:21, Critical path event 24,97,6
2007-04-30T03:50:28, Critical path event 25,72,7
2007-04-30T03:57:18, Critical path event 26,14,7
2007-04-30T04:06:23, Critical path event 27,44,1
2007-04-30T04:14:02, Critical path event 28,35,10
2007-04-30T04:23:31, Critical path event 29,5,0
2007-04-30T04:32:57, Critical path event 29,46,2
2007-04-30T04:44:37, Misc. noise event 6,47,8
2007-04-30T04:47:58, Critical path event 29,16,8
2007-04-30T05:04:04, Critical path event 29,6,10
2007-04-30T05:11:31, Misc. noise event 7,35,1
2007-04-30T05:13:34, Critical path event 33,92,8
2007-04-30T05:17:29, Critical path event 34,86,5
2007-04-30T05:24:44, Critical path event 35,77,0
2007-04-30T05:31:59, Misc. noise event 8,76,1
2007-04-30T05:32:35, Critical path event 36,0,4
2007-04-30T05:43:03, Critical path event 37,80,4
2007-04-30T05:48:37, Misc. noise event 9,93,1
2007-04-30T05:50:10, Critical path event 38,27,2
2007-04-30T05:59:49, Critical path event 39,35,8
2007-04-30T06:08:54, Critical path event 19,90,0
2007-04-30T06:16:33, Critical path event 19,59,2
2007-04-30T06:26:02, Critical path event 19,92,2
2007-04-30T06:35:21, Misc. noise event 10,90,4
2007-04-30T06:35:28, Critical path event 19,0,3
2007-04-30T06:50:29, Critical path event 44,7,7
