--------------------------------------------------
datetime,message,random_int_1,random_int_2
--------------------------------------------------
2007-10-14T23:55:17, Misc. noise event 0,0,8
2007-10-15T00:00:00, Critical path event 1,8,2
2007-10-15T00:04:18, Misc. noise event 1,87,5
2007-10-15T00:07:12, Critical path event 2,38,1
2007-10-15T00:16:26, Critical path event 3,51,8
2007-10-15T00:21:31, Misc. noise event 2,75,1
2007-10-15T00:23:52, Critical path event 4,29,9
2007-10-15T00:37:55, Critical path event 5,34,10
2007-10-15T00:45:50, Critical path event 6,27,10
2007-10-15T00:54:08, Critical path event 7,19,9
2007-10-15T00:58:24, Critical path event 8,38,9
2007-10-15T01:01:42, Misc. noise event 3,65,2
2007-10-15T01:06:00, Critical path event 9,93,9
2007-10-15T01:14:45, Critical path event 9,56,10
2007-10-15T01:26:24, Critical path event 9,95,1
2007-10-15T01:34:47, Critical path event 9,39,9
2007-10-15T01:42:34, Misc. noise event 4,81,6
2007-10-15T01:42:47, Critical path event 13,51,6
2007-10-15T01:52:18, Critical path event 14,92,7
2007-10-15T01:59:30, Critical path event 15,29,5
2007-10-15T02:08:44, Critical path event 16,38,8
2007-10-15T02:16:10, Critical path event 17,5,2
2007-10-15T02:28:01, Misc. noise event 5,51,0
2007-10-15T02:30:13, Critical path event 18,20,3
2007-10-15T02:38:08, Critical path event 19,65,5
2007-10-15T02:44:16, Misc. noise event 6,9,0
2007-10-15T02:46:26, Critical path event 19,89,10
2007-10-15T02:50:42, Critical path event 19,87,1

    ----------------some other thing --------------
    filesize :1024k
    alert-level : FATAL
    description: thing with pid 34345 died because 
        random java stacktrace 
        that is super noisy with numbers and datetimes 
Exception in thread "main" java.lang.NullPointerException
    at AnotherClassLoader.loadClass(test.java:58)
    at test.main(test.java:30)
    at Main.main(Main.java:68)
    -------------------------------------------- 
    2007-10-15T02:58:18, Critical path event 19,74,8
2007-10-15T03:03:39, Misc. noise event 7,54,10
2007-10-15T03:07:03, Critical path event 23,93,2
2007-10-15T03:18:42, Critical path event 24,54,8
2007-10-15T03:27:05, Critical path event 25,9,5
2007-10-15T03:35:05, Critical path event 26,9,1
2007-10-15T03:44:36, Critical path event 27,95,7
2007-10-15T03:51:48, Critical path event 28,53,9
2007-10-15T04:01:02, Critical path event 29,17,2
2007-10-15T04:08:28, Critical path event 29,30,10
2007-10-15T04:22:31, Critical path event 29,3,2
2007-10-15T04:30:26, Critical path event 29,92,9
2007-10-15T04:38:44, Critical path event 33,64,6
2007-10-15T04:39:17, Misc. noise event 8,42,9
2007-10-15T04:43:00, Critical path event 34,26,6
2007-10-15T04:50:36, Critical path event 35,4,7
2007-10-15T04:57:11, Misc. noise event 9,76,9
2007-10-15T04:59:21, Critical path event 36,24,3
2007-10-15T05:11:00, Critical path event 37,88,7
2007-10-15T05:19:23, Critical path event 38,87,2
2007-10-15T05:27:23, Critical path event 39,67,9
2007-10-15T05:35:19, Misc. noise event 10,21,1
2007-10-15T05:36:54, Critical path event 19,57,10
2007-10-15T05:44:06, Critical path event 19,24,6
2007-10-15T05:53:20, Critical path event 19,52,9
2007-10-15T06:00:46, Critical path event 19,93,2
2007-10-15T06:14:49, Critical path event 44,27,3
