--------------------------------------------------
datetime,message,random_int_1,random_int_2
--------------------------------------------------
2007-10-01T00:00:00, Critical path event 1,24,8
2007-10-01T00:09:15, Critical path event 2,65,10
2007-10-01T00:12:58, Misc. noise event 0,69,6
2007-10-01T00:17:44, Critical path event 3,0,0
2007-10-01T00:25:31, Critical path event 4,52,5
2007-10-01T00:40:53, Critical path event 5,61,5
2007-10-01T00:50:16, Critical path event 6,16,8
2007-10-01T00:59:10, Critical path event 7,56,10
2007-10-01T01:03:59, Critical path event 8,41,0
2007-10-01T01:10:02, Misc. noise event 1,50,1
2007-10-01T01:12:42, Critical path event 9,49,0
2007-10-01T01:20:10, Critical path event 9,10,8
2007-10-01T01:31:26, Critical path event 9,87,6
2007-10-01T01:37:40, Misc. noise event 2,35,2
2007-10-01T01:38:56, Critical path event 9,78,8
2007-10-01T01:46:24, Critical path event 13,73,10
2007-10-01T01:53:55, Critical path event 14,56,7
2007-10-01T02:03:10, Critical path event 15,97,7
2007-10-01T02:11:39, Critical path event 16,34,4
2007-10-01T02:19:26, Critical path event 17,44,2
2007-10-01T02:34:48, Critical path event 18,94,4
2007-10-01T02:44:11, Critical path event 19,51,5
2007-10-01T02:53:05, Critical path event 19,92,4
2007-10-01T02:57:54, Critical path event 19,80,7
2007-10-01T03:03:12, Misc. noise event 3,74,7
2007-10-01T03:06:37, Critical path event 19,54,7
2007-10-01T03:10:46, Misc. noise event 4,20,5
2007-10-01T03:14:05, Critical path event 23,49,8

    ----------------some other thing --------------
    filesize :1024k
    alert-level : FATAL
    description: thing with pid 34345 died because 
        random java stacktrace 
        that is super noisy with numbers and datetimes 
Exception in thread "main" java.lang.NullPointerException
    at AnotherClassLoader.loadClass(test.java:58)
    at test.main(test.java:30)
    at Main.main(Main.java:68)
    -------------------------------------------- 
    2007-10-01T03:23:29, Misc. noise event 5,83,7
2007-10-01T03:25:21, Critical path event 24,79,9
2007-10-01T03:32:51, Critical path event 25,53,10
2007-10-01T03:40:19, Critical path event 26,47,2
2007-10-01T03:47:50, Critical path event 27,16,5
2007-10-01T03:55:08, Misc. noise event 6,0,8
2007-10-01T03:57:05, Critical path event 28,73,5
2007-10-01T04:05:34, Critical path event 29,71,4
2007-10-01T04:10:54, Misc. noise event 7,52,8
2007-10-01T04:13:21, Critical path event 29,6,8
2007-10-01T04:27:10, Misc. noise event 8,14,8
2007-10-01T04:28:43, Critical path event 29,29,10
2007-10-01T04:38:06, Critical path event 29,60,5
2007-10-01T04:46:53, Misc. noise event 9,55,8
2007-10-01T04:47:00, Critical path event 33,86,3
2007-10-01T04:51:49, Critical path event 34,3,7
2007-10-01T05:00:32, Critical path event 35,4,1
2007-10-01T05:08:00, Critical path event 36,11,1
2007-10-01T05:18:38, Misc. noise event 10,89,9
2007-10-01T05:19:16, Critical path event 37,21,1
2007-10-01T05:26:46, Critical path event 38,29,10
2007-10-01T05:34:14, Critical path event 39,16,9
2007-10-01T05:41:45, Critical path event 19,85,3
2007-10-01T05:51:00, Critical path event 19,88,1
2007-10-01T05:59:29, Critical path event 19,72,1
2007-10-01T06:07:16, Critical path event 19,68,7
2007-10-01T06:22:38, Critical path event 44,68,4
