--------------------------------------------------
datetime,message,random_int_1,random_int_2
--------------------------------------------------
2007-06-25T00:00:00, Critical path event 1,54,1
2007-06-25T00:08:39, Critical path event 2,95,9
2007-06-25T00:16:08, Critical path event 3,90,0
2007-06-25T00:27:38, Critical path event 4,87,8
2007-06-25T00:42:15, Critical path event 5,98,5
2007-06-25T00:50:56, Critical path event 6,80,6
2007-06-25T00:59:49, Misc. noise event 0,62,6
2007-06-25T01:00:04, Critical path event 7,43,8
2007-06-25T01:14:33, Critical path event 8,95,4
2007-06-25T01:29:17, Critical path event 9,16,8
2007-06-25T01:36:51, Critical path event 9,60,9
2007-06-25T01:48:45, Critical path event 9,59,4
2007-06-25T01:56:23, Critical path event 9,64,5
2007-06-25T02:05:44, Critical path event 13,18,8
2007-06-25T02:14:54, Critical path event 14,10,3
2007-06-25T02:19:35, Misc. noise event 1,8,1
2007-06-25T02:23:33, Critical path event 15,88,9
2007-06-25T02:31:02, Critical path event 16,26,4
2007-06-25T02:50:46, Critical path event 17,6,9
2007-06-25T03:05:23, Critical path event 18,0,2
2007-06-25T03:24:42, Critical path event 19,70,9
2007-06-25T03:33:50, Critical path event 19,44,2
2007-06-25T03:37:45, Misc. noise event 2,17,5
2007-06-25T03:38:41, Critical path event 19,31,0
2007-06-25T03:45:53, Critical path event 19,81,3
2007-06-25T03:52:38, Misc. noise event 3,77,6
2007-06-25T03:53:27, Critical path event 23,96,1
2007-06-25T04:01:40, Misc. noise event 4,51,5

    ----------------some other thing --------------
    filesize :1024k
    alert-level : FATAL
    description: thing with pid 34345 died because 
        random java stacktrace 
        that is super noisy with numbers and datetimes 
Exception in thread "main" java.lang.NullPointerException
    at AnotherClassLoader.loadClass(test.java:58)
    at test.main(test.java:30)
    at Main.main(Main.java:68)
    -------------------------------------------- 
    2007-06-25T04:05:21, Critical path event 24,32,6
2007-06-25T04:09:09, Misc. noise event 5,70,1
2007-06-25T04:12:59, Critical path event 25,4,9
2007-06-25T04:20:26, Misc. noise event 6,30,8
2007-06-25T04:20:54, Critical path event 26,36,8
2007-06-25T04:30:04, Critical path event 27,9,5
2007-06-25T04:38:43, Critical path event 28,92,9
2007-06-25T04:46:12, Critical path event 29,50,4
2007-06-25T04:52:35, Misc. noise event 7,12,0
2007-06-25T04:54:19, Critical path event 29,90,1
2007-06-25T05:12:30, Critical path event 29,9,7
2007-06-25T05:28:27, Critical path event 29,33,7
2007-06-25T05:33:24, Misc. noise event 8,81,3
2007-06-25T05:37:35, Critical path event 33,16,10
2007-06-25T05:42:26, Critical path event 34,40,6
2007-06-25T05:49:38, Critical path event 35,88,9
2007-06-25T05:57:12, Critical path event 36,88,1
2007-06-25T06:09:06, Critical path event 37,63,4
2007-06-25T06:16:44, Critical path event 38,16,7
2007-06-25T06:22:04, Misc. noise event 9,55,0
2007-06-25T06:24:39, Critical path event 39,52,6
2007-06-25T06:50:47, Critical path event 19,51,1
2007-06-25T06:58:04, Misc. noise event 10,15,1
2007-06-25T06:59:26, Critical path event 19,78,5
2007-06-25T07:06:55, Critical path event 19,90,3
2007-06-25T07:15:02, Critical path event 19,3,1
2007-06-25T07:29:39, Critical path event 44,17,7
