--------------------------------------------------
datetime,message,random_int_1,random_int_2
--------------------------------------------------
2007-03-18T23:58:41, Misc. noise event 0,28,10
2007-03-19T00:00:00, Critical path event 1,12,9
2007-03-19T00:17:43, Critical path event 2,67,2
2007-03-19T00:37:37, Critical path event 3,57,6
2007-03-19T00:45:48, Critical path event 4,84,5
2007-03-19T01:00:53, Critical path event 5,98,5
2007-03-19T01:08:17, Critical path event 6,92,0
2007-03-19T01:17:25, Critical path event 7,84,9
2007-03-19T01:21:15, Misc. noise event 1,57,0
2007-03-19T01:23:04, Critical path event 8,50,2
2007-03-19T01:31:06, Critical path event 9,20,7
2007-03-19T01:45:04, Critical path event 9,78,6
2007-03-19T01:51:53, Misc. noise event 2,78,1
2007-03-19T01:55:30, Critical path event 9,45,4
2007-03-19T02:03:28, Critical path event 9,52,4
2007-03-19T02:20:52, Critical path event 13,21,0
2007-03-19T02:28:16, Misc. noise event 3,91,9
2007-03-19T02:28:41, Critical path event 14,100,5
2007-03-19T02:36:46, Critical path event 15,55,8
2007-03-19T02:44:08, Misc. noise event 4,0,8
2007-03-19T02:45:28, Critical path event 16,64,5
2007-03-19T02:53:39, Critical path event 17,55,0
2007-03-19T03:08:44, Critical path event 18,83,0
2007-03-19T03:16:08, Critical path event 19,75,3
2007-03-19T03:25:16, Critical path event 19,37,5
2007-03-19T03:33:39, Critical path event 19,41,10
2007-03-19T03:41:41, Critical path event 19,76,1
2007-03-19T03:48:55, Critical path event 23,8,9

    ----------------some other thing --------------
    filesize :1024k
    alert-level : FATAL
    description: thing with pid 34345 died because 
        random java stacktrace 
        that is super noisy with numbers and datetimes 
Exception in thread "main" java.lang.NullPointerException
    at AnotherClassLoader.loadClass(test.java:58)
    at test.main(test.java:30)
    at Main.main(Main.java:68)
    -------------------------------------------- 
    2007-03-19T03:54:26, Misc. noise event 5,76,5
2007-03-19T03:59:21, Critical path event 24,3,10
2007-03-19T04:07:19, Critical path event 25,74,4
2007-03-19T04:15:23, Critical path event 26,36,8
2007-03-19T04:21:10, Misc. noise event 6,25,10
2007-03-19T04:23:12, Critical path event 27,27,8
2007-03-19T04:42:55, Critical path event 28,21,5
2007-03-19T04:51:37, Critical path event 29,34,3
2007-03-19T04:59:48, Critical path event 29,18,9
2007-03-19T05:14:53, Critical path event 29,60,6
2007-03-19T05:20:48, Misc. noise event 7,68,6
2007-03-19T05:22:17, Critical path event 29,39,5
2007-03-19T05:42:50, Critical path event 33,70,4
2007-03-19T05:48:29, Critical path event 34,52,0
2007-03-19T05:56:31, Critical path event 35,31,8
2007-03-19T06:11:17, Critical path event 36,66,6
2007-03-19T06:36:20, Misc. noise event 8,68,1
2007-03-19T06:37:52, Critical path event 37,85,9
2007-03-19T06:50:44, Critical path event 38,69,3
2007-03-19T07:04:53, Critical path event 39,9,1
2007-03-19T07:12:42, Critical path event 19,75,2
2007-03-19T07:27:26, Critical path event 19,6,1
2007-03-19T07:48:12, Misc. noise event 9,69,7
2007-03-19T07:53:04, Critical path event 19,86,7
2007-03-19T08:01:15, Critical path event 19,2,4
2007-03-19T08:14:36, Misc. noise event 10,35,3
2007-03-19T08:16:20, Critical path event 44,67,2
