--------------------------------------------------
datetime,message,random_int_1,random_int_2
--------------------------------------------------
2007-10-29T00:00:00, Critical path event 1,1,10
2007-10-29T00:07:21, Critical path event 2,4,3
2007-10-29T00:16:12, Critical path event 3,100,5
2007-10-29T00:24:43, Critical path event 4,80,9
2007-10-29T00:40:15, Critical path event 5,38,5
2007-10-29T00:46:08, Misc. noise event 0,34,7
2007-10-29T00:48:12, Critical path event 6,19,4
2007-10-29T00:56:04, Critical path event 7,55,2
2007-10-29T01:00:06, Critical path event 8,54,0
2007-10-29T01:09:18, Critical path event 9,1,5
2007-10-29T01:18:45, Critical path event 9,89,10
2007-10-29T01:27:28, Misc. noise event 1,29,0
2007-10-29T01:30:24, Critical path event 9,52,0
2007-10-29T01:34:07, Misc. noise event 2,38,8
2007-10-29T01:38:26, Critical path event 9,56,7
2007-10-29T01:44:59, Critical path event 13,67,9
2007-10-29T01:53:47, Critical path event 14,36,6
2007-10-29T02:01:08, Critical path event 15,27,3
2007-10-29T02:09:59, Critical path event 16,33,9
2007-10-29T02:18:30, Critical path event 17,85,6
2007-10-29T02:31:13, Misc. noise event 3,64,9
2007-10-29T02:34:02, Critical path event 18,10,6
2007-10-29T02:41:59, Critical path event 19,82,4
2007-10-29T02:49:51, Critical path event 19,8,9
2007-10-29T02:53:53, Critical path event 19,49,1
2007-10-29T03:03:05, Critical path event 19,73,10
2007-10-29T03:07:56, Misc. noise event 4,4,1
2007-10-29T03:12:32, Critical path event 23,26,3

    ----------------some other thing --------------
    filesize :1024k
    alert-level : FATAL
    description: thing with pid 34345 died because 
        random java stacktrace 
        that is super noisy with numbers and datetimes 
Exception in thread "main" java.lang.NullPointerException
    at AnotherClassLoader.loadClass(test.java:58)
    at test.main(test.java:30)
    at Main.main(Main.java:68)
    -------------------------------------------- 
    2007-10-29T03:24:11, Critical path event 24,46,10
2007-10-29T03:32:13, Critical path event 25,63,4
2007-10-29T03:38:46, Critical path event 26,97,0
2007-10-29T03:47:34, Critical path event 27,49,4
2007-10-29T03:51:58, Misc. noise event 5,34,6
2007-10-29T03:54:55, Critical path event 28,74,3
2007-10-29T03:59:49, Misc. noise event 6,29,2
2007-10-29T04:03:46, Critical path event 29,73,1
2007-10-29T04:11:44, Misc. noise event 7,15,8
2007-10-29T04:12:17, Critical path event 29,0,3
2007-10-29T04:27:49, Critical path event 29,0,2
2007-10-29T04:35:46, Critical path event 29,89,5
2007-10-29T04:43:38, Critical path event 33,0,1
2007-10-29T04:43:47, Misc. noise event 8,33,0
2007-10-29T04:47:40, Critical path event 34,44,2
2007-10-29T04:56:52, Critical path event 35,31,5
2007-10-29T05:06:19, Critical path event 36,77,7
2007-10-29T05:17:58, Critical path event 37,89,3
2007-10-29T05:23:12, Misc. noise event 9,30,3
2007-10-29T05:26:00, Critical path event 38,53,9
2007-10-29T05:31:30, Misc. noise event 10,91,6
2007-10-29T05:32:33, Critical path event 39,32,4
2007-10-29T05:41:21, Critical path event 19,90,3
2007-10-29T05:48:42, Critical path event 19,46,4
2007-10-29T05:57:33, Critical path event 19,34,6
2007-10-29T06:06:04, Critical path event 19,49,9
2007-10-29T06:21:36, Critical path event 44,99,3
