--------------------------------------------------
datetime,message,random_int_1,random_int_2
--------------------------------------------------
2007-03-04T23:55:21, Misc. noise event 0,37,0
2007-03-05T00:00:00, Critical path event 1,42,9
2007-03-05T00:07:14, Critical path event 2,46,6
2007-03-05T00:15:58, Critical path event 3,15,3
2007-03-05T00:24:13, Critical path event 4,66,9
2007-03-05T00:38:12, Critical path event 5,10,6
2007-03-05T00:46:03, Critical path event 6,54,3
2007-03-05T00:52:39, Misc. noise event 1,92,8
2007-03-05T00:54:28, Critical path event 7,42,6
2007-03-05T00:54:07, Misc. noise event 2,77,9
2007-03-05T00:58:10, Critical path event 8,38,10
2007-03-05T01:05:50, Critical path event 9,5,7
2007-03-05T01:12:45, Misc. noise event 3,80,9
2007-03-05T01:13:34, Critical path event 9,71,9
2007-03-05T01:24:17, Critical path event 9,7,0
2007-03-05T01:29:10, Misc. noise event 4,65,2
2007-03-05T01:31:15, Critical path event 9,16,1
2007-03-05T01:36:30, Misc. noise event 5,74,9
2007-03-05T01:37:50, Critical path event 13,78,4
2007-03-05T01:47:23, Critical path event 14,15,1
2007-03-05T01:54:37, Critical path event 15,16,8
2007-03-05T02:02:44, Misc. noise event 6,99,9
2007-03-05T02:03:21, Critical path event 16,75,9
2007-03-05T02:11:36, Critical path event 17,43,6
2007-03-05T02:25:35, Critical path event 18,81,4
2007-03-05T02:32:41, Misc. noise event 7,67,7
2007-03-05T02:33:26, Critical path event 19,78,8
2007-03-05T02:41:51, Critical path event 19,68,6

    ----------------some other thing --------------
    filesize :1024k
    alert-level : FATAL
    description: thing with pid 34345 died because 
        random java stacktrace 
        that is super noisy with numbers and datetimes 
Exception in thread "main" java.lang.NullPointerException
    at AnotherClassLoader.loadClass(test.java:58)
    at test.main(test.java:30)
    at Main.main(Main.java:68)
    -------------------------------------------- 
    2007-03-05T02:45:33, Critical path event 19,50,9
2007-03-05T02:53:13, Critical path event 19,3,2
2007-03-05T03:00:57, Critical path event 23,92,6
2007-03-05T03:11:40, Critical path event 24,27,6
2007-03-05T03:18:38, Critical path event 25,35,0
2007-03-05T03:25:13, Critical path event 26,97,2
2007-03-05T03:34:28, Misc. noise event 8,77,8
2007-03-05T03:34:46, Critical path event 27,68,1
2007-03-05T03:42:00, Critical path event 28,72,6
2007-03-05T03:50:44, Critical path event 29,31,3
2007-03-05T03:58:59, Critical path event 29,83,6
2007-03-05T04:12:58, Critical path event 29,59,9
2007-03-05T04:20:49, Critical path event 29,77,10
2007-03-05T04:29:14, Critical path event 33,38,9
2007-03-05T04:32:29, Misc. noise event 9,48,7
2007-03-05T04:32:56, Critical path event 34,85,8
2007-03-05T04:38:57, Misc. noise event 10,58,2
2007-03-05T04:40:36, Critical path event 35,72,6
2007-03-05T04:48:20, Critical path event 36,19,10
2007-03-05T04:59:03, Critical path event 37,84,6
2007-03-05T05:06:01, Critical path event 38,53,2
2007-03-05T05:12:36, Critical path event 39,91,3
2007-03-05T05:22:09, Critical path event 19,92,5
2007-03-05T05:29:23, Critical path event 19,42,0
2007-03-05T05:38:07, Critical path event 19,62,7
2007-03-05T05:46:22, Critical path event 19,91,2
2007-03-05T06:00:21, Critical path event 44,64,4
